match
match_id 1639523316335_aq
match_time 1639523316341
num_bots 1
##MatchConfig
mode FRIENDLY
num_rounds 200
random_seed 42
move_time_limit 1000
coin_spawn_period 5
coin_spawn_volume 2
##MapConfig
map_size 49 31
view_radius 5
mining_radius 2
attack_radius 3
block 0 0
block 7 0
block 8 0
block 9 0
block 11 0
block 12 0
block 13 0
block 14 0
block 15 0
block 16 0
block 17 0
block 26 0
block 27 0
block 28 0
block 29 0
block 30 0
block 41 0
block 42 0
block 43 0
block 44 0
block 45 0
block 46 0
block 47 0
block 48 0
block 0 1
block 11 1
block 12 1
block 13 1
block 14 1
block 15 1
block 16 1
block 17 1
block 30 1
block 31 1
block 32 1
block 33 1
block 34 1
block 35 1
block 36 1
block 37 1
block 38 1
block 39 1
block 46 1
block 47 1
block 48 1
block 0 2
block 30 2
block 31 2
block 32 2
block 33 2
block 34 2
block 35 2
block 36 2
block 37 2
block 38 2
block 39 2
block 46 2
block 47 2
block 48 2
block 0 3
block 11 3
block 12 3
block 13 3
block 14 3
block 15 3
block 16 3
block 17 3
block 46 3
block 47 3
block 48 3
block 0 4
block 11 4
block 12 4
block 13 4
block 14 4
block 15 4
block 16 4
block 17 4
block 22 4
block 23 4
block 24 4
block 25 4
block 26 4
block 27 4
block 28 4
block 46 4
block 47 4
block 48 4
block 0 5
block 11 5
block 12 5
block 13 5
block 14 5
block 15 5
block 16 5
block 17 5
block 22 5
block 23 5
block 24 5
block 25 5
block 26 5
block 27 5
block 28 5
block 46 5
block 47 5
block 48 5
block 11 6
block 12 6
block 13 6
block 14 6
block 15 6
block 16 6
block 17 6
block 22 6
block 23 6
block 24 6
block 25 6
block 26 6
block 27 6
block 28 6
block 11 7
block 12 7
block 13 7
block 14 7
block 15 7
block 16 7
block 17 7
block 22 7
block 23 7
block 24 7
block 25 7
block 26 7
block 27 7
block 28 7
block 0 8
block 1 8
block 11 8
block 12 8
block 13 8
block 14 8
block 15 8
block 16 8
block 17 8
block 22 8
block 23 8
block 24 8
block 25 8
block 26 8
block 27 8
block 28 8
block 46 8
block 47 8
block 48 8
block 0 9
block 1 9
block 11 9
block 12 9
block 13 9
block 14 9
block 15 9
block 16 9
block 17 9
block 22 9
block 23 9
block 24 9
block 25 9
block 26 9
block 27 9
block 28 9
block 46 9
block 47 9
block 48 9
block 0 10
block 1 10
block 22 10
block 23 10
block 24 10
block 25 10
block 26 10
block 27 10
block 28 10
block 46 10
block 47 10
block 48 10
block 9 11
block 10 11
block 11 11
block 16 11
block 17 11
block 18 11
block 19 11
block 20 11
block 21 11
block 22 11
block 41 11
block 42 11
block 9 12
block 10 12
block 11 12
block 16 12
block 17 12
block 18 12
block 19 12
block 20 12
block 21 12
block 22 12
block 23 12
block 41 12
block 42 12
block 9 13
block 10 13
block 11 13
block 16 13
block 17 13
block 18 13
block 19 13
block 20 13
block 21 13
block 22 13
block 23 13
block 24 13
block 25 13
block 26 13
block 27 13
block 28 13
block 29 13
block 30 13
block 41 13
block 42 13
block 6 14
block 7 14
block 8 14
block 9 14
block 10 14
block 11 14
block 19 14
block 20 14
block 21 14
block 22 14
block 23 14
block 24 14
block 25 14
block 26 14
block 27 14
block 28 14
block 29 14
block 30 14
block 41 14
block 42 14
block 6 15
block 7 15
block 8 15
block 9 15
block 24 15
block 25 15
block 26 15
block 27 15
block 28 15
block 29 15
block 30 15
block 41 15
block 42 15
block 6 16
block 7 16
block 8 16
block 9 16
block 41 16
block 42 16
block 41 17
block 42 17
block 21 18
block 22 18
block 23 18
block 24 18
block 25 18
block 26 18
block 21 19
block 22 19
block 23 19
block 24 19
block 25 19
block 26 19
block 43 19
block 44 19
block 21 20
block 22 20
block 23 20
block 24 20
block 25 20
block 26 20
block 28 20
block 29 20
block 30 20
block 31 20
block 32 20
block 43 20
block 44 20
block 21 21
block 22 21
block 23 21
block 24 21
block 25 21
block 26 21
block 28 21
block 29 21
block 30 21
block 31 21
block 32 21
block 40 21
block 41 21
block 42 21
block 43 21
block 44 21
block 1 22
block 2 22
block 3 22
block 4 22
block 5 22
block 6 22
block 7 22
block 8 22
block 9 22
block 28 22
block 29 22
block 30 22
block 31 22
block 32 22
block 40 22
block 41 22
block 42 22
block 43 22
block 44 22
block 1 23
block 2 23
block 3 23
block 4 23
block 5 23
block 6 23
block 7 23
block 8 23
block 9 23
block 28 23
block 29 23
block 30 23
block 31 23
block 32 23
block 40 23
block 41 23
block 42 23
block 43 23
block 1 24
block 2 24
block 3 24
block 4 24
block 5 24
block 6 24
block 7 24
block 8 24
block 9 24
block 28 24
block 29 24
block 30 24
block 31 24
block 32 24
block 40 24
block 41 24
block 42 24
block 43 24
block 1 25
block 2 25
block 3 25
block 4 25
block 6 25
block 7 25
block 8 25
block 9 25
block 13 25
block 14 25
block 15 25
block 16 25
block 40 25
block 41 25
block 42 25
block 43 25
block 1 26
block 2 26
block 3 26
block 4 26
block 6 26
block 7 26
block 8 26
block 9 26
block 13 26
block 14 26
block 15 26
block 16 26
block 26 26
block 27 26
block 28 26
block 29 26
block 41 26
block 42 26
block 43 26
block 44 26
block 45 26
block 46 26
block 1 27
block 2 27
block 3 27
block 4 27
block 6 27
block 7 27
block 8 27
block 9 27
block 13 27
block 14 27
block 15 27
block 16 27
block 26 27
block 27 27
block 28 27
block 29 27
block 30 27
block 41 27
block 42 27
block 43 27
block 44 27
block 45 27
block 46 27
block 1 28
block 2 28
block 3 28
block 4 28
block 6 28
block 7 28
block 8 28
block 9 28
block 13 28
block 14 28
block 15 28
block 16 28
block 26 28
block 27 28
block 28 28
block 29 28
block 30 28
block 41 28
block 42 28
block 43 28
block 44 28
block 45 28
block 46 28
block 6 29
block 7 29
block 8 29
block 9 29
block 13 29
block 14 29
block 15 29
block 16 29
block 26 29
block 27 29
block 28 29
block 29 29
block 30 29
block 41 29
block 42 29
block 43 29
block 44 29
block 45 29
block 46 29
block 0 30
block 6 30
block 7 30
block 8 30
block 9 30
block 13 30
block 14 30
block 15 30
block 16 30
block 26 30
block 27 30
block 28 30
block 29 30
block 30 30
block 41 30
block 42 30
block 43 30
block 44 30
block 45 30
block 46 30
block 47 30
block 48 30
##BotsAndCoinsInfo
bot_name 0 theBest
bot 0 44 24
bot_coins 0 0
coin 29 10
coin 19 20
round 1
round 2
round 3
match_over 0
round 4
