match
match_id 1639522025628_aa
match_time 1639522025661
num_bots 1
##MatchConfig
mode FRIENDLY
num_rounds 200
random_seed 42
move_time_limit 1000
coin_spawn_period 5
coin_spawn_volume 2
##MapConfig
map_size 61 26
view_radius 6
mining_radius 2
attack_radius 3
block 9 0
block 10 0
block 20 0
block 21 0
block 22 0
block 23 0
block 24 0
block 25 0
block 26 0
block 27 0
block 28 0
block 29 0
block 40 0
block 41 0
block 46 0
block 47 0
block 48 0
block 49 0
block 50 0
block 51 0
block 52 0
block 9 1
block 10 1
block 20 1
block 21 1
block 22 1
block 23 1
block 24 1
block 25 1
block 26 1
block 27 1
block 28 1
block 29 1
block 40 1
block 41 1
block 46 1
block 47 1
block 48 1
block 49 1
block 50 1
block 51 1
block 52 1
block 9 2
block 10 2
block 20 2
block 21 2
block 22 2
block 23 2
block 24 2
block 25 2
block 26 2
block 27 2
block 40 2
block 41 2
block 46 2
block 47 2
block 48 2
block 49 2
block 50 2
block 51 2
block 52 2
block 0 3
block 1 3
block 5 3
block 6 3
block 7 3
block 8 3
block 9 3
block 10 3
block 20 3
block 21 3
block 22 3
block 23 3
block 24 3
block 25 3
block 26 3
block 27 3
block 46 3
block 47 3
block 48 3
block 49 3
block 50 3
block 51 3
block 52 3
block 0 4
block 1 4
block 5 4
block 6 4
block 7 4
block 8 4
block 9 4
block 10 4
block 20 4
block 21 4
block 22 4
block 23 4
block 24 4
block 25 4
block 26 4
block 27 4
block 46 4
block 47 4
block 48 4
block 49 4
block 50 4
block 51 4
block 52 4
block 0 5
block 1 5
block 5 5
block 6 5
block 7 5
block 8 5
block 9 5
block 10 5
block 20 5
block 21 5
block 22 5
block 23 5
block 24 5
block 25 5
block 26 5
block 27 5
block 46 5
block 47 5
block 48 5
block 49 5
block 50 5
block 51 5
block 52 5
block 53 5
block 60 5
block 0 6
block 1 6
block 5 6
block 6 6
block 7 6
block 8 6
block 9 6
block 10 6
block 24 6
block 25 6
block 26 6
block 27 6
block 45 6
block 46 6
block 47 6
block 48 6
block 49 6
block 50 6
block 51 6
block 52 6
block 53 6
block 60 6
block 0 7
block 1 7
block 5 7
block 6 7
block 7 7
block 8 7
block 9 7
block 10 7
block 45 7
block 46 7
block 47 7
block 48 7
block 49 7
block 50 7
block 51 7
block 52 7
block 53 7
block 60 7
block 0 8
block 1 8
block 5 8
block 6 8
block 7 8
block 8 8
block 9 8
block 10 8
block 25 8
block 26 8
block 27 8
block 28 8
block 29 8
block 30 8
block 31 8
block 45 8
block 46 8
block 47 8
block 48 8
block 49 8
block 50 8
block 51 8
block 52 8
block 53 8
block 60 8
block 0 9
block 1 9
block 2 9
block 3 9
block 4 9
block 5 9
block 6 9
block 16 9
block 17 9
block 18 9
block 19 9
block 20 9
block 21 9
block 25 9
block 26 9
block 27 9
block 28 9
block 29 9
block 30 9
block 31 9
block 45 9
block 46 9
block 47 9
block 48 9
block 49 9
block 50 9
block 51 9
block 52 9
block 53 9
block 60 9
block 0 10
block 1 10
block 2 10
block 3 10
block 4 10
block 5 10
block 6 10
block 16 10
block 17 10
block 18 10
block 19 10
block 20 10
block 21 10
block 25 10
block 26 10
block 27 10
block 28 10
block 29 10
block 30 10
block 31 10
block 45 10
block 46 10
block 47 10
block 48 10
block 49 10
block 50 10
block 51 10
block 52 10
block 0 11
block 1 11
block 2 11
block 3 11
block 4 11
block 5 11
block 6 11
block 7 11
block 8 11
block 9 11
block 10 11
block 11 11
block 12 11
block 16 11
block 17 11
block 18 11
block 19 11
block 20 11
block 21 11
block 45 11
block 46 11
block 47 11
block 48 11
block 49 11
block 50 11
block 51 11
block 52 11
block 0 12
block 1 12
block 2 12
block 3 12
block 4 12
block 5 12
block 6 12
block 7 12
block 8 12
block 9 12
block 10 12
block 11 12
block 12 12
block 16 12
block 17 12
block 18 12
block 19 12
block 20 12
block 21 12
block 45 12
block 46 12
block 47 12
block 48 12
block 49 12
block 50 12
block 51 12
block 52 12
block 0 13
block 1 13
block 2 13
block 3 13
block 4 13
block 5 13
block 6 13
block 7 13
block 8 13
block 9 13
block 10 13
block 11 13
block 12 13
block 0 14
block 1 14
block 2 14
block 3 14
block 4 14
block 5 14
block 6 14
block 7 14
block 8 14
block 9 14
block 10 14
block 11 14
block 12 14
block 0 15
block 1 15
block 2 15
block 3 15
block 4 15
block 5 15
block 6 15
block 7 15
block 8 15
block 9 15
block 10 15
block 11 15
block 12 15
block 32 15
block 33 15
block 34 15
block 35 15
block 4 16
block 5 16
block 6 16
block 7 16
block 8 16
block 9 16
block 10 16
block 11 16
block 12 16
block 32 16
block 33 16
block 34 16
block 35 16
block 4 17
block 5 17
block 6 17
block 7 17
block 32 17
block 33 17
block 34 17
block 35 17
block 36 17
block 37 17
block 38 17
block 39 17
block 4 18
block 5 18
block 6 18
block 7 18
block 21 18
block 22 18
block 23 18
block 24 18
block 25 18
block 32 18
block 33 18
block 34 18
block 35 18
block 36 18
block 37 18
block 38 18
block 39 18
block 4 19
block 5 19
block 6 19
block 7 19
block 21 19
block 22 19
block 23 19
block 24 19
block 25 19
block 32 19
block 33 19
block 34 19
block 35 19
block 36 19
block 37 19
block 38 19
block 39 19
block 21 20
block 22 20
block 23 20
block 24 20
block 25 20
block 32 20
block 33 20
block 34 20
block 35 20
block 36 20
block 37 20
block 38 20
block 39 20
block 4 21
block 5 21
block 6 21
block 7 21
block 8 21
block 23 21
block 24 21
block 25 21
block 26 21
block 27 21
block 28 21
block 29 21
block 32 21
block 33 21
block 34 21
block 35 21
block 36 21
block 37 21
block 38 21
block 39 21
block 40 21
block 41 21
block 42 21
block 43 21
block 44 21
block 45 21
block 4 22
block 5 22
block 6 22
block 7 22
block 8 22
block 13 22
block 14 22
block 15 22
block 23 22
block 24 22
block 25 22
block 26 22
block 27 22
block 28 22
block 29 22
block 37 22
block 38 22
block 39 22
block 40 22
block 41 22
block 42 22
block 43 22
block 44 22
block 45 22
block 4 23
block 5 23
block 6 23
block 7 23
block 8 23
block 13 23
block 14 23
block 15 23
block 23 23
block 24 23
block 25 23
block 26 23
block 27 23
block 28 23
block 29 23
block 37 23
block 38 23
block 39 23
block 40 23
block 41 23
block 42 23
block 43 23
block 44 23
block 45 23
block 4 24
block 5 24
block 6 24
block 7 24
block 8 24
block 9 24
block 10 24
block 13 24
block 14 24
block 15 24
block 23 24
block 24 24
block 25 24
block 26 24
block 27 24
block 28 24
block 29 24
block 40 24
block 41 24
block 9 25
block 10 25
block 23 25
block 24 25
block 25 25
block 26 25
block 27 25
block 28 25
block 29 25
block 40 25
block 41 25
##BotsAndCoinsInfo
bot_name 0 theBest
bot 0 32 14
bot_coins 0 0
coin 4 7
coin 56 18
round 1
bot 0 33 14
round 2
bot 0 34 14
round 3
bot 0 35 14
round 4
bot 0 36 15
round 5
bot 0 37 16
coin 25 12
coin 35 13
round 6
bot 0 38 16
round 7
bot 0 39 16
round 8
bot 0 40 17
round 9
bot 0 41 18
round 10
bot 0 42 19
coin 10 17
coin 53 10
round 11
bot 0 43 20
round 12
bot 0 44 20
round 13
bot 0 45 20
round 14
bot 0 46 21
round 15
bot 0 47 22
coin 55 16
coin 4 8
round 16
bot 0 48 23
round 17
bot 0 49 24
round 18
bot 0 50 25
round 19
round 20
coin 21 15
coin 39 10
round 21
match_over 0
round 22
