match
match_id 1639524059513_aj
match_time 1639524059528
num_bots 1
##MatchConfig
mode FRIENDLY
num_rounds 200
random_seed 42
move_time_limit 1000
coin_spawn_period 5
coin_spawn_volume 2
##MapConfig
map_size 71 30
view_radius 6
mining_radius 2
attack_radius 3
block 13 3
block 14 3
block 15 3
block 13 4
block 14 4
block 15 4
block 13 5
block 14 5
block 15 5
block 13 6
block 14 6
block 15 6
block 45 9
block 46 9
block 2 10
block 3 10
block 4 10
block 5 10
block 6 10
block 7 10
block 45 10
block 46 10
block 2 11
block 3 11
block 4 11
block 5 11
block 6 11
block 7 11
block 21 11
block 22 11
block 45 11
block 46 11
block 60 11
block 61 11
block 64 11
block 65 11
block 66 11
block 67 11
block 68 11
block 69 11
block 2 12
block 3 12
block 4 12
block 5 12
block 6 12
block 7 12
block 21 12
block 22 12
block 45 12
block 46 12
block 60 12
block 61 12
block 64 12
block 65 12
block 66 12
block 67 12
block 68 12
block 69 12
block 2 13
block 3 13
block 4 13
block 5 13
block 6 13
block 7 13
block 21 13
block 22 13
block 45 13
block 46 13
block 60 13
block 61 13
block 64 13
block 65 13
block 66 13
block 67 13
block 68 13
block 69 13
block 2 14
block 3 14
block 4 14
block 5 14
block 6 14
block 7 14
block 21 14
block 22 14
block 60 14
block 61 14
block 64 14
block 65 14
block 66 14
block 67 14
block 68 14
block 69 14
block 2 15
block 3 15
block 4 15
block 5 15
block 6 15
block 7 15
block 21 15
block 22 15
block 60 15
block 61 15
block 2 16
block 3 16
block 4 16
block 5 16
block 6 16
block 7 16
block 60 16
block 61 16
block 60 17
block 61 17
block 0 18
block 1 18
block 2 18
block 3 18
block 4 18
block 69 18
block 70 18
block 0 19
block 1 19
block 2 19
block 3 19
block 4 19
block 69 19
block 70 19
block 12 20
block 13 20
block 45 20
block 46 20
block 12 21
block 13 21
block 45 21
block 46 21
block 12 22
block 13 22
block 45 22
block 46 22
block 12 23
block 13 23
block 45 23
block 46 23
block 12 24
block 13 24
block 45 24
block 46 24
##BotsAndCoinsInfo
bot_name 0 theBest
bot 0 8 15
bot_coins 0 0
coin 18 3
coin 52 26
round 1
bot 0 8 16
round 2
bot 0 8 17
round 3
bot 0 8 18
round 4
bot 0 8 19
round 5
bot 0 8 20
coin 11 14
coin 59 15
round 6
bot 0 8 21
round 7
bot 0 8 22
round 8
bot 0 8 23
round 9
bot 0 8 24
round 10
bot 0 8 25
coin 15 25
coin 55 4
round 11
bot 0 8 26
round 12
bot 0 8 27
round 13
bot 0 8 28
round 14
bot 0 8 29
round 15
bot 0 9 29
coin 41 8
coin 29 21
round 16
bot 0 10 29
round 17
bot 0 11 29
round 18
bot 0 12 29
round 19
bot 0 13 29
round 20
bot 0 14 29
coin 30 23
coin 40 6
round 21
bot 0 15 29
round 22
bot 0 16 29
round 23
bot 0 17 29
round 24
bot 0 18 29
round 25
bot 0 19 29
coin 20 2
coin 50 27
round 26
bot 0 20 29
round 27
bot 0 21 29
round 28
bot 0 22 29
round 29
bot 0 23 29
round 30
bot 0 24 29
coin 47 12
coin 23 17
round 31
bot 0 25 29
round 32
bot 0 26 29
round 33
bot 0 27 29
round 34
bot 0 28 29
round 35
bot 0 29 29
coin 52 2
coin 18 27
round 36
bot 0 30 29
round 37
bot 0 31 29
round 38
bot 0 32 29
round 39
bot 0 33 29
round 40
bot 0 34 29
coin 5 0
coin 65 29
round 41
bot 0 35 29
round 42
bot 0 36 29
round 43
bot 0 37 29
round 44
bot 0 38 29
round 45
bot 0 39 29
coin 32 29
coin 38 0
round 46
coin_collected 38 0 0
bot_coins 0 1
round 47
round 48
match_over 0
round 49
