match
match_id 1639511738532_ag
match_time 1639511738539
num_bots 1
##MatchConfig
mode FRIENDLY
num_rounds 200
random_seed 42
move_time_limit 1000
coin_spawn_period 5
coin_spawn_volume 2
##MapConfig
map_size 69 39
view_radius 6
mining_radius 1
attack_radius 4
block 30 0
block 31 0
block 32 0
block 33 0
block 34 0
block 35 0
block 30 1
block 31 1
block 32 1
block 33 1
block 34 1
block 35 1
block 38 1
block 39 1
block 40 1
block 41 1
block 42 1
block 43 1
block 30 2
block 31 2
block 32 2
block 33 2
block 34 2
block 35 2
block 38 2
block 39 2
block 40 2
block 41 2
block 42 2
block 43 2
block 30 3
block 31 3
block 32 3
block 33 3
block 34 3
block 35 3
block 38 3
block 39 3
block 40 3
block 41 3
block 42 3
block 43 3
block 30 4
block 31 4
block 32 4
block 33 4
block 34 4
block 35 4
block 38 4
block 39 4
block 40 4
block 41 4
block 42 4
block 43 4
block 6 5
block 7 5
block 8 5
block 9 5
block 10 5
block 11 5
block 6 6
block 7 6
block 8 6
block 9 6
block 10 6
block 11 6
block 6 7
block 7 7
block 8 7
block 9 7
block 10 7
block 11 7
block 54 7
block 55 7
block 56 7
block 57 7
block 58 7
block 59 7
block 60 7
block 61 7
block 1 8
block 2 8
block 6 8
block 7 8
block 8 8
block 9 8
block 16 8
block 17 8
block 31 8
block 32 8
block 33 8
block 34 8
block 35 8
block 36 8
block 37 8
block 54 8
block 55 8
block 56 8
block 57 8
block 58 8
block 59 8
block 60 8
block 61 8
block 1 9
block 2 9
block 6 9
block 7 9
block 8 9
block 9 9
block 16 9
block 17 9
block 31 9
block 32 9
block 33 9
block 34 9
block 35 9
block 36 9
block 37 9
block 54 9
block 55 9
block 56 9
block 57 9
block 58 9
block 59 9
block 60 9
block 61 9
block 1 10
block 2 10
block 6 10
block 7 10
block 8 10
block 9 10
block 16 10
block 17 10
block 31 10
block 32 10
block 33 10
block 34 10
block 35 10
block 36 10
block 37 10
block 16 11
block 17 11
block 31 11
block 32 11
block 33 11
block 34 11
block 16 12
block 17 12
block 31 12
block 32 12
block 33 12
block 34 12
block 16 13
block 17 13
block 16 14
block 17 14
block 18 14
block 19 14
block 20 14
block 21 14
block 22 14
block 16 15
block 17 15
block 18 15
block 19 15
block 20 15
block 21 15
block 22 15
block 16 16
block 17 16
block 18 16
block 19 16
block 20 16
block 21 16
block 22 16
block 52 17
block 53 17
block 54 17
block 55 17
block 56 17
block 57 17
block 58 17
block 63 17
block 64 17
block 52 18
block 53 18
block 54 18
block 55 18
block 56 18
block 57 18
block 58 18
block 63 18
block 64 18
block 32 20
block 33 20
block 54 20
block 55 20
block 56 20
block 32 21
block 33 21
block 48 21
block 49 21
block 50 21
block 51 21
block 52 21
block 53 21
block 54 21
block 55 21
block 56 21
block 4 22
block 5 22
block 6 22
block 7 22
block 8 22
block 32 22
block 33 22
block 48 22
block 49 22
block 50 22
block 51 22
block 52 22
block 53 22
block 54 22
block 55 22
block 56 22
block 4 23
block 5 23
block 6 23
block 7 23
block 8 23
block 48 23
block 49 23
block 50 23
block 51 23
block 52 23
block 53 23
block 54 23
block 55 23
block 56 23
block 0 24
block 4 24
block 5 24
block 6 24
block 7 24
block 8 24
block 10 24
block 11 24
block 12 24
block 13 24
block 14 24
block 54 24
block 55 24
block 56 24
block 68 24
block 0 25
block 4 25
block 5 25
block 6 25
block 7 25
block 8 25
block 10 25
block 11 25
block 12 25
block 13 25
block 14 25
block 54 25
block 55 25
block 56 25
block 68 25
block 0 26
block 4 26
block 5 26
block 6 26
block 7 26
block 8 26
block 10 26
block 11 26
block 12 26
block 13 26
block 14 26
block 24 26
block 25 26
block 26 26
block 36 26
block 37 26
block 38 26
block 39 26
block 68 26
block 4 27
block 5 27
block 6 27
block 7 27
block 8 27
block 10 27
block 11 27
block 12 27
block 13 27
block 14 27
block 24 27
block 25 27
block 26 27
block 36 27
block 37 27
block 38 27
block 39 27
block 4 28
block 5 28
block 6 28
block 7 28
block 8 28
block 10 28
block 11 28
block 12 28
block 13 28
block 14 28
block 24 28
block 25 28
block 26 28
block 24 29
block 25 29
block 26 29
block 9 31
block 10 31
block 11 31
block 12 31
block 31 31
block 32 31
block 33 31
block 9 32
block 10 32
block 11 32
block 12 32
block 31 32
block 32 32
block 33 32
block 14 33
block 15 33
block 31 33
block 32 33
block 33 33
block 63 33
block 64 33
block 14 34
block 15 34
block 31 34
block 32 34
block 33 34
block 60 34
block 61 34
block 62 34
block 63 34
block 64 34
block 65 34
block 14 35
block 15 35
block 31 35
block 32 35
block 33 35
block 60 35
block 61 35
block 62 35
block 63 35
block 64 35
block 65 35
block 14 36
block 15 36
block 31 36
block 32 36
block 33 36
block 60 36
block 61 36
block 62 36
block 63 36
block 64 36
block 65 36
block 14 37
block 15 37
block 31 37
block 32 37
block 33 37
block 60 37
block 61 37
block 62 37
block 63 37
block 64 37
block 65 37
block 14 38
block 15 38
block 30 38
block 31 38
block 32 38
block 33 38
block 34 38
block 35 38
##BotsAndCoinsInfo
bot_name 0 theBest
bot 0 25 31
bot_coins 0 0
coin 29 33
coin 39 5
round 1
round 2
round 3
round 4
round 5
coin 9 38
coin 59 0
round 6
round 7
round 8
round 9
round 10
coin 29 4
coin 39 34
round 11
round 12
round 13
round 14
round 15
coin 5 29
coin 63 9
round 16
round 17
round 18
round 19
round 20
coin 7 2
coin 61 38
round 21
round 22
round 23
round 24
round 25
coin 23 26
coin 45 12
round 26
round 27
round 28
round 29
round 30
coin 48 6
coin 20 32
round 31
round 32
round 33
round 34
round 35
coin 59 17
coin 9 21
round 36
round 37
round 38
round 39
round 40
coin 34 21
coin 34 17
round 41
round 42
round 43
round 44
round 45
coin 46 38
coin 22 0
round 46
round 47
round 48
round 49
round 50
coin 14 4
coin 54 34
round 51
round 52
round 53
round 54
round 55
coin 23 30
coin 45 8
round 56
round 57
round 58
round 59
round 60
coin 26 21
coin 42 17
round 61
round 62
round 63
round 64
round 65
coin 61 19
coin 7 19
round 66
round 67
round 68
round 69
round 70
coin 58 24
coin 10 14
round 71
round 72
round 73
round 74
round 75
coin 43 36
coin 25 2
round 76
round 77
round 78
round 79
round 80
coin 65 20
coin 3 18
round 81
round 82
round 83
round 84
round 85
coin 62 8
coin 6 30
round 86
round 87
round 88
round 89
round 90
coin 42 37
coin 26 1
round 91
round 92
round 93
round 94
round 95
coin 7 36
coin 61 2
round 96
round 97
round 98
round 99
round 100
coin 32 30
coin 36 7
round 101
round 102
round 103
round 104
round 105
coin 14 16
coin 53 24
round 106
round 107
round 108
round 109
round 110
coin 41 15
coin 27 23
round 111
round 112
round 113
round 114
round 115
coin 38 8
coin 30 30
round 116
round 117
round 118
round 119
round 120
coin 25 10
coin 43 28
round 121
round 122
round 123
round 124
round 125
coin 37 5
coin 30 33
round 126
round 127
round 128
round 129
round 130
coin 32 28
coin 36 11
round 131
round 132
round 133
round 134
round 135
coin 68 16
coin 0 22
round 136
round 137
round 138
round 139
round 140
coin 28 28
coin 40 10
round 141
round 142
round 143
round 144
round 145
coin 9 27
coin 59 11
round 146
round 147
round 148
round 149
round 150
coin 4 35
coin 64 3
round 151
round 152
round 153
round 154
round 155
coin 62 22
coin 6 16
round 156
round 157
round 158
round 159
round 160
coin 44 32
coin 24 6
round 161
round 162
round 163
round 164
round 165
coin 35 28
coin 35 11
round 166
round 167
round 168
round 169
round 170
coin 42 18
coin 26 20
round 171
round 172
round 173
round 174
round 175
coin 40 8
coin 28 30
round 176
round 177
round 178
round 179
round 180
coin 67 13
coin 1 25
round 181
round 182
round 183
round 184
round 185
coin 58 20
coin 10 18
round 186
round 187
round 188
round 189
round 190
coin 53 7
coin 15 31
round 191
round 192
round 193
round 194
round 195
coin 23 21
coin 45 17
round 196
round 197
round 198
round 199
round 200
coin 16 37
coin 52 1
match_over 0
