match
match_id 1639523996800_ai
match_time 1639523996806
num_bots 1
##MatchConfig
mode FRIENDLY
num_rounds 200
random_seed 42
move_time_limit 1000
coin_spawn_period 5
coin_spawn_volume 2
##MapConfig
map_size 64 33
view_radius 5
mining_radius 1
attack_radius 4
block 15 0
block 16 0
block 17 0
block 18 0
block 19 0
block 20 0
block 27 0
block 28 0
block 29 0
block 30 0
block 48 0
block 49 0
block 15 1
block 16 1
block 17 1
block 18 1
block 19 1
block 20 1
block 21 1
block 26 1
block 27 1
block 28 1
block 29 1
block 30 1
block 15 2
block 16 2
block 17 2
block 18 2
block 19 2
block 20 2
block 21 2
block 26 2
block 27 2
block 28 2
block 29 2
block 30 2
block 37 2
block 38 2
block 39 2
block 40 2
block 41 2
block 42 2
block 15 3
block 16 3
block 17 3
block 18 3
block 19 3
block 20 3
block 21 3
block 26 3
block 27 3
block 28 3
block 29 3
block 30 3
block 37 3
block 38 3
block 39 3
block 40 3
block 41 3
block 42 3
block 20 4
block 21 4
block 26 4
block 27 4
block 28 4
block 29 4
block 30 4
block 8 5
block 9 5
block 10 5
block 11 5
block 20 5
block 21 5
block 26 5
block 27 5
block 28 5
block 29 5
block 30 5
block 41 5
block 42 5
block 43 5
block 44 5
block 45 5
block 46 5
block 8 6
block 9 6
block 10 6
block 11 6
block 20 6
block 21 6
block 24 6
block 25 6
block 26 6
block 27 6
block 28 6
block 29 6
block 30 6
block 38 6
block 39 6
block 40 6
block 41 6
block 42 6
block 43 6
block 44 6
block 45 6
block 46 6
block 49 6
block 50 6
block 51 6
block 8 7
block 9 7
block 10 7
block 11 7
block 20 7
block 21 7
block 24 7
block 25 7
block 26 7
block 27 7
block 28 7
block 29 7
block 30 7
block 38 7
block 39 7
block 40 7
block 41 7
block 42 7
block 43 7
block 44 7
block 45 7
block 46 7
block 49 7
block 50 7
block 51 7
block 8 8
block 9 8
block 10 8
block 11 8
block 24 8
block 25 8
block 26 8
block 27 8
block 28 8
block 29 8
block 30 8
block 31 8
block 32 8
block 38 8
block 39 8
block 40 8
block 41 8
block 42 8
block 43 8
block 44 8
block 45 8
block 46 8
block 8 9
block 9 9
block 10 9
block 11 9
block 31 9
block 32 9
block 41 9
block 42 9
block 43 9
block 44 9
block 45 9
block 46 9
block 8 10
block 9 10
block 10 10
block 11 10
block 31 10
block 32 10
block 41 10
block 42 10
block 43 10
block 44 10
block 45 10
block 46 10
block 8 11
block 9 11
block 10 11
block 11 11
block 26 11
block 27 11
block 31 11
block 32 11
block 34 11
block 35 11
block 36 11
block 37 11
block 38 11
block 39 11
block 40 11
block 26 12
block 27 12
block 34 12
block 35 12
block 36 12
block 37 12
block 38 12
block 39 12
block 40 12
block 41 12
block 47 12
block 48 12
block 49 12
block 50 12
block 51 12
block 52 12
block 12 13
block 13 13
block 14 13
block 26 13
block 27 13
block 34 13
block 35 13
block 36 13
block 37 13
block 38 13
block 39 13
block 40 13
block 41 13
block 47 13
block 48 13
block 49 13
block 50 13
block 51 13
block 52 13
block 12 14
block 13 14
block 14 14
block 26 14
block 27 14
block 47 14
block 48 14
block 49 14
block 50 14
block 51 14
block 52 14
block 12 15
block 13 15
block 14 15
block 26 15
block 27 15
block 47 15
block 48 15
block 49 15
block 50 15
block 51 15
block 52 15
block 26 16
block 27 16
block 47 16
block 48 16
block 49 16
block 50 16
block 51 16
block 52 16
block 26 17
block 27 17
block 53 19
block 54 19
block 55 19
block 56 19
block 53 20
block 54 20
block 55 20
block 56 20
block 53 21
block 54 21
block 55 21
block 56 21
block 52 22
block 53 22
block 52 23
block 53 23
block 52 24
block 53 24
block 17 25
block 18 25
block 20 25
block 21 25
block 22 25
block 23 25
block 24 25
block 25 25
block 17 26
block 18 26
block 20 26
block 21 26
block 22 26
block 23 26
block 24 26
block 25 26
block 10 27
block 11 27
block 12 27
block 13 27
block 14 27
block 15 27
block 16 27
block 17 27
block 20 27
block 21 27
block 22 27
block 23 27
block 24 27
block 25 27
block 8 28
block 9 28
block 10 28
block 11 28
block 12 28
block 13 28
block 14 28
block 15 28
block 16 28
block 17 28
block 20 28
block 21 28
block 22 28
block 23 28
block 24 28
block 25 28
block 8 29
block 9 29
block 10 29
block 11 29
block 12 29
block 13 29
block 14 29
block 15 29
block 16 29
block 17 29
block 20 29
block 21 29
block 22 29
block 23 29
block 24 29
block 25 29
block 8 30
block 9 30
block 10 30
block 11 30
block 12 30
block 13 30
block 14 30
block 15 30
block 16 30
block 17 30
block 20 30
block 21 30
block 22 30
block 23 30
block 24 30
block 25 30
block 27 30
block 28 30
block 29 30
block 30 30
block 8 31
block 9 31
block 10 31
block 11 31
block 12 31
block 13 31
block 14 31
block 15 31
block 16 31
block 17 31
block 20 31
block 21 31
block 22 31
block 23 31
block 24 31
block 25 31
block 27 31
block 28 31
block 29 31
block 30 31
block 48 31
block 49 31
block 15 32
block 16 32
block 17 32
block 20 32
block 21 32
block 22 32
block 27 32
block 28 32
block 29 32
block 30 32
block 48 32
block 49 32
##BotsAndCoinsInfo
bot_name 0 theBest
bot 0 0 3
bot_coins 0 0
coin 46 15
coin 17 17
round 1
bot 0 0 4
round 2
bot 0 0 5
round 3
bot 0 0 6
round 4
bot 0 0 7
round 5
bot 0 0 8
coin 43 4
coin 19 28
round 6
bot 0 0 9
round 7
bot 0 0 10
round 8
bot 0 0 11
round 9
bot 0 0 12
round 10
bot 0 0 13
coin 19 19
coin 44 13
round 11
bot 0 0 14
round 12
bot 0 0 15
round 13
bot 0 0 16
round 14
bot 0 0 17
round 15
bot 0 0 18
coin 17 4
coin 46 28
round 16
bot 0 0 19
round 17
bot 0 0 20
round 18
bot 0 0 21
round 19
bot 0 0 22
round 20
bot 0 0 23
coin 42 17
coin 21 15
round 21
bot 0 0 24
round 22
bot 0 0 25
round 23
bot 0 0 26
round 24
bot 0 0 27
round 25
bot 0 0 28
coin 57 29
coin 6 3
round 26
bot 0 0 29
round 27
bot 0 0 30
round 28
bot 0 0 31
round 29
bot 0 0 32
round 30
bot 0 1 32
coin 23 0
coin 40 32
round 31
bot 0 2 32
round 32
bot 0 3 32
round 33
bot 0 4 32
round 34
bot 0 5 32
round 35
bot 0 6 32
coin 17 11
coin 46 21
round 36
bot 0 7 32
round 37
bot 0 8 32
round 38
bot 0 9 32
round 39
bot 0 10 32
round 40
bot 0 11 32
coin 29 9
coin 34 23
round 41
bot 0 12 32
round 42
bot 0 13 32
round 43
bot 0 14 32
round 44
round 45
coin 50 20
coin 13 12
round 46
round 47
round 48
round 49
round 50
coin 58 4
coin 5 28
round 51
round 52
round 53
round 54
round 55
coin 27 9
coin 36 23
round 56
round 57
round 58
round 59
round 60
coin 47 30
coin 14 2
round 61
round 62
round 63
round 64
round 65
coin 26 28
coin 37 4
round 66
round 67
round 68
round 69
round 70
coin 11 18
coin 53 14
round 71
round 72
round 73
round 74
round 75
coin 38 15
coin 25 17
round 76
round 77
round 78
round 79
round 80
coin 13 2
coin 50 30
round 81
round 82
round 83
round 84
round 85
coin 53 15
coin 10 17
round 86
round 87
round 88
round 89
round 90
coin 11 22
coin 52 10
round 91
round 92
round 93
round 94
round 95
coin 37 15
coin 26 18
round 96
round 97
round 98
round 99
round 100
coin 48 25
coin 15 7
round 101
round 102
round 103
round 104
round 105
coin 36 14
coin 27 18
round 106
round 107
round 108
round 109
round 110
coin 37 6
coin 26 26
round 111
round 112
round 113
round 114
round 115
coin 48 5
coin 15 26
round 116
round 117
round 118
round 119
round 120
coin 2 22
coin 61 10
round 121
round 122
round 123
round 124
round 125
coin 22 2
coin 41 30
round 126
round 127
round 128
round 129
round 130
coin 52 4
coin 11 26
round 131
round 132
round 133
round 134
round 135
coin 25 13
coin 38 19
round 136
round 137
round 138
round 139
round 140
coin 62 28
coin 1 4
round 141
round 142
round 143
round 144
round 145
coin 45 15
coin 18 17
round 146
round 147
round 148
round 149
round 150
coin 30 14
coin 33 18
round 151
round 152
round 153
round 154
round 155
coin 18 19
coin 45 13
round 156
round 157
round 158
round 159
round 160
coin 60 26
coin 3 6
round 161
round 162
round 163
round 164
round 165
coin 52 25
coin 12 7
round 166
round 167
round 168
round 169
round 170
coin 40 15
coin 23 17
round 171
round 172
round 173
round 174
round 175
coin 23 2
coin 40 30
round 176
round 177
round 178
round 179
round 180
coin 23 4
coin 40 28
round 181
round 182
round 183
round 184
round 185
coin 25 5
coin 38 27
round 186
round 187
round 188
round 189
round 190
coin 29 19
coin 34 14
round 191
round 192
round 193
round 194
round 195
coin 30 21
coin 33 11
round 196
round 197
round 198
round 199
round 200
coin 30 25
coin 33 7
match_over 0
