match
match_id 1639550791581_bk
match_time 1639550791586
num_bots 1
##MatchConfig
mode FRIENDLY
num_rounds 200
random_seed 42
move_time_limit 1000
coin_spawn_period 5
coin_spawn_volume 2
##MapConfig
map_size 60 39
view_radius 5
mining_radius 2
attack_radius 3
block 54 3
block 55 3
block 56 3
block 57 3
block 58 3
block 54 4
block 55 4
block 56 4
block 57 4
block 58 4
block 54 5
block 55 5
block 56 5
block 57 5
block 58 5
block 8 8
block 9 8
block 10 8
block 11 8
block 14 8
block 15 8
block 16 8
block 17 8
block 18 8
block 8 9
block 9 9
block 10 9
block 11 9
block 14 9
block 15 9
block 16 9
block 17 9
block 18 9
block 35 9
block 36 9
block 37 9
block 38 9
block 39 9
block 40 9
block 41 9
block 0 10
block 1 10
block 2 10
block 3 10
block 4 10
block 8 10
block 9 10
block 10 10
block 11 10
block 12 10
block 13 10
block 14 10
block 15 10
block 16 10
block 17 10
block 18 10
block 35 10
block 36 10
block 37 10
block 38 10
block 39 10
block 40 10
block 41 10
block 58 10
block 59 10
block 0 11
block 1 11
block 2 11
block 3 11
block 4 11
block 8 11
block 9 11
block 10 11
block 11 11
block 12 11
block 13 11
block 14 11
block 15 11
block 16 11
block 35 11
block 36 11
block 37 11
block 38 11
block 39 11
block 40 11
block 41 11
block 58 11
block 59 11
block 8 12
block 9 12
block 10 12
block 11 12
block 12 12
block 13 12
block 14 12
block 15 12
block 16 12
block 35 12
block 36 12
block 37 12
block 38 12
block 39 12
block 40 12
block 41 12
block 10 13
block 11 13
block 12 13
block 13 13
block 14 13
block 15 13
block 16 13
block 10 14
block 11 14
block 12 14
block 13 14
block 14 14
block 15 14
block 16 14
block 7 15
block 8 15
block 9 15
block 10 15
block 11 15
block 12 15
block 13 15
block 14 15
block 15 15
block 16 15
block 17 15
block 18 15
block 19 15
block 7 16
block 8 16
block 9 16
block 10 16
block 11 16
block 12 16
block 13 16
block 14 16
block 15 16
block 16 16
block 17 16
block 18 16
block 19 16
block 20 16
block 32 16
block 33 16
block 34 16
block 35 16
block 36 16
block 37 16
block 14 17
block 15 17
block 16 17
block 17 17
block 18 17
block 19 17
block 20 17
block 32 17
block 33 17
block 34 17
block 35 17
block 36 17
block 37 17
block 14 18
block 15 18
block 16 18
block 17 18
block 18 18
block 19 18
block 20 18
block 32 18
block 33 18
block 34 18
block 35 18
block 36 18
block 37 18
block 14 19
block 15 19
block 16 19
block 17 19
block 18 19
block 19 19
block 20 19
block 32 19
block 33 19
block 34 19
block 35 19
block 36 19
block 37 19
block 47 19
block 48 19
block 49 19
block 50 19
block 51 19
block 52 19
block 53 19
block 6 20
block 7 20
block 8 20
block 9 20
block 10 20
block 11 20
block 16 20
block 17 20
block 18 20
block 19 20
block 20 20
block 32 20
block 33 20
block 34 20
block 35 20
block 36 20
block 37 20
block 47 20
block 48 20
block 49 20
block 50 20
block 51 20
block 52 20
block 53 20
block 0 21
block 1 21
block 2 21
block 3 21
block 6 21
block 7 21
block 8 21
block 9 21
block 10 21
block 11 21
block 16 21
block 17 21
block 18 21
block 19 21
block 20 21
block 32 21
block 33 21
block 34 21
block 35 21
block 36 21
block 37 21
block 47 21
block 48 21
block 49 21
block 50 21
block 51 21
block 52 21
block 53 21
block 59 21
block 0 22
block 1 22
block 2 22
block 3 22
block 6 22
block 7 22
block 8 22
block 9 22
block 17 22
block 18 22
block 19 22
block 20 22
block 46 22
block 47 22
block 48 22
block 49 22
block 50 22
block 51 22
block 52 22
block 53 22
block 59 22
block 0 23
block 1 23
block 2 23
block 3 23
block 6 23
block 7 23
block 8 23
block 9 23
block 46 23
block 47 23
block 48 23
block 49 23
block 50 23
block 51 23
block 52 23
block 53 23
block 59 23
block 0 24
block 1 24
block 2 24
block 3 24
block 6 24
block 7 24
block 8 24
block 9 24
block 34 24
block 35 24
block 36 24
block 37 24
block 38 24
block 39 24
block 40 24
block 46 24
block 47 24
block 48 24
block 49 24
block 50 24
block 51 24
block 52 24
block 53 24
block 59 24
block 0 25
block 1 25
block 2 25
block 3 25
block 34 25
block 35 25
block 36 25
block 37 25
block 38 25
block 39 25
block 40 25
block 46 25
block 47 25
block 48 25
block 49 25
block 50 25
block 51 25
block 52 25
block 53 25
block 59 25
block 0 26
block 1 26
block 2 26
block 3 26
block 16 26
block 17 26
block 18 26
block 19 26
block 34 26
block 35 26
block 36 26
block 37 26
block 38 26
block 39 26
block 40 26
block 46 26
block 47 26
block 48 26
block 49 26
block 59 26
block 0 27
block 1 27
block 2 27
block 3 27
block 16 27
block 17 27
block 18 27
block 19 27
block 46 27
block 47 27
block 48 27
block 49 27
block 59 27
block 16 28
block 17 28
block 18 28
block 19 28
block 46 28
block 47 28
block 48 28
block 49 28
block 4 31
block 5 31
block 6 31
block 7 31
block 8 31
block 9 31
block 4 32
block 5 32
block 6 32
block 7 32
block 8 32
block 9 32
block 4 33
block 5 33
block 6 33
block 7 33
block 8 33
block 9 33
block 4 34
block 5 34
block 6 34
block 7 34
block 8 34
block 9 34
block 0 35
block 1 35
block 2 35
block 3 35
block 4 35
block 5 35
block 6 35
block 7 35
block 8 35
block 9 35
block 0 36
block 1 36
block 2 36
block 3 36
block 4 36
block 5 36
block 0 37
block 1 37
block 2 37
block 3 37
block 4 37
block 5 37
block 0 38
block 1 38
block 2 38
block 3 38
block 4 38
block 5 38
##BotsAndCoinsInfo
bot_name 0 theBest
bot 0 21 16
bot_coins 0 0
coin 50 33
coin 9 5
round 1
bot 0 21 17
round 2
bot 0 21 18
round 3
bot 0 21 19
round 4
bot 0 21 20
round 5
bot 0 21 21
coin 48 38
coin 11 0
round 6
bot 0 21 22
round 7
bot 0 21 23
round 8
bot 0 21 24
round 9
bot 0 21 25
round 10
bot 0 21 26
coin 30 4
coin 29 34
round 11
bot 0 21 27
round 12
bot 0 21 28
round 13
bot 0 21 29
round 14
bot 0 21 30
round 15
bot 0 21 31
coin 5 29
coin 54 9
round 16
bot 0 21 32
round 17
bot 0 21 33
round 18
bot 0 21 34
round 19
bot 0 21 35
round 20
bot 0 21 36
coin 19 2
coin 40 36
round 21
bot 0 21 37
round 22
bot 0 20 36
round 23
bot 0 20 37
round 24
bot 0 19 36
round 25
bot 0 19 35
coin 4 26
coin 55 12
round 26
bot 0 19 36
round 27
bot 0 19 35
round 28
bot 0 19 36
round 29
bot 0 19 35
round 30
bot 0 19 36
coin 36 6
coin 23 32
round 31
bot 0 19 35
round 32
bot 0 20 34
round 33
bot 0 21 33
round 34
bot 0 22 32
coin_collected 23 32 0
bot_coins 0 1
round 35
bot 0 22 33
coin 56 17
coin 3 20
round 36
bot 0 22 34
round 37
bot 0 22 35
round 38
bot 0 22 36
round 39
bot 0 22 37
round 40
bot 0 21 36
coin 36 22
coin 23 16
round 41
bot 0 21 37
round 42
bot 0 20 36
round 43
bot 0 20 37
round 44
bot 0 19 36
round 45
bot 0 19 35
coin 43 38
coin 16 0
round 46
bot 0 18 34
round 47
bot 0 18 35
round 48
bot 0 17 34
round 49
bot 0 17 35
round 50
bot 0 16 34
coin 20 4
coin 39 34
round 51
bot 0 16 33
round 52
bot 0 16 34
round 53
bot 0 16 33
round 54
bot 0 16 34
round 55
bot 0 16 33
coin 26 30
coin 33 8
round 56
bot 0 16 34
round 57
bot 0 16 33
round 58
bot 0 16 34
round 59
bot 0 16 33
round 60
bot 0 16 34
coin 23 21
coin 38 17
round 61
bot 0 16 33
round 62
bot 0 16 34
round 63
bot 0 16 33
round 64
bot 0 16 34
round 65
bot 0 16 33
coin 10 19
coin 49 18
round 66
bot 0 16 34
round 67
bot 0 16 33
round 68
bot 0 16 34
round 69
bot 0 16 33
round 70
bot 0 16 34
coin 7 25
coin 52 13
round 71
bot 0 16 33
round 72
bot 0 16 34
round 73
bot 0 16 33
round 74
bot 0 16 34
round 75
bot 0 16 33
coin 10 36
coin 49 2
round 76
bot 0 16 34
round 77
bot 0 16 33
round 78
bot 0 16 34
round 79
bot 0 16 33
round 80
bot 0 16 34
coin 50 18
coin 9 19
round 81
bot 0 16 33
round 82
bot 0 16 34
round 83
bot 0 16 33
round 84
bot 0 16 34
round 85
bot 0 16 33
coin 17 7
coin 42 31
round 86
bot 0 16 34
round 87
bot 0 16 33
round 88
bot 0 16 34
round 89
bot 0 16 33
round 90
bot 0 16 34
coin 12 37
coin 47 1
round 91
bot 0 16 33
round 92
bot 0 16 34
round 93
bot 0 16 33
round 94
bot 0 16 34
round 95
bot 0 16 33
coin 13 36
coin 46 2
round 96
bot 0 15 34
round 97
bot 0 14 35
coin_collected 13 36 0
bot_coins 0 2
round 98
bot 0 13 36
coin_collected 12 37 0
bot_coins 0 3
round 99
bot 0 12 36
coin_collected 10 36 0
bot_coins 0 4
round 100
bot 0 11 35
coin 59 31
coin 0 7
round 101
bot 0 11 34
round 102
bot 0 11 33
round 103
bot 0 11 34
round 104
bot 0 11 33
round 105
bot 0 11 34
coin 24 16
coin 35 22
round 106
bot 0 11 33
round 107
bot 0 11 34
round 108
bot 0 11 33
round 109
bot 0 11 34
round 110
bot 0 11 33
coin 35 15
coin 24 23
round 111
bot 0 11 34
round 112
bot 0 11 33
round 113
bot 0 11 34
round 114
bot 0 11 33
round 115
bot 0 11 34
coin 7 8
coin 52 30
round 116
bot 0 11 33
round 117
bot 0 11 34
round 118
bot 0 11 33
round 119
bot 0 11 34
round 120
bot 0 11 33
coin 37 8
coin 22 30
round 121
bot 0 11 34
round 122
bot 0 11 33
round 123
bot 0 11 34
round 124
bot 0 11 33
round 125
bot 0 11 34
coin 13 5
coin 46 33
round 126
bot 0 11 33
round 127
bot 0 11 34
round 128
bot 0 11 33
round 129
bot 0 11 34
round 130
bot 0 11 33
coin 38 28
coin 21 10
round 131
bot 0 11 34
round 132
bot 0 11 33
round 133
bot 0 11 34
round 134
bot 0 11 33
round 135
bot 0 11 34
coin 20 15
coin 39 23
round 136
bot 0 11 33
round 137
bot 0 11 34
round 138
bot 0 11 33
round 139
bot 0 11 34
round 140
bot 0 11 33
coin 13 28
coin 46 10
round 141
bot 0 11 34
round 142
bot 0 11 33
round 143
bot 0 11 34
round 144
bot 0 11 33
round 145
bot 0 11 34
coin 21 27
coin 38 13
round 146
bot 0 11 33
round 147
bot 0 11 34
round 148
bot 0 11 33
round 149
bot 0 11 34
round 150
bot 0 11 33
coin 37 35
coin 22 3
round 151
bot 0 11 34
round 152
bot 0 11 33
round 153
bot 0 11 34
round 154
bot 0 11 33
round 155
bot 0 11 34
coin 32 22
coin 27 16
round 156
bot 0 11 33
round 157
bot 0 11 34
round 158
bot 0 11 33
round 159
bot 0 11 34
round 160
bot 0 11 33
coin 14 32
coin 45 6
round 161
bot 0 12 32
coin_collected 14 32 0
bot_coins 0 5
round 162
bot 0 13 31
round 163
bot 0 13 30
coin_collected 13 28 0
bot_coins 0 6
round 164
bot 0 13 31
round 165
bot 0 13 32
coin 38 27
coin 21 11
round 166
bot 0 13 33
round 167
bot 0 13 34
round 168
bot 0 13 35
round 169
bot 0 12 34
round 170
bot 0 12 35
coin 15 20
coin 44 18
round 171
bot 0 11 34
round 172
bot 0 11 33
round 173
bot 0 11 34
round 174
bot 0 11 33
round 175
bot 0 11 34
coin 10 7
coin 49 31
round 176
bot 0 11 33
round 177
bot 0 11 34
round 178
bot 0 11 33
round 179
bot 0 11 34
round 180
bot 0 11 33
coin 13 17
coin 46 21
round 181
bot 0 11 34
round 182
bot 0 11 33
round 183
bot 0 11 34
round 184
bot 0 11 33
round 185
bot 0 11 34
coin 13 20
coin 46 18
round 186
bot 0 11 33
round 187
round 188
match_over 0
round 189
