match
match_id 1639523416558_av
match_time 1639523416565
num_bots 1
##MatchConfig
mode FRIENDLY
num_rounds 200
random_seed 42
move_time_limit 1000
coin_spawn_period 5
coin_spawn_volume 2
##MapConfig
map_size 57 28
view_radius 6
mining_radius 2
attack_radius 4
block 0 0
block 1 0
block 24 0
block 25 0
block 26 0
block 27 0
block 40 0
block 41 0
block 42 0
block 43 0
block 44 0
block 45 0
block 46 0
block 47 0
block 49 0
block 50 0
block 51 0
block 54 0
block 55 0
block 56 0
block 0 1
block 1 1
block 24 1
block 25 1
block 26 1
block 27 1
block 45 1
block 46 1
block 47 1
block 54 1
block 55 1
block 56 1
block 0 2
block 1 2
block 36 2
block 37 2
block 38 2
block 54 2
block 55 2
block 56 2
block 0 3
block 1 3
block 36 3
block 37 3
block 38 3
block 43 3
block 44 3
block 45 3
block 46 3
block 47 3
block 48 3
block 49 3
block 50 3
block 51 3
block 52 3
block 53 3
block 54 3
block 55 3
block 56 3
block 0 4
block 1 4
block 21 4
block 22 4
block 23 4
block 24 4
block 25 4
block 26 4
block 27 4
block 36 4
block 37 4
block 38 4
block 43 4
block 44 4
block 45 4
block 46 4
block 47 4
block 48 4
block 49 4
block 50 4
block 51 4
block 52 4
block 53 4
block 54 4
block 0 5
block 1 5
block 21 5
block 22 5
block 23 5
block 24 5
block 25 5
block 26 5
block 27 5
block 36 5
block 37 5
block 38 5
block 40 5
block 41 5
block 42 5
block 43 5
block 44 5
block 45 5
block 46 5
block 47 5
block 48 5
block 49 5
block 50 5
block 51 5
block 52 5
block 53 5
block 54 5
block 0 6
block 1 6
block 21 6
block 22 6
block 23 6
block 24 6
block 25 6
block 26 6
block 27 6
block 36 6
block 37 6
block 38 6
block 40 6
block 41 6
block 42 6
block 43 6
block 44 6
block 47 6
block 48 6
block 49 6
block 50 6
block 51 6
block 52 6
block 53 6
block 54 6
block 21 7
block 22 7
block 23 7
block 24 7
block 25 7
block 26 7
block 27 7
block 40 7
block 41 7
block 42 7
block 43 7
block 44 7
block 47 7
block 48 7
block 49 7
block 21 8
block 22 8
block 23 8
block 24 8
block 25 8
block 26 8
block 27 8
block 40 8
block 41 8
block 42 8
block 43 8
block 44 8
block 0 9
block 1 9
block 2 9
block 3 9
block 4 9
block 25 9
block 26 9
block 27 9
block 28 9
block 40 9
block 41 9
block 42 9
block 43 9
block 44 9
block 52 9
block 53 9
block 54 9
block 55 9
block 56 9
block 0 10
block 1 10
block 2 10
block 3 10
block 4 10
block 25 10
block 26 10
block 27 10
block 28 10
block 40 10
block 41 10
block 42 10
block 43 10
block 44 10
block 52 10
block 53 10
block 54 10
block 55 10
block 56 10
block 0 11
block 1 11
block 2 11
block 3 11
block 4 11
block 18 11
block 19 11
block 20 11
block 21 11
block 22 11
block 23 11
block 24 11
block 40 11
block 41 11
block 42 11
block 43 11
block 44 11
block 52 11
block 53 11
block 54 11
block 55 11
block 56 11
block 0 12
block 1 12
block 2 12
block 3 12
block 4 12
block 18 12
block 19 12
block 20 12
block 21 12
block 22 12
block 23 12
block 24 12
block 52 12
block 53 12
block 54 12
block 55 12
block 56 12
block 0 13
block 1 13
block 2 13
block 3 13
block 4 13
block 8 13
block 9 13
block 10 13
block 18 13
block 19 13
block 20 13
block 21 13
block 22 13
block 23 13
block 24 13
block 55 13
block 56 13
block 0 14
block 1 14
block 2 14
block 3 14
block 4 14
block 8 14
block 9 14
block 10 14
block 18 14
block 19 14
block 20 14
block 21 14
block 22 14
block 23 14
block 24 14
block 55 14
block 56 14
block 0 15
block 1 15
block 2 15
block 3 15
block 4 15
block 8 15
block 9 15
block 10 15
block 18 15
block 19 15
block 20 15
block 21 15
block 22 15
block 23 15
block 24 15
block 56 15
block 0 16
block 1 16
block 2 16
block 3 16
block 4 16
block 18 16
block 19 16
block 20 16
block 21 16
block 22 16
block 23 16
block 24 16
block 29 16
block 30 16
block 31 16
block 32 16
block 33 16
block 34 16
block 56 16
block 18 17
block 19 17
block 20 17
block 21 17
block 22 17
block 23 17
block 24 17
block 29 17
block 30 17
block 31 17
block 32 17
block 33 17
block 34 17
block 19 18
block 20 18
block 19 19
block 20 19
block 21 19
block 19 20
block 20 20
block 21 20
block 39 20
block 40 20
block 41 20
block 42 20
block 43 20
block 44 20
block 45 20
block 50 20
block 51 20
block 52 20
block 19 21
block 20 21
block 21 21
block 39 21
block 40 21
block 41 21
block 42 21
block 43 21
block 44 21
block 45 21
block 50 21
block 51 21
block 52 21
block 19 22
block 20 22
block 21 22
block 50 22
block 51 22
block 52 22
block 19 23
block 20 23
block 21 23
block 40 23
block 41 23
block 42 23
block 43 23
block 44 23
block 45 23
block 46 23
block 47 23
block 48 23
block 49 23
block 50 23
block 51 23
block 52 23
block 19 24
block 20 24
block 21 24
block 40 24
block 41 24
block 42 24
block 43 24
block 44 24
block 45 24
block 46 24
block 47 24
block 48 24
block 49 24
block 4 25
block 5 25
block 6 25
block 19 25
block 20 25
block 21 25
block 24 25
block 25 25
block 26 25
block 27 25
block 28 25
block 29 25
block 30 25
block 40 25
block 41 25
block 42 25
block 43 25
block 44 25
block 45 25
block 46 25
block 47 25
block 4 26
block 5 26
block 6 26
block 24 26
block 25 26
block 26 26
block 27 26
block 28 26
block 29 26
block 30 26
block 40 26
block 41 26
block 42 26
block 43 26
block 44 26
block 45 26
block 46 26
block 47 26
block 0 27
block 1 27
block 24 27
block 25 27
block 26 27
block 27 27
block 28 27
block 29 27
block 30 27
block 40 27
block 41 27
block 42 27
block 43 27
block 44 27
block 45 27
block 46 27
block 47 27
block 49 27
block 50 27
block 51 27
block 54 27
block 55 27
block 56 27
##BotsAndCoinsInfo
bot_name 0 theBest
bot 0 46 15
bot_coins 0 0
coin 26 19
coin 30 8
round 1
bot 0 47 16
round 2
bot 0 48 17
round 3
bot 0 49 18
round 4
bot 0 50 19
round 5
bot 0 51 19
coin 12 24
coin 44 2
round 6
bot 0 52 19
round 7
bot 0 53 20
round 8
bot 0 54 21
round 9
bot 0 55 22
round 10
bot 0 56 23
coin 6 24
coin 50 2
round 11
round 12
round 13
match_over 0
round 14
