match
match_id 1639511116943_bh
match_time 1639511116952
num_bots 1
##MatchConfig
mode FRIENDLY
num_rounds 200
random_seed 42
move_time_limit 1000
coin_spawn_period 5
coin_spawn_volume 2
##MapConfig
map_size 56 29
view_radius 5
mining_radius 2
attack_radius 4
block 18 0
block 19 0
block 20 0
block 21 0
block 22 0
block 23 0
block 24 0
block 25 0
block 26 0
block 27 0
block 28 0
block 29 0
block 30 0
block 31 0
block 32 0
block 33 0
block 35 0
block 36 0
block 37 0
block 38 0
block 39 0
block 40 0
block 6 1
block 7 1
block 10 1
block 11 1
block 12 1
block 13 1
block 14 1
block 15 1
block 18 1
block 19 1
block 20 1
block 21 1
block 22 1
block 24 1
block 25 1
block 26 1
block 27 1
block 28 1
block 35 1
block 36 1
block 37 1
block 38 1
block 39 1
block 40 1
block 6 2
block 7 2
block 10 2
block 11 2
block 12 2
block 13 2
block 14 2
block 15 2
block 18 2
block 19 2
block 20 2
block 21 2
block 22 2
block 35 2
block 36 2
block 37 2
block 38 2
block 39 2
block 40 2
block 10 3
block 11 3
block 12 3
block 13 3
block 14 3
block 15 3
block 18 3
block 19 3
block 20 3
block 21 3
block 22 3
block 35 3
block 36 3
block 37 3
block 38 3
block 39 3
block 40 3
block 8 4
block 9 4
block 10 4
block 11 4
block 12 4
block 13 4
block 14 4
block 15 4
block 18 4
block 19 4
block 20 4
block 21 4
block 22 4
block 44 4
block 45 4
block 46 4
block 47 4
block 48 4
block 49 4
block 8 5
block 9 5
block 10 5
block 11 5
block 12 5
block 13 5
block 14 5
block 44 5
block 45 5
block 46 5
block 47 5
block 48 5
block 49 5
block 44 6
block 45 6
block 46 6
block 47 6
block 48 6
block 49 6
block 10 7
block 11 7
block 12 7
block 13 7
block 14 7
block 15 7
block 44 7
block 45 7
block 46 7
block 47 7
block 48 7
block 49 7
block 10 8
block 11 8
block 12 8
block 13 8
block 14 8
block 15 8
block 44 8
block 45 8
block 46 8
block 47 8
block 48 8
block 49 8
block 9 9
block 10 9
block 11 9
block 12 9
block 13 9
block 14 9
block 15 9
block 44 9
block 45 9
block 46 9
block 47 9
block 48 9
block 49 9
block 9 10
block 10 10
block 11 10
block 12 10
block 13 10
block 14 10
block 15 10
block 18 10
block 19 10
block 20 10
block 21 10
block 22 10
block 9 11
block 10 11
block 11 11
block 12 11
block 13 11
block 14 11
block 15 11
block 18 11
block 19 11
block 20 11
block 21 11
block 22 11
block 9 12
block 10 12
block 11 12
block 12 12
block 40 12
block 41 12
block 42 12
block 43 12
block 44 12
block 45 12
block 9 13
block 10 13
block 11 13
block 12 13
block 40 13
block 41 13
block 42 13
block 43 13
block 44 13
block 45 13
block 40 14
block 41 14
block 42 14
block 43 14
block 44 14
block 45 14
block 38 15
block 39 15
block 40 15
block 41 15
block 42 15
block 43 15
block 44 15
block 45 15
block 38 16
block 39 16
block 40 16
block 41 16
block 42 16
block 43 16
block 44 16
block 45 16
block 38 17
block 39 17
block 40 17
block 41 17
block 42 17
block 43 17
block 44 17
block 45 17
block 43 18
block 44 18
block 45 18
block 19 19
block 20 19
block 21 19
block 22 19
block 23 19
block 24 19
block 25 19
block 19 20
block 20 20
block 21 20
block 22 20
block 23 20
block 24 20
block 25 20
block 49 20
block 50 20
block 51 20
block 52 20
block 19 21
block 20 21
block 21 21
block 22 21
block 23 21
block 24 21
block 25 21
block 49 21
block 50 21
block 51 21
block 52 21
block 19 22
block 20 22
block 21 22
block 22 22
block 23 22
block 24 22
block 25 22
block 49 22
block 50 22
block 51 22
block 52 22
block 19 23
block 20 23
block 21 23
block 22 23
block 23 23
block 24 23
block 25 23
block 41 23
block 42 23
block 43 23
block 44 23
block 45 23
block 49 23
block 50 23
block 51 23
block 52 23
block 19 24
block 20 24
block 21 24
block 22 24
block 23 24
block 24 24
block 25 24
block 41 24
block 42 24
block 43 24
block 44 24
block 45 24
block 49 24
block 50 24
block 51 24
block 52 24
block 4 25
block 5 25
block 21 25
block 22 25
block 23 25
block 24 25
block 41 25
block 42 25
block 43 25
block 44 25
block 45 25
block 4 26
block 5 26
block 21 26
block 22 26
block 23 26
block 24 26
block 42 26
block 43 26
block 44 26
block 45 26
block 4 27
block 5 27
block 18 27
block 19 27
block 20 27
block 21 27
block 22 27
block 23 27
block 24 27
block 42 27
block 43 27
block 44 27
block 45 27
block 4 28
block 5 28
block 18 28
block 19 28
block 20 28
block 21 28
block 22 28
block 23 28
block 24 28
block 25 28
block 26 28
block 27 28
block 28 28
block 29 28
block 30 28
block 31 28
block 32 28
block 33 28
##BotsAndCoinsInfo
bot_name 0 theBest
bot 0 41 3
bot_coins 0 0
coin 50 9
coin 5 19
round 1
round 2
bot 0 41 2
round 3
bot 0 42 3
round 4
round 5
bot 0 41 3
coin 48 15
coin 7 13
round 6
bot 0 42 3
round 7
bot 0 42 2
round 8
bot 0 43 2
round 9
bot 0 44 1
round 10
bot 0 43 0
coin 26 23
coin 29 5
round 11
round 12
round 13
match_over 0
round 14
