match
match_id 1639569775671_bs
match_time 1639569775675
num_bots 1
##MatchConfig
mode FRIENDLY
num_rounds 200
random_seed 42
move_time_limit 1000
coin_spawn_period 5
coin_spawn_volume 2
##MapConfig
map_size 51 20
view_radius 6
mining_radius 2
attack_radius 4
block 20 0
block 21 0
block 22 0
block 23 0
block 24 0
block 30 0
block 31 0
block 32 0
block 33 0
block 34 0
block 8 1
block 9 1
block 10 1
block 11 1
block 12 1
block 30 1
block 31 1
block 32 1
block 33 1
block 34 1
block 7 2
block 8 2
block 9 2
block 10 2
block 11 2
block 12 2
block 13 2
block 14 2
block 30 2
block 31 2
block 32 2
block 33 2
block 34 2
block 35 2
block 36 2
block 37 2
block 38 2
block 39 2
block 40 2
block 41 2
block 7 3
block 8 3
block 9 3
block 10 3
block 13 3
block 14 3
block 35 3
block 36 3
block 37 3
block 38 3
block 39 3
block 40 3
block 41 3
block 7 4
block 8 4
block 9 4
block 10 4
block 13 4
block 14 4
block 41 4
block 42 4
block 43 4
block 44 4
block 13 5
block 14 5
block 41 5
block 42 5
block 43 5
block 44 5
block 13 6
block 14 6
block 41 6
block 42 6
block 43 6
block 44 6
block 0 7
block 1 7
block 13 7
block 14 7
block 41 7
block 42 7
block 43 7
block 44 7
block 46 7
block 47 7
block 48 7
block 49 7
block 50 7
block 0 8
block 1 8
block 41 8
block 42 8
block 43 8
block 44 8
block 46 8
block 47 8
block 48 8
block 49 8
block 50 8
block 0 9
block 1 9
block 41 9
block 42 9
block 43 9
block 44 9
block 46 9
block 47 9
block 48 9
block 49 9
block 50 9
block 0 10
block 1 10
block 41 10
block 42 10
block 43 10
block 44 10
block 46 10
block 47 10
block 48 10
block 49 10
block 50 10
block 0 11
block 1 11
block 46 11
block 47 11
block 48 11
block 49 11
block 50 11
block 0 12
block 1 12
block 12 12
block 13 12
block 14 12
block 15 12
block 46 12
block 47 12
block 48 12
block 49 12
block 50 12
block 12 13
block 13 13
block 14 13
block 15 13
block 12 14
block 13 14
block 14 14
block 15 14
block 12 15
block 13 15
block 14 15
block 15 15
block 12 16
block 13 16
block 14 16
block 15 16
block 20 16
block 21 16
block 22 16
block 23 16
block 24 16
block 12 17
block 13 17
block 14 17
block 15 17
block 20 17
block 21 17
block 22 17
block 23 17
block 24 17
block 12 18
block 13 18
block 14 18
block 15 18
block 20 18
block 21 18
block 22 18
block 23 18
block 24 18
block 20 19
block 21 19
block 22 19
block 23 19
block 24 19
block 30 19
block 31 19
block 32 19
block 33 19
block 34 19
##BotsAndCoinsInfo
bot_name 0 theBest
bot 0 38 0
bot_coins 0 0
coin 26 3
coin 24 15
round 1
bot 0 37 0
round 2
bot 0 36 0
round 3
bot 0 35 0
round 4
bot 0 36 1
round 5
bot 0 35 1
coin 0 4
coin 50 15
round 6
bot 0 36 0
round 7
bot 0 35 0
round 8
bot 0 36 1
round 9
bot 0 35 1
round 10
bot 0 36 0
coin 9 5
coin 41 14
round 11
bot 0 35 0
round 12
bot 0 36 1
round 13
bot 0 35 1
round 14
bot 0 36 0
round 15
bot 0 35 0
coin 17 18
coin 35 1
round 16
bot 0 35 1
coin_collected 35 1 0
bot_coins 0 1
round 17
bot 0 36 0
round 18
bot 0 35 0
round 19
bot 0 36 19
round 20
bot 0 35 19
coin 1 13
coin 49 6
round 21
bot 0 36 18
round 22
bot 0 35 18
round 23
bot 0 34 18
round 24
bot 0 33 18
round 25
bot 0 34 17
coin 14 1
coin 36 18
round 26
bot 0 35 18
coin_collected 36 18 0
bot_coins 0 2
round 27
bot 0 34 18
round 28
bot 0 33 18
round 29
bot 0 32 18
round 30
bot 0 33 17
coin 42 12
coin 8 7
round 31
bot 0 32 17
round 32
bot 0 31 17
round 33
bot 0 30 17
round 34
bot 0 31 16
round 35
bot 0 30 16
coin 8 12
coin 40 7
round 36
bot 0 29 16
round 37
bot 0 28 15
round 38
bot 0 27 15
round 39
bot 0 26 15
coin_collected 24 15 0
bot_coins 0 3
round 40
bot 0 25 15
coin 3 10
coin 45 9
round 41
bot 0 26 14
round 42
bot 0 25 14
round 43
bot 0 24 14
round 44
bot 0 23 14
round 45
bot 0 24 13
coin 40 9
coin 10 10
round 46
bot 0 23 13
round 47
bot 0 22 13
round 48
bot 0 21 13
round 49
bot 0 22 12
round 50
bot 0 21 12
coin 35 4
coin 16 15
round 51
bot 0 20 13
round 52
bot 0 19 14
round 53
bot 0 18 15
coin_collected 16 15 0
bot_coins 0 4
round 54
bot 0 17 16
coin_collected 17 18 0
bot_coins 0 5
round 55
bot 0 16 15
coin 23 13
coin 27 6
round 56
bot 0 17 14
round 57
bot 0 16 14
round 58
bot 0 17 13
round 59
bot 0 18 13
round 60
bot 0 19 13
coin 2 1
coin 48 18
round 61
bot 0 20 13
round 62
bot 0 21 13
coin_collected 23 13 0
bot_coins 0 6
round 63
bot 0 20 13
round 64
bot 0 19 13
round 65
bot 0 18 13
coin 7 18
coin 43 1
round 66
bot 0 19 12
round 67
bot 0 18 12
round 68
bot 0 17 12
round 69
bot 0 16 12
round 70
bot 0 17 11
coin 19 6
coin 31 13
round 71
bot 0 18 10
round 72
bot 0 19 9
round 73
bot 0 19 8
coin_collected 19 6 0
bot_coins 0 7
round 74
bot 0 18 8
round 75
bot 0 17 8
coin 28 16
coin 22 3
round 76
bot 0 16 8
round 77
bot 0 17 7
round 78
bot 0 16 7
round 79
bot 0 15 7
round 80
bot 0 14 8
coin 38 5
coin 11 14
round 81
bot 0 13 9
round 82
bot 0 12 10
coin_collected 10 10 0
bot_coins 0 8
round 83
bot 0 11 11
round 84
bot 0 11 12
coin_collected 11 14 0
bot_coins 0 9
round 85
bot 0 10 12
coin_collected 8 12 0
bot_coins 0 10
coin 40 8
coin 10 11
round 86
bot 0 10 11
coin_collected 10 11 0
bot_coins 0 11
round 87
bot 0 9 10
round 88
bot 0 8 9
coin_collected 8 7 0
bot_coins 0 12
round 89
bot 0 9 8
round 90
bot 0 9 7
coin_collected 9 5 0
bot_coins 0 13
coin 42 13
coin 8 6
round 91
bot 0 8 6
coin_collected 8 6 0
bot_coins 0 14
round 92
bot 0 7 6
round 93
bot 0 6 7
round 94
bot 0 5 8
round 95
bot 0 4 9
coin_collected 3 10 0
bot_coins 0 15
coin 1 4
coin 49 15
round 96
bot 0 3 10
round 97
bot 0 2 11
round 98
bot 0 3 10
round 99
bot 0 2 11
round 100
bot 0 3 10
coin 23 5
coin 27 14
round 101
bot 0 2 11
round 102
bot 0 3 10
round 103
bot 0 2 11
round 104
bot 0 3 10
round 105
bot 0 2 11
coin 29 17
coin 21 2
round 106
bot 0 3 10
round 107
bot 0 2 11
round 108
bot 0 3 10
round 109
bot 0 2 11
round 110
bot 0 3 10
coin 16 14
coin 34 5
round 111
bot 0 2 11
round 112
bot 0 3 10
round 113
bot 0 2 11
round 114
bot 0 3 10
round 115
bot 0 2 11
coin 28 15
coin 22 4
round 116
bot 0 3 10
round 117
bot 0 2 11
round 118
bot 0 3 10
round 119
bot 0 2 11
round 120
bot 0 3 10
coin 12 3
coin 38 16
round 121
bot 0 2 11
round 122
bot 0 3 10
round 123
bot 0 2 11
round 124
bot 0 3 10
round 125
bot 0 2 11
coin 22 1
coin 28 18
round 126
bot 0 3 10
round 127
bot 0 2 11
round 128
bot 0 3 10
round 129
bot 0 2 11
round 130
bot 0 3 10
coin 5 16
coin 45 3
round 131
bot 0 2 11
round 132
bot 0 3 10
round 133
bot 0 2 11
round 134
bot 0 3 10
round 135
bot 0 2 11
coin 23 10
coin 27 9
round 136
bot 0 3 10
round 137
bot 0 2 11
round 138
bot 0 3 10
round 139
bot 0 2 11
round 140
bot 0 3 10
coin 35 19
coin 15 0
round 141
bot 0 2 11
round 142
bot 0 3 10
round 143
bot 0 2 11
round 144
bot 0 3 10
round 145
bot 0 2 11
coin 42 3
coin 8 16
round 146
bot 0 3 10
round 147
bot 0 2 11
round 148
bot 0 3 10
round 149
bot 0 2 11
round 150
bot 0 3 10
coin 46 19
coin 4 0
round 151
bot 0 2 11
round 152
bot 0 3 10
round 153
bot 0 2 11
round 154
bot 0 3 10
round 155
bot 0 2 11
coin 20 1
coin 30 18
round 156
bot 0 3 10
round 157
bot 0 2 11
round 158
bot 0 3 10
round 159
bot 0 2 11
round 160
bot 0 3 10
coin 38 14
coin 12 5
round 161
bot 0 2 11
round 162
bot 0 3 10
round 163
bot 0 2 11
round 164
bot 0 3 10
round 165
bot 0 2 11
coin 19 19
coin 31 18
round 166
bot 0 3 10
round 167
bot 0 2 11
round 168
bot 0 3 10
round 169
bot 0 2 11
round 170
bot 0 3 10
coin 0 19
coin 50 0
round 171
bot 0 2 11
round 172
bot 0 3 10
round 173
bot 0 2 11
round 174
bot 0 3 10
round 175
bot 0 2 11
coin 49 1
coin 1 18
round 176
bot 0 3 10
round 177
bot 0 2 11
round 178
bot 0 3 10
round 179
bot 0 2 11
round 180
bot 0 3 10
coin 13 9
coin 37 10
round 181
bot 0 2 11
round 182
bot 0 3 10
round 183
bot 0 2 11
round 184
bot 0 3 10
round 185
bot 0 2 11
coin 22 13
coin 28 6
round 186
bot 0 3 10
round 187
bot 0 2 11
round 188
bot 0 3 10
round 189
bot 0 2 11
round 190
bot 0 3 10
coin 47 0
coin 3 19
round 191
bot 0 2 11
round 192
bot 0 3 10
round 193
bot 0 2 11
round 194
bot 0 3 10
round 195
bot 0 2 11
coin 38 13
coin 12 6
round 196
bot 0 3 10
round 197
bot 0 2 11
round 198
bot 0 3 10
round 199
bot 0 2 11
round 200
bot 0 3 10
coin 24 14
coin 26 5
match_over 0
