match
match_id 1639561484408_al
match_time 1639561484417
num_bots 1
##MatchConfig
mode FRIENDLY
num_rounds 200
random_seed 42
move_time_limit 1000
coin_spawn_period 5
coin_spawn_volume 2
##MapConfig
map_size 52 35
view_radius 6
mining_radius 2
attack_radius 3
block 8 0
block 9 0
block 10 0
block 42 0
block 43 0
block 44 0
block 7 1
block 8 1
block 9 1
block 10 1
block 42 1
block 43 1
block 44 1
block 7 2
block 8 2
block 9 2
block 10 2
block 42 2
block 43 2
block 44 2
block 7 3
block 8 3
block 9 3
block 7 4
block 8 4
block 9 4
block 7 5
block 8 5
block 9 5
block 15 9
block 16 9
block 17 9
block 18 9
block 19 9
block 20 9
block 15 10
block 16 10
block 17 10
block 18 10
block 19 10
block 20 10
block 11 11
block 12 11
block 13 11
block 14 11
block 15 11
block 16 11
block 17 11
block 18 11
block 19 11
block 20 11
block 11 12
block 12 12
block 13 12
block 14 12
block 15 12
block 11 13
block 12 13
block 13 13
block 14 13
block 15 13
block 20 17
block 21 17
block 22 17
block 23 17
block 24 17
block 20 18
block 21 18
block 22 18
block 23 18
block 24 18
block 24 20
block 25 20
block 26 20
block 41 20
block 42 20
block 43 20
block 44 20
block 45 20
block 24 21
block 25 21
block 26 21
block 41 21
block 42 21
block 43 21
block 44 21
block 45 21
block 24 22
block 25 22
block 26 22
block 24 23
block 25 23
block 26 23
block 8 31
block 9 31
block 10 31
block 42 31
block 43 31
block 44 31
block 8 32
block 9 32
block 10 32
block 42 32
block 43 32
block 44 32
block 8 33
block 9 33
block 10 33
block 42 33
block 43 33
block 44 33
block 8 34
block 9 34
block 10 34
block 42 34
block 43 34
block 44 34
##BotsAndCoinsInfo
bot_name 0 theBest
bot 0 37 21
bot_coins 0 0
coin 26 33
coin 25 1
round 1
bot 0 38 21
round 2
bot 0 39 21
round 3
bot 0 40 21
round 4
round 5
coin 48 24
coin 3 10
round 6
round 7
round 8
round 9
round 10
coin 26 25
coin 25 9
round 11
round 12
round 13
round 14
round 15
coin 13 3
coin 38 31
round 16
round 17
round 18
round 19
round 20
coin 3 3
coin 48 31
round 21
round 22
round 23
round 24
round 25
coin 26 32
coin 25 2
round 26
round 27
round 28
round 29
round 30
coin 8 7
coin 43 27
round 31
round 32
round 33
round 34
round 35
coin 19 17
coin 32 17
round 36
round 37
round 38
round 39
round 40
coin 48 5
coin 3 29
round 41
round 42
round 43
round 44
round 45
coin 11 9
coin 40 25
round 46
bot 0 40 22
round 47
bot 0 40 23
coin_collected 40 25 0
bot_coins 0 1
round 48
bot 0 41 24
round 49
bot 0 42 25
round 50
bot 0 43 26
coin_collected 43 27 0
bot_coins 0 2
coin 40 8
coin 11 26
round 51
bot 0 44 25
round 52
bot 0 45 24
round 53
bot 0 46 24
coin_collected 48 24 0
bot_coins 0 3
round 54
bot 0 45 24
round 55
bot 0 46 24
coin 27 23
coin 24 11
round 56
bot 0 45 24
round 57
bot 0 46 24
round 58
bot 0 45 24
round 59
bot 0 46 24
round 60
bot 0 45 24
coin 51 16
coin 0 18
round 61
bot 0 46 24
round 62
bot 0 45 24
round 63
bot 0 46 24
round 64
bot 0 45 24
round 65
bot 0 46 24
coin 38 3
coin 13 31
round 66
bot 0 45 24
round 67
bot 0 46 24
round 68
bot 0 45 24
round 69
bot 0 46 24
round 70
bot 0 45 24
coin 19 26
coin 32 8
round 71
bot 0 46 24
round 72
bot 0 45 24
round 73
bot 0 46 24
round 74
bot 0 45 24
round 75
bot 0 46 24
coin 38 6
coin 13 28
round 76
bot 0 45 24
round 77
bot 0 46 24
round 78
bot 0 45 24
round 79
bot 0 46 24
round 80
bot 0 45 24
coin 18 12
coin 33 22
round 81
bot 0 46 24
round 82
bot 0 45 24
round 83
bot 0 46 24
round 84
bot 0 45 24
round 85
bot 0 46 24
coin 33 32
coin 18 2
round 86
bot 0 45 24
round 87
bot 0 46 24
round 88
bot 0 45 24
round 89
bot 0 46 24
round 90
bot 0 45 24
coin 32 33
coin 19 1
round 91
bot 0 46 24
round 92
bot 0 45 24
round 93
bot 0 46 24
round 94
bot 0 45 24
round 95
bot 0 46 24
coin 41 34
coin 11 0
round 96
bot 0 45 24
round 97
bot 0 46 24
round 98
bot 0 45 24
round 99
bot 0 46 24
round 100
bot 0 45 24
coin 31 5
coin 20 29
round 101
bot 0 46 24
round 102
bot 0 45 24
round 103
bot 0 46 24
round 104
bot 0 45 24
round 105
bot 0 46 24
coin 47 7
coin 4 27
round 106
bot 0 45 24
round 107
bot 0 46 24
round 108
bot 0 45 24
round 109
bot 0 46 24
round 110
bot 0 45 24
coin 15 14
coin 36 20
round 111
bot 0 46 24
round 112
bot 0 45 24
round 113
bot 0 46 24
round 114
bot 0 45 24
round 115
bot 0 46 24
coin 3 30
coin 48 4
round 116
bot 0 45 24
round 117
bot 0 46 24
round 118
bot 0 45 24
round 119
bot 0 46 24
round 120
bot 0 45 24
coin 1 3
coin 50 31
round 121
bot 0 46 24
round 122
bot 0 45 24
round 123
bot 0 46 24
round 124
bot 0 45 24
round 125
bot 0 46 24
coin 7 0
coin 45 34
round 126
bot 0 45 24
round 127
bot 0 46 24
round 128
bot 0 45 24
round 129
bot 0 46 24
round 130
bot 0 45 24
coin 41 1
coin 11 33
round 131
bot 0 46 24
round 132
bot 0 45 24
round 133
bot 0 46 24
round 134
bot 0 45 24
round 135
bot 0 46 24
coin 40 0
coin 11 34
round 136
bot 0 45 24
round 137
bot 0 46 24
round 138
bot 0 45 24
round 139
bot 0 46 24
round 140
bot 0 45 24
coin 25 14
coin 27 20
round 141
bot 0 46 24
round 142
bot 0 45 24
round 143
bot 0 46 24
round 144
bot 0 45 24
round 145
bot 0 46 24
coin 49 3
coin 2 31
round 146
bot 0 45 24
round 147
bot 0 46 24
round 148
bot 0 45 24
round 149
bot 0 46 24
round 150
bot 0 45 24
coin 45 19
coin 6 15
round 151
bot 0 45 23
round 152
bot 0 45 22
round 153
bot 0 46 21
round 154
bot 0 46 20
coin_collected 45 19 0
bot_coins 0 4
round 155
coin 32 16
coin 19 18
round 156
round 157
round 158
round 159
round 160
coin 50 9
coin 1 25
round 161
round 162
round 163
round 164
round 165
coin 46 4
coin 5 30
round 166
round 167
round 168
round 169
round 170
coin 35 19
coin 16 15
round 171
round 172
round 173
round 174
round 175
coin 6 1
coin 45 33
round 176
round 177
round 178
round 179
round 180
coin 13 14
coin 38 20
round 181
round 182
round 183
round 184
round 185
coin 13 33
coin 38 1
round 186
round 187
round 188
round 189
round 190
coin 41 0
coin 12 34
round 191
round 192
round 193
round 194
round 195
coin 29 28
coin 22 6
round 196
round 197
round 198
round 199
round 200
coin 40 29
coin 11 5
match_over 0
