match
match_id 1639570395098_ab
match_time 1639570395118
num_bots 1
##MatchConfig
mode FRIENDLY
num_rounds 200
random_seed 42
move_time_limit 1000
coin_spawn_period 5
coin_spawn_volume 2
##MapConfig
map_size 79 35
view_radius 6
mining_radius 2
attack_radius 3
block 51 0
block 52 0
block 67 0
block 68 0
block 69 0
block 70 0
block 71 0
block 72 0
block 73 0
block 51 1
block 52 1
block 67 1
block 68 1
block 69 1
block 70 1
block 71 1
block 72 1
block 73 1
block 19 2
block 20 2
block 21 2
block 22 2
block 67 2
block 68 2
block 69 2
block 70 2
block 71 2
block 72 2
block 73 2
block 17 3
block 18 3
block 19 3
block 20 3
block 21 3
block 22 3
block 67 3
block 68 3
block 69 3
block 70 3
block 71 3
block 72 3
block 73 3
block 17 4
block 18 4
block 19 4
block 20 4
block 21 4
block 22 4
block 28 4
block 29 4
block 30 4
block 31 4
block 1 5
block 2 5
block 3 5
block 4 5
block 5 5
block 6 5
block 17 5
block 18 5
block 19 5
block 20 5
block 21 5
block 22 5
block 28 5
block 29 5
block 30 5
block 31 5
block 72 5
block 73 5
block 74 5
block 75 5
block 1 6
block 2 6
block 3 6
block 4 6
block 5 6
block 6 6
block 17 6
block 18 6
block 19 6
block 20 6
block 21 6
block 22 6
block 28 6
block 29 6
block 30 6
block 31 6
block 72 6
block 73 6
block 74 6
block 75 6
block 1 7
block 2 7
block 3 7
block 4 7
block 5 7
block 6 7
block 17 7
block 18 7
block 19 7
block 20 7
block 21 7
block 22 7
block 28 7
block 29 7
block 30 7
block 31 7
block 1 8
block 2 8
block 3 8
block 4 8
block 5 8
block 6 8
block 17 8
block 18 8
block 19 8
block 20 8
block 21 8
block 22 8
block 1 9
block 2 9
block 3 9
block 4 9
block 5 9
block 6 9
block 17 9
block 18 9
block 19 9
block 29 9
block 30 9
block 31 9
block 32 9
block 33 9
block 34 9
block 65 9
block 66 9
block 67 9
block 1 10
block 2 10
block 3 10
block 4 10
block 5 10
block 6 10
block 29 10
block 30 10
block 31 10
block 32 10
block 33 10
block 34 10
block 65 10
block 66 10
block 67 10
block 1 11
block 2 11
block 3 11
block 4 11
block 5 11
block 6 11
block 29 11
block 30 11
block 31 11
block 32 11
block 33 11
block 34 11
block 65 11
block 66 11
block 67 11
block 29 12
block 30 12
block 31 12
block 32 12
block 33 12
block 34 12
block 65 12
block 66 12
block 67 12
block 29 13
block 30 13
block 31 13
block 32 13
block 33 13
block 34 13
block 42 13
block 43 13
block 44 13
block 45 13
block 46 13
block 47 13
block 48 13
block 49 13
block 65 13
block 66 13
block 67 13
block 18 14
block 19 14
block 20 14
block 21 14
block 28 14
block 29 14
block 30 14
block 31 14
block 32 14
block 33 14
block 34 14
block 40 14
block 41 14
block 42 14
block 43 14
block 44 14
block 45 14
block 46 14
block 47 14
block 48 14
block 49 14
block 65 14
block 66 14
block 67 14
block 18 15
block 19 15
block 20 15
block 21 15
block 28 15
block 29 15
block 30 15
block 31 15
block 32 15
block 33 15
block 34 15
block 40 15
block 41 15
block 42 15
block 43 15
block 44 15
block 45 15
block 46 15
block 47 15
block 48 15
block 49 15
block 28 16
block 29 16
block 30 16
block 31 16
block 32 16
block 33 16
block 34 16
block 40 16
block 41 16
block 42 16
block 43 16
block 44 16
block 45 16
block 46 16
block 47 16
block 48 16
block 49 16
block 47 18
block 48 18
block 49 18
block 50 18
block 51 18
block 47 19
block 48 19
block 49 19
block 50 19
block 51 19
block 60 19
block 61 19
block 62 19
block 63 19
block 64 19
block 65 19
block 66 19
block 32 20
block 33 20
block 47 20
block 48 20
block 49 20
block 50 20
block 51 20
block 60 20
block 61 20
block 62 20
block 63 20
block 64 20
block 65 20
block 66 20
block 32 21
block 33 21
block 47 21
block 48 21
block 49 21
block 50 21
block 51 21
block 63 21
block 64 21
block 65 21
block 32 22
block 33 22
block 47 22
block 48 22
block 49 22
block 50 22
block 51 22
block 63 22
block 64 22
block 65 22
block 28 23
block 29 23
block 30 23
block 31 23
block 32 23
block 33 23
block 47 23
block 48 23
block 49 23
block 50 23
block 51 23
block 28 24
block 29 24
block 30 24
block 31 24
block 32 24
block 33 24
block 47 24
block 48 24
block 49 24
block 50 24
block 51 24
block 28 25
block 29 25
block 30 25
block 31 25
block 32 25
block 33 25
block 28 26
block 29 26
block 30 26
block 31 26
block 32 26
block 33 26
block 75 26
block 76 26
block 77 26
block 78 26
block 28 27
block 29 27
block 30 27
block 31 27
block 32 27
block 33 27
block 64 27
block 65 27
block 66 27
block 67 27
block 68 27
block 69 27
block 70 27
block 75 27
block 76 27
block 77 27
block 78 27
block 28 28
block 29 28
block 30 28
block 31 28
block 32 28
block 33 28
block 64 28
block 65 28
block 66 28
block 67 28
block 68 28
block 69 28
block 70 28
block 75 28
block 76 28
block 77 28
block 78 28
block 39 29
block 40 29
block 41 29
block 43 29
block 44 29
block 64 29
block 65 29
block 66 29
block 67 29
block 68 29
block 69 29
block 70 29
block 75 29
block 76 29
block 77 29
block 78 29
block 39 30
block 40 30
block 41 30
block 43 30
block 44 30
block 51 30
block 52 30
block 64 30
block 65 30
block 66 30
block 67 30
block 68 30
block 69 30
block 70 30
block 19 31
block 20 31
block 21 31
block 22 31
block 23 31
block 24 31
block 25 31
block 39 31
block 40 31
block 41 31
block 43 31
block 44 31
block 51 31
block 52 31
block 64 31
block 65 31
block 66 31
block 67 31
block 68 31
block 69 31
block 70 31
block 19 32
block 20 32
block 21 32
block 22 32
block 23 32
block 24 32
block 25 32
block 39 32
block 40 32
block 41 32
block 43 32
block 44 32
block 51 32
block 52 32
block 64 32
block 65 32
block 66 32
block 67 32
block 68 32
block 69 32
block 70 32
block 19 33
block 20 33
block 21 33
block 22 33
block 23 33
block 24 33
block 25 33
block 43 33
block 44 33
block 51 33
block 52 33
block 64 33
block 65 33
block 66 33
block 67 33
block 68 33
block 69 33
block 70 33
block 19 34
block 20 34
block 21 34
block 22 34
block 23 34
block 24 34
block 25 34
block 43 34
block 44 34
block 51 34
block 52 34
block 64 34
block 65 34
block 66 34
block 67 34
block 68 34
block 69 34
block 70 34
block 71 34
block 72 34
block 73 34
##BotsAndCoinsInfo
bot_name 0 NocTQx
bot 0 1 27
bot_coins 0 0
coin 18 33
coin 60 1
round 1
bot 0 2 27
round 2
bot 0 3 27
round 3
bot 0 4 27
round 4
bot 0 5 26
round 5
bot 0 6 26
coin 22 24
coin 56 10
round 6
bot 0 7 26
round 7
bot 0 8 26
round 8
bot 0 9 25
round 9
bot 0 10 25
round 10
bot 0 11 25
coin 74 25
coin 7 9
round 11
bot 0 12 25
round 12
bot 0 13 24
round 13
bot 0 14 24
round 14
bot 0 15 24
round 15
bot 0 16 24
coin 62 3
coin 16 31
round 16
bot 0 17 24
round 17
bot 0 18 24
round 18
bot 0 19 24
round 19
bot 0 20 24
coin_collected 22 24 0
bot_coins 0 1
round 20
bot 0 21 23
coin 1 3
coin 77 31
round 21
bot 0 22 23
round 22
bot 0 23 23
round 23
bot 0 24 23
round 24
bot 0 25 22
round 25
bot 0 26 22
coin 15 32
coin 63 2
round 26
bot 0 27 22
round 27
bot 0 28 22
round 28
bot 0 29 21
round 29
bot 0 30 21
round 30
bot 0 31 21
coin 26 7
coin 52 27
round 31
bot 0 31 22
round 32
bot 0 31 21
round 33
bot 0 31 20
round 34
bot 0 31 19
round 35
bot 0 32 19
coin 68 17
coin 10 17
round 36
bot 0 33 18
round 37
bot 0 34 18
round 38
bot 0 35 18
round 39
bot 0 36 18
round 40
bot 0 37 17
coin 27 5
coin 51 29
round 41
bot 0 38 17
round 42
bot 0 39 17
round 43
bot 0 40 17
round 44
bot 0 41 18
round 45
bot 0 42 18
coin 64 9
coin 14 25
round 46
bot 0 43 18
round 47
bot 0 44 18
round 48
bot 0 45 17
round 49
bot 0 46 17
round 50
bot 0 47 17
coin 37 8
coin 41 26
round 51
bot 0 48 17
round 52
bot 0 49 17
round 53
bot 0 50 17
round 54
bot 0 51 17
round 55
bot 0 52 17
coin 27 23
coin 51 11
round 56
bot 0 53 16
round 57
bot 0 52 15
round 58
bot 0 51 14
round 59
bot 0 51 13
coin_collected 51 11 0
bot_coins 0 2
round 60
bot 0 52 12
coin 35 16
coin 43 18
round 61
bot 0 53 11
round 62
bot 0 54 10
coin_collected 56 10 0
bot_coins 0 3
round 63
bot 0 55 10
round 64
bot 0 56 10
round 65
bot 0 57 10
coin 47 3
coin 31 31
round 66
bot 0 58 9
round 67
bot 0 59 9
round 68
bot 0 60 9
round 69
bot 0 61 9
round 70
bot 0 62 9
coin_collected 64 9 0
bot_coins 0 4
coin 6 26
coin 72 8
round 71
bot 0 62 8
round 72
bot 0 62 7
round 73
bot 0 62 6
round 74
bot 0 62 5
coin_collected 62 3 0
bot_coins 0 5
round 75
bot 0 63 4
coin_collected 63 2 0
bot_coins 0 6
coin 24 6
coin 54 28
round 76
bot 0 62 3
round 77
bot 0 61 2
coin_collected 60 1 0
bot_coins 0 7
round 78
bot 0 62 2
round 79
bot 0 63 2
round 80
bot 0 64 2
coin 52 10
coin 26 24
round 81
bot 0 65 1
round 82
bot 0 66 1
round 83
bot 0 66 2
round 84
bot 0 66 3
round 85
bot 0 67 4
coin 6 32
coin 72 4
round 86
bot 0 68 4
round 87
bot 0 69 4
round 88
bot 0 70 4
coin_collected 72 4 0
bot_coins 0 8
round 89
bot 0 71 5
round 90
bot 0 71 6
coin 30 33
coin 48 1
round 91
bot 0 72 7
coin_collected 72 8 0
bot_coins 0 9
round 92
bot 0 73 7
round 93
bot 0 74 7
round 94
bot 0 75 7
round 95
bot 0 76 6
coin 71 33
coin 7 1
round 96
bot 0 77 5
round 97
bot 0 76 4
round 98
bot 0 75 3
round 99
bot 0 74 3
round 100
bot 0 73 4
coin 47 5
coin 31 29
round 101
bot 0 74 4
round 102
bot 0 75 4
round 103
bot 0 74 3
round 104
bot 0 73 4
round 105
bot 0 74 4
coin 45 7
coin 34 27
round 106
bot 0 75 3
round 107
bot 0 74 3
round 108
bot 0 73 4
round 109
bot 0 74 4
round 110
bot 0 75 4
coin 27 14
coin 52 20
round 111
bot 0 74 3
round 112
bot 0 73 4
round 113
bot 0 74 4
round 114
bot 0 75 3
round 115
bot 0 74 3
coin 58 30
coin 18 2
round 116
bot 0 73 4
round 117
bot 0 74 4
round 118
bot 0 75 4
round 119
bot 0 74 3
round 120
bot 0 73 4
coin 49 3
coin 29 31
round 121
bot 0 74 4
round 122
bot 0 75 3
round 123
bot 0 74 3
round 124
bot 0 73 4
round 125
bot 0 74 4
coin 11 0
coin 66 0
round 126
bot 0 75 4
round 127
bot 0 74 3
round 128
bot 0 73 4
round 129
bot 0 74 4
round 130
bot 0 75 3
coin 8 1
coin 71 32
round 131
bot 0 74 3
round 132
bot 0 73 4
round 133
bot 0 74 4
round 134
bot 0 75 4
round 135
bot 0 74 3
coin 21 0
coin 57 34
round 136
bot 0 73 4
round 137
bot 0 74 4
round 138
bot 0 75 3
round 139
bot 0 74 3
round 140
bot 0 73 4
coin 53 14
coin 25 20
round 141
bot 0 74 4
round 142
bot 0 75 4
round 143
bot 0 74 3
round 144
bot 0 73 4
round 145
bot 0 74 4
coin 63 3
coin 15 31
round 146
bot 0 75 3
round 147
bot 0 74 3
round 148
bot 0 73 4
round 149
bot 0 74 4
round 150
bot 0 75 4
coin 75 19
coin 3 15
round 151
bot 0 74 3
round 152
bot 0 73 4
round 153
bot 0 74 4
round 154
bot 0 75 3
round 155
bot 0 74 3
coin 68 16
coin 10 18
round 156
bot 0 73 4
round 157
bot 0 74 4
round 158
bot 0 75 4
round 159
bot 0 74 3
round 160
bot 0 73 4
coin 22 9
coin 56 25
round 161
bot 0 74 4
round 162
bot 0 75 3
round 163
bot 0 74 3
round 164
bot 0 73 4
round 165
bot 0 74 4
coin 24 4
coin 54 30
round 166
bot 0 75 4
round 167
bot 0 74 3
round 168
bot 0 73 4
round 169
bot 0 74 4
round 170
bot 0 75 3
coin 58 19
coin 20 16
round 171
bot 0 74 3
round 172
bot 0 73 4
round 173
bot 0 74 4
round 174
bot 0 75 4
round 175
bot 0 74 3
coin 24 1
coin 54 33
round 176
bot 0 73 4
round 177
bot 0 74 4
round 178
bot 0 75 3
round 179
bot 0 74 3
round 180
bot 0 73 4
coin 62 14
coin 16 20
round 181
bot 0 74 4
round 182
bot 0 75 4
round 183
bot 0 74 3
round 184
bot 0 73 4
round 185
bot 0 74 4
coin 72 33
coin 6 1
round 186
bot 0 75 3
round 187
bot 0 74 3
round 188
bot 0 73 4
round 189
bot 0 74 4
round 190
bot 0 75 4
coin 73 33
coin 5 1
round 191
bot 0 74 3
round 192
bot 0 73 4
round 193
bot 0 74 4
round 194
bot 0 75 4
round 195
bot 0 74 3
coin 34 28
coin 44 6
round 196
bot 0 73 4
round 197
bot 0 74 4
round 198
bot 0 75 3
round 199
bot 0 74 3
round 200
bot 0 73 4
coin 37 29
coin 41 5
match_over 0
