match
match_id 1639512279353_aq
match_time 1639512279356
num_bots 1
##MatchConfig
mode FRIENDLY
num_rounds 200
random_seed 42
move_time_limit 1000
coin_spawn_period 5
coin_spawn_volume 2
##MapConfig
map_size 53 37
view_radius 6
mining_radius 1
attack_radius 4
block 31 0
block 32 0
block 33 0
block 34 0
block 35 0
block 36 0
block 31 1
block 32 1
block 33 1
block 34 1
block 35 1
block 36 1
block 31 2
block 32 2
block 33 2
block 34 2
block 35 2
block 36 2
block 29 8
block 30 8
block 31 8
block 32 8
block 33 8
block 29 9
block 30 9
block 31 9
block 32 9
block 33 9
block 40 9
block 41 9
block 42 9
block 43 9
block 44 9
block 45 9
block 29 10
block 30 10
block 31 10
block 32 10
block 33 10
block 40 10
block 41 10
block 42 10
block 43 10
block 44 10
block 45 10
block 29 11
block 30 11
block 31 11
block 32 11
block 33 11
block 40 11
block 41 11
block 42 11
block 43 11
block 44 11
block 45 11
block 29 12
block 30 12
block 31 12
block 32 12
block 33 12
block 40 12
block 41 12
block 42 12
block 43 12
block 44 12
block 45 12
block 29 13
block 30 13
block 31 13
block 32 13
block 33 13
block 28 17
block 29 17
block 30 17
block 31 17
block 32 17
block 33 17
block 28 18
block 29 18
block 30 18
block 31 18
block 32 18
block 33 18
block 31 19
block 32 19
block 33 19
block 13 20
block 14 20
block 15 20
block 16 20
block 21 20
block 22 20
block 23 20
block 24 20
block 25 20
block 26 20
block 27 20
block 31 20
block 32 20
block 33 20
block 13 21
block 14 21
block 15 21
block 16 21
block 21 21
block 22 21
block 23 21
block 24 21
block 25 21
block 26 21
block 27 21
block 31 21
block 32 21
block 33 21
block 13 22
block 14 22
block 15 22
block 16 22
block 21 22
block 22 22
block 23 22
block 24 22
block 25 22
block 26 22
block 27 22
block 31 22
block 32 22
block 33 22
block 13 23
block 14 23
block 15 23
block 16 23
block 21 23
block 22 23
block 23 23
block 24 23
block 25 23
block 26 23
block 27 23
block 13 24
block 14 24
block 15 24
block 16 24
block 18 24
block 19 24
block 20 24
block 21 24
block 22 24
block 23 24
block 24 24
block 25 24
block 26 24
block 27 24
block 2 25
block 3 25
block 4 25
block 5 25
block 6 25
block 7 25
block 8 25
block 18 25
block 19 25
block 20 25
block 21 25
block 22 25
block 48 25
block 49 25
block 50 25
block 51 25
block 52 25
block 2 26
block 3 26
block 4 26
block 5 26
block 6 26
block 7 26
block 8 26
block 18 26
block 19 26
block 20 26
block 21 26
block 22 26
block 48 26
block 49 26
block 50 26
block 51 26
block 52 26
block 2 27
block 3 27
block 4 27
block 5 27
block 6 27
block 7 27
block 8 27
block 18 27
block 19 27
block 20 27
block 21 27
block 22 27
block 2 28
block 3 28
block 4 28
block 5 28
block 6 28
block 7 28
block 8 28
block 17 28
block 18 28
block 19 28
block 20 28
block 21 28
block 22 28
block 2 29
block 3 29
block 4 29
block 5 29
block 6 29
block 7 29
block 8 29
block 17 29
block 18 29
block 19 29
block 20 29
block 21 29
block 22 29
block 2 30
block 3 30
block 4 30
block 5 30
block 6 30
block 7 30
block 8 30
block 17 30
block 18 30
block 19 30
block 20 30
block 21 30
block 22 30
block 2 31
block 3 31
block 4 31
block 5 31
block 6 31
block 7 31
block 8 31
block 31 34
block 32 34
block 33 34
block 34 34
block 35 34
block 36 34
block 31 35
block 32 35
block 33 35
block 34 35
block 35 35
block 36 35
block 31 36
block 32 36
block 33 36
block 34 36
block 35 36
block 36 36
##BotsAndCoinsInfo
bot_name 0 theBest
bot 0 49 11
bot_coins 0 0
coin 34 14
coin 18 22
round 1
bot 0 49 12
round 2
bot 0 50 12
round 3
bot 0 49 11
round 4
round 5
bot 0 50 12
coin 5 10
coin 47 26
round 6
bot 0 50 11
round 7
bot 0 51 12
round 8
bot 0 52 11
round 9
bot 0 0 11
round 10
coin 19 8
coin 33 28
round 11
round 12
round 13
round 14
round 15
coin 45 14
coin 7 22
round 16
round 17
round 18
round 19
round 20
coin 14 0
coin 38 36
round 21
round 22
round 23
round 24
round 25
coin 3 21
coin 49 15
round 26
round 27
round 28
round 29
round 30
coin 20 18
coin 34 18
round 31
round 32
round 33
round 34
round 35
coin 34 9
coin 17 27
round 36
round 37
round 38
round 39
round 40
coin 33 14
coin 19 22
round 41
round 42
round 43
round 44
round 45
coin 40 1
coin 12 35
round 46
round 47
round 48
round 49
round 50
coin 39 36
coin 13 0
round 51
round 52
round 53
round 54
round 55
coin 23 25
coin 28 11
round 56
round 57
round 58
round 59
round 60
coin 42 16
coin 10 20
round 61
round 62
round 63
round 64
round 65
coin 37 0
coin 15 36
round 66
round 67
round 68
round 69
round 70
coin 27 16
coin 25 19
round 71
round 72
round 73
round 74
round 75
coin 24 31
coin 28 5
round 76
round 77
round 78
round 79
round 80
coin 43 26
coin 9 10
round 81
round 82
round 83
round 84
round 85
coin 28 23
coin 24 13
round 86
round 87
round 88
round 89
round 90
coin 46 31
coin 6 5
round 91
round 92
round 93
round 94
round 95
coin 30 16
coin 22 19
round 96
round 97
round 98
round 99
round 100
coin 32 24
coin 20 12
round 101
round 102
round 103
round 104
round 105
coin 27 26
coin 25 10
round 106
round 107
round 108
round 109
round 110
coin 6 22
coin 46 14
round 111
round 112
round 113
round 114
round 115
coin 0 2
coin 52 34
round 116
round 117
round 118
round 119
round 120
coin 44 20
coin 8 16
round 121
round 122
round 123
round 124
round 125
coin 46 22
coin 6 14
round 126
round 127
round 128
round 129
round 130
coin 49 27
coin 3 9
round 131
round 132
round 133
round 134
round 135
coin 19 36
coin 30 0
round 136
round 137
round 138
round 139
round 140
coin 47 29
coin 5 7
round 141
round 142
round 143
round 144
round 145
coin 32 33
coin 20 3
round 146
round 147
round 148
round 149
round 150
coin 39 12
coin 12 24
round 151
round 152
round 153
round 154
round 155
coin 52 18
coin 0 18
round 156
round 157
round 158
round 159
round 160
coin 2 22
coin 50 14
round 161
round 162
round 163
round 164
round 165
coin 7 10
coin 45 26
round 166
round 167
round 168
round 169
round 170
coin 15 19
coin 37 17
round 171
round 172
round 173
round 174
round 175
coin 28 21
coin 24 15
round 176
round 177
round 178
round 179
round 180
coin 29 19
coin 23 17
round 181
round 182
round 183
round 184
round 185
coin 0 31
coin 52 5
round 186
round 187
round 188
round 189
round 190
coin 49 20
coin 3 16
round 191
round 192
round 193
round 194
round 195
coin 16 27
coin 36 9
round 196
round 197
round 198
round 199
round 200
coin 52 31
coin 0 5
match_over 0
