match
match_id 1639506037782_ar
match_time 1639506037789
num_bots 1
##MatchConfig
mode FRIENDLY
num_rounds 200
random_seed 42
move_time_limit 1000
coin_spawn_period 5
coin_spawn_volume 2
##MapConfig
map_size 70 21
view_radius 6
mining_radius 1
attack_radius 4
block 0 0
block 28 0
block 29 0
block 30 0
block 31 0
block 32 0
block 33 0
block 53 0
block 54 0
block 55 0
block 56 0
block 57 0
block 61 0
block 62 0
block 66 0
block 67 0
block 68 0
block 69 0
block 0 1
block 1 1
block 2 1
block 3 1
block 4 1
block 5 1
block 6 1
block 28 1
block 29 1
block 30 1
block 31 1
block 32 1
block 33 1
block 53 1
block 54 1
block 55 1
block 56 1
block 57 1
block 66 1
block 67 1
block 68 1
block 69 1
block 0 2
block 1 2
block 2 2
block 3 2
block 4 2
block 5 2
block 6 2
block 17 2
block 18 2
block 29 2
block 30 2
block 31 2
block 32 2
block 53 2
block 54 2
block 55 2
block 56 2
block 57 2
block 66 2
block 67 2
block 68 2
block 69 2
block 0 3
block 2 3
block 3 3
block 4 3
block 17 3
block 18 3
block 29 3
block 30 3
block 31 3
block 32 3
block 53 3
block 54 3
block 55 3
block 56 3
block 57 3
block 66 3
block 67 3
block 68 3
block 69 3
block 0 4
block 2 4
block 3 4
block 4 4
block 14 4
block 15 4
block 16 4
block 17 4
block 18 4
block 19 4
block 53 4
block 54 4
block 55 4
block 56 4
block 57 4
block 66 4
block 67 4
block 68 4
block 69 4
block 2 5
block 3 5
block 4 5
block 14 5
block 15 5
block 16 5
block 17 5
block 18 5
block 19 5
block 14 6
block 15 6
block 16 6
block 17 6
block 18 6
block 19 6
block 28 6
block 29 6
block 17 7
block 18 7
block 28 7
block 29 7
block 28 8
block 29 8
block 63 8
block 64 8
block 65 8
block 66 8
block 67 8
block 63 9
block 64 9
block 65 9
block 66 9
block 67 9
block 63 10
block 64 10
block 65 10
block 66 10
block 67 10
block 63 11
block 64 11
block 65 11
block 66 11
block 67 11
block 31 12
block 32 12
block 33 12
block 34 12
block 35 12
block 36 12
block 63 12
block 64 12
block 65 12
block 66 12
block 67 12
block 31 13
block 32 13
block 33 13
block 34 13
block 35 13
block 36 13
block 63 13
block 64 13
block 65 13
block 66 13
block 67 13
block 13 14
block 14 14
block 15 14
block 16 14
block 17 14
block 18 14
block 31 14
block 32 14
block 33 14
block 34 14
block 35 14
block 36 14
block 13 15
block 14 15
block 15 15
block 16 15
block 17 15
block 18 15
block 31 15
block 32 15
block 33 15
block 34 15
block 35 15
block 36 15
block 28 16
block 29 16
block 30 16
block 31 16
block 32 16
block 33 16
block 34 16
block 35 16
block 36 16
block 28 17
block 29 17
block 30 17
block 31 17
block 32 17
block 33 17
block 34 17
block 35 17
block 36 17
block 61 17
block 62 17
block 28 18
block 29 18
block 30 18
block 31 18
block 32 18
block 33 18
block 61 18
block 62 18
block 0 19
block 28 19
block 29 19
block 30 19
block 31 19
block 32 19
block 33 19
block 54 19
block 55 19
block 61 19
block 62 19
block 66 19
block 67 19
block 68 19
block 69 19
block 0 20
block 28 20
block 29 20
block 30 20
block 31 20
block 32 20
block 33 20
block 54 20
block 55 20
block 61 20
block 62 20
block 66 20
block 67 20
block 68 20
block 69 20
##BotsAndCoinsInfo
bot_name 0 theBest
bot 0 60 16
bot_coins 0 0
coin 50 12
coin 19 8
round 1
round 2
round 3
match_over 0
round 4
