match
match_id 1639522081925_ag
match_time 1639522081929
num_bots 1
##MatchConfig
mode FRIENDLY
num_rounds 200
random_seed 42
move_time_limit 1000
coin_spawn_period 5
coin_spawn_volume 2
##MapConfig
map_size 64 29
view_radius 5
mining_radius 1
attack_radius 4
block 0 0
block 1 0
block 2 0
block 3 0
block 9 0
block 10 0
block 11 0
block 12 0
block 13 0
block 14 0
block 15 0
block 0 1
block 1 1
block 2 1
block 3 1
block 9 1
block 10 1
block 11 1
block 12 1
block 13 1
block 14 1
block 15 1
block 37 1
block 38 1
block 0 2
block 1 2
block 2 2
block 3 2
block 9 2
block 10 2
block 11 2
block 12 2
block 13 2
block 14 2
block 15 2
block 37 2
block 38 2
block 37 3
block 38 3
block 52 3
block 53 3
block 54 3
block 2 4
block 3 4
block 4 4
block 5 4
block 6 4
block 7 4
block 37 4
block 38 4
block 52 4
block 53 4
block 54 4
block 2 5
block 3 5
block 4 5
block 5 5
block 6 5
block 7 5
block 18 5
block 19 5
block 20 5
block 21 5
block 22 5
block 37 5
block 38 5
block 52 5
block 53 5
block 54 5
block 55 5
block 2 6
block 3 6
block 4 6
block 5 6
block 6 6
block 7 6
block 18 6
block 19 6
block 20 6
block 21 6
block 22 6
block 52 6
block 53 6
block 54 6
block 55 6
block 2 7
block 3 7
block 4 7
block 5 7
block 6 7
block 7 7
block 52 7
block 53 7
block 54 7
block 55 7
block 2 8
block 3 8
block 4 8
block 5 8
block 6 8
block 7 8
block 20 8
block 21 8
block 22 8
block 23 8
block 48 8
block 49 8
block 50 8
block 51 8
block 52 8
block 53 8
block 54 8
block 55 8
block 2 9
block 3 9
block 4 9
block 5 9
block 6 9
block 7 9
block 20 9
block 21 9
block 22 9
block 23 9
block 48 9
block 49 9
block 50 9
block 51 9
block 52 9
block 53 9
block 54 9
block 55 9
block 2 10
block 3 10
block 4 10
block 5 10
block 6 10
block 7 10
block 48 10
block 49 10
block 50 10
block 51 10
block 52 10
block 53 10
block 54 10
block 55 10
block 48 11
block 49 11
block 50 11
block 51 11
block 52 11
block 53 11
block 54 11
block 55 11
block 25 12
block 26 12
block 27 12
block 28 12
block 29 12
block 30 12
block 48 12
block 49 12
block 50 12
block 51 12
block 52 12
block 53 12
block 54 12
block 55 12
block 56 12
block 25 13
block 26 13
block 27 13
block 28 13
block 29 13
block 30 13
block 48 13
block 49 13
block 50 13
block 51 13
block 52 13
block 53 13
block 54 13
block 55 13
block 56 13
block 57 13
block 0 14
block 1 14
block 2 14
block 3 14
block 4 14
block 25 14
block 26 14
block 27 14
block 28 14
block 29 14
block 30 14
block 52 14
block 53 14
block 54 14
block 55 14
block 56 14
block 57 14
block 62 14
block 63 14
block 0 15
block 1 15
block 2 15
block 3 15
block 4 15
block 14 15
block 15 15
block 16 15
block 17 15
block 18 15
block 19 15
block 20 15
block 52 15
block 53 15
block 55 15
block 56 15
block 57 15
block 62 15
block 63 15
block 0 16
block 1 16
block 2 16
block 3 16
block 4 16
block 14 16
block 15 16
block 16 16
block 17 16
block 18 16
block 19 16
block 20 16
block 59 16
block 60 16
block 62 16
block 63 16
block 0 17
block 1 17
block 2 17
block 3 17
block 4 17
block 14 17
block 15 17
block 16 17
block 17 17
block 18 17
block 19 17
block 20 17
block 53 17
block 54 17
block 59 17
block 60 17
block 62 17
block 63 17
block 0 18
block 1 18
block 2 18
block 3 18
block 4 18
block 14 18
block 15 18
block 16 18
block 17 18
block 18 18
block 19 18
block 20 18
block 25 18
block 26 18
block 27 18
block 28 18
block 29 18
block 30 18
block 31 18
block 53 18
block 54 18
block 62 18
block 63 18
block 0 19
block 1 19
block 2 19
block 3 19
block 4 19
block 25 19
block 26 19
block 27 19
block 28 19
block 29 19
block 30 19
block 31 19
block 53 19
block 54 19
block 62 19
block 63 19
block 0 20
block 1 20
block 2 20
block 3 20
block 4 20
block 25 20
block 26 20
block 27 20
block 28 20
block 29 20
block 30 20
block 31 20
block 53 20
block 54 20
block 62 20
block 63 20
block 25 21
block 26 21
block 27 21
block 28 21
block 29 21
block 30 21
block 31 21
block 52 21
block 53 21
block 54 21
block 55 21
block 56 21
block 57 21
block 58 21
block 25 22
block 26 22
block 27 22
block 28 22
block 29 22
block 30 22
block 31 22
block 52 22
block 53 22
block 54 22
block 55 22
block 56 22
block 57 22
block 58 22
block 25 23
block 26 23
block 27 23
block 28 23
block 29 23
block 30 23
block 31 23
block 48 23
block 49 23
block 50 23
block 51 23
block 53 23
block 54 23
block 25 24
block 26 24
block 27 24
block 28 24
block 29 24
block 30 24
block 31 24
block 48 24
block 49 24
block 50 24
block 51 24
block 48 25
block 49 25
block 50 25
block 51 25
block 9 26
block 10 26
block 11 26
block 12 26
block 13 26
block 14 26
block 15 26
block 28 26
block 29 26
block 30 26
block 31 26
block 32 26
block 33 26
block 34 26
block 48 26
block 49 26
block 50 26
block 51 26
block 9 27
block 10 27
block 11 27
block 12 27
block 13 27
block 14 27
block 15 27
block 28 27
block 29 27
block 30 27
block 31 27
block 32 27
block 33 27
block 34 27
block 9 28
block 10 28
block 11 28
block 12 28
block 13 28
block 14 28
block 15 28
##BotsAndCoinsInfo
bot_name 0 theBest
bot 0 38 15
bot_coins 0 0
coin 46 9
coin 17 19
round 1
bot 0 39 16
round 2
bot 0 40 17
round 3
bot 0 41 18
round 4
bot 0 42 19
round 5
bot 0 43 20
coin 43 15
coin 20 13
round 6
bot 0 44 21
round 7
bot 0 45 22
round 8
bot 0 46 23
round 9
bot 0 47 24
round 10
bot 0 47 25
coin 19 23
coin 44 5
round 11
bot 0 47 26
round 12
bot 0 48 27
round 13
bot 0 49 28
round 14
round 15
coin 17 8
coin 46 20
round 16
match_over 0
round 17
