match
match_id 1639511829915_ak
match_time 1639511829925
num_bots 1
##MatchConfig
mode FRIENDLY
num_rounds 200
random_seed 42
move_time_limit 1000
coin_spawn_period 5
coin_spawn_volume 2
##MapConfig
map_size 52 35
view_radius 5
mining_radius 1
attack_radius 4
block 35 0
block 36 0
block 35 1
block 36 1
block 8 2
block 9 2
block 23 2
block 24 2
block 25 2
block 26 2
block 27 2
block 35 2
block 36 2
block 38 2
block 39 2
block 40 2
block 41 2
block 42 2
block 43 2
block 44 2
block 8 3
block 9 3
block 21 3
block 22 3
block 23 3
block 24 3
block 25 3
block 26 3
block 27 3
block 35 3
block 36 3
block 38 3
block 39 3
block 40 3
block 41 3
block 42 3
block 43 3
block 44 3
block 8 4
block 9 4
block 21 4
block 22 4
block 23 4
block 24 4
block 25 4
block 26 4
block 27 4
block 35 4
block 36 4
block 38 4
block 39 4
block 40 4
block 41 4
block 42 4
block 43 4
block 44 4
block 45 4
block 8 5
block 9 5
block 13 5
block 14 5
block 15 5
block 16 5
block 17 5
block 18 5
block 19 5
block 38 5
block 39 5
block 40 5
block 41 5
block 42 5
block 43 5
block 44 5
block 45 5
block 8 6
block 9 6
block 13 6
block 14 6
block 15 6
block 16 6
block 17 6
block 18 6
block 19 6
block 37 6
block 38 6
block 39 6
block 40 6
block 41 6
block 42 6
block 43 6
block 44 6
block 45 6
block 8 7
block 9 7
block 10 7
block 11 7
block 12 7
block 13 7
block 14 7
block 15 7
block 16 7
block 37 7
block 38 7
block 39 7
block 40 7
block 41 7
block 42 7
block 43 7
block 44 7
block 45 7
block 10 8
block 11 8
block 12 8
block 13 8
block 14 8
block 15 8
block 16 8
block 37 8
block 38 8
block 39 8
block 40 8
block 41 8
block 42 8
block 43 8
block 44 8
block 45 8
block 48 8
block 49 8
block 50 8
block 51 8
block 10 9
block 11 9
block 12 9
block 13 9
block 14 9
block 15 9
block 16 9
block 37 9
block 38 9
block 39 9
block 40 9
block 41 9
block 42 9
block 43 9
block 48 9
block 49 9
block 50 9
block 51 9
block 10 10
block 11 10
block 12 10
block 13 10
block 14 10
block 15 10
block 16 10
block 37 10
block 38 10
block 39 10
block 40 10
block 41 10
block 42 10
block 43 10
block 48 10
block 49 10
block 50 10
block 51 10
block 10 11
block 11 11
block 12 11
block 13 11
block 14 11
block 15 11
block 16 11
block 37 11
block 38 11
block 39 11
block 40 11
block 41 11
block 42 11
block 48 11
block 49 11
block 50 11
block 51 11
block 37 12
block 38 12
block 39 12
block 40 12
block 41 12
block 42 12
block 48 12
block 49 12
block 50 12
block 51 12
block 16 13
block 17 13
block 18 13
block 48 13
block 49 13
block 50 13
block 51 13
block 16 14
block 17 14
block 18 14
block 42 14
block 43 14
block 48 14
block 49 14
block 50 14
block 51 14
block 10 15
block 11 15
block 12 15
block 13 15
block 14 15
block 16 15
block 17 15
block 18 15
block 42 15
block 43 15
block 6 16
block 7 16
block 8 16
block 9 16
block 10 16
block 11 16
block 12 16
block 13 16
block 14 16
block 16 16
block 17 16
block 18 16
block 42 16
block 43 16
block 6 17
block 7 17
block 8 17
block 9 17
block 10 17
block 11 17
block 12 17
block 13 17
block 14 17
block 16 17
block 17 17
block 18 17
block 6 18
block 7 18
block 8 18
block 9 18
block 10 18
block 11 18
block 12 18
block 13 18
block 14 18
block 6 19
block 7 19
block 8 19
block 9 19
block 10 19
block 11 19
block 12 19
block 13 19
block 14 19
block 6 20
block 7 20
block 8 20
block 9 20
block 10 20
block 6 21
block 7 21
block 8 21
block 9 21
block 10 21
block 36 22
block 37 22
block 38 22
block 35 23
block 36 23
block 37 23
block 38 23
block 39 23
block 40 23
block 35 24
block 36 24
block 37 24
block 38 24
block 39 24
block 40 24
block 35 25
block 36 25
block 37 25
block 38 25
block 39 25
block 40 25
block 42 25
block 43 25
block 44 25
block 45 25
block 5 26
block 6 26
block 7 26
block 8 26
block 9 26
block 10 26
block 11 26
block 22 26
block 23 26
block 24 26
block 25 26
block 35 26
block 36 26
block 37 26
block 38 26
block 39 26
block 40 26
block 42 26
block 43 26
block 44 26
block 45 26
block 4 27
block 5 27
block 6 27
block 7 27
block 8 27
block 9 27
block 10 27
block 11 27
block 22 27
block 23 27
block 24 27
block 25 27
block 37 27
block 38 27
block 39 27
block 42 27
block 43 27
block 44 27
block 45 27
block 4 28
block 5 28
block 6 28
block 7 28
block 8 28
block 9 28
block 10 28
block 11 28
block 21 28
block 22 28
block 23 28
block 24 28
block 25 28
block 37 28
block 38 28
block 39 28
block 42 28
block 43 28
block 44 28
block 45 28
block 4 29
block 5 29
block 6 29
block 7 29
block 8 29
block 9 29
block 10 29
block 11 29
block 21 29
block 22 29
block 23 29
block 24 29
block 37 29
block 38 29
block 39 29
block 42 29
block 43 29
block 44 29
block 45 29
block 4 30
block 5 30
block 6 30
block 7 30
block 8 30
block 9 30
block 10 30
block 11 30
block 42 30
block 43 30
block 44 30
block 45 30
block 4 31
block 5 31
block 6 31
block 7 31
block 8 31
block 9 31
block 10 31
block 11 31
block 42 31
block 43 31
block 44 31
block 45 31
block 47 31
block 48 31
block 49 31
block 50 31
block 5 32
block 6 32
block 7 32
block 8 32
block 9 32
block 10 32
block 11 32
block 47 32
block 48 32
block 49 32
block 50 32
block 35 33
block 36 33
block 35 34
block 36 34
##BotsAndCoinsInfo
bot_name 0 theBest
bot 0 27 31
bot_coins 0 0
coin 26 33
coin 25 1
round 1
round 2
round 3
round 4
round 5
coin 48 24
coin 3 10
round 6
round 7
round 8
round 9
round 10
coin 26 25
coin 25 9
round 11
round 12
round 13
round 14
round 15
coin 13 3
coin 38 31
round 16
round 17
round 18
round 19
round 20
coin 3 3
coin 48 30
round 21
round 22
round 23
round 24
round 25
coin 26 32
coin 24 1
round 26
round 27
round 28
round 29
round 30
coin 7 7
coin 46 27
round 31
round 32
round 33
round 34
round 35
coin 20 17
coin 31 17
round 36
round 37
round 38
round 39
round 40
coin 48 5
coin 3 29
round 41
round 42
round 43
round 44
round 45
coin 9 9
coin 42 24
round 46
round 47
round 48
round 49
round 50
coin 36 8
coin 15 26
round 51
round 52
round 53
round 54
round 55
coin 26 23
coin 25 11
round 56
round 57
round 58
round 59
round 60
coin 51 16
coin 0 18
round 61
round 62
round 63
round 64
round 65
coin 37 3
coin 14 31
round 66
round 67
round 68
round 69
round 70
coin 19 26
coin 32 8
round 71
round 72
round 73
round 74
round 75
coin 37 5
coin 14 29
round 76
round 77
round 78
round 79
round 80
coin 18 10
coin 33 24
round 81
round 82
round 83
round 84
round 85
coin 33 32
coin 18 2
round 86
round 87
round 88
round 89
round 90
coin 32 33
coin 19 1
round 91
round 92
round 93
round 94
round 95
coin 41 34
coin 10 0
round 96
round 97
round 98
round 99
round 100
coin 31 5
coin 20 29
round 101
round 102
round 103
round 104
round 105
coin 47 7
coin 4 26
round 106
round 107
round 108
round 109
round 110
coin 15 14
coin 36 20
round 111
round 112
round 113
round 114
round 115
coin 3 30
coin 48 4
round 116
round 117
round 118
round 119
round 120
coin 1 3
coin 51 31
round 121
round 122
round 123
round 124
round 125
coin 9 0
coin 42 34
round 126
round 127
round 128
round 129
round 130
coin 42 1
coin 9 33
round 131
round 132
round 133
round 134
round 135
coin 40 0
coin 11 34
round 136
round 137
round 138
round 139
round 140
coin 25 14
coin 26 20
round 141
round 142
round 143
round 144
round 145
coin 49 3
coin 2 31
round 146
round 147
round 148
round 149
round 150
coin 45 19
coin 6 15
round 151
round 152
round 153
round 154
round 155
coin 32 16
coin 19 18
round 156
round 157
round 158
round 159
round 160
coin 0 9
coin 51 25
round 161
round 162
round 163
round 164
round 165
coin 46 4
coin 4 32
round 166
round 167
round 168
round 169
round 170
coin 35 19
coin 15 15
round 171
round 172
round 173
round 174
round 175
coin 6 1
coin 45 33
round 176
round 177
round 178
round 179
round 180
coin 13 14
coin 38 20
round 181
round 182
round 183
round 184
round 185
coin 13 33
coin 38 1
round 186
round 187
round 188
round 189
round 190
coin 42 0
coin 9 34
round 191
round 192
round 193
round 194
round 195
coin 29 28
coin 22 6
round 196
round 197
round 198
round 199
round 200
coin 40 29
coin 11 5
match_over 0
