match
match_id 1639504719937_aj
match_time 1639504719942
num_bots 1
##MatchConfig
mode FRIENDLY
num_rounds 200
random_seed 42
move_time_limit 1000
coin_spawn_period 5
coin_spawn_volume 2
##MapConfig
map_size 49 22
view_radius 5
mining_radius 1
attack_radius 4
block 16 0
block 17 0
block 18 0
block 19 0
block 20 0
block 21 0
block 16 1
block 17 1
block 18 1
block 19 1
block 20 1
block 21 1
block 22 1
block 23 1
block 24 1
block 27 1
block 28 1
block 29 1
block 30 1
block 3 2
block 4 2
block 5 2
block 6 2
block 7 2
block 8 2
block 9 2
block 16 2
block 17 2
block 18 2
block 19 2
block 20 2
block 21 2
block 22 2
block 23 2
block 24 2
block 27 2
block 28 2
block 29 2
block 30 2
block 3 3
block 4 3
block 5 3
block 6 3
block 7 3
block 8 3
block 9 3
block 18 3
block 19 3
block 20 3
block 21 3
block 22 3
block 23 3
block 24 3
block 27 3
block 28 3
block 29 3
block 30 3
block 3 4
block 4 4
block 5 4
block 6 4
block 7 4
block 8 4
block 9 4
block 18 4
block 19 4
block 20 4
block 21 4
block 22 4
block 23 4
block 24 4
block 25 4
block 26 4
block 27 4
block 28 4
block 29 4
block 30 4
block 3 5
block 4 5
block 5 5
block 6 5
block 7 5
block 8 5
block 9 5
block 11 5
block 12 5
block 24 5
block 25 5
block 26 5
block 27 5
block 28 5
block 29 5
block 30 5
block 36 5
block 37 5
block 3 6
block 4 6
block 5 6
block 6 6
block 7 6
block 8 6
block 9 6
block 11 6
block 12 6
block 24 6
block 25 6
block 26 6
block 27 6
block 28 6
block 29 6
block 30 6
block 36 6
block 37 6
block 5 7
block 6 7
block 11 7
block 12 7
block 24 7
block 25 7
block 28 7
block 29 7
block 30 7
block 31 7
block 32 7
block 33 7
block 36 7
block 37 7
block 2 8
block 3 8
block 4 8
block 5 8
block 6 8
block 7 8
block 8 8
block 11 8
block 12 8
block 24 8
block 25 8
block 28 8
block 29 8
block 30 8
block 31 8
block 32 8
block 33 8
block 36 8
block 37 8
block 47 8
block 48 8
block 2 9
block 3 9
block 4 9
block 5 9
block 6 9
block 7 9
block 8 9
block 11 9
block 12 9
block 24 9
block 25 9
block 36 9
block 37 9
block 47 9
block 48 9
block 2 10
block 3 10
block 4 10
block 5 10
block 6 10
block 7 10
block 8 10
block 11 10
block 12 10
block 47 10
block 48 10
block 5 11
block 6 11
block 11 11
block 12 11
block 13 11
block 14 11
block 15 11
block 16 11
block 17 11
block 18 11
block 42 11
block 43 11
block 44 11
block 45 11
block 46 11
block 47 11
block 48 11
block 13 12
block 14 12
block 15 12
block 16 12
block 17 12
block 18 12
block 42 12
block 43 12
block 44 12
block 45 12
block 46 12
block 47 12
block 48 12
block 13 13
block 14 13
block 15 13
block 16 13
block 17 13
block 18 13
block 20 13
block 21 13
block 22 13
block 40 13
block 41 13
block 42 13
block 43 13
block 44 13
block 45 13
block 46 13
block 47 13
block 48 13
block 2 14
block 3 14
block 8 14
block 9 14
block 10 14
block 11 14
block 12 14
block 13 14
block 14 14
block 15 14
block 16 14
block 17 14
block 18 14
block 20 14
block 21 14
block 22 14
block 23 14
block 24 14
block 25 14
block 37 14
block 38 14
block 40 14
block 41 14
block 42 14
block 43 14
block 44 14
block 45 14
block 46 14
block 47 14
block 48 14
block 2 15
block 3 15
block 8 15
block 9 15
block 10 15
block 11 15
block 12 15
block 13 15
block 14 15
block 15 15
block 16 15
block 17 15
block 18 15
block 20 15
block 21 15
block 22 15
block 23 15
block 24 15
block 25 15
block 37 15
block 38 15
block 40 15
block 41 15
block 42 15
block 43 15
block 44 15
block 45 15
block 46 15
block 47 15
block 48 15
block 2 16
block 3 16
block 8 16
block 9 16
block 10 16
block 11 16
block 12 16
block 13 16
block 14 16
block 15 16
block 16 16
block 17 16
block 18 16
block 20 16
block 21 16
block 22 16
block 23 16
block 24 16
block 25 16
block 37 16
block 38 16
block 40 16
block 41 16
block 42 16
block 43 16
block 44 16
block 45 16
block 46 16
block 47 16
block 48 16
block 2 17
block 3 17
block 8 17
block 9 17
block 10 17
block 11 17
block 12 17
block 13 17
block 20 17
block 21 17
block 22 17
block 37 17
block 38 17
block 40 17
block 41 17
block 42 17
block 43 17
block 37 18
block 38 18
block 40 18
block 41 18
block 42 18
block 43 18
block 37 19
block 38 19
block 40 19
block 41 19
block 42 19
block 43 19
block 16 20
block 17 20
block 18 20
block 19 20
block 20 20
block 27 20
block 28 20
block 29 20
block 30 20
block 31 20
block 32 20
block 33 20
block 37 20
block 38 20
block 16 21
block 17 21
block 18 21
block 19 21
block 20 21
block 27 21
block 28 21
block 29 21
block 30 21
block 31 21
block 32 21
block 33 21
##BotsAndCoinsInfo
bot_name 0 theBest
bot 0 1 9
bot_coins 0 0
coin 29 15
coin 19 6
round 1
round 2
round 3
match_over 0
round 4
