match
match_id 1639560505952_ae
match_time 1639560505958
num_bots 1
##MatchConfig
mode FRIENDLY
num_rounds 200
random_seed 42
move_time_limit 1000
coin_spawn_period 5
coin_spawn_volume 2
##MapConfig
map_size 77 33
view_radius 6
mining_radius 1
attack_radius 4
block 47 1
block 48 1
block 49 1
block 47 2
block 48 2
block 49 2
block 29 3
block 30 3
block 31 3
block 32 3
block 33 3
block 34 3
block 35 3
block 47 3
block 48 3
block 49 3
block 29 4
block 30 4
block 31 4
block 32 4
block 33 4
block 34 4
block 35 4
block 47 4
block 48 4
block 49 4
block 32 5
block 33 5
block 34 5
block 47 5
block 48 5
block 49 5
block 32 6
block 33 6
block 34 6
block 47 6
block 48 6
block 49 6
block 32 7
block 33 7
block 34 7
block 32 8
block 33 8
block 34 8
block 43 8
block 44 8
block 32 9
block 33 9
block 34 9
block 43 9
block 44 9
block 22 10
block 23 10
block 32 10
block 33 10
block 34 10
block 35 10
block 54 10
block 55 10
block 22 11
block 23 11
block 32 11
block 33 11
block 34 11
block 35 11
block 52 11
block 53 11
block 54 11
block 55 11
block 56 11
block 22 12
block 23 12
block 32 12
block 33 12
block 34 12
block 35 12
block 52 12
block 53 12
block 54 12
block 55 12
block 56 12
block 22 13
block 23 13
block 32 13
block 33 13
block 34 13
block 35 13
block 52 13
block 53 13
block 54 13
block 55 13
block 56 13
block 22 14
block 23 14
block 32 14
block 33 14
block 34 14
block 35 14
block 52 14
block 53 14
block 54 14
block 55 14
block 56 14
block 29 15
block 30 15
block 48 15
block 49 15
block 50 15
block 51 15
block 52 15
block 53 15
block 54 15
block 55 15
block 56 15
block 65 15
block 66 15
block 67 15
block 68 15
block 29 16
block 30 16
block 48 16
block 49 16
block 50 16
block 51 16
block 65 16
block 66 16
block 67 16
block 68 16
block 29 17
block 30 17
block 48 17
block 49 17
block 50 17
block 51 17
block 65 17
block 66 17
block 67 17
block 68 17
block 15 18
block 16 18
block 29 18
block 30 18
block 65 18
block 66 18
block 67 18
block 68 18
block 15 19
block 16 19
block 29 19
block 30 19
block 31 19
block 32 19
block 33 19
block 34 19
block 65 19
block 66 19
block 67 19
block 68 19
block 15 20
block 16 20
block 29 20
block 30 20
block 31 20
block 32 20
block 33 20
block 34 20
block 29 21
block 30 21
block 31 21
block 32 21
block 33 21
block 34 21
block 43 21
block 44 21
block 45 21
block 46 21
block 47 21
block 48 21
block 8 22
block 9 22
block 10 22
block 11 22
block 12 22
block 29 22
block 30 22
block 31 22
block 32 22
block 33 22
block 34 22
block 43 22
block 44 22
block 45 22
block 46 22
block 47 22
block 48 22
block 8 23
block 9 23
block 10 23
block 11 23
block 12 23
block 29 23
block 30 23
block 31 23
block 32 23
block 33 23
block 34 23
block 43 23
block 44 23
block 45 23
block 46 23
block 47 23
block 48 23
block 8 24
block 9 24
block 10 24
block 11 24
block 12 24
block 29 24
block 30 24
block 31 24
block 32 24
block 33 24
block 34 24
block 8 25
block 9 25
block 10 25
block 11 25
block 12 25
block 29 25
block 30 25
block 31 25
block 32 25
block 33 25
block 34 25
block 0 26
block 1 26
block 2 26
block 3 26
block 4 26
block 0 27
block 1 27
block 2 27
block 3 27
block 4 27
block 56 27
block 57 27
block 58 27
block 59 27
block 60 27
block 0 28
block 1 28
block 2 28
block 3 28
block 4 28
block 56 28
block 57 28
block 58 28
block 59 28
block 60 28
block 0 29
block 1 29
block 2 29
block 3 29
block 4 29
block 56 29
block 57 29
block 58 29
block 59 29
block 60 29
block 0 30
block 1 30
block 2 30
block 3 30
block 4 30
block 0 31
block 1 31
block 2 31
block 3 31
block 4 31
##BotsAndCoinsInfo
bot_name 0 theBest
bot 0 9 26
bot_coins 0 0
coin 29 14
coin 47 18
round 1
round 2
round 3
round 4
round 5
coin 41 5
coin 35 27
round 6
round 7
round 8
round 9
round 10
coin 47 19
coin 29 13
round 11
round 12
round 13
round 14
round 15
coin 1 2
coin 75 30
round 16
round 17
round 18
round 19
round 20
coin 76 17
coin 0 15
round 21
round 22
round 23
round 24
round 25
coin 66 29
coin 10 3
round 26
round 27
round 28
round 29
round 30
coin 35 0
coin 41 32
round 31
round 32
round 33
round 34
round 35
coin 57 11
coin 19 21
round 36
round 37
round 38
round 39
round 40
coin 70 9
coin 6 23
round 41
bot 0 8 26
round 42
bot 0 7 25
round 43
bot 0 6 24
coin_collected 6 23 0
bot_coins 0 1
round 44
bot 0 6 23
round 45
bot 0 6 22
coin 0 20
coin 76 12
round 46
bot 0 6 21
round 47
bot 0 6 20
round 48
bot 0 5 20
round 49
bot 0 4 20
round 50
bot 0 3 20
coin 54 4
coin 22 28
round 51
bot 0 2 20
round 52
bot 0 1 20
coin_collected 0 20 0
bot_coins 0 2
round 53
bot 0 2 19
round 54
bot 0 3 18
round 55
bot 0 4 17
coin 36 9
coin 40 23
round 56
bot 0 3 16
round 57
bot 0 2 15
round 58
bot 0 1 15
coin_collected 0 15 0
bot_coins 0 3
round 59
bot 0 2 16
round 60
bot 0 3 17
coin 56 30
coin 20 2
round 61
bot 0 4 17
round 62
bot 0 5 17
round 63
bot 0 6 17
round 64
bot 0 6 16
round 65
coin 21 28
coin 55 4
round 66
round 67
round 68
round 69
round 70
coin 4 18
coin 72 14
round 71
bot 0 5 17
round 72
bot 0 4 18
coin_collected 4 18 0
bot_coins 0 4
round 73
bot 0 5 17
round 74
bot 0 6 17
round 75
bot 0 6 16
coin 33 15
coin 43 17
round 76
round 77
round 78
round 79
round 80
coin 23 2
coin 53 30
round 81
round 82
round 83
round 84
round 85
coin 10 14
coin 64 18
round 86
bot 0 7 15
round 87
bot 0 8 14
round 88
bot 0 9 14
coin_collected 10 14 0
bot_coins 0 5
round 89
bot 0 9 15
round 90
bot 0 9 16
coin 54 22
coin 22 9
round 91
round 92
round 93
round 94
round 95
coin 21 15
coin 55 17
round 96
round 97
round 98
round 99
round 100
coin 13 25
coin 63 7
round 101
round 102
round 103
round 104
round 105
coin 57 13
coin 19 19
round 106
round 107
round 108
round 109
round 110
coin 10 6
coin 66 26
round 111
round 112
round 113
round 114
round 115
coin 35 5
coin 41 27
round 116
round 117
round 118
round 119
round 120
coin 62 22
coin 14 10
round 121
round 122
round 123
round 124
round 125
coin 26 2
coin 50 30
round 126
round 127
round 128
round 129
round 130
coin 30 5
coin 46 27
round 131
round 132
round 133
round 134
round 135
coin 2 13
coin 74 19
round 136
round 137
round 138
round 139
round 140
coin 76 28
coin 0 4
round 141
round 142
round 143
round 144
round 145
coin 71 15
coin 5 17
round 146
bot 0 8 17
round 147
bot 0 7 17
round 148
bot 0 6 17
coin_collected 5 17 0
bot_coins 0 6
round 149
bot 0 5 16
round 150
bot 0 4 15
coin 57 14
coin 19 18
round 151
bot 0 3 14
round 152
bot 0 2 13
coin_collected 2 13 0
bot_coins 0 7
round 153
bot 0 3 12
round 154
bot 0 4 12
round 155
bot 0 5 12
coin 4 19
coin 72 13
round 156
bot 0 6 12
round 157
bot 0 6 13
round 158
bot 0 6 14
round 159
bot 0 5 15
round 160
bot 0 4 16
coin 15 26
coin 61 6
round 161
bot 0 4 17
round 162
bot 0 4 18
coin_collected 4 19 0
bot_coins 0 8
round 163
bot 0 5 17
round 164
bot 0 6 17
round 165
bot 0 6 16
coin 27 25
coin 49 7
round 166
round 167
round 168
round 169
round 170
coin 34 15
coin 42 17
round 171
round 172
round 173
round 174
round 175
coin 38 2
coin 38 30
round 176
round 177
round 178
round 179
round 180
coin 46 4
coin 30 28
round 181
round 182
round 183
round 184
round 185
coin 1 5
coin 75 27
round 186
round 187
round 188
round 189
round 190
coin 40 19
coin 36 13
round 191
round 192
round 193
round 194
round 195
coin 10 21
coin 66 11
round 196
round 197
round 198
round 199
round 200
coin 65 25
coin 11 7
match_over 0
