match
match_id 1639522073093_ae
match_time 1639522073097
num_bots 1
##MatchConfig
mode FRIENDLY
num_rounds 200
random_seed 42
move_time_limit 1000
coin_spawn_period 5
coin_spawn_volume 2
##MapConfig
map_size 68 21
view_radius 6
mining_radius 1
attack_radius 4
block 39 0
block 40 0
block 41 0
block 42 0
block 43 0
block 44 0
block 45 0
block 46 0
block 47 0
block 39 1
block 40 1
block 41 1
block 42 1
block 43 1
block 44 1
block 45 1
block 46 1
block 47 1
block 53 1
block 54 1
block 55 1
block 56 1
block 57 1
block 44 2
block 45 2
block 46 2
block 47 2
block 48 2
block 49 2
block 53 2
block 54 2
block 55 2
block 56 2
block 57 2
block 44 3
block 45 3
block 46 3
block 47 3
block 48 3
block 49 3
block 53 3
block 54 3
block 55 3
block 56 3
block 57 3
block 44 4
block 45 4
block 46 4
block 47 4
block 48 4
block 49 4
block 53 4
block 54 4
block 55 4
block 56 4
block 57 4
block 61 4
block 62 4
block 63 4
block 64 4
block 65 4
block 66 4
block 5 5
block 6 5
block 7 5
block 8 5
block 9 5
block 10 5
block 44 5
block 45 5
block 46 5
block 47 5
block 48 5
block 49 5
block 53 5
block 54 5
block 55 5
block 56 5
block 57 5
block 61 5
block 62 5
block 63 5
block 64 5
block 65 5
block 66 5
block 5 6
block 6 6
block 7 6
block 8 6
block 9 6
block 10 6
block 61 6
block 62 6
block 63 6
block 64 6
block 65 6
block 66 6
block 5 7
block 6 7
block 7 7
block 8 7
block 9 7
block 10 7
block 61 7
block 62 7
block 63 7
block 64 7
block 65 7
block 66 7
block 5 8
block 6 8
block 7 8
block 8 8
block 9 8
block 10 8
block 25 8
block 26 8
block 27 8
block 28 8
block 61 8
block 62 8
block 63 8
block 64 8
block 65 8
block 66 8
block 5 9
block 6 9
block 7 9
block 8 9
block 9 9
block 10 9
block 25 9
block 26 9
block 27 9
block 28 9
block 25 10
block 26 10
block 27 10
block 28 10
block 39 20
block 40 20
block 41 20
block 42 20
block 43 20
block 44 20
block 45 20
##BotsAndCoinsInfo
bot_name 0 theBest
bot 0 53 16
bot_coins 0 0
coin 26 12
coin 41 8
round 1
bot 0 54 17
round 2
bot 0 55 18
round 3
bot 0 56 19
round 4
bot 0 57 20
round 5
coin 0 17
coin 67 3
round 6
round 7
match_over 0
round 8
