match
match_id 1639569238258_br
match_time 1639569238260
num_bots 1
##MatchConfig
mode FRIENDLY
num_rounds 200
random_seed 42
move_time_limit 1000
coin_spawn_period 5
coin_spawn_volume 2
##MapConfig
map_size 52 27
view_radius 6
mining_radius 1
attack_radius 4
block 10 0
block 11 0
block 12 0
block 13 0
block 41 0
block 42 0
block 43 0
block 10 1
block 11 1
block 12 1
block 13 1
block 41 1
block 42 1
block 43 1
block 10 2
block 11 2
block 12 2
block 13 2
block 41 2
block 42 2
block 43 2
block 10 3
block 11 3
block 12 3
block 13 3
block 10 4
block 11 4
block 10 5
block 11 5
block 10 6
block 11 6
block 34 6
block 35 6
block 36 6
block 37 6
block 38 6
block 39 6
block 40 6
block 10 7
block 11 7
block 34 7
block 35 7
block 36 7
block 37 7
block 38 7
block 39 7
block 40 7
block 0 19
block 1 19
block 2 19
block 48 19
block 49 19
block 50 19
block 51 19
block 0 20
block 1 20
block 2 20
block 47 20
block 48 20
block 49 20
block 50 20
block 51 20
block 0 21
block 1 21
block 2 21
block 7 21
block 8 21
block 9 21
block 10 21
block 11 21
block 12 21
block 47 21
block 48 21
block 49 21
block 50 21
block 51 21
block 0 22
block 1 22
block 2 22
block 7 22
block 8 22
block 9 22
block 10 22
block 11 22
block 12 22
block 47 22
block 48 22
block 49 22
block 50 22
block 51 22
block 0 23
block 1 23
block 2 23
block 7 23
block 8 23
block 9 23
block 10 23
block 11 23
block 12 23
block 47 23
block 48 23
block 49 23
block 50 23
block 51 23
block 0 24
block 1 24
block 2 24
block 47 24
block 48 24
block 49 24
block 50 24
block 51 24
block 10 25
block 11 25
block 12 25
block 13 25
block 41 25
block 42 25
block 43 25
block 10 26
block 11 26
block 12 26
block 13 26
block 41 26
block 42 26
block 43 26
##BotsAndCoinsInfo
bot_name 0 theBest
bot 0 46 9
bot_coins 0 0
coin 26 3
coin 25 23
round 1
bot 0 45 9
round 2
bot 0 44 9
round 3
bot 0 43 9
round 4
bot 0 44 8
round 5
bot 0 43 8
coin 48 17
coin 3 9
round 6
bot 0 42 8
round 7
bot 0 41 8
round 8
bot 0 42 7
round 9
bot 0 41 7
round 10
bot 0 42 6
coin 26 16
coin 25 10
round 11
bot 0 41 6
round 12
bot 0 42 5
round 13
bot 0 41 5
round 14
bot 0 40 5
round 15
bot 0 39 5
coin 13 20
coin 38 5
round 16
bot 0 38 5
coin_collected 38 5 0
bot_coins 0 1
round 17
bot 0 39 4
round 18
bot 0 38 4
round 19
bot 0 37 4
round 20
bot 0 36 4
coin 3 2
coin 48 25
round 21
bot 0 37 3
round 22
bot 0 36 3
round 23
bot 0 35 3
round 24
bot 0 34 3
round 25
bot 0 35 2
coin 26 26
coin 25 0
round 26
bot 0 34 2
round 27
bot 0 33 2
round 28
bot 0 32 2
round 29
bot 0 33 1
round 30
bot 0 32 1
coin 8 9
coin 43 17
round 31
bot 0 31 1
round 32
bot 0 30 2
round 33
bot 0 29 3
round 34
bot 0 28 3
round 35
bot 0 27 3
coin_collected 26 3 0
bot_coins 0 2
coin 20 5
coin 31 21
round 36
bot 0 26 2
round 37
bot 0 25 1
coin_collected 25 0 0
bot_coins 0 3
round 38
bot 0 26 2
round 39
bot 0 26 3
round 40
bot 0 26 4
coin 48 6
coin 3 20
round 41
bot 0 26 5
round 42
bot 0 25 6
round 43
bot 0 25 7
round 44
bot 0 25 8
round 45
bot 0 25 9
coin_collected 25 10 0
bot_coins 0 4
coin 11 8
coin 40 18
round 46
bot 0 24 9
round 47
bot 0 23 8
round 48
bot 0 22 7
round 49
bot 0 21 6
round 50
bot 0 20 5
coin_collected 20 5 0
bot_coins 0 5
coin 40 4
coin 11 24
round 51
bot 0 21 4
round 52
bot 0 20 4
round 53
bot 0 19 4
round 54
bot 0 18 4
round 55
bot 0 19 3
coin 26 24
coin 25 2
round 56
bot 0 18 3
round 57
bot 0 17 3
round 58
bot 0 16 3
round 59
bot 0 17 2
round 60
bot 0 16 2
coin 51 0
coin 0 26
round 61
bot 0 15 2
round 62
bot 0 14 2
round 63
bot 0 15 1
round 64
bot 0 14 2
round 65
bot 0 15 1
coin 38 22
coin 13 4
round 66
bot 0 14 2
round 67
bot 0 15 1
round 68
bot 0 14 2
round 69
bot 0 15 1
round 70
bot 0 14 2
coin 19 3
coin 32 23
round 71
bot 0 15 1
round 72
bot 0 14 2
round 73
bot 0 15 1
round 74
bot 0 14 2
round 75
bot 0 15 1
coin 38 21
coin 13 5
round 76
bot 0 14 2
round 77
bot 0 15 1
round 78
bot 0 14 2
round 79
bot 0 15 1
round 80
bot 0 14 2
coin 18 23
coin 33 3
round 81
bot 0 15 1
round 82
bot 0 14 2
round 83
bot 0 15 1
round 84
bot 0 14 2
round 85
bot 0 15 1
coin 33 14
coin 18 12
round 86
bot 0 14 2
round 87
bot 0 15 1
round 88
bot 0 14 2
round 89
bot 0 15 1
round 90
bot 0 14 2
coin 32 7
coin 19 19
round 91
bot 0 15 1
round 92
bot 0 14 2
round 93
bot 0 15 1
round 94
bot 0 14 2
round 95
bot 0 15 1
coin 41 21
coin 9 5
round 96
bot 0 14 2
round 97
bot 0 15 1
round 98
bot 0 14 2
round 99
bot 0 15 1
round 100
bot 0 14 2
coin 31 22
coin 20 4
round 101
bot 0 15 1
round 102
bot 0 14 2
round 103
bot 0 15 1
round 104
bot 0 14 2
round 105
bot 0 15 1
coin 47 25
coin 4 1
round 106
bot 0 14 2
round 107
bot 0 15 1
round 108
bot 0 14 2
round 109
bot 0 15 1
round 110
bot 0 14 2
coin 15 24
coin 36 2
round 111
bot 0 15 1
round 112
bot 0 14 2
round 113
bot 0 15 1
round 114
bot 0 14 2
round 115
bot 0 15 1
coin 3 19
coin 48 7
round 116
bot 0 14 2
round 117
bot 0 15 1
round 118
bot 0 14 2
round 119
bot 0 15 1
round 120
bot 0 14 2
coin 1 7
coin 50 18
round 121
bot 0 15 1
round 122
bot 0 14 2
round 123
bot 0 15 1
round 124
bot 0 14 2
round 125
bot 0 15 1
coin 9 14
coin 42 12
round 126
bot 0 14 2
round 127
bot 0 15 1
round 128
bot 0 14 2
round 129
bot 0 15 1
round 130
bot 0 14 2
coin 42 4
coin 9 24
round 131
bot 0 15 1
round 132
bot 0 14 2
round 133
bot 0 15 1
round 134
bot 0 14 2
round 135
bot 0 15 1
coin 40 8
coin 11 18
round 136
bot 0 14 2
round 137
bot 0 15 1
round 138
bot 0 14 2
round 139
bot 0 15 1
round 140
bot 0 14 2
coin 25 4
coin 26 22
round 141
bot 0 15 1
round 142
bot 0 14 2
round 143
bot 0 15 1
round 144
bot 0 14 2
round 145
bot 0 15 1
coin 49 18
coin 2 8
round 146
bot 0 14 2
round 147
bot 0 15 1
round 148
bot 0 14 2
round 149
bot 0 15 1
round 150
bot 0 14 2
coin 45 14
coin 6 12
round 151
bot 0 15 1
round 152
bot 0 14 2
round 153
bot 0 15 1
round 154
bot 0 14 2
round 155
bot 0 15 1
coin 32 13
coin 19 13
round 156
bot 0 14 2
round 157
bot 0 15 1
round 158
bot 0 14 2
round 159
bot 0 15 1
round 160
bot 0 14 2
coin 50 25
coin 1 1
round 161
bot 0 15 1
round 162
bot 0 14 2
round 163
bot 0 15 1
round 164
bot 0 14 2
round 165
bot 0 15 1
coin 46 22
coin 5 4
round 166
bot 0 14 2
round 167
bot 0 15 1
round 168
bot 0 14 2
round 169
bot 0 15 1
round 170
bot 0 14 2
coin 35 9
coin 16 17
round 171
bot 0 15 1
round 172
bot 0 14 2
round 173
bot 0 15 1
round 174
bot 0 14 2
round 175
bot 0 15 1
coin 6 5
coin 45 21
round 176
bot 0 14 2
round 177
bot 0 15 1
round 178
bot 0 14 2
round 179
bot 0 15 1
round 180
bot 0 14 2
coin 13 7
coin 38 19
round 181
bot 0 15 1
round 182
bot 0 14 2
round 183
bot 0 15 1
round 184
bot 0 14 2
round 185
bot 0 15 1
coin 13 23
coin 38 3
round 186
bot 0 14 2
round 187
bot 0 15 1
round 188
bot 0 14 2
round 189
bot 0 15 1
round 190
bot 0 14 2
coin 42 24
coin 9 2
round 191
bot 0 15 1
round 192
bot 0 14 2
round 193
bot 0 15 1
round 194
bot 0 14 2
round 195
bot 0 15 1
coin 29 6
coin 22 20
round 196
bot 0 14 2
round 197
bot 0 15 1
round 198
bot 0 14 2
round 199
bot 0 15 1
round 200
bot 0 14 2
coin 40 19
coin 12 7
match_over 0
