match
match_id 1639523391445_at
match_time 1639523391456
num_bots 1
##MatchConfig
mode FRIENDLY
num_rounds 200
random_seed 42
move_time_limit 1000
coin_spawn_period 5
coin_spawn_volume 2
##MapConfig
map_size 72 30
view_radius 6
mining_radius 2
attack_radius 3
block 45 12
block 46 12
block 45 13
block 46 13
block 45 14
block 46 14
block 45 15
block 46 15
block 2 17
block 3 17
block 4 17
block 5 17
block 6 17
block 7 17
block 8 17
block 59 17
block 60 17
block 61 17
block 62 17
block 2 18
block 3 18
block 4 18
block 5 18
block 6 18
block 7 18
block 8 18
block 59 18
block 60 18
block 61 18
block 62 18
block 2 19
block 3 19
block 4 19
block 5 19
block 6 19
block 7 19
block 8 19
block 37 19
block 38 19
block 39 19
block 40 19
block 41 19
block 42 19
block 43 19
block 59 19
block 60 19
block 61 19
block 62 19
block 37 20
block 38 20
block 39 20
block 40 20
block 41 20
block 42 20
block 43 20
block 34 21
block 35 21
block 36 21
block 37 21
block 38 21
block 39 21
block 40 21
block 41 21
block 42 21
block 43 21
block 34 22
block 35 22
block 36 22
block 37 22
block 38 22
block 39 22
block 40 22
block 41 22
block 42 22
block 43 22
block 34 23
block 35 23
block 36 23
block 37 23
block 38 23
block 39 23
block 40 23
block 41 23
block 42 23
block 43 23
block 15 24
block 16 24
block 34 24
block 35 24
block 36 24
block 37 24
block 38 24
block 39 24
block 40 24
block 41 24
block 42 24
block 43 24
block 15 25
block 16 25
block 38 25
block 39 25
block 40 25
block 41 25
block 42 25
block 43 25
block 15 26
block 16 26
block 38 26
block 39 26
block 40 26
block 41 26
block 42 26
block 43 26
block 15 27
block 16 27
block 15 28
block 16 28
block 15 29
block 16 29
##BotsAndCoinsInfo
bot_name 0 theBest
bot 0 49 12
bot_coins 0 0
coin 26 3
coin 45 26
round 1
bot 0 50 13
round 2
bot 0 51 14
round 3
bot 0 52 15
round 4
bot 0 53 16
round 5
bot 0 54 17
coin 0 14
coin 71 15
round 6
bot 0 55 18
round 7
bot 0 56 19
round 8
bot 0 57 20
round 9
bot 0 58 21
round 10
bot 0 59 22
coin 18 25
coin 53 4
round 11
bot 0 60 23
round 12
bot 0 61 24
round 13
bot 0 62 25
round 14
bot 0 63 26
round 15
bot 0 64 27
coin 41 8
coin 30 21
round 16
bot 0 65 28
round 17
bot 0 66 29
round 18
round 19
round 20
match_over 0
coin 7 23
coin 64 6
round 21
