match
match_id 1639552162654_br
match_time 1639552162656
num_bots 1
##MatchConfig
mode FRIENDLY
num_rounds 200
random_seed 42
move_time_limit 1000
coin_spawn_period 5
coin_spawn_volume 2
##MapConfig
map_size 49 25
view_radius 6
mining_radius 2
attack_radius 4
block 23 1
block 24 1
block 25 1
block 26 1
block 27 1
block 28 1
block 29 1
block 10 2
block 11 2
block 12 2
block 13 2
block 14 2
block 23 2
block 24 2
block 25 2
block 26 2
block 27 2
block 28 2
block 29 2
block 10 3
block 11 3
block 12 3
block 13 3
block 14 3
block 42 3
block 43 3
block 44 3
block 45 3
block 10 4
block 11 4
block 12 4
block 13 4
block 14 4
block 16 4
block 17 4
block 18 4
block 19 4
block 42 4
block 43 4
block 44 4
block 45 4
block 2 5
block 3 5
block 4 5
block 10 5
block 11 5
block 12 5
block 13 5
block 14 5
block 16 5
block 17 5
block 18 5
block 19 5
block 42 5
block 43 5
block 44 5
block 45 5
block 2 6
block 3 6
block 4 6
block 10 6
block 11 6
block 12 6
block 13 6
block 14 6
block 16 6
block 17 6
block 18 6
block 19 6
block 42 6
block 43 6
block 44 6
block 45 6
block 2 7
block 3 7
block 4 7
block 16 7
block 17 7
block 18 7
block 19 7
block 42 7
block 43 7
block 44 7
block 45 7
block 2 8
block 3 8
block 4 8
block 5 8
block 6 8
block 7 8
block 8 8
block 2 9
block 3 9
block 4 9
block 5 9
block 6 9
block 7 9
block 8 9
block 30 10
block 31 10
block 32 10
block 33 10
block 13 11
block 14 11
block 15 11
block 16 11
block 30 11
block 31 11
block 32 11
block 33 11
block 13 12
block 14 12
block 15 12
block 16 12
block 30 12
block 31 12
block 32 12
block 33 12
block 28 13
block 29 13
block 30 13
block 31 13
block 32 13
block 33 13
block 2 14
block 3 14
block 4 14
block 5 14
block 6 14
block 7 14
block 17 14
block 18 14
block 19 14
block 28 14
block 29 14
block 30 14
block 31 14
block 32 14
block 33 14
block 2 15
block 3 15
block 4 15
block 5 15
block 6 15
block 7 15
block 17 15
block 18 15
block 19 15
block 28 15
block 29 15
block 30 15
block 17 16
block 18 16
block 19 16
block 20 16
block 21 16
block 22 16
block 23 16
block 24 16
block 25 16
block 28 16
block 29 16
block 30 16
block 35 16
block 36 16
block 37 16
block 17 17
block 18 17
block 19 17
block 20 17
block 21 17
block 22 17
block 23 17
block 24 17
block 25 17
block 35 17
block 36 17
block 37 17
block 17 18
block 18 18
block 19 18
block 20 18
block 21 18
block 22 18
block 23 18
block 24 18
block 25 18
block 17 19
block 18 19
block 19 19
##BotsAndCoinsInfo
bot_name 0 theBest
bot 0 34 10
bot_coins 0 0
coin 29 12
coin 19 12
round 1
bot 0 35 11
round 2
bot 0 34 10
round 3
bot 0 35 11
round 4
bot 0 34 10
round 5
bot 0 35 11
coin 34 9
coin 14 15
round 6
bot 0 34 10
coin_collected 34 9 0
bot_coins 0 1
round 7
bot 0 35 11
round 8
bot 0 34 10
round 9
bot 0 35 11
round 10
bot 0 34 10
coin 19 0
coin 29 24
round 11
bot 0 35 11
round 12
bot 0 34 10
round 13
bot 0 35 11
round 14
bot 0 34 10
round 15
bot 0 35 11
coin 1 18
coin 47 6
round 16
bot 0 34 10
round 17
bot 0 35 11
round 18
bot 0 34 10
round 19
bot 0 35 11
round 20
bot 0 34 10
coin 48 18
coin 0 6
round 21
bot 0 35 11
round 22
bot 0 34 10
round 23
bot 0 35 11
round 24
bot 0 34 10
round 25
bot 0 35 11
coin 3 2
coin 45 22
round 26
bot 0 34 10
round 27
bot 0 35 11
round 28
bot 0 34 10
round 29
bot 0 35 11
round 30
bot 0 34 10
coin 28 17
coin 20 7
round 31
bot 0 35 11
round 32
bot 0 34 10
round 33
bot 0 35 11
round 34
bot 0 34 10
round 35
bot 0 35 11
coin 15 7
coin 33 17
round 36
bot 0 34 10
round 37
bot 0 35 11
round 38
bot 0 34 10
round 39
bot 0 35 11
round 40
bot 0 34 10
coin 28 20
coin 20 4
round 41
bot 0 35 11
round 42
bot 0 34 10
round 43
bot 0 35 11
round 44
bot 0 34 10
round 45
bot 0 35 11
coin 0 9
coin 48 15
round 46
bot 0 34 10
round 47
bot 0 35 11
round 48
bot 0 34 10
round 49
bot 0 35 11
round 50
bot 0 34 10
coin 40 13
coin 8 11
round 51
bot 0 35 11
round 52
bot 0 36 12
round 53
bot 0 37 13
round 54
bot 0 38 13
coin_collected 40 13 0
bot_coins 0 2
round 55
bot 0 37 12
coin 15 13
coin 34 11
round 56
bot 0 36 11
coin_collected 34 11 0
bot_coins 0 3
round 57
bot 0 35 10
round 58
bot 0 34 9
round 59
bot 0 35 10
round 60
bot 0 34 9
coin 27 16
coin 21 8
round 61
bot 0 35 10
round 62
bot 0 34 9
round 63
bot 0 35 10
round 64
bot 0 34 9
round 65
bot 0 35 10
coin 35 8
coin 13 16
round 66
bot 0 35 9
coin_collected 35 8 0
bot_coins 0 4
round 67
bot 0 34 8
round 68
bot 0 33 7
round 69
bot 0 32 6
round 70
bot 0 31 5
coin 11 21
coin 37 3
round 71
bot 0 30 4
round 72
bot 0 29 5
round 73
bot 0 29 6
round 74
bot 0 29 7
round 75
bot 0 29 8
coin 26 6
coin 22 19
round 76
bot 0 28 7
round 77
bot 0 27 6
coin_collected 26 6 0
bot_coins 0 5
round 78
bot 0 26 5
round 79
bot 0 25 6
round 80
bot 0 24 7
coin 44 10
coin 4 13
round 81
bot 0 23 8
coin_collected 21 8 0
bot_coins 0 6
round 82
bot 0 22 7
coin_collected 20 7 0
bot_coins 0 7
round 83
bot 0 21 6
round 84
bot 0 20 5
coin_collected 20 4 0
bot_coins 0 8
round 85
bot 0 20 4
coin 9 2
coin 39 22
round 86
bot 0 19 3
round 87
bot 0 19 2
coin_collected 19 0 0
bot_coins 0 9
round 88
bot 0 18 1
round 89
bot 0 17 0
round 90
bot 0 18 1
coin 20 19
coin 28 5
round 91
bot 0 17 0
round 92
bot 0 18 1
round 93
bot 0 17 0
round 94
bot 0 18 1
round 95
bot 0 17 0
coin 21 14
coin 27 10
round 96
bot 0 18 1
round 97
bot 0 17 0
round 98
bot 0 18 1
round 99
bot 0 17 0
round 100
bot 0 18 1
coin 41 15
coin 7 10
round 101
bot 0 17 0
round 102
bot 0 18 1
round 103
bot 0 17 0
round 104
bot 0 18 1
round 105
bot 0 17 0
coin 0 12
coin 48 12
round 106
bot 0 18 1
round 107
bot 0 17 0
round 108
bot 0 18 1
round 109
bot 0 17 0
round 110
bot 0 18 1
coin 10 9
coin 38 15
round 111
bot 0 17 0
round 112
bot 0 18 1
round 113
bot 0 17 0
round 114
bot 0 18 1
round 115
bot 0 17 0
coin 6 10
coin 42 14
round 116
bot 0 18 1
round 117
bot 0 17 0
round 118
bot 0 18 1
round 119
bot 0 17 0
round 120
bot 0 18 1
coin 48 19
coin 0 5
round 121
bot 0 17 0
round 122
bot 0 18 1
round 123
bot 0 17 0
round 124
bot 0 18 1
round 125
bot 0 17 0
coin 12 15
coin 36 9
round 126
bot 0 18 1
round 127
bot 0 17 0
round 128
bot 0 18 1
round 129
bot 0 17 0
round 130
bot 0 18 1
coin 37 6
coin 11 18
round 131
bot 0 17 0
round 132
bot 0 18 1
round 133
bot 0 17 0
round 134
bot 0 18 1
round 135
bot 0 17 0
coin 16 10
coin 32 15
round 136
bot 0 18 1
round 137
bot 0 17 0
round 138
bot 0 18 1
round 139
bot 0 17 0
round 140
bot 0 18 1
coin 42 9
coin 6 16
round 141
bot 0 17 0
round 142
bot 0 18 1
round 143
bot 0 17 0
round 144
bot 0 18 1
round 145
bot 0 17 0
coin 43 2
coin 5 22
round 146
bot 0 18 1
round 147
bot 0 17 0
round 148
bot 0 18 1
round 149
bot 0 17 0
round 150
bot 0 18 1
coin 0 19
coin 48 5
round 151
bot 0 17 0
round 152
bot 0 18 1
round 153
bot 0 17 0
round 154
bot 0 18 1
round 155
bot 0 17 0
coin 46 1
coin 2 23
round 156
bot 0 18 1
round 157
bot 0 17 0
round 158
bot 0 18 1
round 159
bot 0 17 0
round 160
bot 0 18 1
coin 1 19
coin 47 5
round 161
bot 0 17 0
round 162
bot 0 18 1
round 163
bot 0 17 0
round 164
bot 0 18 1
round 165
bot 0 17 0
coin 34 19
coin 15 5
round 166
bot 0 16 1
round 167
bot 0 15 2
round 168
bot 0 15 3
coin_collected 15 5 0
bot_coins 0 10
round 169
bot 0 15 4
round 170
bot 0 15 5
coin_collected 15 7 0
bot_coins 0 11
coin 34 24
coin 14 0
round 171
bot 0 15 4
round 172
bot 0 15 3
round 173
bot 0 15 2
round 174
bot 0 14 1
coin_collected 14 0 0
bot_coins 0 12
round 175
bot 0 15 2
coin 31 1
coin 17 23
round 176
bot 0 16 3
round 177
bot 0 17 3
round 178
round 179
round 180
coin 4 4
coin 44 20
round 181
round 182
round 183
round 184
round 185
coin 15 8
coin 33 16
round 186
round 187
round 188
round 189
round 190
coin 5 10
coin 43 14
round 191
round 192
round 193
round 194
round 195
coin 10 18
coin 38 6
round 196
round 197
round 198
round 199
round 200
coin 23 19
coin 25 5
match_over 0
