match
match_id 1639512284205_ar
match_time 1639512284207
num_bots 1
##MatchConfig
mode FRIENDLY
num_rounds 200
random_seed 42
move_time_limit 1000
coin_spawn_period 5
coin_spawn_volume 2
##MapConfig
map_size 74 22
view_radius 6
mining_radius 1
attack_radius 4
block 0 0
block 1 0
block 2 0
block 3 0
block 4 0
block 5 0
block 6 0
block 7 0
block 21 0
block 22 0
block 23 0
block 24 0
block 37 0
block 38 0
block 39 0
block 40 0
block 41 0
block 51 0
block 52 0
block 53 0
block 57 0
block 58 0
block 59 0
block 0 1
block 1 1
block 2 1
block 3 1
block 4 1
block 5 1
block 29 1
block 30 1
block 31 1
block 32 1
block 33 1
block 34 1
block 35 1
block 36 1
block 37 1
block 38 1
block 51 1
block 52 1
block 53 1
block 57 1
block 58 1
block 59 1
block 62 1
block 63 1
block 64 1
block 65 1
block 66 1
block 67 1
block 68 1
block 0 2
block 1 2
block 2 2
block 3 2
block 4 2
block 5 2
block 29 2
block 30 2
block 31 2
block 32 2
block 33 2
block 34 2
block 35 2
block 36 2
block 37 2
block 38 2
block 57 2
block 58 2
block 59 2
block 62 2
block 63 2
block 64 2
block 65 2
block 66 2
block 67 2
block 68 2
block 69 2
block 70 2
block 71 2
block 72 2
block 1 3
block 2 3
block 3 3
block 4 3
block 5 3
block 10 3
block 11 3
block 12 3
block 13 3
block 14 3
block 15 3
block 16 3
block 22 3
block 23 3
block 24 3
block 25 3
block 26 3
block 27 3
block 29 3
block 30 3
block 31 3
block 32 3
block 33 3
block 34 3
block 35 3
block 36 3
block 37 3
block 38 3
block 57 3
block 58 3
block 59 3
block 62 3
block 63 3
block 64 3
block 65 3
block 66 3
block 67 3
block 68 3
block 69 3
block 70 3
block 71 3
block 72 3
block 1 4
block 2 4
block 3 4
block 4 4
block 5 4
block 10 4
block 11 4
block 12 4
block 13 4
block 14 4
block 15 4
block 16 4
block 22 4
block 23 4
block 24 4
block 25 4
block 26 4
block 27 4
block 29 4
block 30 4
block 31 4
block 32 4
block 33 4
block 34 4
block 35 4
block 36 4
block 37 4
block 38 4
block 62 4
block 63 4
block 64 4
block 65 4
block 66 4
block 67 4
block 68 4
block 69 4
block 70 4
block 71 4
block 72 4
block 1 5
block 2 5
block 3 5
block 4 5
block 5 5
block 10 5
block 11 5
block 12 5
block 13 5
block 14 5
block 15 5
block 16 5
block 22 5
block 23 5
block 24 5
block 25 5
block 26 5
block 27 5
block 29 5
block 30 5
block 31 5
block 62 5
block 63 5
block 64 5
block 65 5
block 66 5
block 67 5
block 68 5
block 69 5
block 70 5
block 71 5
block 72 5
block 1 6
block 2 6
block 3 6
block 4 6
block 5 6
block 10 6
block 11 6
block 12 6
block 13 6
block 14 6
block 15 6
block 16 6
block 22 6
block 23 6
block 24 6
block 25 6
block 26 6
block 27 6
block 29 6
block 30 6
block 31 6
block 36 6
block 37 6
block 38 6
block 39 6
block 40 6
block 41 6
block 42 6
block 10 7
block 11 7
block 12 7
block 13 7
block 14 7
block 15 7
block 16 7
block 23 7
block 24 7
block 25 7
block 36 7
block 37 7
block 38 7
block 39 7
block 40 7
block 41 7
block 42 7
block 60 7
block 61 7
block 62 7
block 13 8
block 14 8
block 15 8
block 16 8
block 17 8
block 18 8
block 19 8
block 21 8
block 22 8
block 23 8
block 24 8
block 25 8
block 36 8
block 37 8
block 38 8
block 39 8
block 40 8
block 41 8
block 42 8
block 60 8
block 61 8
block 62 8
block 2 9
block 3 9
block 13 9
block 14 9
block 15 9
block 16 9
block 17 9
block 18 9
block 19 9
block 21 9
block 22 9
block 23 9
block 24 9
block 25 9
block 36 9
block 37 9
block 38 9
block 39 9
block 40 9
block 41 9
block 42 9
block 60 9
block 61 9
block 62 9
block 2 10
block 3 10
block 21 10
block 22 10
block 23 10
block 24 10
block 25 10
block 65 10
block 66 10
block 67 10
block 68 10
block 69 10
block 2 11
block 3 11
block 23 11
block 24 11
block 25 11
block 65 11
block 66 11
block 67 11
block 68 11
block 69 11
block 0 12
block 2 12
block 3 12
block 5 12
block 6 12
block 7 12
block 8 12
block 9 12
block 10 12
block 65 12
block 66 12
block 67 12
block 68 12
block 69 12
block 70 12
block 71 12
block 72 12
block 73 12
block 0 13
block 2 13
block 3 13
block 5 13
block 6 13
block 7 13
block 8 13
block 9 13
block 10 13
block 70 13
block 71 13
block 72 13
block 73 13
block 0 14
block 2 14
block 3 14
block 5 14
block 6 14
block 7 14
block 8 14
block 9 14
block 10 14
block 21 14
block 22 14
block 23 14
block 24 14
block 25 14
block 26 14
block 29 14
block 30 14
block 31 14
block 32 14
block 33 14
block 70 14
block 71 14
block 72 14
block 73 14
block 0 15
block 2 15
block 3 15
block 4 15
block 5 15
block 6 15
block 7 15
block 8 15
block 9 15
block 10 15
block 21 15
block 22 15
block 23 15
block 24 15
block 25 15
block 26 15
block 29 15
block 30 15
block 31 15
block 32 15
block 33 15
block 71 15
block 72 15
block 73 15
block 0 16
block 4 16
block 5 16
block 6 16
block 7 16
block 8 16
block 9 16
block 10 16
block 29 16
block 30 16
block 31 16
block 32 16
block 33 16
block 68 16
block 69 16
block 70 16
block 71 16
block 72 16
block 73 16
block 0 17
block 4 17
block 5 17
block 6 17
block 7 17
block 8 17
block 9 17
block 10 17
block 21 17
block 22 17
block 23 17
block 24 17
block 29 17
block 30 17
block 31 17
block 32 17
block 33 17
block 68 17
block 69 17
block 70 17
block 71 17
block 72 17
block 73 17
block 0 18
block 4 18
block 5 18
block 6 18
block 7 18
block 8 18
block 9 18
block 10 18
block 21 18
block 22 18
block 23 18
block 24 18
block 71 18
block 72 18
block 73 18
block 0 19
block 21 19
block 22 19
block 23 19
block 24 19
block 51 19
block 52 19
block 53 19
block 71 19
block 72 19
block 73 19
block 0 20
block 1 20
block 2 20
block 21 20
block 22 20
block 23 20
block 24 20
block 37 20
block 38 20
block 39 20
block 40 20
block 41 20
block 51 20
block 52 20
block 53 20
block 71 20
block 72 20
block 73 20
block 0 21
block 1 21
block 2 21
block 3 21
block 4 21
block 5 21
block 6 21
block 7 21
block 21 21
block 22 21
block 23 21
block 24 21
block 37 21
block 38 21
block 39 21
block 40 21
block 41 21
block 51 21
block 52 21
block 53 21
block 57 21
block 58 21
block 59 21
block 71 21
block 72 21
block 73 21
##BotsAndCoinsInfo
bot_name 0 theBest
bot 0 32 8
bot_coins 0 0
coin 14 15
coin 59 6
round 1
bot 0 31 7
round 2
bot 0 30 8
round 3
bot 0 29 8
round 4
bot 0 29 9
round 5
bot 0 28 9
coin 2 16
coin 71 6
round 6
bot 0 29 9
round 7
bot 0 28 10
round 8
bot 0 28 9
round 9
bot 0 28 10
round 10
bot 0 29 9
coin 48 19
coin 25 2
round 11
bot 0 29 10
round 12
bot 0 29 9
round 13
bot 0 29 10
round 14
bot 0 30 10
round 15
bot 0 29 11
coin 11 2
coin 62 19
round 16
round 17
bot 0 30 11
round 18
bot 0 29 12
round 19
round 20
bot 0 29 11
coin 57 17
coin 17 4
round 21
bot 0 28 12
round 22
bot 0 29 11
round 23
bot 0 28 12
round 24
bot 0 27 13
round 25
coin 64 18
coin 9 3
round 26
bot 0 26 12
round 27
bot 0 27 13
round 28
round 29
bot 0 27 14
round 30
bot 0 27 15
coin 25 0
coin 48 21
round 31
bot 0 28 15
round 32
round 33
round 34
bot 0 28 16
round 35
bot 0 27 17
coin 48 0
coin 25 21
round 36
bot 0 26 16
round 37
bot 0 25 16
round 38
bot 0 25 17
round 39
bot 0 26 16
round 40
bot 0 27 17
coin 30 20
coin 43 1
round 41
bot 0 27 18
round 42
bot 0 28 18
round 43
bot 0 27 18
round 44
bot 0 26 18
round 45
bot 0 27 19
coin 65 9
coin 8 11
round 46
bot 0 28 19
round 47
bot 0 29 18
round 48
round 49
round 50
bot 0 28 18
coin 62 15
coin 11 8
round 51
bot 0 27 18
round 52
bot 0 26 19
round 53
bot 0 26 20
round 54
bot 0 27 21
round 55
coin 40 10
coin 33 11
round 56
bot 0 26 0
coin_collected 25 0 0
bot_coins 0 1
round 57
round 58
round 59
match_over 0
round 60
