match
match_id 1639523720652_ad
match_time 1639523720656
num_bots 1
##MatchConfig
mode FRIENDLY
num_rounds 200
random_seed 42
move_time_limit 1000
coin_spawn_period 5
coin_spawn_volume 2
##MapConfig
map_size 63 36
view_radius 5
mining_radius 1
attack_radius 4
block 0 1
block 1 1
block 2 1
block 0 2
block 1 2
block 2 2
block 48 2
block 49 2
block 50 2
block 51 2
block 52 2
block 53 2
block 54 2
block 0 3
block 1 3
block 2 3
block 15 3
block 16 3
block 17 3
block 18 3
block 19 3
block 20 3
block 48 3
block 49 3
block 50 3
block 51 3
block 52 3
block 53 3
block 54 3
block 0 4
block 1 4
block 2 4
block 15 4
block 16 4
block 17 4
block 18 4
block 19 4
block 20 4
block 48 4
block 49 4
block 50 4
block 51 4
block 52 4
block 53 4
block 54 4
block 0 5
block 1 5
block 2 5
block 15 5
block 16 5
block 17 5
block 18 5
block 19 5
block 20 5
block 48 5
block 49 5
block 50 5
block 51 5
block 52 5
block 53 5
block 54 5
block 15 6
block 16 6
block 17 6
block 18 6
block 19 6
block 20 6
block 27 6
block 28 6
block 29 6
block 30 6
block 31 6
block 32 6
block 33 6
block 48 6
block 49 6
block 50 6
block 51 6
block 52 6
block 53 6
block 54 6
block 15 7
block 16 7
block 17 7
block 18 7
block 19 7
block 20 7
block 27 7
block 28 7
block 29 7
block 30 7
block 31 7
block 32 7
block 33 7
block 48 7
block 49 7
block 50 7
block 51 7
block 52 7
block 53 7
block 54 7
block 27 8
block 28 8
block 29 8
block 30 8
block 31 8
block 32 8
block 33 8
block 27 9
block 28 9
block 29 9
block 30 9
block 31 9
block 32 9
block 46 22
block 47 22
block 48 22
block 49 22
block 50 22
block 46 23
block 47 23
block 48 23
block 49 23
block 50 23
block 43 33
block 44 33
block 45 33
block 46 33
block 47 33
block 43 34
block 44 34
block 45 34
block 46 34
block 47 34
block 43 35
block 44 35
block 45 35
block 46 35
block 47 35
##BotsAndCoinsInfo
bot_name 0 theBest
bot 0 61 32
bot_coins 0 0
coin 8 3
coin 54 32
round 1
bot 0 61 33
round 2
bot 0 61 34
round 3
bot 0 61 35
round 4
bot 0 62 35
round 5
coin 26 8
coin 36 27
round 6
round 7
match_over 0
round 8
