match
match_id 1639523783799_af
match_time 1639523783810
num_bots 1
##MatchConfig
mode FRIENDLY
num_rounds 200
random_seed 42
move_time_limit 1000
coin_spawn_period 5
coin_spawn_volume 2
##MapConfig
map_size 79 29
view_radius 6
mining_radius 2
attack_radius 3
block 8 0
block 9 0
block 10 0
block 34 0
block 35 0
block 36 0
block 46 0
block 47 0
block 54 0
block 55 0
block 57 0
block 58 0
block 59 0
block 60 0
block 8 1
block 9 1
block 10 1
block 23 1
block 24 1
block 25 1
block 26 1
block 27 1
block 28 1
block 29 1
block 34 1
block 35 1
block 36 1
block 46 1
block 47 1
block 54 1
block 55 1
block 57 1
block 58 1
block 59 1
block 60 1
block 23 2
block 24 2
block 25 2
block 26 2
block 27 2
block 28 2
block 29 2
block 34 2
block 35 2
block 36 2
block 54 2
block 55 2
block 59 2
block 60 2
block 34 3
block 35 3
block 36 3
block 54 3
block 55 3
block 59 3
block 60 3
block 51 4
block 52 4
block 53 4
block 54 4
block 55 4
block 59 4
block 60 4
block 51 5
block 52 5
block 53 5
block 54 5
block 64 5
block 65 5
block 66 5
block 67 5
block 68 5
block 69 5
block 70 5
block 51 6
block 52 6
block 53 6
block 54 6
block 60 6
block 61 6
block 62 6
block 63 6
block 64 6
block 65 6
block 66 6
block 67 6
block 68 6
block 69 6
block 70 6
block 51 7
block 52 7
block 53 7
block 54 7
block 60 7
block 61 7
block 62 7
block 63 7
block 64 7
block 65 7
block 66 7
block 67 7
block 68 7
block 69 7
block 70 7
block 51 8
block 52 8
block 53 8
block 54 8
block 55 8
block 56 8
block 64 8
block 65 8
block 66 8
block 51 9
block 52 9
block 53 9
block 54 9
block 55 9
block 56 9
block 64 9
block 65 9
block 66 9
block 0 10
block 1 10
block 2 10
block 77 10
block 78 10
block 0 11
block 1 11
block 2 11
block 17 11
block 18 11
block 19 11
block 20 11
block 77 11
block 78 11
block 0 12
block 1 12
block 2 12
block 17 12
block 18 12
block 19 12
block 20 12
block 39 12
block 40 12
block 77 12
block 78 12
block 0 13
block 1 13
block 2 13
block 17 13
block 18 13
block 19 13
block 20 13
block 39 13
block 40 13
block 49 13
block 50 13
block 51 13
block 52 13
block 57 13
block 58 13
block 59 13
block 60 13
block 61 13
block 77 13
block 78 13
block 0 14
block 1 14
block 2 14
block 39 14
block 40 14
block 49 14
block 50 14
block 51 14
block 52 14
block 57 14
block 58 14
block 59 14
block 60 14
block 61 14
block 77 14
block 78 14
block 35 15
block 36 15
block 37 15
block 39 15
block 40 15
block 41 15
block 42 15
block 43 15
block 44 15
block 45 15
block 49 15
block 50 15
block 51 15
block 52 15
block 35 16
block 36 16
block 37 16
block 39 16
block 40 16
block 41 16
block 42 16
block 43 16
block 44 16
block 45 16
block 49 16
block 50 16
block 51 16
block 52 16
block 2 17
block 3 17
block 4 17
block 5 17
block 6 17
block 7 17
block 8 17
block 24 17
block 25 17
block 26 17
block 27 17
block 28 17
block 35 17
block 36 17
block 37 17
block 49 17
block 50 17
block 51 17
block 52 17
block 2 18
block 3 18
block 4 18
block 5 18
block 6 18
block 7 18
block 8 18
block 24 18
block 25 18
block 26 18
block 27 18
block 28 18
block 35 18
block 36 18
block 37 18
block 42 18
block 43 18
block 44 18
block 45 18
block 46 18
block 49 18
block 50 18
block 51 18
block 52 18
block 2 19
block 3 19
block 4 19
block 5 19
block 6 19
block 7 19
block 8 19
block 18 19
block 19 19
block 20 19
block 42 19
block 43 19
block 44 19
block 45 19
block 46 19
block 2 20
block 3 20
block 4 20
block 5 20
block 6 20
block 7 20
block 8 20
block 18 20
block 19 20
block 20 20
block 42 20
block 43 20
block 44 20
block 45 20
block 46 20
block 2 21
block 3 21
block 4 21
block 5 21
block 6 21
block 7 21
block 8 21
block 18 21
block 19 21
block 20 21
block 42 21
block 43 21
block 44 21
block 45 21
block 46 21
block 2 22
block 3 22
block 4 22
block 5 22
block 6 22
block 7 22
block 8 22
block 18 22
block 19 22
block 20 22
block 42 22
block 43 22
block 44 22
block 45 22
block 46 22
block 68 22
block 69 22
block 70 22
block 71 22
block 72 22
block 73 22
block 74 22
block 18 23
block 19 23
block 20 23
block 35 23
block 36 23
block 37 23
block 38 23
block 39 23
block 40 23
block 41 23
block 42 23
block 43 23
block 44 23
block 45 23
block 46 23
block 68 23
block 69 23
block 70 23
block 71 23
block 72 23
block 73 23
block 74 23
block 18 24
block 19 24
block 20 24
block 35 24
block 36 24
block 37 24
block 38 24
block 39 24
block 40 24
block 41 24
block 42 24
block 43 24
block 44 24
block 45 24
block 46 24
block 62 24
block 63 24
block 64 24
block 65 24
block 66 24
block 10 25
block 11 25
block 12 25
block 13 25
block 14 25
block 35 25
block 36 25
block 37 25
block 38 25
block 39 25
block 40 25
block 41 25
block 62 25
block 63 25
block 64 25
block 65 25
block 66 25
block 10 26
block 11 26
block 12 26
block 13 26
block 14 26
block 35 26
block 36 26
block 37 26
block 38 26
block 39 26
block 40 26
block 41 26
block 62 26
block 63 26
block 64 26
block 65 26
block 66 26
block 8 27
block 9 27
block 10 27
block 11 27
block 12 27
block 13 27
block 14 27
block 35 27
block 36 27
block 37 27
block 38 27
block 39 27
block 40 27
block 41 27
block 59 27
block 60 27
block 62 27
block 63 27
block 64 27
block 65 27
block 66 27
block 8 28
block 9 28
block 10 28
block 34 28
block 35 28
block 36 28
block 37 28
block 38 28
block 39 28
block 40 28
block 41 28
block 46 28
block 47 28
block 54 28
block 55 28
block 59 28
block 60 28
##BotsAndCoinsInfo
bot_name 0 theBest
bot 0 15 7
bot_coins 0 0
coin 19 9
coin 59 19
round 1
bot 0 15 8
round 2
bot 0 15 9
round 3
bot 0 15 10
round 4
bot 0 15 11
round 5
bot 0 15 12
coin 22 15
coin 56 13
round 6
bot 0 15 13
round 7
bot 0 15 14
round 8
bot 0 15 15
round 9
bot 0 15 16
round 10
bot 0 15 17
coin 74 24
coin 4 4
round 11
bot 0 15 18
round 12
bot 0 15 19
round 13
bot 0 15 20
round 14
bot 0 15 21
round 15
bot 0 15 22
coin 62 8
coin 16 20
round 16
bot 0 15 23
round 17
bot 0 15 24
round 18
bot 0 15 25
round 19
bot 0 15 26
round 20
bot 0 15 27
coin 1 25
coin 77 3
round 21
bot 0 15 28
round 22
bot 0 16 28
round 23
bot 0 17 28
round 24
bot 0 18 28
round 25
bot 0 19 28
coin 15 22
coin 63 5
round 26
bot 0 20 28
round 27
bot 0 21 28
round 28
bot 0 22 28
round 29
bot 0 23 28
round 30
bot 0 24 28
coin 26 15
coin 53 13
round 31
bot 0 25 28
round 32
bot 0 26 28
round 33
bot 0 27 28
round 34
bot 0 28 28
round 35
bot 0 29 28
coin 68 20
coin 10 8
round 36
bot 0 30 28
round 37
bot 0 31 28
round 38
bot 0 32 28
round 39
bot 0 33 28
round 40
coin 27 0
coin 51 28
round 41
round 42
round 43
round 44
round 45
coin 65 2
coin 13 24
round 46
round 47
round 48
round 49
round 50
coin 37 0
coin 42 28
round 51
round 52
round 53
round 54
round 55
coin 27 19
coin 50 9
round 56
round 57
round 58
round 59
round 60
coin 35 19
coin 43 9
round 61
round 62
round 63
round 64
round 65
coin 47 8
coin 31 20
round 66
round 67
round 68
round 69
round 70
coin 6 11
coin 72 17
round 71
round 72
round 73
round 74
round 75
coin 24 0
coin 54 27
round 76
round 77
round 78
round 79
round 80
coin 53 16
coin 25 12
round 81
round 82
round 83
round 84
round 85
coin 6 8
coin 72 20
round 86
round 87
round 88
round 89
round 90
coin 30 27
coin 48 1
round 91
round 92
round 93
round 94
round 95
coin 69 21
coin 9 7
round 96
round 97
round 98
round 99
round 100
coin 47 22
coin 31 6
round 101
round 102
round 103
round 104
round 105
coin 45 25
coin 33 3
round 106
round 107
round 108
round 109
round 110
coin 27 15
coin 51 12
round 111
round 112
round 113
round 114
round 115
coin 58 28
coin 20 0
round 116
round 117
round 118
round 119
round 120
coin 48 14
coin 30 14
round 121
round 122
round 123
round 124
round 125
coin 11 2
coin 67 26
round 126
round 127
round 128
round 129
round 130
coin 8 10
coin 70 18
round 131
round 132
round 133
round 134
round 135
coin 21 19
coin 57 9
round 136
round 137
round 138
round 139
round 140
coin 53 22
coin 25 6
round 141
round 142
round 143
round 144
round 145
coin 63 4
coin 15 24
round 146
round 147
round 148
round 149
round 150
coin 75 6
coin 3 23
round 151
round 152
round 153
round 154
round 155
coin 67 20
coin 11 8
round 156
round 157
round 158
round 159
round 160
coin 22 13
coin 56 15
round 161
round 162
round 163
round 164
round 165
coin 24 25
coin 53 3
round 166
round 167
round 168
round 169
round 170
coin 58 5
coin 21 23
round 171
round 172
round 173
round 174
round 175
coin 24 19
coin 54 10
round 176
round 177
round 178
round 179
round 180
coin 62 5
coin 16 23
round 181
round 182
round 183
round 184
round 185
coin 71 24
coin 7 4
round 186
round 187
round 188
round 189
round 190
coin 71 6
coin 7 23
round 191
round 192
round 193
round 194
round 195
coin 33 11
coin 45 17
round 196
round 197
round 198
round 199
round 200
coin 37 4
coin 42 25
match_over 0
