match
match_id 1639504181671_ag
match_time 1639504181678
num_bots 1
##MatchConfig
mode FRIENDLY
num_rounds 200
random_seed 42
move_time_limit 1000
coin_spawn_period 5
coin_spawn_volume 2
##MapConfig
map_size 72 28
view_radius 5
mining_radius 2
attack_radius 3
block 0 0
block 1 0
block 2 0
block 27 0
block 28 0
block 30 0
block 31 0
block 32 0
block 33 0
block 34 0
block 35 0
block 36 0
block 46 0
block 47 0
block 48 0
block 54 0
block 55 0
block 56 0
block 57 0
block 61 0
block 62 0
block 63 0
block 64 0
block 65 0
block 66 0
block 67 0
block 68 0
block 69 0
block 70 0
block 71 0
block 0 1
block 1 1
block 2 1
block 27 1
block 28 1
block 30 1
block 31 1
block 32 1
block 33 1
block 34 1
block 35 1
block 36 1
block 46 1
block 47 1
block 48 1
block 54 1
block 55 1
block 56 1
block 57 1
block 61 1
block 62 1
block 63 1
block 64 1
block 65 1
block 66 1
block 67 1
block 69 1
block 70 1
block 71 1
block 0 2
block 1 2
block 2 2
block 30 2
block 31 2
block 32 2
block 33 2
block 34 2
block 35 2
block 36 2
block 46 2
block 47 2
block 48 2
block 54 2
block 55 2
block 56 2
block 57 2
block 69 2
block 70 2
block 71 2
block 30 3
block 31 3
block 32 3
block 33 3
block 34 3
block 35 3
block 36 3
block 46 3
block 47 3
block 48 3
block 30 4
block 31 4
block 32 4
block 33 4
block 30 5
block 31 5
block 32 5
block 33 5
block 55 5
block 56 5
block 57 5
block 58 5
block 59 5
block 60 5
block 30 6
block 31 6
block 32 6
block 33 6
block 55 6
block 56 6
block 57 6
block 58 6
block 59 6
block 60 6
block 67 6
block 68 6
block 69 6
block 70 6
block 3 7
block 4 7
block 5 7
block 55 7
block 56 7
block 57 7
block 58 7
block 59 7
block 60 7
block 67 7
block 68 7
block 69 7
block 70 7
block 3 8
block 4 8
block 5 8
block 55 8
block 56 8
block 57 8
block 58 8
block 59 8
block 60 8
block 3 9
block 4 9
block 41 9
block 42 9
block 55 9
block 56 9
block 57 9
block 58 9
block 59 9
block 60 9
block 65 9
block 66 9
block 69 9
block 70 9
block 3 10
block 4 10
block 41 10
block 42 10
block 49 10
block 50 10
block 51 10
block 52 10
block 53 10
block 55 10
block 56 10
block 57 10
block 58 10
block 59 10
block 60 10
block 65 10
block 66 10
block 67 10
block 68 10
block 69 10
block 70 10
block 3 11
block 4 11
block 41 11
block 42 11
block 49 11
block 50 11
block 51 11
block 52 11
block 53 11
block 55 11
block 56 11
block 57 11
block 58 11
block 59 11
block 60 11
block 65 11
block 66 11
block 67 11
block 68 11
block 69 11
block 70 11
block 3 12
block 4 12
block 41 12
block 42 12
block 49 12
block 50 12
block 51 12
block 52 12
block 53 12
block 65 12
block 66 12
block 67 12
block 68 12
block 69 12
block 70 12
block 16 13
block 17 13
block 41 13
block 42 13
block 49 13
block 50 13
block 51 13
block 52 13
block 53 13
block 65 13
block 66 13
block 67 13
block 68 13
block 69 13
block 70 13
block 16 14
block 17 14
block 49 14
block 50 14
block 51 14
block 52 14
block 53 14
block 64 14
block 65 14
block 66 14
block 67 14
block 68 14
block 69 14
block 70 14
block 16 15
block 17 15
block 49 15
block 50 15
block 51 15
block 52 15
block 53 15
block 64 15
block 65 15
block 66 15
block 67 15
block 68 15
block 69 15
block 70 15
block 16 16
block 17 16
block 49 16
block 50 16
block 51 16
block 52 16
block 53 16
block 64 16
block 65 16
block 66 16
block 67 16
block 68 16
block 69 16
block 70 16
block 35 17
block 36 17
block 37 17
block 38 17
block 39 17
block 49 17
block 50 17
block 51 17
block 64 17
block 65 17
block 66 17
block 67 17
block 68 17
block 69 17
block 70 17
block 35 18
block 36 18
block 37 18
block 38 18
block 39 18
block 49 18
block 50 18
block 51 18
block 64 18
block 65 18
block 66 18
block 67 18
block 68 18
block 69 18
block 62 19
block 63 19
block 64 19
block 65 19
block 66 19
block 67 19
block 68 19
block 69 19
block 12 20
block 13 20
block 62 20
block 63 20
block 64 20
block 65 20
block 66 20
block 67 20
block 68 20
block 69 20
block 12 21
block 13 21
block 62 21
block 63 21
block 7 22
block 8 22
block 9 22
block 10 22
block 11 22
block 12 22
block 13 22
block 62 22
block 63 22
block 64 22
block 65 22
block 66 22
block 67 22
block 68 22
block 7 23
block 8 23
block 9 23
block 10 23
block 11 23
block 12 23
block 13 23
block 62 23
block 63 23
block 64 23
block 65 23
block 66 23
block 67 23
block 68 23
block 7 24
block 8 24
block 9 24
block 10 24
block 11 24
block 62 24
block 63 24
block 64 24
block 65 24
block 66 24
block 67 24
block 68 24
block 0 25
block 1 25
block 62 25
block 63 25
block 64 25
block 65 25
block 66 25
block 67 25
block 68 25
block 69 25
block 70 25
block 71 25
block 0 26
block 1 26
block 62 26
block 63 26
block 64 26
block 65 26
block 66 26
block 67 26
block 68 26
block 69 26
block 70 26
block 71 26
block 0 27
block 1 27
block 2 27
block 30 27
block 31 27
block 32 27
block 33 27
block 34 27
block 35 27
block 36 27
block 61 27
block 62 27
block 63 27
block 64 27
block 65 27
block 66 27
block 67 27
block 68 27
block 69 27
block 70 27
block 71 27
##BotsAndCoinsInfo
bot_name 0 theBest
bot 0 61 7
bot_coins 0 0
coin 26 19
coin 45 8
round 1
round 2
round 3
match_over 0
round 4
