match
match_id 1639521995956_at
match_time 1639521995966
num_bots 1
##MatchConfig
mode FRIENDLY
num_rounds 200
random_seed 42
move_time_limit 1000
coin_spawn_period 5
coin_spawn_volume 2
##MapConfig
map_size 65 23
view_radius 6
mining_radius 1
attack_radius 3
block 15 0
block 16 0
block 17 0
block 18 0
block 19 0
block 20 0
block 21 0
block 22 0
block 41 0
block 42 0
block 43 0
block 44 0
block 45 0
block 46 0
block 49 0
block 50 0
block 51 0
block 52 0
block 53 0
block 54 0
block 15 1
block 16 1
block 17 1
block 18 1
block 19 1
block 20 1
block 21 1
block 22 1
block 49 1
block 50 1
block 51 1
block 52 1
block 53 1
block 12 2
block 13 2
block 14 2
block 15 2
block 16 2
block 20 2
block 21 2
block 22 2
block 0 3
block 1 3
block 2 3
block 3 3
block 4 3
block 12 3
block 13 3
block 14 3
block 15 3
block 16 3
block 20 3
block 21 3
block 22 3
block 0 4
block 1 4
block 2 4
block 3 4
block 4 4
block 0 5
block 1 5
block 2 5
block 3 5
block 4 5
block 8 5
block 9 5
block 10 5
block 0 6
block 1 6
block 2 6
block 3 6
block 4 6
block 5 6
block 6 6
block 7 6
block 8 6
block 9 6
block 10 6
block 26 6
block 27 6
block 28 6
block 29 6
block 64 6
block 0 7
block 1 7
block 2 7
block 3 7
block 4 7
block 5 7
block 6 7
block 7 7
block 8 7
block 9 7
block 10 7
block 26 7
block 27 7
block 28 7
block 29 7
block 48 7
block 49 7
block 50 7
block 64 7
block 0 8
block 1 8
block 2 8
block 3 8
block 4 8
block 5 8
block 6 8
block 7 8
block 8 8
block 9 8
block 10 8
block 13 8
block 14 8
block 15 8
block 16 8
block 17 8
block 26 8
block 27 8
block 28 8
block 29 8
block 48 8
block 49 8
block 50 8
block 56 8
block 57 8
block 58 8
block 59 8
block 60 8
block 61 8
block 62 8
block 63 8
block 64 8
block 0 9
block 1 9
block 2 9
block 3 9
block 4 9
block 5 9
block 6 9
block 7 9
block 8 9
block 9 9
block 10 9
block 13 9
block 14 9
block 15 9
block 16 9
block 17 9
block 26 9
block 27 9
block 28 9
block 29 9
block 48 9
block 49 9
block 50 9
block 56 9
block 57 9
block 58 9
block 59 9
block 60 9
block 61 9
block 62 9
block 63 9
block 64 9
block 0 10
block 1 10
block 2 10
block 3 10
block 5 10
block 6 10
block 7 10
block 8 10
block 9 10
block 10 10
block 26 10
block 27 10
block 28 10
block 29 10
block 48 10
block 49 10
block 50 10
block 51 10
block 52 10
block 53 10
block 54 10
block 55 10
block 56 10
block 57 10
block 58 10
block 59 10
block 60 10
block 61 10
block 62 10
block 0 11
block 1 11
block 2 11
block 3 11
block 5 11
block 6 11
block 7 11
block 8 11
block 9 11
block 10 11
block 26 11
block 27 11
block 28 11
block 29 11
block 35 11
block 36 11
block 48 11
block 49 11
block 50 11
block 51 11
block 52 11
block 53 11
block 54 11
block 55 11
block 56 11
block 57 11
block 58 11
block 59 11
block 60 11
block 61 11
block 62 11
block 0 12
block 1 12
block 2 12
block 3 12
block 5 12
block 6 12
block 7 12
block 8 12
block 9 12
block 10 12
block 26 12
block 27 12
block 28 12
block 29 12
block 35 12
block 36 12
block 37 12
block 38 12
block 50 12
block 51 12
block 52 12
block 56 12
block 57 12
block 58 12
block 59 12
block 60 12
block 61 12
block 62 12
block 63 12
block 64 12
block 0 13
block 1 13
block 2 13
block 3 13
block 8 13
block 9 13
block 14 13
block 15 13
block 35 13
block 36 13
block 37 13
block 38 13
block 50 13
block 51 13
block 52 13
block 56 13
block 57 13
block 58 13
block 59 13
block 60 13
block 61 13
block 62 13
block 63 13
block 64 13
block 0 14
block 1 14
block 2 14
block 3 14
block 8 14
block 9 14
block 14 14
block 15 14
block 35 14
block 36 14
block 50 14
block 51 14
block 52 14
block 56 14
block 57 14
block 58 14
block 59 14
block 60 14
block 61 14
block 62 14
block 63 14
block 64 14
block 0 15
block 1 15
block 2 15
block 3 15
block 14 15
block 15 15
block 63 15
block 64 15
block 0 16
block 1 16
block 2 16
block 3 16
block 14 16
block 15 16
block 47 16
block 48 16
block 63 16
block 64 16
block 0 17
block 1 17
block 2 17
block 3 17
block 14 17
block 15 17
block 47 17
block 48 17
block 63 17
block 64 17
block 0 18
block 1 18
block 2 18
block 3 18
block 18 18
block 19 18
block 20 18
block 21 18
block 22 18
block 23 18
block 24 18
block 47 18
block 48 18
block 49 18
block 50 18
block 51 18
block 52 18
block 53 18
block 63 18
block 64 18
block 18 19
block 19 19
block 20 19
block 21 19
block 22 19
block 23 19
block 24 19
block 49 19
block 50 19
block 51 19
block 52 19
block 53 19
block 18 20
block 19 20
block 20 20
block 21 20
block 22 20
block 23 20
block 24 20
block 49 20
block 50 20
block 51 20
block 52 20
block 53 20
block 54 20
block 55 20
block 56 20
block 57 20
block 58 20
block 15 21
block 16 21
block 17 21
block 18 21
block 19 21
block 20 21
block 21 21
block 22 21
block 23 21
block 24 21
block 49 21
block 50 21
block 51 21
block 52 21
block 53 21
block 54 21
block 55 21
block 56 21
block 57 21
block 58 21
block 15 22
block 16 22
block 17 22
block 18 22
block 19 22
block 41 22
block 42 22
block 43 22
block 44 22
block 45 22
block 46 22
block 49 22
block 50 22
block 51 22
block 52 22
block 53 22
block 54 22
block 55 22
block 56 22
block 57 22
block 58 22
##BotsAndCoinsInfo
bot_name 0 theBest
bot 0 14 10
bot_coins 0 0
coin 64 4
coin 0 19
round 1
round 2
round 3
round 4
round 5
coin 47 10
coin 17 12
round 6
round 7
round 8
round 9
round 10
coin 64 5
coin 1 19
round 11
round 12
round 13
round 14
round 15
coin 0 20
coin 64 2
round 16
round 17
round 18
round 19
round 20
coin 29 14
coin 35 8
round 21
round 22
round 23
round 24
round 25
coin 52 15
coin 12 7
round 26
round 27
round 28
round 29
round 30
coin 21 22
coin 43 1
round 31
round 32
round 33
round 34
round 35
coin 46 6
coin 18 16
round 36
round 37
round 38
round 39
round 40
coin 61 15
coin 5 5
round 41
round 42
round 43
round 44
round 45
coin 62 16
coin 5 4
round 46
round 47
round 48
round 49
round 50
coin 40 22
coin 24 0
round 51
round 52
round 53
round 54
round 55
coin 26 21
coin 38 1
round 56
round 57
round 58
round 59
round 60
coin 38 0
coin 26 22
round 61
round 62
round 63
round 64
round 65
coin 25 20
coin 39 2
round 66
round 67
round 68
round 69
round 70
coin 32 11
coin 33 11
round 71
round 72
round 73
round 74
round 75
coin 25 4
coin 39 18
round 76
round 77
round 78
round 79
round 80
coin 6 5
coin 58 17
round 81
round 82
round 83
round 84
round 85
coin 7 18
coin 57 4
round 86
round 87
round 88
round 89
round 90
coin 32 8
coin 32 14
round 91
round 92
round 93
round 94
round 95
coin 28 1
coin 36 21
round 96
round 97
round 98
round 99
round 100
coin 44 16
coin 20 6
round 101
round 102
round 103
round 104
round 105
coin 8 22
coin 56 0
round 106
round 107
round 108
round 109
round 110
coin 16 14
coin 47 8
round 111
round 112
round 113
round 114
round 115
coin 42 16
coin 22 6
round 116
round 117
round 118
round 119
round 120
coin 27 3
coin 37 19
round 121
round 122
round 123
round 124
round 125
coin 48 3
coin 16 19
round 126
round 127
round 128
round 129
round 130
coin 5 3
coin 59 19
round 131
round 132
round 133
round 134
round 135
coin 40 12
coin 24 10
round 136
round 137
round 138
round 139
round 140
coin 38 6
coin 26 16
round 141
round 142
round 143
round 144
round 145
coin 36 22
coin 28 0
round 146
round 147
round 148
round 149
round 150
coin 32 1
coin 32 21
round 151
round 152
round 153
round 154
round 155
coin 32 17
coin 32 5
round 156
round 157
round 158
round 159
round 160
coin 24 1
coin 40 21
round 161
round 162
round 163
round 164
round 165
coin 33 6
coin 31 16
round 166
round 167
round 168
round 169
round 170
coin 35 10
coin 30 12
round 171
round 172
round 173
round 174
round 175
coin 45 10
coin 19 12
round 176
round 177
round 178
round 179
round 180
coin 13 1
coin 48 21
round 181
round 182
round 183
round 184
round 185
coin 13 19
coin 51 3
round 186
round 187
round 188
round 189
round 190
coin 17 2
coin 47 20
round 191
round 192
round 193
round 194
round 195
coin 55 7
coin 9 15
round 196
round 197
round 198
round 199
round 200
coin 40 11
coin 24 11
match_over 0
