match
match_id 1639506275236_aw
match_time 1639506275242
num_bots 1
##MatchConfig
mode FRIENDLY
num_rounds 200
random_seed 42
move_time_limit 1000
coin_spawn_period 5
coin_spawn_volume 2
##MapConfig
map_size 65 25
view_radius 5
mining_radius 1
attack_radius 3
block 0 0
block 1 0
block 2 0
block 3 0
block 43 0
block 44 0
block 45 0
block 46 0
block 47 0
block 48 0
block 62 0
block 63 0
block 64 0
block 0 1
block 1 1
block 2 1
block 3 1
block 4 1
block 13 1
block 14 1
block 15 1
block 16 1
block 17 1
block 18 1
block 19 1
block 43 1
block 44 1
block 45 1
block 46 1
block 47 1
block 48 1
block 49 1
block 50 1
block 62 1
block 63 1
block 64 1
block 0 2
block 1 2
block 2 2
block 3 2
block 4 2
block 13 2
block 14 2
block 15 2
block 16 2
block 17 2
block 18 2
block 19 2
block 43 2
block 44 2
block 45 2
block 46 2
block 47 2
block 48 2
block 49 2
block 50 2
block 62 2
block 63 2
block 64 2
block 1 3
block 2 3
block 3 3
block 4 3
block 5 3
block 6 3
block 7 3
block 8 3
block 9 3
block 10 3
block 17 3
block 18 3
block 19 3
block 20 3
block 22 3
block 23 3
block 24 3
block 43 3
block 44 3
block 45 3
block 46 3
block 47 3
block 48 3
block 49 3
block 50 3
block 55 3
block 56 3
block 1 4
block 2 4
block 3 4
block 4 4
block 5 4
block 6 4
block 7 4
block 8 4
block 9 4
block 10 4
block 17 4
block 18 4
block 19 4
block 20 4
block 22 4
block 23 4
block 24 4
block 43 4
block 44 4
block 45 4
block 46 4
block 47 4
block 48 4
block 49 4
block 50 4
block 55 4
block 56 4
block 1 5
block 2 5
block 3 5
block 4 5
block 5 5
block 6 5
block 7 5
block 8 5
block 9 5
block 10 5
block 55 5
block 56 5
block 5 6
block 6 6
block 7 6
block 50 6
block 51 6
block 52 6
block 53 6
block 54 6
block 55 6
block 56 6
block 57 6
block 58 6
block 5 7
block 6 7
block 7 7
block 50 7
block 51 7
block 52 7
block 53 7
block 54 7
block 55 7
block 56 7
block 57 7
block 58 7
block 15 8
block 16 8
block 17 8
block 18 8
block 19 8
block 20 8
block 21 8
block 22 8
block 23 8
block 24 8
block 25 8
block 26 8
block 36 8
block 37 8
block 38 8
block 39 8
block 50 8
block 51 8
block 52 8
block 53 8
block 54 8
block 55 8
block 56 8
block 57 8
block 58 8
block 15 9
block 16 9
block 17 9
block 18 9
block 19 9
block 20 9
block 21 9
block 22 9
block 23 9
block 24 9
block 25 9
block 26 9
block 36 9
block 37 9
block 38 9
block 39 9
block 50 9
block 51 9
block 52 9
block 53 9
block 54 9
block 55 9
block 56 9
block 57 9
block 58 9
block 35 10
block 36 10
block 37 10
block 38 10
block 39 10
block 40 10
block 41 10
block 50 10
block 51 10
block 52 10
block 53 10
block 54 10
block 55 10
block 35 11
block 36 11
block 37 11
block 38 11
block 39 11
block 40 11
block 41 11
block 0 12
block 35 12
block 36 12
block 37 12
block 38 12
block 39 12
block 40 12
block 41 12
block 42 12
block 43 12
block 44 12
block 45 12
block 46 12
block 47 12
block 48 12
block 61 12
block 62 12
block 63 12
block 64 12
block 0 13
block 8 13
block 9 13
block 10 13
block 11 13
block 35 13
block 36 13
block 37 13
block 38 13
block 39 13
block 40 13
block 41 13
block 42 13
block 43 13
block 44 13
block 45 13
block 46 13
block 47 13
block 48 13
block 61 13
block 62 13
block 63 13
block 64 13
block 8 14
block 9 14
block 10 14
block 11 14
block 35 14
block 36 14
block 37 14
block 38 14
block 39 14
block 40 14
block 41 14
block 42 14
block 43 14
block 44 14
block 45 14
block 46 14
block 47 14
block 48 14
block 8 15
block 9 15
block 10 15
block 11 15
block 35 15
block 36 15
block 37 15
block 38 15
block 39 15
block 40 15
block 41 15
block 42 15
block 43 15
block 44 15
block 45 15
block 46 15
block 47 15
block 48 15
block 2 16
block 3 16
block 4 16
block 8 16
block 9 16
block 10 16
block 11 16
block 35 16
block 36 16
block 37 16
block 38 16
block 39 16
block 40 16
block 41 16
block 42 16
block 43 16
block 44 16
block 45 16
block 46 16
block 47 16
block 48 16
block 2 17
block 3 17
block 4 17
block 8 17
block 9 17
block 10 17
block 11 17
block 35 17
block 36 17
block 42 17
block 43 17
block 44 17
block 45 17
block 46 17
block 47 17
block 48 17
block 2 18
block 3 18
block 4 18
block 8 18
block 9 18
block 10 18
block 11 18
block 45 18
block 46 18
block 47 18
block 48 18
block 4 19
block 5 19
block 6 19
block 7 19
block 8 19
block 9 19
block 10 19
block 11 19
block 13 19
block 14 19
block 15 19
block 45 19
block 46 19
block 47 19
block 48 19
block 4 20
block 5 20
block 6 20
block 7 20
block 8 20
block 10 20
block 11 20
block 13 20
block 14 20
block 15 20
block 45 20
block 46 20
block 47 20
block 48 20
block 0 21
block 1 21
block 2 21
block 4 21
block 5 21
block 6 21
block 7 21
block 8 21
block 9 21
block 10 21
block 11 21
block 13 21
block 14 21
block 15 21
block 45 21
block 46 21
block 47 21
block 48 21
block 62 21
block 63 21
block 64 21
block 0 22
block 1 22
block 2 22
block 8 22
block 9 22
block 10 22
block 11 22
block 13 22
block 14 22
block 15 22
block 45 22
block 46 22
block 47 22
block 48 22
block 62 22
block 63 22
block 64 22
block 0 23
block 1 23
block 2 23
block 3 23
block 13 23
block 14 23
block 15 23
block 62 23
block 63 23
block 64 23
block 0 24
block 1 24
block 2 24
block 3 24
block 13 24
block 14 24
block 15 24
block 43 24
block 44 24
block 45 24
block 46 24
block 47 24
block 48 24
block 62 24
block 63 24
block 64 24
##BotsAndCoinsInfo
bot_name 0 theBest
bot 0 54 0
bot_coins 0 0
coin 1 13
coin 63 11
round 1
round 2
round 3
match_over 0
round 4
