match
match_id 1639511836573_al
match_time 1639511836575
num_bots 1
##MatchConfig
mode FRIENDLY
num_rounds 200
random_seed 42
move_time_limit 1000
coin_spawn_period 5
coin_spawn_volume 2
##MapConfig
map_size 56 30
view_radius 6
mining_radius 1
attack_radius 4
block 14 0
block 15 0
block 42 0
block 43 0
block 44 0
block 45 0
block 46 0
block 47 0
block 14 1
block 15 1
block 42 1
block 43 1
block 44 1
block 45 1
block 46 1
block 47 1
block 14 2
block 15 2
block 42 2
block 43 2
block 44 2
block 45 2
block 46 2
block 47 2
block 42 3
block 43 3
block 44 3
block 45 3
block 46 3
block 47 3
block 48 3
block 47 4
block 48 4
block 0 6
block 1 6
block 2 6
block 3 6
block 4 6
block 5 6
block 0 7
block 1 7
block 2 7
block 3 7
block 4 7
block 5 7
block 24 7
block 25 7
block 26 7
block 27 7
block 28 7
block 29 7
block 0 8
block 1 8
block 2 8
block 3 8
block 4 8
block 5 8
block 24 8
block 25 8
block 26 8
block 27 8
block 28 8
block 29 8
block 24 9
block 25 9
block 26 9
block 27 9
block 28 9
block 29 9
block 21 10
block 22 10
block 23 10
block 24 10
block 25 10
block 26 10
block 27 10
block 28 10
block 29 10
block 21 11
block 22 11
block 23 11
block 24 11
block 17 12
block 18 12
block 19 12
block 20 12
block 21 12
block 22 12
block 23 12
block 24 12
block 17 13
block 18 13
block 19 13
block 20 13
block 21 13
block 22 13
block 23 13
block 17 14
block 18 14
block 19 14
block 20 14
block 21 14
block 22 14
block 23 14
block 30 16
block 31 16
block 32 16
block 33 16
block 34 16
block 30 17
block 31 17
block 32 17
block 33 17
block 34 17
block 42 17
block 43 17
block 44 17
block 45 17
block 46 17
block 47 17
block 48 17
block 30 18
block 31 18
block 32 18
block 33 18
block 34 18
block 42 18
block 43 18
block 44 18
block 45 18
block 46 18
block 47 18
block 48 18
block 49 18
block 50 18
block 51 18
block 52 18
block 0 19
block 30 19
block 31 19
block 32 19
block 33 19
block 34 19
block 42 19
block 43 19
block 44 19
block 45 19
block 46 19
block 47 19
block 48 19
block 49 19
block 50 19
block 51 19
block 52 19
block 53 19
block 54 19
block 55 19
block 0 20
block 42 20
block 43 20
block 44 20
block 45 20
block 46 20
block 47 20
block 48 20
block 49 20
block 50 20
block 51 20
block 52 20
block 53 20
block 54 20
block 55 20
block 0 21
block 42 21
block 43 21
block 44 21
block 45 21
block 46 21
block 47 21
block 48 21
block 49 21
block 50 21
block 51 21
block 52 21
block 53 21
block 54 21
block 55 21
block 0 22
block 1 22
block 2 22
block 3 22
block 4 22
block 5 22
block 42 22
block 43 22
block 44 22
block 45 22
block 46 22
block 47 22
block 48 22
block 0 23
block 1 23
block 2 23
block 3 23
block 4 23
block 5 23
block 42 23
block 43 23
block 44 23
block 45 23
block 46 23
block 47 23
block 48 23
block 14 27
block 15 27
block 14 28
block 15 28
block 42 28
block 43 28
block 44 28
block 45 28
block 46 28
block 47 28
block 14 29
block 15 29
block 42 29
block 43 29
block 44 29
block 45 29
block 46 29
block 47 29
##BotsAndCoinsInfo
bot_name 0 theBest
bot 0 29 4
bot_coins 0 0
coin 50 3
coin 5 26
round 1
round 2
round 3
round 4
round 5
coin 48 14
coin 7 15
round 6
round 7
round 8
round 9
round 10
coin 26 25
coin 30 4
round 11
coin_collected 30 4 0
bot_coins 0 1
round 12
round 13
round 14
round 15
coin 1 9
coin 54 22
round 16
round 17
round 18
round 19
round 20
coin 55 23
coin 55 6
round 21
round 22
round 23
round 24
round 25
coin 38 2
coin 17 27
round 26
round 27
round 28
round 29
round 30
coin 28 12
coin 27 17
round 31
round 32
round 33
round 34
round 35
coin 36 2
coin 19 27
round 36
round 37
round 38
round 39
round 40
coin 0 0
coin 55 29
round 41
round 42
round 43
round 44
round 45
coin 7 29
coin 48 0
round 46
round 47
round 48
round 49
round 50
coin 40 13
coin 15 16
round 51
round 52
round 53
round 54
round 55
coin 51 3
coin 4 26
round 56
round 57
round 58
round 59
round 60
coin 35 21
coin 20 8
round 61
round 62
round 63
round 64
round 65
coin 13 28
coin 41 1
round 66
round 67
round 68
round 69
round 70
coin 11 6
coin 44 24
round 71
round 72
round 73
round 74
round 75
coin 26 6
coin 29 23
round 76
round 77
round 78
round 79
round 80
coin 30 5
coin 25 24
round 81
round 82
round 83
round 84
round 85
coin 17 17
coin 38 12
round 86
round 87
round 88
round 89
round 90
coin 12 13
coin 43 16
round 91
round 92
round 93
round 94
round 95
coin 49 24
coin 6 5
round 96
round 97
round 98
round 99
round 100
coin 27 25
coin 28 4
round 101
coin_collected 28 4 0
bot_coins 0 2
round 102
round 103
round 104
round 105
coin 7 7
coin 49 22
round 106
round 107
round 108
round 109
round 110
coin 31 24
coin 24 5
round 111
round 112
round 113
round 114
round 115
coin 55 5
coin 0 24
round 116
round 117
round 118
round 119
round 120
coin 13 13
coin 42 16
round 121
round 122
round 123
round 124
round 125
coin 33 20
coin 22 9
round 126
round 127
round 128
round 129
round 130
coin 29 16
coin 26 13
round 131
round 132
round 133
round 134
round 135
coin 16 10
coin 39 19
round 136
round 137
round 138
round 139
round 140
coin 49 17
coin 6 12
round 141
round 142
round 143
round 144
round 145
coin 29 3
coin 26 26
round 146
coin_collected 29 3 0
bot_coins 0 3
round 147
round 148
round 149
round 150
coin 49 29
coin 6 0
round 151
round 152
round 153
round 154
round 155
coin 32 1
coin 23 28
round 156
round 157
round 158
round 159
round 160
coin 22 15
coin 33 14
round 161
round 162
round 163
round 164
round 165
coin 6 19
coin 49 10
round 166
round 167
round 168
round 169
round 170
coin 55 9
coin 1 20
round 171
round 172
round 173
round 174
round 175
coin 38 11
coin 17 18
round 176
round 177
round 178
round 179
round 180
coin 53 18
coin 2 11
round 181
round 182
round 183
round 184
round 185
coin 28 23
coin 27 6
round 186
round 187
round 188
round 189
round 190
coin 26 11
coin 29 18
round 191
round 192
round 193
round 194
round 195
coin 17 3
coin 38 26
round 196
round 197
round 198
round 199
round 200
coin 16 4
coin 39 25
match_over 0
