match
match_id 1639570597900_ad
match_time 1639570597906
num_bots 1
##MatchConfig
mode FRIENDLY
num_rounds 200
random_seed 42
move_time_limit 1000
coin_spawn_period 5
coin_spawn_volume 2
##MapConfig
map_size 73 31
view_radius 6
mining_radius 2
attack_radius 4
block 37 0
block 38 0
block 39 0
block 40 0
block 43 0
block 44 0
block 45 0
block 46 0
block 47 0
block 37 1
block 38 1
block 39 1
block 40 1
block 43 1
block 44 1
block 45 1
block 46 1
block 47 1
block 71 1
block 72 1
block 12 2
block 13 2
block 14 2
block 37 2
block 38 2
block 39 2
block 40 2
block 43 2
block 44 2
block 45 2
block 46 2
block 47 2
block 71 2
block 72 2
block 12 3
block 13 3
block 14 3
block 37 3
block 38 3
block 39 3
block 40 3
block 43 3
block 44 3
block 45 3
block 46 3
block 47 3
block 71 3
block 72 3
block 35 4
block 36 4
block 37 4
block 43 4
block 44 4
block 45 4
block 46 4
block 47 4
block 71 4
block 72 4
block 22 5
block 23 5
block 24 5
block 25 5
block 35 5
block 36 5
block 37 5
block 71 5
block 72 5
block 22 6
block 23 6
block 24 6
block 25 6
block 35 6
block 36 6
block 37 6
block 71 6
block 72 6
block 55 7
block 56 7
block 57 7
block 71 7
block 72 7
block 55 8
block 56 8
block 57 8
block 55 9
block 56 9
block 57 9
block 55 10
block 56 10
block 57 10
block 55 11
block 56 11
block 57 11
block 55 12
block 56 12
block 57 12
block 55 13
block 56 13
block 57 13
block 25 14
block 26 14
block 25 15
block 26 15
block 50 15
block 51 15
block 52 15
block 53 15
block 54 15
block 55 15
block 56 15
block 13 16
block 14 16
block 15 16
block 16 16
block 17 16
block 18 16
block 19 16
block 25 16
block 26 16
block 50 16
block 51 16
block 52 16
block 53 16
block 54 16
block 55 16
block 56 16
block 13 17
block 14 17
block 15 17
block 16 17
block 17 17
block 18 17
block 19 17
block 25 17
block 26 17
block 50 17
block 51 17
block 52 17
block 53 17
block 54 17
block 55 17
block 56 17
block 13 18
block 14 18
block 15 18
block 16 18
block 17 18
block 18 18
block 19 18
block 25 18
block 26 18
block 13 19
block 14 19
block 15 19
block 16 19
block 17 19
block 18 19
block 19 19
block 25 19
block 26 19
block 13 20
block 14 20
block 15 20
block 16 20
block 17 20
block 18 20
block 19 20
block 13 21
block 14 21
block 15 21
block 16 21
block 17 21
block 18 21
block 19 21
block 37 23
block 38 23
block 39 23
block 40 23
block 41 23
block 42 23
block 37 24
block 38 24
block 39 24
block 40 24
block 41 24
block 42 24
block 43 29
block 44 29
block 45 29
block 46 29
block 47 29
block 37 30
block 38 30
block 39 30
block 40 30
block 43 30
block 44 30
block 45 30
block 46 30
block 47 30
##BotsAndCoinsInfo
bot_name 0 NocTQx
bot 0 68 24
bot_coins 0 0
coin 12 10
coin 60 20
round 1
bot 0 69 24
round 2
bot 0 70 24
round 3
bot 0 71 24
round 4
bot 0 72 23
round 5
bot 0 0 23
coin 16 23
coin 56 6
round 6
bot 0 1 23
round 7
bot 0 2 23
round 8
bot 0 3 22
round 9
bot 0 4 22
round 10
bot 0 5 22
coin 30 28
coin 42 2
round 11
bot 0 6 22
round 12
bot 0 7 21
round 13
bot 0 8 21
round 14
bot 0 9 21
round 15
bot 0 10 21
coin 36 1
coin 36 29
round 16
bot 0 11 20
round 17
bot 0 12 21
round 18
bot 0 13 22
round 19
bot 0 14 23
coin_collected 16 23 0
bot_coins 0 1
round 20
bot 0 15 23
coin 53 3
coin 19 27
round 21
bot 0 16 24
round 22
bot 0 17 25
round 23
bot 0 18 26
coin_collected 19 27 0
bot_coins 0 2
round 24
bot 0 19 26
round 25
bot 0 20 26
coin 65 0
coin 7 30
round 26
bot 0 21 25
round 27
bot 0 22 25
round 28
bot 0 23 25
round 29
bot 0 24 25
round 30
bot 0 25 24
coin 30 27
coin 42 3
round 31
bot 0 26 25
round 32
bot 0 27 26
round 33
bot 0 28 27
coin_collected 30 27 0
bot_coins 0 3
round 34
bot 0 29 28
coin_collected 30 28 0
bot_coins 0 4
round 35
bot 0 30 28
coin 10 19
coin 62 11
round 36
bot 0 31 28
round 37
bot 0 32 29
round 38
bot 0 33 29
round 39
bot 0 34 29
coin_collected 36 29 0
bot_coins 0 5
round 40
bot 0 35 28
coin 65 21
coin 7 9
round 41
bot 0 36 27
round 42
bot 0 36 26
round 43
bot 0 36 25
round 44
bot 0 37 25
round 45
bot 0 38 26
coin 49 19
coin 23 11
round 46
bot 0 39 26
round 47
bot 0 40 26
round 48
bot 0 41 26
round 49
bot 0 42 25
round 50
bot 0 43 25
coin 54 8
coin 18 22
round 51
bot 0 44 25
round 52
bot 0 45 25
round 53
bot 0 46 24
round 54
bot 0 47 23
round 55
bot 0 48 22
coin 69 18
coin 3 12
round 56
bot 0 49 21
coin_collected 49 19 0
bot_coins 0 6
round 57
bot 0 50 21
round 58
bot 0 51 21
round 59
bot 0 52 21
round 60
bot 0 53 20
coin 72 18
coin 0 12
round 61
bot 0 54 20
round 62
bot 0 55 20
round 63
bot 0 56 20
round 64
bot 0 57 20
round 65
bot 0 58 20
coin_collected 60 20 0
bot_coins 0 7
coin 31 18
coin 41 12
round 66
bot 0 59 20
round 67
bot 0 60 20
round 68
bot 0 61 21
round 69
bot 0 62 21
round 70
bot 0 63 21
coin_collected 65 21 0
bot_coins 0 8
coin 29 21
coin 43 9
round 71
bot 0 64 20
round 72
bot 0 65 19
round 73
bot 0 66 18
round 74
bot 0 67 18
coin_collected 69 18 0
bot_coins 0 9
round 75
bot 0 68 18
coin 56 26
coin 16 4
round 76
bot 0 69 18
round 77
bot 0 70 18
coin_collected 72 18 0
bot_coins 0 10
round 78
bot 0 71 18
round 79
bot 0 72 18
round 80
bot 0 0 18
coin 15 15
coin 57 15
round 81
bot 0 0 17
round 82
bot 0 0 16
round 83
bot 0 0 15
round 84
bot 0 0 14
coin_collected 0 12 0
bot_coins 0 11
round 85
bot 0 1 13
coin 57 22
coin 15 8
round 86
bot 0 2 12
coin_collected 3 12 0
bot_coins 0 12
round 87
bot 0 3 11
round 88
bot 0 4 10
round 89
bot 0 5 9
coin_collected 7 9 0
bot_coins 0 13
round 90
bot 0 6 8
coin 57 20
coin 15 10
round 91
bot 0 7 8
round 92
bot 0 8 9
round 93
bot 0 9 10
round 94
bot 0 10 10
coin_collected 12 10 0
bot_coins 0 14
round 95
bot 0 11 10
coin 51 24
coin 21 6
round 96
bot 0 12 10
round 97
bot 0 13 10
coin_collected 15 10 0
bot_coins 0 15
round 98
bot 0 14 9
coin_collected 15 8 0
bot_coins 0 16
round 99
bot 0 15 8
round 100
bot 0 16 7
coin 37 19
coin 35 11
round 101
bot 0 16 6
coin_collected 16 4 0
bot_coins 0 17
round 102
bot 0 17 6
round 103
bot 0 18 6
round 104
bot 0 19 6
coin_collected 21 6 0
bot_coins 0 18
round 105
bot 0 20 6
coin 52 6
coin 20 24
round 106
bot 0 21 7
round 107
bot 0 22 8
round 108
bot 0 23 9
coin_collected 23 11 0
bot_coins 0 19
round 109
bot 0 24 9
round 110
bot 0 25 8
coin 12 12
coin 60 18
round 111
bot 0 26 8
round 112
bot 0 27 8
round 113
bot 0 28 8
round 114
bot 0 29 7
round 115
bot 0 30 7
coin 55 29
coin 17 1
round 116
bot 0 31 7
round 117
bot 0 32 8
round 118
bot 0 33 9
round 119
bot 0 34 10
coin_collected 35 11 0
bot_coins 0 20
round 120
bot 0 35 10
coin 53 4
coin 19 26
round 121
bot 0 36 9
round 122
bot 0 37 10
round 123
bot 0 38 11
round 124
bot 0 39 12
coin_collected 41 12 0
bot_coins 0 21
round 125
bot 0 40 11
coin 48 30
coin 24 0
round 126
bot 0 41 10
round 127
bot 0 42 9
coin_collected 43 9 0
bot_coins 0 22
round 128
bot 0 42 8
round 129
bot 0 42 7
round 130
bot 0 42 6
coin 28 1
coin 44 28
round 131
bot 0 42 5
coin_collected 42 3 0
bot_coins 0 23
round 132
bot 0 42 4
coin_collected 42 2 0
bot_coins 0 24
round 133
bot 0 43 5
round 134
bot 0 44 5
round 135
bot 0 45 5
coin 26 11
coin 46 19
round 136
bot 0 46 6
round 137
bot 0 47 6
round 138
bot 0 48 6
round 139
bot 0 49 6
round 140
bot 0 50 6
coin_collected 52 6 0
bot_coins 0 25
coin 65 22
coin 7 8
round 141
bot 0 51 5
round 142
bot 0 52 4
coin_collected 53 3 0
bot_coins 0 26
coin_collected 53 4 0
bot_coins 0 27
round 143
bot 0 53 5
round 144
bot 0 54 6
coin_collected 56 6 0
bot_coins 0 28
coin_collected 54 8 0
bot_coins 0 29
round 145
bot 0 55 6
coin 37 14
coin 35 16
round 146
bot 0 56 6
round 147
bot 0 57 6
round 148
bot 0 58 5
round 149
bot 0 59 5
round 150
bot 0 60 5
coin 4 22
coin 68 8
round 151
bot 0 61 5
round 152
bot 0 62 4
round 153
bot 0 63 3
round 154
bot 0 64 2
round 155
bot 0 65 1
coin_collected 65 0 0
bot_coins 0 30
coin 35 22
coin 37 8
round 156
bot 0 66 1
round 157
bot 0 67 1
round 158
bot 0 68 1
round 159
bot 0 69 0
round 160
bot 0 70 0
coin 24 27
coin 48 3
round 161
bot 0 71 0
round 162
bot 0 72 0
round 163
bot 0 0 30
round 164
bot 0 1 30
round 165
bot 0 2 30
coin 47 7
coin 25 23
round 166
bot 0 3 30
round 167
bot 0 4 30
round 168
bot 0 5 30
coin_collected 7 30 0
bot_coins 0 31
round 169
bot 0 6 30
round 170
bot 0 7 30
coin 63 4
coin 9 26
round 171
bot 0 8 29
round 172
bot 0 9 28
coin_collected 9 26 0
bot_coins 0 32
round 173
bot 0 10 27
round 174
bot 0 11 27
round 175
bot 0 12 27
coin 64 17
coin 8 13
round 176
bot 0 13 27
round 177
bot 0 14 26
round 178
bot 0 15 26
round 179
bot 0 16 26
round 180
bot 0 17 26
coin_collected 19 26 0
bot_coins 0 33
coin 9 2
coin 63 28
round 181
bot 0 18 25
round 182
bot 0 19 24
coin_collected 20 24 0
bot_coins 0 34
round 183
bot 0 18 23
coin_collected 18 22 0
bot_coins 0 35
round 184
bot 0 19 23
round 185
bot 0 20 23
coin 6 30
coin 66 0
round 186
bot 0 21 23
round 187
bot 0 22 23
round 188
bot 0 23 23
coin_collected 25 23 0
bot_coins 0 36
round 189
bot 0 24 24
round 190
bot 0 24 25
coin_collected 24 27 0
bot_coins 0 37
coin 14 13
coin 58 17
round 191
bot 0 24 24
round 192
bot 0 25 23
round 193
bot 0 26 22
round 194
bot 0 27 21
coin_collected 29 21 0
bot_coins 0 38
round 195
bot 0 28 20
coin 2 20
coin 70 10
round 196
bot 0 29 19
round 197
bot 0 30 18
coin_collected 31 18 0
bot_coins 0 39
round 198
bot 0 31 17
round 199
bot 0 32 16
round 200
bot 0 33 16
coin_collected 35 16 0
bot_coins 0 40
coin 43 22
coin 29 8
match_over 0
