match
match_id 1639507026916_az
match_time 1639507026926
num_bots 1
##MatchConfig
mode FRIENDLY
num_rounds 200
random_seed 42
move_time_limit 1000
coin_spawn_period 5
coin_spawn_volume 2
##MapConfig
map_size 55 39
view_radius 6
mining_radius 1
attack_radius 3
block 1 1
block 2 1
block 3 1
block 4 1
block 5 1
block 6 1
block 22 1
block 23 1
block 24 1
block 25 1
block 0 2
block 1 2
block 2 2
block 3 2
block 4 2
block 5 2
block 6 2
block 22 2
block 23 2
block 24 2
block 25 2
block 54 2
block 0 3
block 1 3
block 2 3
block 3 3
block 4 3
block 5 3
block 6 3
block 22 3
block 23 3
block 24 3
block 25 3
block 54 3
block 0 4
block 1 4
block 2 4
block 3 4
block 4 4
block 5 4
block 6 4
block 54 4
block 0 5
block 1 5
block 2 5
block 3 5
block 4 5
block 5 5
block 6 5
block 54 5
block 0 6
block 1 6
block 2 6
block 3 6
block 4 6
block 5 6
block 6 6
block 54 6
block 0 7
block 1 7
block 2 7
block 3 7
block 4 7
block 5 7
block 6 7
block 54 7
block 0 8
block 1 8
block 54 8
block 30 10
block 31 10
block 32 10
block 30 11
block 31 11
block 32 11
block 30 12
block 31 12
block 32 12
block 30 13
block 31 13
block 32 13
block 30 15
block 31 15
block 32 15
block 33 15
block 34 15
block 35 15
block 36 15
block 1 16
block 2 16
block 3 16
block 4 16
block 5 16
block 6 16
block 30 16
block 31 16
block 32 16
block 33 16
block 34 16
block 35 16
block 36 16
block 1 17
block 2 17
block 3 17
block 4 17
block 5 17
block 6 17
block 30 17
block 31 17
block 32 17
block 33 17
block 34 17
block 35 17
block 36 17
block 1 18
block 2 18
block 3 18
block 4 18
block 5 18
block 6 18
block 30 18
block 31 18
block 32 18
block 33 18
block 34 18
block 35 18
block 36 18
block 9 19
block 10 19
block 30 19
block 31 19
block 32 19
block 33 19
block 34 19
block 35 19
block 36 19
block 9 20
block 10 20
block 11 20
block 12 20
block 13 20
block 14 20
block 15 20
block 16 20
block 44 20
block 45 20
block 46 20
block 9 21
block 10 21
block 11 21
block 12 21
block 13 21
block 14 21
block 15 21
block 16 21
block 44 21
block 45 21
block 46 21
block 9 22
block 10 22
block 11 22
block 12 22
block 13 22
block 14 22
block 15 22
block 16 22
block 17 22
block 18 22
block 19 22
block 20 22
block 21 22
block 44 22
block 45 22
block 46 22
block 9 23
block 10 23
block 11 23
block 12 23
block 13 23
block 14 23
block 15 23
block 16 23
block 17 23
block 18 23
block 19 23
block 20 23
block 21 23
block 38 23
block 39 23
block 40 23
block 41 23
block 42 23
block 43 23
block 44 23
block 9 24
block 10 24
block 11 24
block 12 24
block 13 24
block 14 24
block 15 24
block 16 24
block 17 24
block 18 24
block 19 24
block 20 24
block 21 24
block 38 24
block 39 24
block 40 24
block 41 24
block 42 24
block 43 24
block 44 24
block 9 25
block 10 25
block 11 25
block 12 25
block 13 25
block 14 25
block 15 25
block 16 25
block 38 25
block 39 25
block 40 25
block 41 25
block 42 25
block 43 25
block 44 25
block 38 26
block 39 26
block 40 26
block 41 26
block 42 26
block 43 26
block 44 26
block 33 27
block 34 27
block 35 27
block 36 27
block 37 27
block 38 27
block 39 27
block 40 27
block 41 27
block 42 27
block 43 27
block 44 27
block 33 28
block 34 28
block 35 28
block 36 28
block 37 28
block 38 28
block 39 28
block 40 28
block 41 28
block 42 28
block 43 28
block 44 28
block 33 29
block 34 29
block 35 29
block 36 29
block 37 29
block 38 29
block 39 29
block 40 29
block 41 29
block 42 29
block 43 29
block 44 29
block 5 30
block 6 30
block 7 30
block 8 30
block 9 30
block 10 30
block 11 30
block 33 30
block 34 30
block 35 30
block 36 30
block 37 30
block 38 30
block 5 31
block 6 31
block 7 31
block 8 31
block 9 31
block 10 31
block 11 31
block 33 31
block 34 31
block 35 31
block 36 31
block 37 31
block 38 31
block 5 32
block 6 32
block 7 32
block 8 32
block 9 32
block 10 32
block 11 32
block 33 32
block 34 32
block 35 32
block 36 32
block 37 32
block 38 32
block 39 32
block 5 33
block 6 33
block 7 33
block 8 33
block 9 33
block 10 33
block 11 33
block 33 33
block 34 33
block 35 33
block 36 33
block 37 33
block 38 33
block 39 33
block 5 34
block 6 34
block 7 34
block 8 34
block 9 34
block 10 34
block 11 34
block 37 34
block 38 34
block 39 34
block 5 35
block 6 35
block 7 35
block 8 35
block 9 35
block 10 35
block 11 35
block 37 35
block 38 35
block 39 35
block 49 35
block 50 35
block 5 36
block 6 36
block 7 36
block 8 36
block 9 36
block 10 36
block 11 36
block 37 36
block 38 36
block 39 36
block 49 36
block 50 36
block 49 37
block 50 37
##BotsAndCoinsInfo
bot_name 0 theBest
bot 0 18 1
bot_coins 0 0
coin 40 33
coin 14 5
round 1
round 2
round 3
match_over 0
round 4
