match
match_id 1639560736144_ah
match_time 1639560736150
num_bots 1
##MatchConfig
mode FRIENDLY
num_rounds 200
random_seed 42
move_time_limit 1000
coin_spawn_period 5
coin_spawn_volume 2
##MapConfig
map_size 66 39
view_radius 5
mining_radius 1
attack_radius 3
block 22 0
block 23 0
block 24 0
block 25 0
block 22 1
block 23 1
block 24 1
block 25 1
block 38 1
block 39 1
block 40 1
block 41 1
block 42 1
block 11 2
block 12 2
block 13 2
block 14 2
block 15 2
block 16 2
block 22 2
block 23 2
block 24 2
block 25 2
block 38 2
block 39 2
block 40 2
block 41 2
block 42 2
block 11 3
block 12 3
block 13 3
block 14 3
block 15 3
block 16 3
block 22 3
block 23 3
block 24 3
block 25 3
block 38 3
block 39 3
block 40 3
block 41 3
block 42 3
block 11 4
block 12 4
block 13 4
block 14 4
block 15 4
block 16 4
block 38 4
block 39 4
block 40 4
block 41 4
block 42 4
block 11 5
block 12 5
block 13 5
block 14 5
block 15 5
block 16 5
block 38 5
block 39 5
block 40 5
block 41 5
block 42 5
block 55 6
block 56 6
block 57 6
block 58 6
block 59 6
block 60 6
block 61 6
block 55 7
block 56 7
block 57 7
block 58 7
block 59 7
block 60 7
block 61 7
block 38 13
block 39 13
block 40 13
block 41 13
block 42 13
block 38 14
block 39 14
block 40 14
block 41 14
block 42 14
block 41 24
block 42 24
block 43 24
block 44 24
block 45 24
block 46 24
block 41 25
block 42 25
block 43 25
block 44 25
block 45 25
block 46 25
block 41 26
block 42 26
block 43 26
block 44 26
block 45 26
block 46 26
block 41 27
block 42 27
block 43 27
block 44 27
block 45 27
block 46 27
block 41 28
block 42 28
block 43 28
block 44 28
block 45 28
block 46 28
block 41 29
block 42 29
block 43 29
block 44 29
block 45 29
block 46 29
block 58 32
block 59 32
block 60 32
block 61 32
block 26 33
block 27 33
block 28 33
block 29 33
block 30 33
block 31 33
block 58 33
block 59 33
block 60 33
block 61 33
block 26 34
block 27 34
block 28 34
block 29 34
block 30 34
block 31 34
block 58 34
block 59 34
block 60 34
block 61 34
block 26 35
block 27 35
block 28 35
block 29 35
block 30 35
block 31 35
block 58 35
block 59 35
block 60 35
block 61 35
block 26 36
block 27 36
block 28 36
block 29 36
block 30 36
block 31 36
block 58 36
block 59 36
block 60 36
block 61 36
block 26 37
block 27 37
block 28 37
block 29 37
block 30 37
block 31 37
block 43 37
block 44 37
block 45 37
block 58 37
block 59 37
block 60 37
block 61 37
block 22 38
block 23 38
block 24 38
block 25 38
block 26 38
block 27 38
block 28 38
block 29 38
block 30 38
block 31 38
block 43 38
block 44 38
block 45 38
##BotsAndCoinsInfo
bot_name 0 theBest
bot 0 22 36
bot_coins 0 0
coin 62 33
coin 3 5
round 1
bot 0 23 35
round 2
bot 0 24 36
round 3
bot 0 25 35
round 4
bot 0 25 36
round 5
coin 30 0
coin 35 38
round 6
round 7
round 8
round 9
round 10
coin 36 4
coin 29 32
round 11
round 12
round 13
round 14
round 15
coin 23 29
coin 42 9
round 16
round 17
round 18
round 19
round 20
coin 43 2
coin 22 36
round 21
bot 0 24 36
round 22
bot 0 23 36
coin_collected 22 36 0
bot_coins 0 1
round 23
bot 0 24 35
round 24
bot 0 25 36
round 25
coin 44 23
coin 21 15
round 26
round 27
round 28
round 29
round 30
coin 24 6
coin 41 32
round 31
round 32
round 33
round 34
round 35
coin 2 17
coin 63 21
round 36
round 37
round 38
round 39
round 40
coin 48 21
coin 17 17
round 41
round 42
round 43
round 44
round 45
coin 55 38
coin 10 0
round 46
round 47
round 48
round 49
round 50
coin 32 4
coin 33 34
round 51
round 52
round 53
round 54
round 55
coin 14 30
coin 51 8
round 56
round 57
round 58
round 59
round 60
coin 23 21
coin 42 17
round 61
round 62
round 63
round 64
round 65
coin 10 19
coin 55 19
round 66
round 67
round 68
round 69
round 70
coin 37 24
coin 28 14
round 71
round 72
round 73
round 74
round 75
coin 22 36
coin 43 3
round 76
bot 0 24 36
round 77
bot 0 23 36
coin_collected 22 36 0
bot_coins 0 2
round 78
bot 0 24 35
round 79
bot 0 25 36
round 80
coin 56 20
coin 9 18
round 81
round 82
round 83
round 84
round 85
coin 65 8
coin 0 30
round 86
round 87
round 88
round 89
round 90
coin 54 37
coin 11 1
round 91
round 92
round 93
round 94
round 95
coin 43 36
coin 21 2
round 96
round 97
round 98
round 99
round 100
coin 35 31
coin 30 7
round 101
round 102
round 103
round 104
round 105
coin 23 16
coin 42 22
round 106
round 107
round 108
round 109
round 110
coin 65 15
coin 0 23
round 111
round 112
round 113
round 114
round 115
coin 1 8
coin 64 30
round 116
round 117
round 118
round 119
round 120
coin 7 10
coin 58 28
round 121
round 122
round 123
round 124
round 125
coin 37 5
coin 28 32
round 126
round 127
round 128
round 129
round 130
coin 8 28
coin 57 10
round 131
round 132
round 133
round 134
round 135
coin 2 16
coin 63 22
round 136
round 137
round 138
round 139
round 140
coin 55 28
coin 10 10
round 141
round 142
round 143
round 144
round 145
coin 27 27
coin 38 11
round 146
round 147
round 148
round 149
round 150
coin 1 35
coin 64 3
round 151
round 152
round 153
round 154
round 155
coin 26 22
coin 39 16
round 156
round 157
round 158
round 159
round 160
coin 26 32
coin 39 6
round 161
round 162
round 163
round 164
round 165
coin 38 28
coin 27 10
round 166
round 167
round 168
round 169
round 170
coin 45 18
coin 20 20
round 171
round 172
round 173
round 174
round 175
coin 16 8
coin 49 30
round 176
round 177
round 178
round 179
round 180
coin 13 13
coin 52 25
round 181
round 182
round 183
round 184
round 185
coin 1 20
coin 64 18
round 186
round 187
round 188
round 189
round 190
coin 62 7
coin 3 31
round 191
round 192
round 193
round 194
round 195
coin 65 21
coin 0 17
round 196
round 197
round 198
round 199
round 200
coin 55 37
coin 10 1
match_over 0
