match
match_id 1639522972313_al
match_time 1639522972317
num_bots 1
##MatchConfig
mode FRIENDLY
num_rounds 200
random_seed 42
move_time_limit 1000
coin_spawn_period 5
coin_spawn_volume 2
##MapConfig
map_size 64 39
view_radius 6
mining_radius 2
attack_radius 3
block 0 0
block 25 0
block 26 0
block 27 0
block 28 0
block 29 0
block 30 0
block 31 0
block 62 0
block 63 0
block 0 1
block 25 1
block 26 1
block 27 1
block 28 1
block 29 1
block 30 1
block 31 1
block 62 1
block 63 1
block 0 2
block 25 2
block 26 2
block 27 2
block 28 2
block 29 2
block 30 2
block 31 2
block 62 2
block 63 2
block 0 3
block 25 3
block 26 3
block 43 3
block 44 3
block 45 3
block 46 3
block 47 3
block 48 3
block 62 3
block 63 3
block 20 4
block 21 4
block 22 4
block 23 4
block 24 4
block 25 4
block 26 4
block 43 4
block 44 4
block 45 4
block 46 4
block 47 4
block 48 4
block 20 5
block 21 5
block 22 5
block 23 5
block 24 5
block 25 5
block 26 5
block 43 5
block 44 5
block 45 5
block 46 5
block 47 5
block 48 5
block 20 6
block 21 6
block 22 6
block 23 6
block 24 6
block 25 6
block 26 6
block 43 6
block 44 6
block 45 6
block 46 6
block 47 6
block 48 6
block 20 7
block 21 7
block 22 7
block 23 7
block 24 7
block 25 7
block 26 7
block 27 7
block 28 7
block 54 7
block 55 7
block 56 7
block 62 7
block 63 7
block 20 8
block 21 8
block 22 8
block 23 8
block 24 8
block 25 8
block 26 8
block 27 8
block 28 8
block 54 8
block 55 8
block 56 8
block 62 8
block 63 8
block 20 9
block 21 9
block 22 9
block 23 9
block 24 9
block 25 9
block 26 9
block 27 9
block 28 9
block 54 9
block 55 9
block 56 9
block 62 9
block 63 9
block 23 10
block 24 10
block 25 10
block 26 10
block 27 10
block 28 10
block 54 10
block 55 10
block 56 10
block 62 10
block 63 10
block 54 11
block 55 11
block 56 11
block 62 11
block 63 11
block 4 12
block 5 12
block 6 12
block 7 12
block 8 12
block 9 12
block 10 12
block 56 12
block 57 12
block 58 12
block 59 12
block 60 12
block 61 12
block 62 12
block 63 12
block 4 13
block 5 13
block 6 13
block 7 13
block 8 13
block 9 13
block 10 13
block 56 13
block 57 13
block 58 13
block 59 13
block 60 13
block 61 13
block 56 14
block 57 14
block 58 14
block 59 14
block 60 14
block 61 14
block 56 15
block 57 15
block 58 15
block 59 15
block 60 15
block 61 15
block 56 16
block 57 16
block 58 16
block 59 16
block 60 16
block 61 16
block 4 22
block 5 22
block 4 23
block 5 23
block 4 24
block 5 24
block 4 25
block 5 25
block 4 26
block 5 26
block 10 28
block 11 28
block 12 28
block 13 28
block 10 29
block 11 29
block 12 29
block 13 29
block 10 30
block 11 30
block 12 30
block 13 30
block 7 31
block 8 31
block 9 31
block 10 31
block 11 31
block 12 31
block 13 31
block 7 32
block 8 32
block 9 32
block 17 32
block 18 32
block 19 32
block 20 32
block 23 32
block 24 32
block 25 32
block 26 32
block 27 32
block 28 32
block 29 32
block 55 32
block 56 32
block 17 33
block 18 33
block 19 33
block 20 33
block 23 33
block 24 33
block 25 33
block 26 33
block 27 33
block 28 33
block 29 33
block 55 33
block 56 33
block 12 34
block 13 34
block 14 34
block 15 34
block 16 34
block 17 34
block 18 34
block 19 34
block 20 34
block 23 34
block 24 34
block 25 34
block 26 34
block 27 34
block 28 34
block 29 34
block 55 34
block 56 34
block 12 35
block 13 35
block 14 35
block 15 35
block 16 35
block 17 35
block 18 35
block 19 35
block 20 35
block 23 35
block 24 35
block 25 35
block 26 35
block 27 35
block 28 35
block 29 35
block 55 35
block 56 35
block 17 36
block 18 36
block 19 36
block 20 36
block 23 36
block 24 36
block 25 36
block 26 36
block 27 36
block 28 36
block 29 36
block 55 36
block 56 36
block 0 37
block 17 37
block 18 37
block 19 37
block 20 37
block 25 37
block 26 37
block 27 37
block 28 37
block 29 37
block 30 37
block 31 37
block 55 37
block 56 37
block 62 37
block 63 37
block 0 38
block 25 38
block 26 38
block 27 38
block 28 38
block 29 38
block 30 38
block 31 38
block 62 38
block 63 38
##BotsAndCoinsInfo
bot_name 0 theBest
bot 0 23 1
bot_coins 0 0
coin 46 33
coin 17 5
round 1
round 2
round 3
round 4
round 5
coin 43 38
coin 20 0
round 6
round 7
round 8
round 9
round 10
coin 19 4
coin 44 34
round 11
round 12
round 13
round 14
round 15
coin 17 29
coin 46 9
round 16
round 17
round 18
round 19
round 20
coin 42 2
coin 21 36
round 21
round 22
round 23
round 24
round 25
coin 57 26
coin 6 11
round 26
round 27
round 28
round 29
round 30
coin 23 3
coin 40 35
round 31
coin_collected 23 3 0
bot_coins 0 1
round 32
round 33
round 34
round 35
coin 17 17
coin 46 21
round 36
round 37
round 38
round 39
round 40
coin 29 21
coin 34 17
round 41
round 42
round 43
round 44
round 45
coin 50 38
coin 13 0
round 46
round 47
round 48
round 49
round 50
coin 58 4
coin 5 34
round 51
round 52
round 53
round 54
round 55
coin 27 30
coin 36 8
round 56
round 57
round 58
round 59
round 60
coin 47 21
coin 16 17
round 61
round 62
round 63
round 64
round 65
coin 24 19
coin 39 19
round 66
round 67
round 68
round 69
round 70
coin 11 24
coin 52 14
round 71
round 72
round 73
round 74
round 75
coin 38 36
coin 24 2
round 76
coin_collected 24 2 0
bot_coins 0 2
round 77
round 78
round 79
round 80
coin 13 20
coin 50 18
round 81
round 82
round 83
round 84
round 85
coin 52 8
coin 11 32
round 86
round 87
round 88
round 89
round 90
coin 11 37
coin 52 1
round 91
round 92
round 93
round 94
round 95
coin 37 36
coin 27 3
round 96
round 97
round 98
round 99
round 100
coin 48 31
coin 15 7
round 101
round 102
round 103
round 104
round 105
coin 36 16
coin 27 22
round 106
round 107
round 108
round 109
round 110
coin 37 15
coin 26 23
round 111
round 112
round 113
round 114
round 115
coin 48 8
coin 15 30
round 116
round 117
round 118
round 119
round 120
coin 2 10
coin 61 28
round 121
round 122
round 123
round 124
round 125
coin 22 3
coin 41 35
round 126
round 127
round 128
round 129
round 130
coin 52 28
coin 11 10
round 131
round 132
round 133
round 134
round 135
coin 26 16
coin 37 22
round 136
round 137
round 138
round 139
round 140
coin 62 28
coin 1 10
round 141
round 142
round 143
round 144
round 145
coin 45 27
coin 18 11
round 146
round 147
round 148
round 149
round 150
coin 30 35
coin 33 3
round 151
round 152
round 153
round 154
round 155
coin 18 22
coin 45 16
round 156
round 157
round 158
round 159
round 160
coin 60 32
coin 3 6
round 161
round 162
round 163
round 164
round 165
coin 52 29
coin 11 9
round 166
round 167
round 168
round 169
round 170
coin 40 18
coin 23 20
round 171
round 172
round 173
round 174
round 175
coin 22 10
coin 41 28
round 176
round 177
round 178
round 179
round 180
coin 23 13
coin 40 25
round 181
round 182
round 183
round 184
round 185
coin 27 20
coin 36 18
round 186
round 187
round 188
round 189
round 190
coin 29 7
coin 34 31
round 191
round 192
round 193
round 194
round 195
coin 30 21
coin 33 17
round 196
round 197
round 198
round 199
round 200
coin 30 36
coin 33 2
match_over 0
