match
match_id 1639512235383_ao
match_time 1639512235392
num_bots 1
##MatchConfig
mode FRIENDLY
num_rounds 200
random_seed 42
move_time_limit 1000
coin_spawn_period 5
coin_spawn_volume 2
##MapConfig
map_size 57 31
view_radius 5
mining_radius 2
attack_radius 4
block 0 0
block 12 0
block 13 0
block 14 0
block 52 0
block 53 0
block 54 0
block 55 0
block 56 0
block 0 1
block 12 1
block 13 1
block 14 1
block 52 1
block 53 1
block 54 1
block 55 1
block 56 1
block 0 2
block 12 2
block 13 2
block 14 2
block 52 2
block 53 2
block 54 2
block 55 2
block 56 2
block 0 3
block 21 3
block 22 3
block 23 3
block 52 3
block 53 3
block 54 3
block 55 3
block 56 3
block 21 4
block 22 4
block 23 4
block 33 4
block 34 4
block 21 5
block 22 5
block 23 5
block 24 5
block 25 5
block 26 5
block 33 5
block 34 5
block 21 6
block 22 6
block 23 6
block 24 6
block 25 6
block 26 6
block 28 6
block 29 6
block 30 6
block 31 6
block 32 6
block 33 6
block 34 6
block 21 7
block 22 7
block 23 7
block 24 7
block 25 7
block 26 7
block 28 7
block 29 7
block 30 7
block 31 7
block 32 7
block 33 7
block 34 7
block 21 8
block 22 8
block 23 8
block 24 8
block 25 8
block 26 8
block 28 8
block 29 8
block 30 8
block 31 8
block 32 8
block 33 8
block 34 8
block 21 9
block 22 9
block 23 9
block 24 9
block 25 9
block 26 9
block 28 9
block 29 9
block 30 9
block 31 9
block 32 9
block 33 9
block 34 9
block 49 9
block 50 9
block 51 9
block 52 9
block 53 9
block 54 9
block 55 9
block 28 10
block 29 10
block 30 10
block 31 10
block 32 10
block 33 10
block 34 10
block 49 10
block 50 10
block 51 10
block 52 10
block 53 10
block 54 10
block 55 10
block 28 11
block 29 11
block 30 11
block 31 11
block 32 11
block 49 11
block 50 11
block 51 11
block 52 11
block 53 11
block 54 11
block 55 11
block 49 12
block 50 12
block 51 12
block 52 12
block 53 12
block 54 12
block 55 12
block 49 13
block 50 13
block 51 13
block 52 13
block 53 13
block 54 13
block 55 13
block 49 14
block 50 14
block 51 14
block 52 14
block 53 14
block 54 14
block 55 14
block 24 16
block 25 16
block 26 16
block 27 16
block 28 16
block 34 16
block 35 16
block 36 16
block 24 17
block 25 17
block 26 17
block 27 17
block 28 17
block 34 17
block 35 17
block 36 17
block 24 18
block 25 18
block 26 18
block 27 18
block 28 18
block 34 18
block 35 18
block 36 18
block 19 19
block 20 19
block 24 19
block 25 19
block 26 19
block 27 19
block 28 19
block 34 19
block 35 19
block 36 19
block 37 19
block 38 19
block 39 19
block 40 19
block 19 20
block 20 20
block 24 20
block 25 20
block 26 20
block 27 20
block 28 20
block 34 20
block 35 20
block 36 20
block 37 20
block 38 20
block 39 20
block 40 20
block 19 21
block 20 21
block 24 21
block 25 21
block 26 21
block 27 21
block 28 21
block 34 21
block 35 21
block 36 21
block 37 21
block 38 21
block 39 21
block 40 21
block 19 22
block 20 22
block 24 22
block 25 22
block 26 22
block 27 22
block 28 22
block 34 22
block 35 22
block 36 22
block 37 22
block 38 22
block 39 22
block 40 22
block 47 22
block 48 22
block 49 22
block 50 22
block 51 22
block 52 22
block 19 23
block 20 23
block 34 23
block 35 23
block 36 23
block 37 23
block 38 23
block 39 23
block 40 23
block 47 23
block 48 23
block 49 23
block 50 23
block 51 23
block 52 23
block 19 24
block 20 24
block 47 24
block 48 24
block 49 24
block 50 24
block 51 24
block 52 24
block 19 25
block 20 25
block 21 25
block 22 25
block 23 25
block 24 25
block 21 26
block 22 26
block 23 26
block 24 26
block 21 27
block 22 27
block 23 27
block 24 27
block 12 29
block 13 29
block 14 29
block 12 30
block 13 30
block 14 30
##BotsAndCoinsInfo
bot_name 0 theBest
bot 0 50 1
bot_coins 0 0
coin 26 10
coin 30 20
round 1
bot 0 51 1
round 2
bot 0 50 2
round 3
bot 0 49 2
round 4
bot 0 48 1
round 5
bot 0 47 0
coin 12 23
coin 44 7
round 6
round 7
round 8
match_over 0
round 9
