match
match_id 1639563837443_ax
match_time 1639563837447
num_bots 1
##MatchConfig
mode FRIENDLY
num_rounds 200
random_seed 42
move_time_limit 1000
coin_spawn_period 5
coin_spawn_volume 2
##MapConfig
map_size 72 35
view_radius 6
mining_radius 1
attack_radius 4
block 0 0
block 1 0
block 2 0
block 3 0
block 13 0
block 14 0
block 15 0
block 16 0
block 17 0
block 18 0
block 65 0
block 66 0
block 67 0
block 70 0
block 71 0
block 0 1
block 1 1
block 2 1
block 3 1
block 13 1
block 14 1
block 15 1
block 16 1
block 17 1
block 18 1
block 29 1
block 30 1
block 31 1
block 32 1
block 65 1
block 66 1
block 67 1
block 70 1
block 71 1
block 0 2
block 1 2
block 2 2
block 3 2
block 13 2
block 14 2
block 15 2
block 16 2
block 17 2
block 18 2
block 29 2
block 30 2
block 31 2
block 32 2
block 65 2
block 66 2
block 67 2
block 70 2
block 71 2
block 0 3
block 1 3
block 2 3
block 3 3
block 13 3
block 14 3
block 15 3
block 16 3
block 17 3
block 18 3
block 29 3
block 30 3
block 31 3
block 32 3
block 65 3
block 66 3
block 67 3
block 70 3
block 71 3
block 0 4
block 1 4
block 2 4
block 3 4
block 29 4
block 30 4
block 31 4
block 32 4
block 70 4
block 71 4
block 29 5
block 30 5
block 31 5
block 32 5
block 29 6
block 30 6
block 31 6
block 32 6
block 29 7
block 30 7
block 31 7
block 32 7
block 66 7
block 67 7
block 68 7
block 69 7
block 40 8
block 41 8
block 42 8
block 43 8
block 44 8
block 45 8
block 66 8
block 67 8
block 68 8
block 69 8
block 40 9
block 41 9
block 42 9
block 43 9
block 44 9
block 45 9
block 66 9
block 67 9
block 68 9
block 69 9
block 40 10
block 41 10
block 42 10
block 43 10
block 44 10
block 45 10
block 66 10
block 67 10
block 68 10
block 69 10
block 40 11
block 41 11
block 42 11
block 43 11
block 44 11
block 45 11
block 66 11
block 67 11
block 68 11
block 69 11
block 42 12
block 43 12
block 46 12
block 47 12
block 48 12
block 49 12
block 57 12
block 58 12
block 66 12
block 67 12
block 68 12
block 69 12
block 46 13
block 47 13
block 48 13
block 49 13
block 57 13
block 58 13
block 62 13
block 63 13
block 64 13
block 46 14
block 47 14
block 48 14
block 49 14
block 57 14
block 58 14
block 62 14
block 63 14
block 64 14
block 31 15
block 32 15
block 46 15
block 47 15
block 48 15
block 49 15
block 62 15
block 63 15
block 64 15
block 31 16
block 32 16
block 46 16
block 47 16
block 48 16
block 49 16
block 62 16
block 63 16
block 64 16
block 31 17
block 32 17
block 62 17
block 63 17
block 64 17
block 4 18
block 5 18
block 6 18
block 31 18
block 32 18
block 4 19
block 5 19
block 6 19
block 31 19
block 32 19
block 4 20
block 5 20
block 6 20
block 7 20
block 8 20
block 9 20
block 10 20
block 31 20
block 32 20
block 6 21
block 7 21
block 8 21
block 9 21
block 10 21
block 31 21
block 32 21
block 6 22
block 7 22
block 8 22
block 9 22
block 10 22
block 6 23
block 7 23
block 8 23
block 9 23
block 10 23
block 6 24
block 7 24
block 8 24
block 9 24
block 10 24
block 6 25
block 7 25
block 8 25
block 9 25
block 10 25
block 8 26
block 9 26
block 40 26
block 41 26
block 42 26
block 43 26
block 8 27
block 9 27
block 40 27
block 41 27
block 42 27
block 43 27
block 8 28
block 9 28
block 40 28
block 41 28
block 42 28
block 43 28
block 40 29
block 41 29
block 42 29
block 43 29
block 23 30
block 24 30
block 25 30
block 26 30
block 27 30
block 28 30
block 29 30
block 23 31
block 24 31
block 25 31
block 26 31
block 27 31
block 28 31
block 29 31
block 23 32
block 24 32
block 25 32
block 26 32
block 27 32
block 28 32
block 29 32
block 0 33
block 13 33
block 14 33
block 15 33
block 16 33
block 17 33
block 18 33
block 23 33
block 24 33
block 25 33
block 26 33
block 27 33
block 28 33
block 29 33
block 65 33
block 66 33
block 67 33
block 71 33
block 0 34
block 13 34
block 14 34
block 15 34
block 16 34
block 17 34
block 18 34
block 65 34
block 66 34
block 67 34
block 71 34
##BotsAndCoinsInfo
bot_name 0 theBest
bot 0 20 3
bot_coins 0 0
coin 26 34
coin 45 0
round 1
bot 0 21 3
round 2
bot 0 22 3
round 3
bot 0 23 4
round 4
bot 0 24 5
round 5
bot 0 25 5
coin 0 24
coin 71 10
round 6
bot 0 26 5
round 7
bot 0 26 6
round 8
bot 0 27 6
round 9
bot 0 28 6
round 10
bot 0 28 7
coin 18 25
coin 53 9
round 11
bot 0 29 8
round 12
bot 0 30 9
round 13
bot 0 31 9
round 14
bot 0 32 9
round 15
bot 0 33 9
coin 41 3
coin 30 31
round 16
bot 0 34 9
round 17
bot 0 35 9
round 18
bot 0 36 9
round 19
bot 0 37 9
round 20
bot 0 38 9
coin 7 3
coin 64 31
round 21
bot 0 39 8
round 22
bot 0 40 7
round 23
bot 0 41 6
round 24
bot 0 41 5
round 25
bot 0 41 4
coin_collected 41 3 0
bot_coins 0 1
coin 38 32
coin 33 2
round 26
bot 0 42 3
round 27
bot 0 43 2
round 28
bot 0 44 1
round 29
bot 0 45 0
coin_collected 45 0 0
bot_coins 0 2
round 30
bot 0 46 0
coin 60 7
coin 11 27
round 31
bot 0 47 0
round 32
bot 0 48 0
round 33
bot 0 49 0
round 34
bot 0 50 0
round 35
bot 0 51 0
coin 44 17
coin 27 17
round 36
bot 0 52 0
round 37
bot 0 53 0
round 38
bot 0 54 34
round 39
bot 0 55 34
round 40
bot 0 56 34
coin 24 5
coin 47 29
round 41
bot 0 57 34
round 42
bot 0 58 34
round 43
bot 0 59 34
round 44
bot 0 60 33
round 45
bot 0 61 32
coin 55 9
coin 16 25
round 46
bot 0 62 31
round 47
bot 0 63 31
coin_collected 64 31 0
bot_coins 0 3
round 48
bot 0 64 31
round 49
bot 0 65 31
round 50
bot 0 66 31
coin 32 8
coin 39 26
round 51
bot 0 67 30
round 52
bot 0 68 30
round 53
bot 0 69 30
round 54
bot 0 70 30
round 55
bot 0 71 30
coin 26 23
coin 46 11
round 56
bot 0 0 30
round 57
bot 0 0 29
round 58
bot 0 0 28
round 59
bot 0 0 27
round 60
bot 0 0 26
coin 59 16
coin 12 18
round 61
bot 0 0 25
coin_collected 0 24 0
bot_coins 0 4
round 62
bot 0 1 25
round 63
bot 0 2 25
round 64
bot 0 3 25
round 65
bot 0 4 24
coin 69 3
coin 2 31
round 66
bot 0 5 24
round 67
bot 0 5 25
round 68
bot 0 6 26
round 69
bot 0 7 27
round 70
bot 0 7 28
coin 19 26
coin 52 8
round 71
bot 0 8 29
round 72
bot 0 9 30
round 73
bot 0 10 29
round 74
bot 0 11 28
coin_collected 11 27 0
bot_coins 0 5
round 75
bot 0 12 27
coin 58 6
coin 13 28
round 76
bot 0 13 28
coin_collected 13 28 0
bot_coins 0 6
round 77
bot 0 14 27
round 78
bot 0 15 26
round 79
bot 0 16 25
coin_collected 16 25 0
bot_coins 0 7
round 80
bot 0 17 25
coin_collected 18 25 0
bot_coins 0 8
coin 38 10
coin 33 24
round 81
bot 0 18 26
coin_collected 19 26 0
bot_coins 0 9
round 82
bot 0 19 26
round 83
bot 0 20 26
round 84
bot 0 21 26
round 85
bot 0 22 25
coin 65 32
coin 6 2
round 86
bot 0 23 24
round 87
bot 0 24 23
round 88
bot 0 25 23
coin_collected 26 23 0
bot_coins 0 10
round 89
bot 0 26 23
round 90
bot 0 27 23
coin 12 33
coin 59 1
round 91
bot 0 27 22
round 92
bot 0 27 21
round 93
bot 0 27 20
round 94
bot 0 27 19
round 95
bot 0 27 18
coin_collected 27 17 0
bot_coins 0 11
coin 25 34
coin 46 0
round 96
bot 0 28 17
round 97
bot 0 29 17
round 98
bot 0 30 17
round 99
bot 0 30 18
round 100
bot 0 30 19
coin 59 5
coin 12 29
round 101
bot 0 30 20
round 102
bot 0 30 21
round 103
bot 0 31 22
round 104
bot 0 32 23
round 105
bot 0 33 24
coin_collected 33 24 0
bot_coins 0 12
coin 71 7
coin 0 27
round 106
bot 0 34 24
round 107
bot 0 35 25
round 108
bot 0 36 26
round 109
bot 0 37 26
round 110
bot 0 38 26
coin_collected 39 26 0
bot_coins 0 13
coin 23 14
coin 48 20
round 111
bot 0 38 27
round 112
bot 0 38 28
round 113
bot 0 38 29
round 114
bot 0 38 30
round 115
bot 0 38 31
coin_collected 38 32 0
bot_coins 0 14
coin 31 30
coin 40 4
round 116
bot 0 39 31
round 117
bot 0 40 31
round 118
bot 0 41 31
round 119
bot 0 42 30
round 120
bot 0 43 31
coin 37 3
coin 34 31
round 121
bot 0 44 30
round 122
bot 0 45 29
round 123
bot 0 46 29
coin_collected 47 29 0
bot_coins 0 15
round 124
bot 0 46 28
round 125
bot 0 47 28
coin 49 0
coin 22 34
round 126
bot 0 48 28
round 127
bot 0 49 28
round 128
bot 0 50 28
round 129
bot 0 51 28
round 130
bot 0 52 28
coin 62 1
coin 9 33
round 131
bot 0 53 28
round 132
bot 0 54 28
round 133
bot 0 55 27
round 134
bot 0 56 27
round 135
bot 0 57 27
coin 8 0
coin 63 34
round 136
bot 0 58 27
round 137
bot 0 59 27
round 138
bot 0 60 27
round 139
bot 0 61 27
round 140
bot 0 62 27
coin 1 14
coin 70 20
round 141
bot 0 63 28
round 142
bot 0 64 29
round 143
bot 0 65 30
round 144
bot 0 65 31
coin_collected 65 32 0
bot_coins 0 16
round 145
bot 0 64 32
coin 21 3
coin 50 31
round 146
bot 0 63 33
coin_collected 63 34 0
bot_coins 0 17
round 147
bot 0 62 32
round 148
bot 0 62 31
round 149
bot 0 62 30
round 150
bot 0 62 29
coin 1 19
coin 70 15
round 151
bot 0 63 29
round 152
bot 0 64 28
round 153
bot 0 65 28
round 154
bot 0 66 28
round 155
bot 0 67 28
coin 56 16
coin 15 18
round 156
bot 0 66 27
round 157
bot 0 65 27
round 158
bot 0 66 27
round 159
bot 0 65 27
round 160
bot 0 66 27
coin 62 9
coin 10 26
round 161
bot 0 65 27
round 162
bot 0 66 27
round 163
bot 0 65 27
round 164
bot 0 66 27
round 165
bot 0 65 27
coin 14 4
coin 57 30
round 166
bot 0 66 27
round 167
bot 0 65 27
round 168
bot 0 66 26
round 169
bot 0 67 26
round 170
bot 0 66 27
coin 39 19
coin 33 15
round 171
bot 0 65 27
round 172
bot 0 66 27
round 173
bot 0 65 27
round 174
bot 0 66 27
round 175
bot 0 65 27
coin 46 1
coin 24 34
round 176
bot 0 66 27
round 177
bot 0 65 27
round 178
bot 0 66 27
round 179
bot 0 65 27
round 180
bot 0 66 27
coin 13 14
coin 58 20
round 181
bot 0 65 27
round 182
bot 0 66 27
round 183
bot 0 65 27
round 184
bot 0 66 27
round 185
bot 0 65 27
coin 61 33
coin 10 1
round 186
bot 0 66 26
round 187
bot 0 67 26
round 188
bot 0 66 27
round 189
bot 0 65 27
round 190
bot 0 66 27
coin 50 0
coin 21 34
round 191
bot 0 65 27
round 192
bot 0 66 27
round 193
bot 0 65 27
round 194
bot 0 66 27
round 195
bot 0 65 27
coin 65 28
coin 6 6
round 196
bot 0 65 28
coin_collected 65 28 0
bot_coins 0 18
round 197
bot 0 66 28
round 198
bot 0 67 28
round 199
bot 0 66 27
round 200
bot 0 65 27
coin 48 29
coin 23 5
match_over 0
