match
match_id 1639524612414_at
match_time 1639524612429
num_bots 1
##MatchConfig
mode FRIENDLY
num_rounds 200
random_seed 42
move_time_limit 1000
coin_spawn_period 5
coin_spawn_volume 2
##MapConfig
map_size 75 39
view_radius 5
mining_radius 2
attack_radius 4
block 66 1
block 67 1
block 68 1
block 69 1
block 2 2
block 3 2
block 4 2
block 5 2
block 6 2
block 7 2
block 66 2
block 67 2
block 68 2
block 69 2
block 2 3
block 3 3
block 4 3
block 5 3
block 6 3
block 7 3
block 66 3
block 67 3
block 68 3
block 69 3
block 2 4
block 3 4
block 4 4
block 5 4
block 6 4
block 7 4
block 66 4
block 67 4
block 68 4
block 69 4
block 2 5
block 3 5
block 4 5
block 5 5
block 6 5
block 7 5
block 66 5
block 67 5
block 68 5
block 69 5
block 2 6
block 3 6
block 4 6
block 5 6
block 6 6
block 7 6
block 66 6
block 67 6
block 68 6
block 69 6
block 59 8
block 60 8
block 61 8
block 62 8
block 63 8
block 64 8
block 59 9
block 60 9
block 61 9
block 62 9
block 63 9
block 64 9
block 25 10
block 26 10
block 39 10
block 40 10
block 41 10
block 42 10
block 25 11
block 26 11
block 39 11
block 40 11
block 41 11
block 42 11
block 25 12
block 26 12
block 39 12
block 40 12
block 41 12
block 42 12
block 25 13
block 26 13
block 39 13
block 40 13
block 41 13
block 42 13
block 13 14
block 14 14
block 15 14
block 16 14
block 25 14
block 26 14
block 39 14
block 40 14
block 41 14
block 42 14
block 57 14
block 58 14
block 13 15
block 14 15
block 15 15
block 16 15
block 25 15
block 26 15
block 57 15
block 58 15
block 13 16
block 14 16
block 15 16
block 16 16
block 25 16
block 26 16
block 57 16
block 58 16
block 61 16
block 62 16
block 63 16
block 64 16
block 65 16
block 0 17
block 13 17
block 14 17
block 15 17
block 16 17
block 57 17
block 58 17
block 61 17
block 62 17
block 63 17
block 64 17
block 65 17
block 69 17
block 70 17
block 71 17
block 72 17
block 73 17
block 74 17
block 0 18
block 13 18
block 14 18
block 15 18
block 16 18
block 61 18
block 62 18
block 63 18
block 64 18
block 65 18
block 69 18
block 70 18
block 71 18
block 72 18
block 73 18
block 74 18
block 0 19
block 13 19
block 14 19
block 15 19
block 16 19
block 61 19
block 62 19
block 63 19
block 64 19
block 65 19
block 69 19
block 70 19
block 71 19
block 72 19
block 73 19
block 74 19
block 0 20
block 13 20
block 14 20
block 15 20
block 16 20
block 61 20
block 62 20
block 63 20
block 64 20
block 65 20
block 69 20
block 70 20
block 71 20
block 72 20
block 73 20
block 74 20
block 0 21
block 61 21
block 62 21
block 63 21
block 64 21
block 65 21
block 69 21
block 70 21
block 71 21
block 72 21
block 73 21
block 74 21
block 0 22
block 69 22
block 70 22
block 71 22
block 72 22
block 73 22
block 74 22
block 0 23
block 63 23
block 64 23
block 65 23
block 66 23
block 67 23
block 68 23
block 69 23
block 70 23
block 71 23
block 72 23
block 73 23
block 74 23
block 45 24
block 46 24
block 47 24
block 63 24
block 64 24
block 65 24
block 66 24
block 67 24
block 68 24
block 0 25
block 1 25
block 2 25
block 45 25
block 46 25
block 47 25
block 63 25
block 64 25
block 65 25
block 66 25
block 67 25
block 68 25
block 0 26
block 1 26
block 2 26
block 45 26
block 46 26
block 47 26
block 63 26
block 64 26
block 65 26
block 66 26
block 67 26
block 68 26
block 6 27
block 7 27
block 8 27
block 9 27
block 10 27
block 11 27
block 28 27
block 29 27
block 30 27
block 31 27
block 32 27
block 33 27
block 63 27
block 64 27
block 65 27
block 66 27
block 67 27
block 68 27
block 6 28
block 7 28
block 8 28
block 9 28
block 10 28
block 11 28
block 12 28
block 13 28
block 14 28
block 15 28
block 28 28
block 29 28
block 30 28
block 31 28
block 32 28
block 33 28
block 44 28
block 45 28
block 46 28
block 47 28
block 58 28
block 59 28
block 60 28
block 61 28
block 62 28
block 63 28
block 64 28
block 65 28
block 66 28
block 67 28
block 68 28
block 6 29
block 7 29
block 8 29
block 9 29
block 10 29
block 11 29
block 12 29
block 13 29
block 14 29
block 15 29
block 28 29
block 29 29
block 30 29
block 31 29
block 32 29
block 33 29
block 44 29
block 45 29
block 46 29
block 47 29
block 58 29
block 59 29
block 60 29
block 61 29
block 62 29
block 63 29
block 64 29
block 6 30
block 7 30
block 8 30
block 9 30
block 10 30
block 11 30
block 12 30
block 13 30
block 14 30
block 15 30
block 28 30
block 29 30
block 30 30
block 31 30
block 32 30
block 33 30
block 44 30
block 45 30
block 46 30
block 47 30
block 6 31
block 7 31
block 8 31
block 9 31
block 10 31
block 11 31
block 12 31
block 13 31
block 14 31
block 15 31
block 28 31
block 29 31
block 30 31
block 31 31
block 32 31
block 33 31
block 44 31
block 45 31
block 46 31
block 47 31
block 48 31
block 49 31
block 50 31
block 11 32
block 12 32
block 13 32
block 14 32
block 15 32
block 28 32
block 29 32
block 30 32
block 31 32
block 32 32
block 33 32
block 44 32
block 45 32
block 46 32
block 47 32
block 48 32
block 49 32
block 50 32
block 28 33
block 29 33
block 30 33
block 31 33
block 32 33
block 33 33
block 44 33
block 45 33
block 46 33
block 47 33
block 48 33
block 49 33
block 50 33
block 46 34
block 47 34
block 48 34
block 49 34
block 50 34
block 46 35
block 47 35
block 48 35
block 49 35
block 50 35
block 46 36
block 47 36
block 48 36
block 49 36
block 50 36
block 46 37
block 47 37
block 48 37
block 49 37
block 50 37
##BotsAndCoinsInfo
bot_name 0 theBest
bot 0 74 11
bot_coins 0 0
coin 5 33
coin 70 5
round 1
bot 0 74 12
round 2
bot 0 74 13
round 3
bot 0 74 14
round 4
bot 0 74 15
round 5
bot 0 74 16
coin 48 38
coin 26 0
round 6
round 7
round 8
round 9
round 10
coin 45 4
coin 29 34
round 11
round 12
round 13
round 14
round 15
coin 5 29
coin 69 9
round 16
round 17
round 18
round 19
round 20
coin 19 2
coin 55 36
round 21
round 22
round 23
round 24
round 25
coin 32 26
coin 43 12
round 26
round 27
round 28
round 29
round 30
coin 51 6
coin 23 32
round 31
round 32
round 33
round 34
round 35
coin 26 17
coin 48 21
round 36
round 37
round 38
round 39
round 40
coin 6 21
coin 68 17
round 41
round 42
round 43
round 44
round 45
coin 43 38
coin 31 0
round 46
round 47
round 48
round 49
round 50
coin 50 4
coin 24 34
round 51
round 52
round 53
round 54
round 55
coin 26 30
coin 48 8
round 56
round 57
round 58
round 59
round 60
coin 68 21
coin 6 17
round 61
round 62
round 63
round 64
round 65
coin 55 19
coin 19 19
round 66
round 67
round 68
round 69
round 70
coin 37 24
coin 37 14
round 71
round 72
round 73
round 74
round 75
coin 55 37
coin 19 1
round 76
round 77
round 78
round 79
round 80
coin 5 20
coin 68 18
round 81
round 82
round 83
round 84
round 85
coin 17 8
coin 57 30
round 86
round 87
round 88
round 89
round 90
coin 12 37
coin 62 1
round 91
round 92
round 93
round 94
round 95
coin 13 36
coin 61 2
round 96
round 97
round 98
round 99
round 100
coin 27 31
coin 47 7
round 101
round 102
round 103
round 104
round 105
coin 23 16
coin 51 22
round 106
round 107
round 108
round 109
round 110
coin 50 15
coin 24 23
round 111
round 112
round 113
round 114
round 115
coin 7 8
coin 67 30
round 116
round 117
round 118
round 119
round 120
coin 7 10
coin 67 29
round 121
round 122
round 123
round 124
round 125
coin 43 5
coin 31 34
round 126
round 127
round 128
round 129
round 130
coin 8 26
coin 66 12
round 131
round 132
round 133
round 134
round 135
coin 35 16
coin 39 22
round 136
round 137
round 138
round 139
round 140
coin 13 27
coin 61 11
round 141
round 142
round 143
round 144
round 145
coin 36 27
coin 38 11
round 146
round 147
round 148
round 149
round 150
coin 22 35
coin 52 3
round 151
round 152
round 153
round 154
round 155
coin 2 22
coin 72 16
round 156
coin_collected 72 16 0
bot_coins 0 1
round 157
round 158
match_over 0
round 159
