match
match_id 1639523100460_ao
match_time 1639523100466
num_bots 1
##MatchConfig
mode FRIENDLY
num_rounds 200
random_seed 42
move_time_limit 1000
coin_spawn_period 5
coin_spawn_volume 2
##MapConfig
map_size 53 23
view_radius 6
mining_radius 1
attack_radius 4
block 1 0
block 2 0
block 25 0
block 26 0
block 27 0
block 28 0
block 29 0
block 1 1
block 2 1
block 25 1
block 26 1
block 27 1
block 28 1
block 29 1
block 17 2
block 18 2
block 25 2
block 26 2
block 27 2
block 28 2
block 29 2
block 30 2
block 17 3
block 18 3
block 25 3
block 26 3
block 27 3
block 28 3
block 29 3
block 30 3
block 6 4
block 7 4
block 26 4
block 27 4
block 28 4
block 29 4
block 30 4
block 6 5
block 7 5
block 30 5
block 31 5
block 32 5
block 33 5
block 30 6
block 31 6
block 32 6
block 33 6
block 4 7
block 5 7
block 6 7
block 7 7
block 8 7
block 30 7
block 31 7
block 32 7
block 33 7
block 4 8
block 5 8
block 6 8
block 7 8
block 8 8
block 30 8
block 31 8
block 32 8
block 33 8
block 4 9
block 5 9
block 6 9
block 7 9
block 8 9
block 34 9
block 35 9
block 36 9
block 37 9
block 38 9
block 39 9
block 4 10
block 5 10
block 6 10
block 7 10
block 8 10
block 34 10
block 35 10
block 36 10
block 37 10
block 38 10
block 39 10
block 4 11
block 5 11
block 6 11
block 7 11
block 8 11
block 34 11
block 35 11
block 36 11
block 37 11
block 38 11
block 39 11
block 4 12
block 5 12
block 6 12
block 7 12
block 8 12
block 34 12
block 35 12
block 36 12
block 37 12
block 38 12
block 39 12
block 4 13
block 5 13
block 6 13
block 7 13
block 8 13
block 9 16
block 10 16
block 11 16
block 12 16
block 40 16
block 41 16
block 9 17
block 10 17
block 11 17
block 12 17
block 40 17
block 41 17
block 9 18
block 10 18
block 11 18
block 12 18
block 40 18
block 41 18
block 9 19
block 10 19
block 11 19
block 12 19
block 40 19
block 41 19
block 9 20
block 10 20
block 11 20
block 12 20
block 40 20
block 41 20
block 9 21
block 10 21
block 11 21
block 12 21
block 40 21
block 41 21
block 9 22
block 10 22
block 11 22
block 12 22
block 25 22
block 26 22
block 27 22
block 28 22
block 29 22
##BotsAndCoinsInfo
bot_name 0 theBest
bot 0 45 16
bot_coins 0 0
coin 34 4
coin 18 18
round 1
bot 0 46 17
round 2
bot 0 47 18
round 3
bot 0 48 19
round 4
bot 0 49 20
round 5
bot 0 50 21
coin 3 10
coin 49 12
round 6
bot 0 51 22
round 7
round 8
round 9
match_over 0
round 10
