match
match_id 1639522185006_aj
match_time 1639522185013
num_bots 1
##MatchConfig
mode FRIENDLY
num_rounds 200
random_seed 42
move_time_limit 1000
coin_spawn_period 5
coin_spawn_volume 2
##MapConfig
map_size 50 39
view_radius 5
mining_radius 2
attack_radius 4
block 1 0
block 2 0
block 31 0
block 32 0
block 33 0
block 34 0
block 35 0
block 36 0
block 37 0
block 1 1
block 2 1
block 31 1
block 32 1
block 33 1
block 34 1
block 35 1
block 36 1
block 37 1
block 1 2
block 2 2
block 31 2
block 32 2
block 33 2
block 34 2
block 35 2
block 36 2
block 37 2
block 1 3
block 2 3
block 15 3
block 16 3
block 17 3
block 18 3
block 19 3
block 20 3
block 31 3
block 32 3
block 33 3
block 34 3
block 35 3
block 36 3
block 37 3
block 1 4
block 2 4
block 15 4
block 16 4
block 17 4
block 18 4
block 19 4
block 20 4
block 31 4
block 32 4
block 33 4
block 34 4
block 35 4
block 36 4
block 37 4
block 15 5
block 16 5
block 17 5
block 18 5
block 19 5
block 20 5
block 31 5
block 32 5
block 33 5
block 34 5
block 35 5
block 36 5
block 37 5
block 41 5
block 42 5
block 43 5
block 44 5
block 15 6
block 16 6
block 17 6
block 18 6
block 19 6
block 20 6
block 41 6
block 42 6
block 43 6
block 44 6
block 0 7
block 15 7
block 16 7
block 17 7
block 18 7
block 19 7
block 20 7
block 25 7
block 26 7
block 27 7
block 28 7
block 41 7
block 42 7
block 43 7
block 44 7
block 46 7
block 47 7
block 48 7
block 49 7
block 0 8
block 1 8
block 15 8
block 16 8
block 17 8
block 18 8
block 19 8
block 20 8
block 25 8
block 26 8
block 27 8
block 28 8
block 41 8
block 42 8
block 43 8
block 44 8
block 46 8
block 47 8
block 48 8
block 49 8
block 0 9
block 1 9
block 25 9
block 26 9
block 27 9
block 28 9
block 41 9
block 42 9
block 43 9
block 44 9
block 46 9
block 47 9
block 48 9
block 49 9
block 0 10
block 1 10
block 25 10
block 26 10
block 27 10
block 28 10
block 41 10
block 42 10
block 43 10
block 44 10
block 46 10
block 47 10
block 48 10
block 49 10
block 0 11
block 1 11
block 46 11
block 47 11
block 48 11
block 49 11
block 0 12
block 1 12
block 46 12
block 47 12
block 48 12
block 49 12
block 5 30
block 6 30
block 7 30
block 8 30
block 9 30
block 10 30
block 11 30
block 5 31
block 6 31
block 7 31
block 8 31
block 9 31
block 10 31
block 11 31
block 24 31
block 25 31
block 26 31
block 27 31
block 28 31
block 29 31
block 30 31
block 32 31
block 33 31
block 5 32
block 6 32
block 7 32
block 8 32
block 9 32
block 10 32
block 11 32
block 24 32
block 25 32
block 26 32
block 27 32
block 28 32
block 29 32
block 30 32
block 32 32
block 33 32
block 5 33
block 6 33
block 7 33
block 8 33
block 9 33
block 10 33
block 11 33
block 21 33
block 22 33
block 23 33
block 24 33
block 25 33
block 26 33
block 27 33
block 28 33
block 29 33
block 30 33
block 32 33
block 33 33
block 5 34
block 6 34
block 7 34
block 8 34
block 9 34
block 10 34
block 11 34
block 21 34
block 22 34
block 23 34
block 24 34
block 25 34
block 26 34
block 27 34
block 28 34
block 29 34
block 30 34
block 31 34
block 32 34
block 21 35
block 22 35
block 23 35
block 24 35
block 25 35
block 26 35
block 27 35
block 28 35
block 29 35
block 30 35
block 31 35
block 32 35
block 1 37
block 2 37
block 1 38
block 2 38
block 31 38
block 32 38
block 33 38
block 34 38
block 35 38
block 36 38
block 37 38
##BotsAndCoinsInfo
bot_name 0 theBest
bot 0 22 29
bot_coins 0 0
coin 31 33
coin 18 2
round 1
round 2
round 3
round 4
round 5
coin 48 38
coin 0 0
round 6
round 7
round 8
round 9
round 10
coin 21 4
coin 28 36
round 11
round 12
round 13
round 14
round 15
coin 5 29
coin 45 9
round 16
round 17
round 18
round 19
round 20
coin 19 2
coin 30 36
round 21
round 22
round 23
round 24
round 25
coin 32 26
coin 17 12
round 26
round 27
round 28
round 29
round 30
coin 26 6
coin 23 32
round 31
round 32
round 33
round 34
round 35
coin 26 17
coin 23 21
round 36
round 37
round 38
round 39
round 40
coin 6 21
coin 43 17
round 41
round 42
round 43
round 44
round 45
coin 43 38
coin 6 0
round 46
round 47
round 48
round 49
round 50
coin 0 4
coin 49 34
round 51
round 52
round 53
round 54
round 55
coin 26 30
coin 23 8
round 56
round 57
round 58
round 59
round 60
coin 43 21
coin 6 17
round 61
round 62
round 63
round 64
round 65
coin 30 19
coin 19 19
round 66
round 67
round 68
round 69
round 70
coin 37 24
coin 12 14
round 71
round 72
round 73
round 74
round 75
coin 29 36
coin 20 2
round 76
round 77
round 78
round 79
round 80
coin 30 20
coin 19 18
round 81
round 82
round 83
round 84
round 85
coin 17 9
coin 32 29
round 86
round 87
round 88
round 89
round 90
coin 12 37
coin 38 1
round 91
round 92
round 93
round 94
round 95
coin 13 36
coin 38 2
round 96
round 97
round 98
round 99
round 100
coin 29 30
coin 20 9
round 101
round 102
round 103
round 104
round 105
coin 23 16
coin 26 22
round 106
round 107
round 108
round 109
round 110
coin 25 15
coin 24 23
round 111
round 112
round 113
round 114
round 115
coin 7 8
coin 42 30
round 116
round 117
round 118
round 119
round 120
coin 7 10
coin 42 28
round 121
round 122
round 123
round 124
round 125
coin 43 4
coin 6 35
round 126
round 127
round 128
round 129
round 130
coin 8 28
coin 41 11
round 131
round 132
round 133
round 134
round 135
coin 10 16
coin 39 22
round 136
round 137
round 138
round 139
round 140
coin 13 28
coin 36 10
round 141
round 142
round 143
round 144
round 145
coin 11 27
coin 38 11
round 146
round 147
round 148
round 149
round 150
coin 47 35
coin 3 3
round 151
round 152
round 153
round 154
round 155
coin 2 22
coin 47 16
round 156
round 157
round 158
round 159
round 160
coin 44 32
coin 5 6
round 161
round 162
round 163
round 164
round 165
coin 48 28
coin 2 10
round 166
round 167
round 168
round 169
round 170
coin 25 18
coin 24 20
round 171
round 172
round 173
round 174
round 175
coin 40 8
coin 9 29
round 176
round 177
round 178
round 179
round 180
coin 3 13
coin 46 25
round 181
round 182
round 183
round 184
round 185
coin 23 20
coin 26 18
round 186
round 187
round 188
round 189
round 190
coin 36 7
coin 13 31
round 191
round 192
round 193
round 194
round 195
coin 25 21
coin 24 17
round 196
round 197
round 198
round 199
round 200
coin 0 37
coin 49 1
match_over 0
