match
match_id 1639504396495_ai
match_time 1639504396502
num_bots 1
##MatchConfig
mode FRIENDLY
num_rounds 200
random_seed 42
move_time_limit 1000
coin_spawn_period 5
coin_spawn_volume 2
##MapConfig
map_size 73 21
view_radius 5
mining_radius 2
attack_radius 4
block 4 0
block 5 0
block 6 0
block 7 0
block 8 0
block 9 0
block 10 0
block 11 0
block 12 0
block 13 0
block 14 0
block 15 0
block 16 0
block 17 0
block 18 0
block 19 0
block 24 0
block 25 0
block 26 0
block 27 0
block 28 0
block 29 0
block 34 0
block 35 0
block 36 0
block 37 0
block 63 0
block 64 0
block 65 0
block 66 0
block 67 0
block 68 0
block 4 1
block 5 1
block 6 1
block 7 1
block 8 1
block 9 1
block 10 1
block 11 1
block 12 1
block 13 1
block 14 1
block 15 1
block 24 1
block 25 1
block 26 1
block 27 1
block 28 1
block 29 1
block 34 1
block 35 1
block 36 1
block 37 1
block 9 2
block 10 2
block 11 2
block 12 2
block 13 2
block 14 2
block 15 2
block 25 2
block 26 2
block 27 2
block 28 2
block 34 2
block 35 2
block 36 2
block 37 2
block 25 3
block 26 3
block 27 3
block 28 3
block 34 3
block 35 3
block 36 3
block 37 3
block 0 4
block 1 4
block 2 4
block 3 4
block 25 4
block 26 4
block 27 4
block 28 4
block 34 4
block 35 4
block 36 4
block 37 4
block 0 5
block 1 5
block 2 5
block 3 5
block 40 5
block 41 5
block 42 5
block 43 5
block 44 5
block 45 5
block 46 5
block 0 6
block 1 6
block 2 6
block 3 6
block 28 6
block 29 6
block 40 6
block 41 6
block 42 6
block 43 6
block 44 6
block 45 6
block 46 6
block 18 7
block 19 7
block 20 7
block 21 7
block 28 7
block 29 7
block 40 7
block 41 7
block 42 7
block 43 7
block 44 7
block 45 7
block 46 7
block 18 8
block 19 8
block 20 8
block 21 8
block 28 8
block 29 8
block 34 8
block 35 8
block 36 8
block 37 8
block 38 8
block 39 8
block 40 8
block 41 8
block 42 8
block 43 8
block 44 8
block 45 8
block 46 8
block 47 8
block 48 8
block 49 8
block 50 8
block 51 8
block 52 8
block 57 8
block 58 8
block 59 8
block 60 8
block 18 9
block 19 9
block 20 9
block 21 9
block 28 9
block 29 9
block 34 9
block 35 9
block 36 9
block 37 9
block 38 9
block 39 9
block 40 9
block 41 9
block 42 9
block 43 9
block 44 9
block 45 9
block 46 9
block 47 9
block 48 9
block 49 9
block 50 9
block 51 9
block 52 9
block 57 9
block 58 9
block 59 9
block 60 9
block 67 9
block 68 9
block 69 9
block 70 9
block 0 10
block 18 10
block 19 10
block 20 10
block 21 10
block 28 10
block 29 10
block 34 10
block 35 10
block 36 10
block 37 10
block 38 10
block 39 10
block 40 10
block 41 10
block 42 10
block 47 10
block 48 10
block 49 10
block 50 10
block 57 10
block 58 10
block 59 10
block 60 10
block 67 10
block 68 10
block 69 10
block 70 10
block 71 10
block 72 10
block 0 11
block 28 11
block 29 11
block 34 11
block 35 11
block 36 11
block 37 11
block 38 11
block 39 11
block 40 11
block 41 11
block 42 11
block 47 11
block 48 11
block 49 11
block 50 11
block 57 11
block 58 11
block 59 11
block 60 11
block 67 11
block 68 11
block 69 11
block 70 11
block 71 11
block 72 11
block 0 12
block 28 12
block 29 12
block 34 12
block 35 12
block 36 12
block 37 12
block 38 12
block 39 12
block 40 12
block 41 12
block 42 12
block 47 12
block 48 12
block 49 12
block 50 12
block 57 12
block 58 12
block 59 12
block 60 12
block 67 12
block 68 12
block 69 12
block 70 12
block 71 12
block 72 12
block 0 13
block 34 13
block 35 13
block 36 13
block 37 13
block 38 13
block 39 13
block 40 13
block 41 13
block 42 13
block 47 13
block 48 13
block 49 13
block 50 13
block 67 13
block 68 13
block 69 13
block 70 13
block 71 13
block 72 13
block 0 14
block 14 14
block 15 14
block 16 14
block 17 14
block 18 14
block 19 14
block 20 14
block 37 14
block 38 14
block 39 14
block 40 14
block 41 14
block 42 14
block 68 14
block 69 14
block 70 14
block 71 14
block 72 14
block 0 15
block 14 15
block 15 15
block 16 15
block 17 15
block 18 15
block 19 15
block 20 15
block 68 15
block 69 15
block 70 15
block 71 15
block 72 15
block 0 16
block 14 16
block 15 16
block 16 16
block 17 16
block 18 16
block 19 16
block 20 16
block 63 16
block 64 16
block 65 16
block 66 16
block 67 16
block 68 16
block 69 16
block 70 16
block 71 16
block 72 16
block 0 17
block 1 17
block 2 17
block 3 17
block 14 17
block 15 17
block 16 17
block 17 17
block 18 17
block 19 17
block 20 17
block 21 17
block 22 17
block 23 17
block 24 17
block 25 17
block 26 17
block 27 17
block 51 17
block 52 17
block 60 17
block 61 17
block 63 17
block 64 17
block 65 17
block 66 17
block 67 17
block 68 17
block 69 17
block 70 17
block 71 17
block 72 17
block 0 18
block 1 18
block 2 18
block 3 18
block 4 18
block 5 18
block 6 18
block 7 18
block 8 18
block 9 18
block 10 18
block 14 18
block 15 18
block 16 18
block 17 18
block 18 18
block 19 18
block 20 18
block 21 18
block 22 18
block 23 18
block 24 18
block 25 18
block 26 18
block 27 18
block 38 18
block 39 18
block 40 18
block 41 18
block 42 18
block 51 18
block 52 18
block 60 18
block 61 18
block 63 18
block 64 18
block 65 18
block 66 18
block 67 18
block 68 18
block 69 18
block 70 18
block 71 18
block 72 18
block 0 19
block 1 19
block 2 19
block 3 19
block 4 19
block 5 19
block 6 19
block 7 19
block 8 19
block 9 19
block 10 19
block 11 19
block 12 19
block 13 19
block 14 19
block 15 19
block 16 19
block 17 19
block 18 19
block 19 19
block 20 19
block 21 19
block 22 19
block 23 19
block 24 19
block 25 19
block 26 19
block 27 19
block 28 19
block 38 19
block 39 19
block 40 19
block 41 19
block 42 19
block 63 19
block 64 19
block 65 19
block 66 19
block 67 19
block 68 19
block 69 19
block 70 19
block 71 19
block 72 19
block 4 20
block 5 20
block 6 20
block 7 20
block 8 20
block 9 20
block 10 20
block 11 20
block 12 20
block 13 20
block 14 20
block 15 20
block 16 20
block 17 20
block 18 20
block 19 20
block 21 20
block 22 20
block 23 20
block 24 20
block 25 20
block 26 20
block 27 20
block 28 20
block 29 20
block 34 20
block 35 20
block 36 20
block 37 20
block 38 20
block 39 20
block 40 20
block 41 20
block 42 20
block 63 20
block 64 20
block 65 20
block 66 20
block 67 20
block 68 20
##BotsAndCoinsInfo
bot_name 0 theBest
bot 0 43 12
bot_coins 0 0
coin 12 12
coin 61 8
round 1
round 2
round 3
match_over 0
round 4
