match
match_id 1639524567998_as
match_time 1639524568000
num_bots 1
##MatchConfig
mode FRIENDLY
num_rounds 200
random_seed 42
move_time_limit 1000
coin_spawn_period 5
coin_spawn_volume 2
##MapConfig
map_size 56 37
view_radius 5
mining_radius 2
attack_radius 3
block 14 1
block 15 1
block 16 1
block 17 1
block 18 1
block 19 1
block 20 1
block 14 2
block 15 2
block 16 2
block 17 2
block 18 2
block 19 2
block 20 2
block 21 2
block 22 2
block 23 2
block 24 2
block 25 2
block 26 2
block 27 2
block 14 3
block 15 3
block 16 3
block 17 3
block 18 3
block 19 3
block 20 3
block 21 3
block 22 3
block 23 3
block 24 3
block 25 3
block 26 3
block 27 3
block 14 4
block 15 4
block 16 4
block 17 4
block 18 4
block 19 4
block 20 4
block 21 4
block 22 4
block 23 4
block 24 4
block 25 4
block 26 4
block 27 4
block 21 5
block 22 5
block 23 5
block 24 5
block 25 5
block 26 5
block 27 5
block 21 6
block 22 6
block 23 6
block 24 6
block 25 6
block 26 6
block 27 6
block 21 7
block 22 7
block 23 7
block 24 7
block 25 7
block 26 7
block 27 7
block 21 8
block 22 8
block 23 8
block 24 8
block 25 8
block 26 8
block 27 8
block 0 12
block 1 12
block 2 12
block 3 12
block 54 12
block 55 12
block 0 13
block 1 13
block 2 13
block 3 13
block 40 13
block 41 13
block 42 13
block 43 13
block 44 13
block 54 13
block 55 13
block 0 14
block 1 14
block 2 14
block 3 14
block 40 14
block 41 14
block 42 14
block 43 14
block 44 14
block 45 14
block 46 14
block 47 14
block 54 14
block 55 14
block 0 15
block 1 15
block 2 15
block 3 15
block 40 15
block 41 15
block 42 15
block 43 15
block 44 15
block 45 15
block 46 15
block 47 15
block 54 15
block 55 15
block 40 16
block 41 16
block 42 16
block 43 16
block 44 16
block 45 16
block 46 16
block 47 16
block 4 24
block 5 24
block 6 24
block 4 25
block 5 25
block 6 25
block 4 26
block 5 26
block 6 26
block 4 27
block 5 27
block 6 27
block 0 28
block 1 28
block 2 28
block 3 28
block 4 28
block 54 28
block 55 28
block 0 29
block 1 29
block 2 29
block 3 29
block 4 29
block 54 29
block 55 29
block 0 30
block 1 30
block 2 30
block 3 30
block 4 30
block 25 30
block 26 30
block 27 30
block 28 30
block 37 30
block 38 30
block 54 30
block 55 30
block 25 31
block 26 31
block 27 31
block 28 31
block 37 31
block 38 31
block 54 31
block 55 31
block 25 32
block 26 32
block 27 32
block 28 32
block 37 32
block 38 32
block 39 32
block 40 32
block 41 32
block 54 32
block 55 32
block 37 33
block 38 33
block 39 33
block 40 33
block 41 33
block 54 33
block 55 33
block 37 34
block 38 34
block 39 34
block 40 34
block 41 34
block 54 34
block 55 34
block 37 35
block 38 35
##BotsAndCoinsInfo
bot_name 0 theBest
bot 0 46 8
bot_coins 0 0
coin 50 14
coin 5 22
round 1
bot 0 46 9
round 2
bot 0 46 10
round 3
bot 0 46 11
round 4
bot 0 47 12
round 5
bot 0 48 13
coin 48 10
coin 7 26
round 6
bot 0 49 14
coin_collected 50 14 0
bot_coins 0 1
round 7
round 8
round 9
match_over 0
round 10
