match
match_id 1639525066988_bb
match_time 1639525066995
num_bots 1
##MatchConfig
mode FRIENDLY
num_rounds 200
random_seed 42
move_time_limit 1000
coin_spawn_period 5
coin_spawn_volume 2
##MapConfig
map_size 61 22
view_radius 6
mining_radius 1
attack_radius 4
block 24 0
block 25 0
block 26 0
block 34 0
block 35 0
block 36 0
block 37 0
block 50 0
block 51 0
block 52 0
block 53 0
block 54 0
block 55 0
block 56 0
block 24 1
block 25 1
block 26 1
block 34 1
block 35 1
block 36 1
block 37 1
block 50 1
block 51 1
block 52 1
block 53 1
block 54 1
block 55 1
block 56 1
block 24 2
block 25 2
block 26 2
block 34 2
block 35 2
block 36 2
block 37 2
block 50 2
block 51 2
block 52 2
block 53 2
block 54 2
block 55 2
block 56 2
block 11 3
block 12 3
block 13 3
block 14 3
block 15 3
block 16 3
block 17 3
block 24 3
block 25 3
block 26 3
block 36 3
block 37 3
block 50 3
block 51 3
block 52 3
block 53 3
block 54 3
block 55 3
block 56 3
block 11 4
block 12 4
block 13 4
block 14 4
block 15 4
block 16 4
block 17 4
block 24 4
block 25 4
block 26 4
block 36 4
block 37 4
block 11 5
block 12 5
block 13 5
block 14 5
block 15 5
block 16 5
block 17 5
block 11 6
block 12 6
block 13 6
block 14 6
block 15 6
block 16 6
block 17 6
block 31 6
block 32 6
block 33 6
block 34 6
block 35 6
block 2 7
block 3 7
block 4 7
block 5 7
block 6 7
block 7 7
block 11 7
block 12 7
block 13 7
block 14 7
block 15 7
block 16 7
block 17 7
block 31 7
block 32 7
block 33 7
block 34 7
block 35 7
block 2 8
block 3 8
block 4 8
block 5 8
block 6 8
block 7 8
block 11 8
block 12 8
block 13 8
block 14 8
block 15 8
block 16 8
block 17 8
block 31 8
block 32 8
block 33 8
block 34 8
block 35 8
block 52 8
block 53 8
block 54 8
block 55 8
block 56 8
block 2 9
block 3 9
block 4 9
block 5 9
block 6 9
block 7 9
block 10 9
block 11 9
block 12 9
block 13 9
block 14 9
block 15 9
block 16 9
block 17 9
block 18 9
block 31 9
block 32 9
block 33 9
block 34 9
block 35 9
block 52 9
block 53 9
block 54 9
block 55 9
block 56 9
block 10 10
block 11 10
block 12 10
block 13 10
block 15 10
block 16 10
block 17 10
block 18 10
block 31 10
block 32 10
block 33 10
block 34 10
block 35 10
block 43 10
block 44 10
block 45 10
block 46 10
block 47 10
block 48 10
block 49 10
block 52 10
block 53 10
block 54 10
block 55 10
block 56 10
block 10 11
block 11 11
block 12 11
block 13 11
block 15 11
block 16 11
block 17 11
block 18 11
block 31 11
block 32 11
block 33 11
block 34 11
block 35 11
block 43 11
block 44 11
block 45 11
block 46 11
block 47 11
block 48 11
block 49 11
block 52 11
block 53 11
block 54 11
block 55 11
block 56 11
block 10 12
block 11 12
block 12 12
block 13 12
block 15 12
block 16 12
block 17 12
block 18 12
block 31 12
block 32 12
block 33 12
block 34 12
block 35 12
block 43 12
block 44 12
block 45 12
block 46 12
block 47 12
block 48 12
block 49 12
block 54 12
block 55 12
block 56 12
block 57 12
block 58 12
block 59 12
block 2 13
block 3 13
block 4 13
block 5 13
block 6 13
block 7 13
block 10 13
block 11 13
block 12 13
block 13 13
block 15 13
block 16 13
block 17 13
block 18 13
block 43 13
block 44 13
block 45 13
block 46 13
block 47 13
block 48 13
block 49 13
block 54 13
block 55 13
block 56 13
block 57 13
block 58 13
block 59 13
block 2 14
block 3 14
block 4 14
block 5 14
block 6 14
block 7 14
block 15 14
block 16 14
block 17 14
block 18 14
block 43 14
block 44 14
block 45 14
block 46 14
block 47 14
block 48 14
block 49 14
block 54 14
block 55 14
block 56 14
block 57 14
block 58 14
block 59 14
block 2 15
block 3 15
block 4 15
block 5 15
block 6 15
block 7 15
block 15 15
block 16 15
block 17 15
block 18 15
block 24 15
block 25 15
block 26 15
block 27 15
block 43 15
block 44 15
block 45 15
block 46 15
block 47 15
block 48 15
block 49 15
block 54 15
block 55 15
block 56 15
block 57 15
block 58 15
block 59 15
block 2 16
block 3 16
block 4 16
block 5 16
block 6 16
block 7 16
block 24 16
block 25 16
block 26 16
block 27 16
block 43 16
block 44 16
block 45 16
block 46 16
block 47 16
block 48 16
block 49 16
block 54 16
block 55 16
block 56 16
block 57 16
block 2 17
block 3 17
block 4 17
block 5 17
block 6 17
block 7 17
block 24 17
block 25 17
block 26 17
block 27 17
block 54 17
block 55 17
block 56 17
block 57 17
block 2 18
block 3 18
block 4 18
block 5 18
block 6 18
block 7 18
block 24 18
block 25 18
block 26 18
block 27 18
block 54 18
block 55 18
block 56 18
block 57 18
block 24 19
block 25 19
block 26 19
block 27 19
block 50 19
block 51 19
block 52 19
block 53 19
block 54 19
block 55 19
block 56 19
block 24 20
block 25 20
block 26 20
block 27 20
block 50 20
block 51 20
block 52 20
block 53 20
block 54 20
block 55 20
block 56 20
block 50 21
block 51 21
block 52 21
block 53 21
block 54 21
block 55 21
block 56 21
##BotsAndCoinsInfo
bot_name 0 theBest
bot 0 45 19
bot_coins 0 0
coin 5 12
coin 57 9
round 1
bot 0 45 20
round 2
bot 0 45 21
round 3
bot 0 46 21
round 4
bot 0 47 21
round 5
bot 0 48 21
coin 23 16
coin 37 5
round 6
bot 0 49 21
round 7
round 8
round 9
round 10
coin 10 19
coin 49 2
round 11
round 12
round 13
match_over 0
round 14
