match
match_id 1639560437328_ad
match_time 1639560437331
num_bots 1
##MatchConfig
mode FRIENDLY
num_rounds 200
random_seed 42
move_time_limit 1000
coin_spawn_period 5
coin_spawn_volume 2
##MapConfig
map_size 56 34
view_radius 6
mining_radius 1
attack_radius 3
block 12 0
block 13 0
block 14 0
block 45 0
block 46 0
block 47 0
block 48 0
block 49 0
block 50 0
block 51 0
block 33 1
block 34 1
block 35 1
block 36 1
block 37 1
block 38 1
block 39 1
block 40 1
block 41 1
block 42 1
block 43 1
block 44 1
block 45 1
block 46 1
block 47 1
block 48 1
block 49 1
block 50 1
block 51 1
block 33 2
block 34 2
block 35 2
block 36 2
block 37 2
block 38 2
block 39 2
block 40 2
block 41 2
block 42 2
block 43 2
block 44 2
block 45 2
block 46 2
block 47 2
block 48 2
block 49 2
block 50 2
block 51 2
block 33 3
block 34 3
block 35 3
block 36 3
block 37 3
block 38 3
block 39 3
block 40 3
block 41 3
block 42 3
block 43 3
block 44 3
block 45 3
block 26 4
block 27 4
block 28 4
block 29 4
block 30 4
block 31 4
block 32 4
block 34 4
block 35 4
block 36 4
block 37 4
block 38 4
block 39 4
block 40 4
block 41 4
block 42 4
block 43 4
block 44 4
block 45 4
block 26 5
block 27 5
block 28 5
block 29 5
block 30 5
block 31 5
block 32 5
block 34 5
block 35 5
block 36 5
block 37 5
block 38 5
block 39 5
block 40 5
block 41 5
block 42 5
block 43 5
block 44 5
block 45 5
block 19 6
block 20 6
block 21 6
block 22 6
block 34 6
block 35 6
block 36 6
block 37 6
block 38 6
block 39 6
block 40 6
block 41 6
block 42 6
block 43 6
block 44 6
block 45 6
block 19 7
block 20 7
block 21 7
block 22 7
block 40 7
block 41 7
block 42 7
block 43 7
block 44 7
block 45 7
block 19 8
block 20 8
block 21 8
block 22 8
block 42 8
block 43 8
block 44 8
block 0 9
block 1 9
block 42 9
block 43 9
block 44 9
block 45 9
block 46 9
block 47 9
block 48 9
block 49 9
block 52 9
block 53 9
block 54 9
block 55 9
block 0 10
block 1 10
block 20 10
block 21 10
block 22 10
block 23 10
block 24 10
block 25 10
block 26 10
block 27 10
block 42 10
block 43 10
block 44 10
block 45 10
block 46 10
block 47 10
block 48 10
block 49 10
block 52 10
block 53 10
block 54 10
block 55 10
block 0 11
block 1 11
block 20 11
block 21 11
block 22 11
block 23 11
block 24 11
block 25 11
block 26 11
block 27 11
block 36 11
block 37 11
block 38 11
block 48 11
block 49 11
block 50 11
block 51 11
block 52 11
block 53 11
block 54 11
block 55 11
block 20 12
block 21 12
block 22 12
block 23 12
block 24 12
block 25 12
block 26 12
block 27 12
block 36 12
block 37 12
block 38 12
block 48 12
block 49 12
block 50 12
block 51 12
block 52 12
block 21 13
block 22 13
block 23 13
block 24 13
block 25 13
block 26 13
block 27 13
block 34 13
block 35 13
block 36 13
block 37 13
block 38 13
block 48 13
block 49 13
block 50 13
block 51 13
block 52 13
block 16 14
block 17 14
block 18 14
block 19 14
block 20 14
block 21 14
block 22 14
block 23 14
block 24 14
block 25 14
block 26 14
block 27 14
block 34 14
block 35 14
block 36 14
block 37 14
block 38 14
block 48 14
block 49 14
block 50 14
block 51 14
block 52 14
block 16 15
block 17 15
block 18 15
block 19 15
block 20 15
block 21 15
block 22 15
block 23 15
block 24 15
block 25 15
block 26 15
block 27 15
block 34 15
block 35 15
block 36 15
block 37 15
block 38 15
block 48 15
block 49 15
block 50 15
block 51 15
block 52 15
block 16 16
block 17 16
block 18 16
block 19 16
block 20 16
block 21 16
block 22 16
block 26 16
block 27 16
block 28 16
block 29 16
block 34 16
block 35 16
block 36 16
block 37 16
block 38 16
block 26 17
block 27 17
block 28 17
block 29 17
block 34 17
block 35 17
block 36 17
block 37 17
block 38 17
block 10 18
block 11 18
block 12 18
block 13 18
block 14 18
block 15 18
block 34 18
block 35 18
block 36 18
block 37 18
block 47 18
block 48 18
block 10 19
block 11 19
block 12 19
block 13 19
block 14 19
block 15 19
block 34 19
block 35 19
block 36 19
block 37 19
block 47 19
block 48 19
block 10 20
block 11 20
block 12 20
block 13 20
block 14 20
block 15 20
block 47 20
block 48 20
block 23 23
block 24 23
block 25 23
block 26 23
block 27 23
block 23 24
block 24 24
block 25 24
block 26 24
block 27 24
block 23 25
block 24 25
block 25 25
block 26 25
block 27 25
block 23 26
block 24 26
block 25 26
block 26 26
block 27 26
block 23 27
block 24 27
block 25 27
block 26 27
block 27 27
block 23 28
block 24 28
block 25 28
block 26 28
block 27 28
block 46 30
block 47 30
block 48 30
block 49 30
block 50 30
block 51 30
block 12 31
block 13 31
block 14 31
block 45 31
block 46 31
block 47 31
block 48 31
block 49 31
block 50 31
block 51 31
block 12 32
block 13 32
block 14 32
block 45 32
block 46 32
block 47 32
block 48 32
block 49 32
block 50 32
block 51 32
block 12 33
block 13 33
block 14 33
block 45 33
block 46 33
block 47 33
block 48 33
block 49 33
block 50 33
block 51 33
##BotsAndCoinsInfo
bot_name 0 theBest
bot 0 47 23
bot_coins 0 0
coin 50 10
coin 5 23
round 1
bot 0 47 22
round 2
bot 0 47 21
round 3
round 4
round 5
coin 47 12
coin 8 21
round 6
round 7
round 8
round 9
round 10
coin 26 9
coin 29 24
round 11
round 12
round 13
round 14
round 15
coin 1 12
coin 54 21
round 16
round 17
round 18
round 19
round 20
coin 55 7
coin 0 26
round 21
round 22
round 23
round 24
round 25
coin 39 12
coin 16 21
round 26
round 27
round 28
round 29
round 30
coin 28 14
coin 27 19
round 31
round 32
round 33
round 34
round 35
coin 35 12
coin 20 21
round 36
round 37
round 38
round 39
round 40
coin 0 8
coin 55 25
round 41
round 42
round 43
round 44
round 45
coin 7 15
coin 49 18
round 46
bot 0 48 22
round 47
bot 0 49 21
round 48
bot 0 49 20
round 49
bot 0 49 19
coin_collected 49 18 0
bot_coins 0 1
round 50
bot 0 50 20
coin 40 11
coin 15 22
round 51
bot 0 51 21
round 52
bot 0 52 21
round 53
bot 0 53 21
coin_collected 54 21 0
bot_coins 0 2
round 54
bot 0 54 22
round 55
bot 0 55 23
coin 52 33
coin 3 0
round 56
bot 0 55 24
coin_collected 55 25 0
bot_coins 0 3
round 57
bot 0 54 25
round 58
bot 0 53 26
round 59
bot 0 52 26
round 60
bot 0 51 26
coin 35 0
coin 20 33
round 61
bot 0 50 26
round 62
bot 0 49 26
round 63
bot 0 49 25
round 64
bot 0 49 24
round 65
bot 0 49 23
coin 14 21
coin 41 12
round 66
bot 0 49 22
round 67
bot 0 49 21
round 68
bot 0 49 20
round 69
bot 0 49 19
round 70
bot 0 49 18
coin 11 32
coin 44 0
round 71
bot 0 49 17
round 72
bot 0 48 16
round 73
bot 0 47 15
round 74
bot 0 47 14
round 75
bot 0 47 13
coin_collected 47 12 0
bot_coins 0 4
coin 28 15
coin 27 18
round 76
round 77
round 78
round 79
round 80
coin 30 25
coin 25 8
round 81
round 82
round 83
round 84
round 85
coin 17 27
coin 38 7
round 86
round 87
round 88
round 89
round 90
coin 12 9
coin 43 24
round 91
round 92
round 93
round 94
round 95
coin 49 3
coin 6 30
round 96
round 97
round 98
round 99
round 100
coin 27 31
coin 28 2
round 101
round 102
round 103
round 104
round 105
coin 7 29
coin 48 4
round 106
round 107
round 108
round 109
round 110
coin 31 10
coin 24 22
round 111
round 112
round 113
round 114
round 115
coin 55 19
coin 0 14
round 116
round 117
round 118
round 119
round 120
coin 13 9
coin 42 24
round 121
round 122
round 123
round 124
round 125
coin 33 8
coin 22 25
round 126
round 127
round 128
round 129
round 130
coin 30 14
coin 25 19
round 131
round 132
round 133
round 134
round 135
coin 16 20
coin 39 13
round 136
round 137
round 138
round 139
round 140
coin 50 3
coin 5 30
round 141
round 142
round 143
round 144
round 145
coin 29 23
coin 27 9
round 146
round 147
round 148
round 149
round 150
coin 49 7
coin 6 26
round 151
round 152
round 153
round 154
round 155
coin 32 9
coin 22 24
round 156
round 157
round 158
round 159
round 160
coin 22 2
coin 33 31
round 161
round 162
round 163
round 164
round 165
coin 6 11
coin 49 22
round 166
round 167
round 168
round 169
round 170
coin 55 3
coin 0 30
round 171
round 172
round 173
round 174
round 175
coin 39 7
coin 16 26
round 176
round 177
round 178
round 179
round 180
coin 53 3
coin 2 30
round 181
round 182
round 183
round 184
round 185
coin 29 7
coin 28 26
round 186
round 187
round 188
round 189
round 190
coin 26 22
coin 29 11
round 191
round 192
round 193
round 194
round 195
coin 17 13
coin 38 20
round 196
round 197
round 198
round 199
round 200
coin 16 22
coin 39 11
match_over 0
