match
match_id 1639511014913_bg
match_time 1639511014919
num_bots 1
##MatchConfig
mode FRIENDLY
num_rounds 200
random_seed 42
move_time_limit 1000
coin_spawn_period 5
coin_spawn_volume 2
##MapConfig
map_size 50 20
view_radius 5
mining_radius 1
attack_radius 4
block 18 0
block 19 0
block 20 0
block 21 0
block 32 0
block 33 0
block 34 0
block 35 0
block 2 1
block 3 1
block 4 1
block 5 1
block 33 1
block 34 1
block 35 1
block 2 2
block 3 2
block 4 2
block 5 2
block 44 2
block 45 2
block 46 2
block 47 2
block 48 2
block 2 3
block 3 3
block 4 3
block 5 3
block 6 3
block 7 3
block 8 3
block 9 3
block 10 3
block 11 3
block 12 3
block 13 3
block 14 3
block 44 3
block 45 3
block 46 3
block 47 3
block 48 3
block 2 4
block 3 4
block 4 4
block 5 4
block 6 4
block 7 4
block 8 4
block 9 4
block 10 4
block 11 4
block 12 4
block 13 4
block 14 4
block 43 4
block 44 4
block 45 4
block 46 4
block 47 4
block 48 4
block 49 4
block 2 5
block 3 5
block 4 5
block 5 5
block 6 5
block 7 5
block 8 5
block 9 5
block 10 5
block 11 5
block 12 5
block 43 5
block 44 5
block 45 5
block 46 5
block 47 5
block 48 5
block 49 5
block 6 6
block 7 6
block 8 6
block 9 6
block 10 6
block 11 6
block 12 6
block 38 6
block 39 6
block 40 6
block 43 6
block 44 6
block 45 6
block 46 6
block 47 6
block 48 6
block 49 6
block 6 7
block 7 7
block 8 7
block 9 7
block 10 7
block 11 7
block 12 7
block 23 7
block 24 7
block 25 7
block 26 7
block 27 7
block 28 7
block 29 7
block 38 7
block 39 7
block 40 7
block 43 7
block 44 7
block 45 7
block 46 7
block 47 7
block 48 7
block 49 7
block 6 8
block 7 8
block 8 8
block 9 8
block 10 8
block 11 8
block 12 8
block 23 8
block 24 8
block 25 8
block 26 8
block 27 8
block 28 8
block 29 8
block 38 8
block 39 8
block 40 8
block 43 8
block 44 8
block 45 8
block 46 8
block 47 8
block 48 8
block 49 8
block 23 9
block 24 9
block 25 9
block 26 9
block 27 9
block 28 9
block 29 9
block 38 9
block 39 9
block 40 9
block 43 9
block 44 9
block 45 9
block 46 9
block 47 9
block 48 9
block 49 9
block 0 10
block 4 10
block 5 10
block 6 10
block 7 10
block 19 10
block 20 10
block 21 10
block 22 10
block 23 10
block 30 10
block 31 10
block 32 10
block 33 10
block 34 10
block 35 10
block 36 10
block 37 10
block 38 10
block 39 10
block 40 10
block 43 10
block 44 10
block 45 10
block 46 10
block 47 10
block 48 10
block 49 10
block 0 11
block 4 11
block 5 11
block 6 11
block 7 11
block 19 11
block 20 11
block 21 11
block 22 11
block 23 11
block 30 11
block 31 11
block 32 11
block 33 11
block 34 11
block 35 11
block 36 11
block 37 11
block 38 11
block 39 11
block 40 11
block 45 11
block 46 11
block 47 11
block 48 11
block 49 11
block 0 12
block 1 12
block 2 12
block 4 12
block 5 12
block 6 12
block 7 12
block 30 12
block 31 12
block 32 12
block 33 12
block 34 12
block 35 12
block 36 12
block 37 12
block 38 12
block 45 12
block 46 12
block 47 12
block 48 12
block 49 12
block 0 13
block 1 13
block 2 13
block 3 13
block 4 13
block 5 13
block 6 13
block 7 13
block 16 13
block 17 13
block 18 13
block 30 13
block 31 13
block 32 13
block 33 13
block 34 13
block 35 13
block 36 13
block 37 13
block 38 13
block 45 13
block 46 13
block 47 13
block 48 13
block 49 13
block 0 14
block 1 14
block 2 14
block 3 14
block 4 14
block 5 14
block 6 14
block 7 14
block 16 14
block 17 14
block 18 14
block 19 14
block 20 14
block 21 14
block 22 14
block 23 14
block 34 14
block 35 14
block 36 14
block 37 14
block 38 14
block 45 14
block 46 14
block 47 14
block 48 14
block 49 14
block 0 15
block 1 15
block 2 15
block 4 15
block 5 15
block 6 15
block 7 15
block 16 15
block 17 15
block 18 15
block 19 15
block 20 15
block 21 15
block 22 15
block 23 15
block 28 15
block 29 15
block 30 15
block 31 15
block 32 15
block 33 15
block 34 15
block 35 15
block 36 15
block 37 15
block 38 15
block 45 15
block 46 15
block 47 15
block 48 15
block 49 15
block 4 16
block 5 16
block 6 16
block 7 16
block 16 16
block 17 16
block 18 16
block 19 16
block 20 16
block 21 16
block 22 16
block 23 16
block 28 16
block 29 16
block 30 16
block 31 16
block 32 16
block 33 16
block 34 16
block 35 16
block 1 17
block 2 17
block 3 17
block 4 17
block 16 17
block 17 17
block 18 17
block 19 17
block 20 17
block 21 17
block 22 17
block 23 17
block 28 17
block 29 17
block 30 17
block 31 17
block 32 17
block 33 17
block 34 17
block 35 17
block 1 18
block 2 18
block 3 18
block 4 18
block 16 18
block 17 18
block 18 18
block 19 18
block 20 18
block 21 18
block 22 18
block 23 18
block 28 18
block 29 18
block 30 18
block 31 18
block 32 18
block 33 18
block 34 18
block 35 18
block 1 19
block 2 19
block 3 19
block 4 19
block 18 19
block 19 19
block 20 19
block 21 19
block 22 19
block 23 19
block 28 19
block 29 19
block 30 19
block 31 19
block 32 19
block 33 19
block 34 19
block 35 19
##BotsAndCoinsInfo
bot_name 0 theBest
bot 0 0 6
bot_coins 0 0
coin 30 3
coin 19 13
round 1
round 2
round 3
round 4
round 5
coin 49 3
coin 0 16
round 6
round 7
round 8
round 9
round 10
coin 20 5
coin 29 14
round 11
round 12
round 13
round 14
round 15
coin 5 18
coin 44 1
round 16
round 17
round 18
round 19
round 20
coin 20 13
coin 29 6
round 21
round 22
round 23
round 24
round 25
coin 32 2
coin 17 19
round 26
round 27
round 28
round 29
round 30
coin 26 12
coin 22 7
round 31
round 32
round 33
round 34
round 35
coin 26 13
coin 23 6
round 36
round 37
round 38
round 39
round 40
coin 6 9
coin 42 10
round 41
round 42
round 43
round 44
round 45
coin 42 9
coin 8 10
round 46
round 47
round 48
round 49
round 50
coin 0 3
coin 49 16
round 51
round 52
round 53
round 54
round 55
coin 26 14
coin 23 5
round 56
round 57
round 58
round 59
round 60
coin 43 1
coin 6 18
round 61
round 62
round 63
round 64
round 65
coin 30 0
coin 19 1
round 66
round 67
round 68
round 69
round 70
coin 37 6
coin 12 13
round 71
round 72
round 73
round 74
round 75
coin 30 14
coin 19 5
round 76
round 77
round 78
round 79
round 80
coin 30 5
coin 19 12
round 81
round 82
round 83
round 84
round 85
coin 17 7
coin 32 14
round 86
round 87
round 88
round 89
round 90
coin 12 14
coin 37 5
round 91
round 92
round 93
round 94
round 95
coin 13 5
coin 36 16
round 96
round 97
round 98
round 99
round 100
coin 29 5
coin 21 13
round 101
round 102
round 103
round 104
round 105
coin 24 17
coin 25 2
round 106
round 107
round 108
round 109
round 110
coin 25 14
coin 24 5
round 111
round 112
round 113
round 114
round 115
coin 8 15
coin 41 4
round 116
round 117
round 118
round 119
round 120
coin 7 2
coin 42 17
round 121
round 122
round 123
round 124
round 125
coin 43 0
coin 6 19
round 126
round 127
round 128
round 129
round 130
coin 8 16
coin 41 3
round 131
round 132
round 133
round 134
round 135
coin 10 10
coin 41 9
round 136
round 137
round 138
round 139
round 140
coin 13 19
coin 36 0
round 141
round 142
round 143
round 144
round 145
coin 11 2
coin 38 17
round 146
round 147
round 148
round 149
round 150
coin 47 19
coin 2 0
round 151
round 152
round 153
round 154
round 155
coin 1 1
coin 48 18
round 156
round 157
round 158
round 159
round 160
coin 44 14
coin 5 6
round 161
round 162
round 163
round 164
round 165
coin 48 19
coin 1 0
round 166
round 167
round 168
round 169
round 170
coin 25 19
coin 24 0
round 171
round 172
round 173
round 174
round 175
coin 40 1
coin 9 18
round 176
round 177
round 178
round 179
round 180
coin 3 9
coin 44 11
round 181
round 182
round 183
round 184
round 185
coin 23 13
coin 26 6
round 186
round 187
round 188
round 189
round 190
coin 37 0
coin 12 19
round 191
round 192
round 193
round 194
round 195
coin 25 13
coin 24 6
round 196
round 197
round 198
round 199
round 200
coin 1 16
coin 49 2
match_over 0
