match
match_id 1639521865469_as
match_time 1639521865475
num_bots 1
##MatchConfig
mode FRIENDLY
num_rounds 200
random_seed 42
move_time_limit 1000
coin_spawn_period 5
coin_spawn_volume 2
##MapConfig
map_size 55 24
view_radius 5
mining_radius 2
attack_radius 3
block 0 0
block 1 0
block 2 0
block 5 0
block 6 0
block 7 0
block 8 0
block 9 0
block 17 0
block 18 0
block 19 0
block 41 0
block 42 0
block 43 0
block 44 0
block 45 0
block 0 1
block 1 1
block 2 1
block 5 1
block 6 1
block 7 1
block 8 1
block 9 1
block 15 1
block 16 1
block 17 1
block 18 1
block 32 1
block 33 1
block 34 1
block 35 1
block 15 2
block 16 2
block 17 2
block 18 2
block 32 2
block 33 2
block 34 2
block 35 2
block 15 3
block 16 3
block 17 3
block 18 3
block 32 3
block 33 3
block 34 3
block 35 3
block 32 4
block 33 4
block 34 4
block 35 4
block 42 4
block 43 4
block 32 5
block 33 5
block 34 5
block 35 5
block 42 5
block 43 5
block 46 5
block 47 5
block 48 5
block 32 6
block 33 6
block 34 6
block 35 6
block 42 6
block 43 6
block 46 6
block 47 6
block 48 6
block 32 7
block 33 7
block 34 7
block 35 7
block 42 7
block 43 7
block 46 7
block 47 7
block 48 7
block 7 8
block 8 8
block 9 8
block 27 8
block 28 8
block 29 8
block 30 8
block 31 8
block 32 8
block 33 8
block 34 8
block 7 9
block 8 9
block 9 9
block 27 9
block 28 9
block 29 9
block 30 9
block 31 9
block 32 9
block 33 9
block 34 9
block 7 10
block 8 10
block 9 10
block 27 10
block 28 10
block 29 10
block 30 10
block 31 10
block 32 10
block 33 10
block 34 10
block 7 11
block 8 11
block 9 11
block 27 11
block 28 11
block 29 11
block 30 11
block 31 11
block 32 11
block 33 11
block 34 11
block 7 12
block 8 12
block 9 12
block 25 13
block 26 13
block 40 13
block 41 13
block 44 13
block 45 13
block 46 13
block 47 13
block 25 14
block 26 14
block 40 14
block 41 14
block 44 14
block 45 14
block 46 14
block 47 14
block 25 15
block 26 15
block 40 15
block 41 15
block 44 15
block 45 15
block 46 15
block 47 15
block 25 16
block 26 16
block 40 16
block 41 16
block 52 16
block 53 16
block 54 16
block 9 17
block 10 17
block 11 17
block 12 17
block 25 17
block 26 17
block 40 17
block 41 17
block 52 17
block 53 17
block 54 17
block 9 18
block 10 18
block 11 18
block 12 18
block 17 18
block 18 18
block 19 18
block 41 18
block 42 18
block 43 18
block 44 18
block 45 18
block 52 18
block 53 18
block 54 18
block 9 19
block 10 19
block 11 19
block 12 19
block 17 19
block 18 19
block 19 19
block 20 19
block 21 19
block 22 19
block 23 19
block 24 19
block 41 19
block 42 19
block 43 19
block 44 19
block 45 19
block 52 19
block 53 19
block 54 19
block 9 20
block 10 20
block 11 20
block 12 20
block 17 20
block 18 20
block 19 20
block 20 20
block 21 20
block 22 20
block 23 20
block 24 20
block 41 20
block 42 20
block 43 20
block 44 20
block 45 20
block 0 21
block 1 21
block 2 21
block 9 21
block 10 21
block 11 21
block 12 21
block 17 21
block 18 21
block 19 21
block 20 21
block 21 21
block 22 21
block 23 21
block 24 21
block 41 21
block 42 21
block 43 21
block 44 21
block 45 21
block 0 22
block 1 22
block 2 22
block 9 22
block 10 22
block 11 22
block 12 22
block 17 22
block 18 22
block 19 22
block 20 22
block 21 22
block 22 22
block 23 22
block 24 22
block 41 22
block 42 22
block 43 22
block 44 22
block 45 22
block 0 23
block 1 23
block 2 23
block 5 23
block 6 23
block 7 23
block 8 23
block 9 23
block 10 23
block 11 23
block 12 23
block 17 23
block 18 23
block 19 23
block 20 23
block 21 23
block 22 23
block 23 23
block 24 23
block 41 23
block 42 23
block 43 23
block 44 23
block 45 23
##BotsAndCoinsInfo
bot_name 0 theBest
bot 0 40 10
bot_coins 0 0
coin 40 3
coin 14 20
round 1
bot 0 41 11
round 2
bot 0 42 12
round 3
bot 0 43 13
round 4
round 5
coin 8 20
coin 46 3
round 6
round 7
round 8
round 9
round 10
coin 24 13
coin 30 12
round 11
round 12
round 13
round 14
round 15
coin 45 16
coin 9 7
round 16
round 17
round 18
round 19
round 20
coin 54 5
coin 0 18
round 21
round 22
round 23
round 24
round 25
coin 22 14
coin 31 7
round 26
round 27
round 28
round 29
round 30
coin 46 12
coin 10 11
round 31
round 32
round 33
round 34
round 35
coin 46 8
coin 8 15
round 36
round 37
round 38
round 39
round 40
coin 26 18
coin 28 5
round 41
round 42
round 43
round 44
round 45
coin 33 17
coin 21 6
round 46
round 47
round 48
round 49
round 50
coin 10 7
coin 44 16
round 51
round 52
round 53
round 54
round 55
coin 36 9
coin 18 14
round 56
round 57
round 58
round 59
round 60
coin 23 9
coin 31 14
round 61
round 62
round 63
round 64
round 65
coin 10 10
coin 44 12
round 66
coin_collected 44 12 0
bot_coins 0 1
round 67
round 68
round 69
round 70
coin 37 6
coin 17 17
round 71
round 72
round 73
round 74
round 75
coin 0 12
coin 54 11
round 76
round 77
round 78
round 79
round 80
coin 45 5
coin 8 18
round 81
round 82
round 83
round 84
round 85
coin 32 23
coin 22 0
round 86
round 87
round 88
round 89
round 90
coin 32 13
coin 22 10
round 91
round 92
round 93
round 94
round 95
coin 43 12
coin 11 11
round 96
coin_collected 43 12 0
bot_coins 0 2
round 97
round 98
round 99
round 100
coin 24 1
coin 30 22
round 101
round 102
round 103
round 104
round 105
coin 23 1
coin 31 22
round 106
round 107
round 108
round 109
round 110
coin 10 6
coin 44 17
round 111
round 112
round 113
round 114
round 115
coin 12 0
coin 42 1
round 116
round 117
round 118
round 119
round 120
coin 7 19
coin 47 4
round 121
round 122
round 123
round 124
round 125
coin 48 8
coin 6 15
round 126
round 127
round 128
round 129
round 130
coin 8 4
coin 46 19
round 131
round 132
round 133
round 134
round 135
coin 35 10
coin 19 13
round 136
round 137
round 138
round 139
round 140
coin 33 19
coin 21 4
round 141
round 142
round 143
round 144
round 145
coin 16 4
coin 38 19
round 146
round 147
round 148
round 149
round 150
coin 12 11
coin 42 12
round 151
coin_collected 42 12 0
bot_coins 0 3
round 152
round 153
round 154
round 155
coin 37 1
coin 16 22
round 156
round 157
round 158
round 159
round 160
coin 4 2
coin 50 21
round 161
round 162
round 163
round 164
round 165
coin 38 7
coin 16 16
round 166
round 167
round 168
round 169
round 170
coin 45 3
coin 8 21
round 171
round 172
round 173
round 174
round 175
coin 5 5
coin 49 18
round 176
round 177
round 178
round 179
round 180
coin 13 13
coin 41 10
round 181
round 182
round 183
round 184
round 185
coin 23 5
coin 31 18
round 186
round 187
round 188
round 189
round 190
coin 51 4
coin 3 19
round 191
round 192
round 193
round 194
round 195
coin 8 22
coin 46 1
round 196
round 197
round 198
round 199
round 200
coin 11 10
coin 43 14
match_over 0
