match
match_id 1639523679085_ac
match_time 1639523679091
num_bots 1
##MatchConfig
mode FRIENDLY
num_rounds 200
random_seed 42
move_time_limit 1000
coin_spawn_period 5
coin_spawn_volume 2
##MapConfig
map_size 69 39
view_radius 5
mining_radius 1
attack_radius 3
block 34 0
block 35 0
block 36 0
block 37 0
block 38 0
block 39 0
block 40 0
block 34 1
block 35 1
block 36 1
block 37 1
block 38 1
block 39 1
block 40 1
block 7 5
block 8 5
block 7 6
block 8 6
block 43 7
block 44 7
block 45 7
block 46 7
block 47 7
block 48 7
block 43 8
block 44 8
block 45 8
block 46 8
block 47 8
block 48 8
block 43 9
block 44 9
block 45 9
block 46 9
block 47 9
block 48 9
block 43 10
block 44 10
block 45 10
block 46 10
block 47 10
block 48 10
block 43 11
block 44 11
block 45 11
block 46 11
block 47 11
block 48 11
block 43 12
block 44 12
block 45 12
block 46 12
block 47 12
block 48 12
block 43 13
block 44 13
block 45 13
block 46 13
block 47 13
block 48 13
block 50 15
block 51 15
block 52 15
block 53 15
block 50 16
block 51 16
block 52 16
block 53 16
block 1 19
block 2 19
block 3 19
block 4 19
block 5 19
block 6 19
block 7 19
block 1 20
block 2 20
block 3 20
block 4 20
block 5 20
block 6 20
block 7 20
block 1 21
block 2 21
block 3 21
block 4 21
block 5 21
block 6 21
block 7 21
block 1 22
block 2 22
block 3 22
block 4 22
block 5 22
block 6 22
block 7 22
block 23 22
block 24 22
block 25 22
block 26 22
block 27 22
block 28 22
block 1 23
block 2 23
block 3 23
block 4 23
block 5 23
block 6 23
block 7 23
block 23 23
block 24 23
block 25 23
block 26 23
block 27 23
block 28 23
block 1 24
block 2 24
block 3 24
block 4 24
block 5 24
block 6 24
block 7 24
block 1 25
block 2 25
block 3 25
block 4 25
block 5 25
block 6 25
block 7 25
block 1 28
block 2 28
block 3 28
block 4 28
block 1 29
block 2 29
block 3 29
block 4 29
block 47 30
block 48 30
block 49 30
block 50 30
block 51 30
block 52 30
block 53 30
block 54 30
block 55 30
block 56 30
block 47 31
block 48 31
block 49 31
block 50 31
block 51 31
block 52 31
block 53 31
block 54 31
block 55 31
block 56 31
block 41 32
block 42 32
block 43 32
block 44 32
block 45 32
block 46 32
block 47 32
block 48 32
block 49 32
block 50 32
block 51 32
block 52 32
block 53 32
block 54 32
block 55 32
block 56 32
block 0 33
block 1 33
block 41 33
block 42 33
block 43 33
block 44 33
block 45 33
block 46 33
block 47 33
block 48 33
block 49 33
block 50 33
block 51 33
block 52 33
block 53 33
block 54 33
block 55 33
block 56 33
block 0 34
block 1 34
block 41 34
block 42 34
block 43 34
block 44 34
block 45 34
block 46 34
block 51 34
block 52 34
block 53 34
block 54 34
block 55 34
block 56 34
block 0 35
block 1 35
block 41 35
block 42 35
block 43 35
block 44 35
block 45 35
block 46 35
block 51 35
block 52 35
block 53 35
block 54 35
block 55 35
block 56 35
block 0 36
block 1 36
block 41 36
block 42 36
block 43 36
block 44 36
block 45 36
block 46 36
block 51 36
block 52 36
block 53 36
block 54 36
block 55 36
block 56 36
block 0 37
block 1 37
block 41 37
block 42 37
block 43 37
block 44 37
block 45 37
block 46 37
##BotsAndCoinsInfo
bot_name 0 theBest
bot 0 28 33
bot_coins 0 0
coin 29 33
coin 39 5
round 1
bot 0 28 34
round 2
bot 0 28 35
round 3
bot 0 28 36
round 4
bot 0 28 37
round 5
bot 0 28 38
coin 9 38
coin 59 0
round 6
bot 0 29 38
round 7
bot 0 30 38
round 8
bot 0 31 38
round 9
bot 0 32 38
round 10
bot 0 33 38
coin 30 4
coin 38 34
round 11
bot 0 34 38
round 12
bot 0 35 38
round 13
bot 0 36 38
round 14
bot 0 37 38
round 15
bot 0 38 38
coin 5 29
coin 63 9
round 16
bot 0 39 38
round 17
bot 0 40 38
round 18
bot 0 41 38
round 19
bot 0 42 38
round 20
bot 0 43 38
coin 7 2
coin 61 36
round 21
bot 0 44 38
round 22
bot 0 45 38
round 23
bot 0 46 38
round 24
bot 0 47 38
round 25
bot 0 48 38
coin 23 26
coin 45 14
round 26
bot 0 49 38
round 27
bot 0 50 38
round 28
bot 0 51 38
round 29
bot 0 52 38
round 30
bot 0 53 38
coin 48 6
coin 20 32
round 31
bot 0 54 38
round 32
bot 0 55 38
round 33
bot 0 56 38
round 34
bot 0 57 38
round 35
bot 0 58 38
coin 59 17
coin 9 21
round 36
bot 0 59 38
coin_collected 59 0 0
bot_coins 0 1
round 37
bot 0 60 38
round 38
bot 0 61 38
round 39
bot 0 62 38
round 40
bot 0 63 38
coin 33 21
coin 35 17
round 41
bot 0 64 38
round 42
bot 0 65 38
round 43
bot 0 66 38
round 44
bot 0 67 38
round 45
bot 0 68 38
coin 46 38
coin 22 0
round 46
round 47
round 48
match_over 0
round 49
