match
match_id 1639154718020_aa
match_time 1639154718054
num_bots 1
##MatchConfig
mode FRIENDLY
num_rounds 200
random_seed 42
move_time_limit 1000
coin_spawn_period 5
coin_spawn_volume 2
##MapConfig
map_size 78 20
view_radius 6
mining_radius 2
attack_radius 3
block 7 0
block 8 0
block 9 0
block 10 0
block 11 0
block 12 0
block 13 0
block 14 0
block 26 0
block 27 0
block 28 0
block 29 0
block 30 0
block 31 0
block 32 0
block 51 0
block 52 0
block 53 0
block 54 0
block 55 0
block 56 0
block 57 0
block 68 0
block 69 0
block 70 0
block 71 0
block 72 0
block 7 1
block 8 1
block 9 1
block 10 1
block 11 1
block 12 1
block 13 1
block 26 1
block 27 1
block 28 1
block 29 1
block 30 1
block 31 1
block 32 1
block 51 1
block 52 1
block 53 1
block 54 1
block 55 1
block 56 1
block 57 1
block 68 1
block 69 1
block 70 1
block 71 1
block 72 1
block 51 2
block 52 2
block 53 2
block 54 2
block 55 2
block 67 2
block 68 2
block 69 2
block 70 2
block 71 2
block 72 2
block 47 3
block 48 3
block 49 3
block 50 3
block 51 3
block 52 3
block 53 3
block 54 3
block 55 3
block 67 3
block 68 3
block 69 3
block 70 3
block 71 3
block 72 3
block 30 4
block 31 4
block 32 4
block 33 4
block 34 4
block 47 4
block 48 4
block 49 4
block 50 4
block 51 4
block 52 4
block 53 4
block 54 4
block 55 4
block 67 4
block 68 4
block 69 4
block 70 4
block 71 4
block 72 4
block 30 5
block 31 5
block 32 5
block 33 5
block 34 5
block 47 5
block 48 5
block 49 5
block 50 5
block 51 5
block 52 5
block 53 5
block 54 5
block 55 5
block 60 5
block 61 5
block 62 5
block 63 5
block 64 5
block 30 6
block 31 6
block 32 6
block 33 6
block 34 6
block 47 6
block 48 6
block 49 6
block 50 6
block 51 6
block 52 6
block 53 6
block 54 6
block 55 6
block 60 6
block 61 6
block 62 6
block 63 6
block 64 6
block 30 7
block 31 7
block 32 7
block 33 7
block 34 7
block 47 7
block 48 7
block 49 7
block 50 7
block 51 7
block 52 7
block 53 7
block 54 7
block 55 7
block 60 7
block 61 7
block 62 7
block 63 7
block 64 7
block 10 8
block 11 8
block 47 8
block 48 8
block 49 8
block 50 8
block 51 8
block 52 8
block 53 8
block 60 8
block 61 8
block 62 8
block 63 8
block 64 8
block 10 9
block 11 9
block 47 9
block 48 9
block 49 9
block 50 9
block 51 9
block 52 9
block 53 9
block 60 9
block 61 9
block 62 9
block 63 9
block 64 9
block 10 10
block 11 10
block 60 10
block 61 10
block 62 10
block 63 10
block 64 10
block 60 11
block 61 11
block 62 11
block 63 11
block 64 11
block 37 14
block 38 14
block 39 14
block 37 15
block 38 15
block 39 15
block 44 15
block 45 15
block 46 15
block 37 16
block 38 16
block 39 16
block 44 16
block 45 16
block 46 16
block 37 17
block 38 17
block 39 17
block 44 17
block 45 17
block 46 17
block 51 17
block 52 17
block 53 17
block 54 17
block 55 17
block 56 17
block 57 17
block 11 18
block 12 18
block 13 18
block 14 18
block 44 18
block 45 18
block 46 18
block 51 18
block 52 18
block 53 18
block 54 18
block 55 18
block 56 18
block 57 18
block 68 18
block 69 18
block 70 18
block 71 18
block 72 18
block 7 19
block 8 19
block 9 19
block 10 19
block 11 19
block 12 19
block 13 19
block 14 19
block 26 19
block 27 19
block 28 19
block 29 19
block 30 19
block 31 19
block 32 19
block 44 19
block 45 19
block 46 19
block 51 19
block 52 19
block 53 19
block 54 19
block 55 19
block 56 19
block 57 19
block 68 19
block 69 19
block 70 19
block 71 19
block 72 19
##BotsAndCoinsInfo
bot_name 0 starter-bot
bot 0 73 11
bot_coins 0 0
coin 26 3
coin 51 16
round 1
bot 0 72 11
round 2
bot 0 71 11
round 3
bot 0 70 11
round 4
bot 0 69 11
round 5
bot 0 68 11
coin 46 4
coin 31 15
round 6
bot 0 67 11
round 7
bot 0 66 11
round 8
bot 0 66 12
round 9
bot 0 66 13
round 10
bot 0 66 14
coin 0 5
coin 77 14
round 11
bot 0 66 15
round 12
bot 0 66 16
round 13
bot 0 66 17
round 14
bot 0 66 18
round 15
bot 0 66 19
coin 65 18
coin 12 2
round 16
coin_collected 65 18 0
bot_coins 0 1
round 17
round 18
round 19
round 20
coin 55 13
coin 22 6
round 21
round 22
bot 0 67 18
round 23
bot 0 68 17
round 24
bot 0 69 16
round 25
bot 0 70 15
coin 26 2
coin 50 17
round 26
bot 0 71 14
round 27
bot 0 72 13
round 28
bot 0 73 12
round 29
bot 0 72 11
round 30
bot 0 71 10
coin 60 12
coin 17 7
round 31
bot 0 70 9
round 32
bot 0 69 8
round 33
bot 0 68 7
round 34
bot 0 67 6
round 35
bot 0 67 5
coin 20 12
coin 57 7
round 36
round 37
round 38
round 39
round 40
coin 48 10
coin 29 9
round 41
round 42
round 43
round 44
round 45
coin 37 9
coin 40 10
round 46
round 47
round 48
round 49
round 50
coin 14 3
coin 63 16
round 51
round 52
round 53
round 54
round 55
coin 26 13
coin 54 8
round 56
round 57
round 58
round 59
round 60
coin 77 1
coin 0 18
round 61
round 62
round 63
round 64
round 65
coin 64 18
coin 14 1
round 66
round 67
round 68
round 69
round 70
coin 19 6
coin 58 13
round 71
round 72
round 73
round 74
round 75
coin 64 16
coin 13 3
round 76
round 77
round 78
round 79
round 80
bot 0 66 6
coin 44 5
coin 33 14
round 81
bot 0 65 7
round 82
round 83
round 84
round 85
coin 59 7
coin 18 12
round 86
round 87
bot 0 66 7
round 88
bot 0 67 7
round 89
bot 0 68 7
round 90
bot 0 69 7
coin 6 13
coin 71 6
round 91
bot 0 70 7
coin_collected 71 6 0
bot_coins 0 2
round 92
bot 0 71 7
round 93
bot 0 72 7
round 94
bot 0 73 7
round 95
bot 0 73 6
coin 67 5
coin 10 14
round 96
bot 0 73 5
round 97
bot 0 73 4
round 98
bot 0 73 3
round 99
bot 0 73 2
round 100
bot 0 73 1
coin 5 5
coin 72 14
round 101
bot 0 73 0
round 102
bot 0 74 1
round 103
bot 0 75 2
round 104
bot 0 76 3
round 105
bot 0 77 4
coin_collected 0 5 0
bot_coins 0 3
coin 47 17
coin 30 2
round 106
bot 0 0 5
round 107
bot 0 1 6
round 108
bot 0 2 7
round 109
bot 0 3 8
round 110
bot 0 3 9
coin 41 14
coin 36 5
round 111
bot 0 3 10
round 112
bot 0 3 11
round 113
bot 0 3 12
round 114
bot 0 3 13
round 115
bot 0 3 14
coin 55 15
coin 22 4
round 116
bot 0 3 15
round 117
bot 0 2 16
round 118
bot 0 1 17
coin_collected 0 18 0
bot_coins 0 4
round 119
bot 0 0 18
round 120
bot 0 77 19
coin_collected 77 1 0
bot_coins 0 5
coin 1 3
coin 76 16
round 121
bot 0 76 0
round 122
bot 0 75 1
round 123
bot 0 74 2
round 124
bot 0 73 3
round 125
bot 0 74 2
coin 61 0
coin 16 19
round 126
bot 0 75 1
round 127
bot 0 76 0
round 128
bot 0 77 19
round 129
bot 0 0 18
round 130
bot 0 1 17
coin 68 16
coin 9 3
round 131
bot 0 2 16
round 132
bot 0 1 17
round 133
bot 0 0 18
round 134
bot 0 77 19
round 135
bot 0 76 0
coin 14 10
coin 65 9
round 136
bot 0 75 1
round 137
bot 0 74 2
round 138
bot 0 73 3
round 139
round 140
coin 25 19
coin 50 0
round 141
round 142
round 143
round 144
round 145
coin 75 3
coin 2 16
round 146
coin_collected 75 3 0
bot_coins 0 6
round 147
bot 0 73 2
round 148
bot 0 73 1
round 149
bot 0 73 0
round 150
bot 0 73 19
coin 19 19
coin 58 0
round 151
bot 0 73 18
round 152
bot 0 73 17
round 153
bot 0 73 16
round 154
bot 0 73 15
coin_collected 72 14 0
bot_coins 0 7
round 155
bot 0 73 14
coin 33 1
coin 43 18
round 156
bot 0 73 13
round 157
bot 0 73 12
round 158
bot 0 73 11
round 159
bot 0 73 10
round 160
bot 0 73 9
coin 50 14
coin 27 5
round 161
bot 0 73 8
round 162
bot 0 73 7
round 163
bot 0 74 7
round 164
bot 0 75 7
round 165
bot 0 76 7
coin 20 19
coin 58 1
round 166
bot 0 77 7
round 167
bot 0 0 7
round 168
bot 0 1 7
round 169
bot 0 2 7
round 170
bot 0 1 6
coin 9 18
coin 67 1
round 171
bot 0 0 5
round 172
bot 0 77 4
round 173
bot 0 76 3
round 174
bot 0 75 2
round 175
bot 0 74 1
coin 58 2
coin 19 17
round 176
bot 0 75 2
round 177
bot 0 76 3
round 178
bot 0 77 4
round 179
bot 0 0 5
round 180
bot 0 1 6
coin 13 9
coin 65 10
round 181
bot 0 2 7
round 182
bot 0 3 8
round 183
bot 0 4 9
round 184
bot 0 5 9
round 185
bot 0 6 9
coin 13 13
coin 65 6
round 186
bot 0 7 9
round 187
bot 0 8 9
round 188
bot 0 9 9
round 189
round 190
coin 67 0
coin 10 18
round 191
round 192
bot 0 9 10
round 193
bot 0 9 11
round 194
bot 0 9 12
round 195
bot 0 9 13
coin_collected 10 14 0
bot_coins 0 8
coin 29 13
coin 46 6
round 196
bot 0 9 14
round 197
bot 0 9 15
round 198
bot 0 10 14
round 199
bot 0 11 13
coin_collected 13 13 0
bot_coins 0 9
round 200
bot 0 12 12
coin 66 14
coin 11 5
match_over 0
