match
match_id 1639523897616_ag
match_time 1639523897622
num_bots 1
##MatchConfig
mode FRIENDLY
num_rounds 200
random_seed 42
move_time_limit 1000
coin_spawn_period 5
coin_spawn_volume 2
##MapConfig
map_size 63 21
view_radius 6
mining_radius 2
attack_radius 4
block 17 6
block 18 6
block 17 7
block 18 7
block 21 7
block 22 7
block 23 7
block 9 8
block 10 8
block 13 8
block 14 8
block 15 8
block 16 8
block 17 8
block 18 8
block 21 8
block 22 8
block 23 8
block 9 9
block 10 9
block 13 9
block 14 9
block 15 9
block 16 9
block 17 9
block 18 9
block 21 9
block 22 9
block 23 9
block 9 10
block 10 10
block 13 10
block 14 10
block 15 10
block 16 10
block 17 10
block 18 10
block 9 11
block 10 11
block 17 11
block 18 11
block 9 12
block 10 12
block 5 13
block 6 13
block 7 13
block 8 13
block 9 13
block 10 13
block 11 13
block 48 13
block 49 13
block 50 13
block 51 13
block 52 13
block 5 14
block 6 14
block 7 14
block 8 14
block 9 14
block 10 14
block 11 14
block 48 14
block 49 14
block 50 14
block 51 14
block 52 14
block 5 15
block 6 15
block 7 15
block 8 15
block 9 15
block 10 15
block 11 15
block 48 15
block 49 15
block 50 15
block 51 15
block 52 15
block 5 16
block 6 16
block 7 16
block 8 16
block 9 16
block 10 16
block 11 16
block 48 16
block 49 16
block 50 16
block 51 16
block 52 16
block 48 17
block 49 17
block 50 17
block 51 17
block 52 17
block 48 18
block 49 18
block 50 18
block 51 18
block 52 18
block 53 18
block 54 18
block 48 19
block 49 19
block 50 19
block 51 19
block 52 19
block 53 19
block 54 19
block 48 20
block 49 20
block 50 20
block 51 20
block 52 20
block 53 20
block 54 20
##BotsAndCoinsInfo
bot_name 0 theBest
bot 0 19 2
bot_coins 0 0
coin 8 12
coin 54 8
round 1
bot 0 19 3
round 2
bot 0 19 4
round 3
bot 0 19 5
round 4
bot 0 19 6
round 5
bot 0 19 7
coin 27 17
coin 35 3
round 6
bot 0 19 8
round 7
bot 0 19 9
round 8
bot 0 19 10
round 9
bot 0 19 11
round 10
bot 0 19 12
coin 54 4
coin 8 17
round 11
bot 0 19 13
round 12
bot 0 19 14
round 13
bot 0 19 15
round 14
bot 0 19 16
round 15
bot 0 19 17
coin 53 17
coin 9 3
round 16
bot 0 19 18
round 17
bot 0 19 19
round 18
bot 0 19 20
round 19
bot 0 20 20
round 20
bot 0 21 20
coin 34 17
coin 28 3
round 21
bot 0 22 20
round 22
bot 0 23 20
round 23
bot 0 24 20
round 24
bot 0 25 20
round 25
bot 0 26 20
coin 38 11
coin 24 9
round 26
bot 0 27 20
round 27
bot 0 28 20
round 28
bot 0 29 20
round 29
bot 0 30 20
round 30
bot 0 31 20
coin 42 0
coin 20 20
round 31
bot 0 32 20
round 32
bot 0 33 20
round 33
bot 0 34 20
round 34
bot 0 35 20
round 35
bot 0 36 20
coin 9 17
coin 53 3
round 36
bot 0 37 20
round 37
bot 0 38 20
round 38
bot 0 39 20
round 39
bot 0 40 20
round 40
bot 0 41 20
coin_collected 42 0 0
bot_coins 0 1
coin 42 12
coin 20 8
round 41
bot 0 42 20
round 42
bot 0 43 20
round 43
bot 0 44 20
round 44
bot 0 45 20
round 45
bot 0 46 20
coin 28 2
coin 34 18
round 46
bot 0 47 20
round 47
round 48
round 49
round 50
coin 5 1
coin 57 19
round 51
round 52
round 53
round 54
round 55
coin 8 9
coin 54 11
round 56
round 57
round 58
round 59
round 60
coin 14 11
coin 48 9
round 61
round 62
round 63
round 64
round 65
coin 7 10
coin 55 10
round 66
round 67
round 68
round 69
round 70
coin 46 12
coin 16 7
round 71
round 72
round 73
round 74
round 75
coin 40 6
coin 22 14
round 76
round 77
round 78
round 79
round 80
coin 2 17
coin 60 3
round 81
round 82
round 83
round 84
round 85
coin 37 11
coin 25 9
round 86
round 87
round 88
round 89
round 90
coin 12 19
coin 50 1
round 91
round 92
round 93
round 94
round 95
coin 7 6
coin 55 14
round 96
round 97
round 98
round 99
round 100
coin 41 19
coin 21 1
round 101
round 102
round 103
round 104
round 105
coin 35 7
coin 27 13
round 106
round 107
round 108
round 109
round 110
coin 59 0
coin 3 20
round 111
round 112
round 113
round 114
round 115
coin 13 2
coin 47 18
round 116
coin_collected 47 18 0
bot_coins 0 2
round 117
round 118
round 119
round 120
coin 54 10
coin 8 10
round 121
round 122
round 123
round 124
round 125
coin 40 14
coin 22 6
round 126
round 127
round 128
round 129
round 130
coin 44 1
coin 18 19
round 131
round 132
round 133
round 134
round 135
coin 44 7
coin 18 13
round 136
round 137
round 138
round 139
round 140
coin 28 7
coin 34 13
round 141
round 142
round 143
round 144
round 145
coin 57 3
coin 5 17
round 146
round 147
round 148
round 149
round 150
coin 28 5
coin 34 15
round 151
round 152
round 153
round 154
round 155
coin 12 16
coin 50 4
round 156
round 157
round 158
round 159
round 160
coin 8 2
coin 54 17
round 161
round 162
round 163
round 164
round 165
coin 41 4
coin 21 16
round 166
round 167
round 168
round 169
round 170
coin 48 12
coin 14 7
round 171
round 172
round 173
round 174
round 175
coin 11 8
coin 51 12
round 176
round 177
round 178
round 179
round 180
coin 4 7
coin 58 13
round 181
round 182
round 183
round 184
round 185
coin 43 5
coin 19 15
round 186
round 187
round 188
round 189
round 190
coin 5 7
coin 57 13
round 191
round 192
round 193
round 194
round 195
coin 38 0
coin 24 20
round 196
round 197
round 198
round 199
round 200
coin 30 1
coin 32 19
match_over 0
