match
match_id 1639504774323_ak
match_time 1639504774329
num_bots 1
##MatchConfig
mode FRIENDLY
num_rounds 200
random_seed 42
move_time_limit 1000
coin_spawn_period 5
coin_spawn_volume 2
##MapConfig
map_size 71 20
view_radius 5
mining_radius 2
attack_radius 3
block 3 0
block 4 0
block 8 0
block 9 0
block 10 0
block 11 0
block 35 0
block 36 0
block 37 0
block 38 0
block 51 0
block 52 0
block 69 0
block 70 0
block 3 1
block 4 1
block 8 1
block 9 1
block 10 1
block 11 1
block 32 1
block 33 1
block 34 1
block 35 1
block 36 1
block 69 1
block 70 1
block 3 2
block 4 2
block 8 2
block 9 2
block 10 2
block 11 2
block 32 2
block 33 2
block 34 2
block 35 2
block 36 2
block 37 2
block 69 2
block 70 2
block 3 3
block 4 3
block 28 3
block 29 3
block 30 3
block 31 3
block 32 3
block 33 3
block 34 3
block 35 3
block 36 3
block 37 3
block 69 3
block 70 3
block 13 4
block 14 4
block 15 4
block 16 4
block 17 4
block 18 4
block 19 4
block 20 4
block 21 4
block 28 4
block 29 4
block 30 4
block 31 4
block 32 4
block 33 4
block 34 4
block 35 4
block 36 4
block 37 4
block 69 4
block 70 4
block 13 5
block 14 5
block 15 5
block 16 5
block 17 5
block 18 5
block 19 5
block 20 5
block 21 5
block 28 5
block 29 5
block 30 5
block 31 5
block 36 5
block 37 5
block 13 6
block 14 6
block 15 6
block 16 6
block 17 6
block 18 6
block 19 6
block 20 6
block 21 6
block 27 6
block 28 6
block 29 6
block 30 6
block 31 6
block 51 6
block 52 6
block 53 6
block 54 6
block 55 6
block 56 6
block 16 7
block 17 7
block 18 7
block 19 7
block 20 7
block 21 7
block 27 7
block 28 7
block 29 7
block 30 7
block 51 7
block 52 7
block 53 7
block 54 7
block 55 7
block 56 7
block 59 7
block 60 7
block 61 7
block 16 8
block 17 8
block 18 8
block 19 8
block 20 8
block 21 8
block 27 8
block 28 8
block 29 8
block 30 8
block 51 8
block 52 8
block 53 8
block 54 8
block 55 8
block 56 8
block 59 8
block 60 8
block 61 8
block 27 9
block 28 9
block 29 9
block 30 9
block 43 9
block 44 9
block 45 9
block 46 9
block 47 9
block 48 9
block 49 9
block 51 9
block 52 9
block 53 9
block 54 9
block 55 9
block 56 9
block 59 9
block 60 9
block 61 9
block 27 10
block 28 10
block 29 10
block 30 10
block 34 10
block 35 10
block 36 10
block 43 10
block 44 10
block 45 10
block 46 10
block 47 10
block 48 10
block 49 10
block 50 10
block 51 10
block 52 10
block 53 10
block 54 10
block 55 10
block 56 10
block 59 10
block 60 10
block 61 10
block 27 11
block 28 11
block 29 11
block 30 11
block 34 11
block 35 11
block 36 11
block 45 11
block 46 11
block 47 11
block 48 11
block 49 11
block 50 11
block 51 11
block 52 11
block 53 11
block 54 11
block 55 11
block 56 11
block 59 11
block 60 11
block 61 11
block 63 11
block 64 11
block 65 11
block 66 11
block 67 11
block 2 12
block 3 12
block 4 12
block 5 12
block 18 12
block 19 12
block 20 12
block 21 12
block 22 12
block 23 12
block 27 12
block 28 12
block 29 12
block 30 12
block 34 12
block 35 12
block 36 12
block 45 12
block 46 12
block 47 12
block 48 12
block 49 12
block 50 12
block 59 12
block 60 12
block 61 12
block 63 12
block 64 12
block 65 12
block 66 12
block 67 12
block 68 12
block 69 12
block 2 13
block 3 13
block 4 13
block 5 13
block 18 13
block 19 13
block 20 13
block 21 13
block 22 13
block 23 13
block 27 13
block 28 13
block 29 13
block 45 13
block 46 13
block 47 13
block 48 13
block 49 13
block 50 13
block 63 13
block 64 13
block 65 13
block 66 13
block 67 13
block 68 13
block 69 13
block 70 13
block 0 14
block 2 14
block 3 14
block 4 14
block 5 14
block 18 14
block 19 14
block 20 14
block 21 14
block 22 14
block 23 14
block 27 14
block 28 14
block 29 14
block 45 14
block 46 14
block 47 14
block 48 14
block 49 14
block 50 14
block 63 14
block 64 14
block 65 14
block 66 14
block 67 14
block 68 14
block 69 14
block 70 14
block 0 15
block 2 15
block 3 15
block 4 15
block 5 15
block 23 15
block 24 15
block 25 15
block 26 15
block 27 15
block 28 15
block 29 15
block 63 15
block 64 15
block 65 15
block 66 15
block 67 15
block 68 15
block 69 15
block 70 15
block 0 16
block 23 16
block 24 16
block 25 16
block 26 16
block 27 16
block 28 16
block 29 16
block 35 16
block 36 16
block 37 16
block 38 16
block 51 16
block 52 16
block 66 16
block 67 16
block 68 16
block 69 16
block 70 16
block 0 17
block 3 17
block 4 17
block 23 17
block 24 17
block 25 17
block 26 17
block 27 17
block 28 17
block 29 17
block 35 17
block 36 17
block 37 17
block 38 17
block 51 17
block 52 17
block 66 17
block 67 17
block 68 17
block 69 17
block 70 17
block 3 18
block 4 18
block 27 18
block 28 18
block 29 18
block 35 18
block 36 18
block 37 18
block 38 18
block 51 18
block 52 18
block 69 18
block 70 18
block 3 19
block 4 19
block 35 19
block 36 19
block 37 19
block 38 19
block 51 19
block 52 19
block 69 19
block 70 19
##BotsAndCoinsInfo
bot_name 0 theBest
bot 0 44 11
bot_coins 0 0
coin 18 3
coin 53 16
round 1
round 2
round 3
match_over 0
round 4
