match
match_id 1639511821271_aj
match_time 1639511821274
num_bots 1
##MatchConfig
mode FRIENDLY
num_rounds 200
random_seed 42
move_time_limit 1000
coin_spawn_period 5
coin_spawn_volume 2
##MapConfig
map_size 52 39
view_radius 5
mining_radius 2
attack_radius 4
block 20 0
block 21 0
block 22 0
block 23 0
block 20 1
block 21 1
block 22 1
block 23 1
block 36 2
block 37 2
block 38 2
block 39 2
block 40 2
block 36 3
block 37 3
block 38 3
block 39 3
block 40 3
block 36 4
block 37 4
block 38 4
block 39 4
block 40 4
block 4 5
block 5 5
block 6 5
block 7 5
block 8 5
block 9 5
block 4 6
block 5 6
block 6 6
block 7 6
block 8 6
block 9 6
block 4 7
block 5 7
block 6 7
block 7 7
block 8 7
block 9 7
block 27 7
block 28 7
block 29 7
block 4 8
block 5 8
block 6 8
block 7 8
block 8 8
block 9 8
block 27 8
block 28 8
block 29 8
block 4 9
block 5 9
block 6 9
block 7 9
block 8 9
block 9 9
block 12 9
block 13 9
block 14 9
block 15 9
block 16 9
block 27 9
block 28 9
block 29 9
block 2 10
block 3 10
block 4 10
block 5 10
block 6 10
block 7 10
block 8 10
block 9 10
block 12 10
block 13 10
block 14 10
block 15 10
block 16 10
block 40 10
block 41 10
block 42 10
block 43 10
block 44 10
block 2 11
block 3 11
block 4 11
block 5 11
block 6 11
block 7 11
block 8 11
block 9 11
block 12 11
block 13 11
block 14 11
block 15 11
block 16 11
block 40 11
block 41 11
block 42 11
block 43 11
block 44 11
block 2 12
block 3 12
block 4 12
block 5 12
block 6 12
block 7 12
block 8 12
block 12 12
block 13 12
block 14 12
block 15 12
block 16 12
block 19 12
block 20 12
block 21 12
block 22 12
block 23 12
block 24 12
block 25 12
block 2 13
block 3 13
block 4 13
block 5 13
block 6 13
block 7 13
block 8 13
block 19 13
block 20 13
block 21 13
block 22 13
block 23 13
block 24 13
block 25 13
block 2 14
block 3 14
block 4 14
block 5 14
block 6 14
block 7 14
block 8 14
block 19 14
block 20 14
block 21 14
block 22 14
block 23 14
block 24 14
block 25 14
block 47 14
block 48 14
block 49 14
block 47 15
block 48 15
block 49 15
block 34 16
block 35 16
block 36 16
block 37 16
block 38 16
block 39 16
block 47 16
block 48 16
block 49 16
block 11 17
block 12 17
block 27 17
block 28 17
block 29 17
block 30 17
block 31 17
block 32 17
block 34 17
block 35 17
block 36 17
block 37 17
block 38 17
block 39 17
block 47 17
block 48 17
block 49 17
block 11 18
block 12 18
block 27 18
block 28 18
block 29 18
block 30 18
block 31 18
block 32 18
block 34 18
block 35 18
block 36 18
block 37 18
block 38 18
block 39 18
block 47 18
block 48 18
block 49 18
block 11 19
block 12 19
block 27 19
block 28 19
block 29 19
block 30 19
block 31 19
block 32 19
block 34 19
block 35 19
block 36 19
block 37 19
block 38 19
block 39 19
block 47 19
block 48 19
block 49 19
block 11 20
block 12 20
block 27 20
block 28 20
block 29 20
block 30 20
block 31 20
block 32 20
block 47 20
block 48 20
block 49 20
block 11 21
block 12 21
block 27 21
block 28 21
block 29 21
block 30 21
block 31 21
block 32 21
block 33 21
block 27 22
block 28 22
block 29 22
block 30 22
block 31 22
block 32 22
block 33 22
block 27 23
block 28 23
block 29 23
block 30 23
block 31 23
block 32 23
block 33 23
block 31 27
block 32 27
block 33 27
block 34 27
block 35 27
block 36 27
block 31 28
block 32 28
block 33 28
block 34 28
block 35 28
block 36 28
block 31 29
block 32 29
block 33 29
block 34 29
block 35 29
block 36 29
block 31 30
block 32 30
block 33 30
block 34 30
block 35 30
block 36 30
block 31 31
block 32 31
block 33 31
block 34 31
block 35 31
block 36 31
block 31 32
block 32 32
block 33 32
block 34 32
block 35 32
block 36 32
block 31 33
block 32 33
block 33 33
block 34 33
block 35 33
block 36 33
block 43 34
block 44 34
block 45 34
block 43 35
block 44 35
block 45 35
block 43 36
block 44 36
block 45 36
block 20 37
block 21 37
block 22 37
block 23 37
block 43 37
block 44 37
block 45 37
block 20 38
block 21 38
block 22 38
block 23 38
block 43 38
block 44 38
block 45 38
##BotsAndCoinsInfo
bot_name 0 theBest
bot 0 5 22
bot_coins 0 0
coin 26 33
coin 25 5
round 1
round 2
round 3
round 4
round 5
coin 48 38
coin 3 0
round 6
round 7
round 8
round 9
round 10
coin 26 4
coin 25 34
round 11
round 12
round 13
round 14
round 15
coin 13 29
coin 38 9
round 16
round 17
round 18
round 19
round 20
coin 3 2
coin 48 36
round 21
round 22
round 23
round 24
round 25
coin 26 26
coin 26 12
round 26
round 27
round 28
round 29
round 30
coin 10 6
coin 41 32
round 31
round 32
round 33
round 34
round 35
coin 20 17
coin 33 20
round 36
round 37
round 38
round 39
round 40
coin 48 21
coin 3 17
round 41
round 42
round 43
round 44
round 45
coin 11 38
coin 40 0
round 46
round 47
round 48
round 49
round 50
coin 40 5
coin 11 33
round 51
round 52
round 53
round 54
round 55
coin 26 30
coin 25 8
round 56
round 57
round 58
round 59
round 60
coin 51 21
coin 0 17
round 61
round 62
round 63
round 64
round 65
coin 38 20
coin 13 18
round 66
round 67
round 68
round 69
round 70
coin 19 24
coin 32 14
round 71
round 72
round 73
round 74
round 75
coin 38 36
coin 13 2
round 76
round 77
round 78
round 79
round 80
coin 18 20
coin 33 18
round 81
round 82
round 83
round 84
round 85
coin 33 8
coin 18 30
round 86
round 87
round 88
round 89
round 90
coin 32 37
coin 19 1
round 91
round 92
round 93
round 94
round 95
coin 41 36
coin 10 2
round 96
round 97
round 98
round 99
round 100
coin 30 31
coin 21 7
round 101
round 102
round 103
round 104
round 105
coin 46 16
coin 5 23
round 106
coin_collected 5 23 0
bot_coins 0 1
round 107
round 108
round 109
round 110
coin 15 15
coin 36 23
round 111
round 112
round 113
round 114
round 115
coin 3 8
coin 48 30
round 116
round 117
round 118
round 119
round 120
coin 1 10
coin 50 28
round 121
round 122
round 123
round 124
round 125
coin 10 5
coin 41 33
round 126
round 127
round 128
round 129
round 130
coin 42 28
coin 10 10
round 131
round 132
round 133
round 134
round 135
coin 40 16
coin 11 22
round 136
round 137
round 138
round 139
round 140
coin 25 28
coin 26 10
round 141
round 142
round 143
round 144
round 145
coin 49 27
coin 1 11
round 146
round 147
round 148
round 149
round 150
coin 46 35
coin 5 3
round 151
round 152
round 153
round 154
round 155
coin 34 22
coin 17 16
round 156
round 157
round 158
round 159
round 160
coin 50 32
coin 1 6
round 161
round 162
round 163
round 164
round 165
coin 46 28
coin 3 9
round 166
round 167
round 168
round 169
round 170
coin 35 20
coin 16 18
round 171
round 172
round 173
round 174
round 175
coin 3 7
coin 48 31
round 176
round 177
round 178
round 179
round 180
coin 13 13
coin 38 25
round 181
round 182
round 183
round 184
round 185
coin 13 20
coin 40 18
round 186
round 187
round 188
round 189
round 190
coin 42 7
coin 9 31
round 191
round 192
round 193
round 194
round 195
coin 29 24
coin 22 15
round 196
round 197
round 198
round 199
round 200
coin 40 37
coin 11 1
match_over 0
