match
match_id 1639512207192_am
match_time 1639512207199
num_bots 1
##MatchConfig
mode FRIENDLY
num_rounds 200
random_seed 42
move_time_limit 1000
coin_spawn_period 5
coin_spawn_volume 2
##MapConfig
map_size 49 30
view_radius 5
mining_radius 2
attack_radius 4
block 36 2
block 37 2
block 38 2
block 39 2
block 36 3
block 37 3
block 38 3
block 39 3
block 36 4
block 37 4
block 38 4
block 39 4
block 1 5
block 2 5
block 3 5
block 4 5
block 5 5
block 6 5
block 7 5
block 36 5
block 37 5
block 38 5
block 39 5
block 1 6
block 2 6
block 3 6
block 4 6
block 5 6
block 6 6
block 7 6
block 24 6
block 25 6
block 26 6
block 36 6
block 37 6
block 38 6
block 39 6
block 1 7
block 2 7
block 3 7
block 4 7
block 5 7
block 6 7
block 7 7
block 24 7
block 25 7
block 26 7
block 36 7
block 37 7
block 38 7
block 39 7
block 1 8
block 2 8
block 3 8
block 4 8
block 5 8
block 6 8
block 7 8
block 36 8
block 37 8
block 38 8
block 39 8
block 1 9
block 2 9
block 3 9
block 4 9
block 5 9
block 6 9
block 7 9
block 1 10
block 2 10
block 3 10
block 4 10
block 5 10
block 6 10
block 7 10
block 18 10
block 19 10
block 1 11
block 2 11
block 3 11
block 4 11
block 5 11
block 6 11
block 7 11
block 18 11
block 19 11
block 6 12
block 7 12
block 18 12
block 19 12
block 6 13
block 7 13
block 6 14
block 7 14
block 6 15
block 7 15
block 21 15
block 22 15
block 23 15
block 24 15
block 25 15
block 6 16
block 7 16
block 21 16
block 22 16
block 23 16
block 24 16
block 25 16
block 37 16
block 38 16
block 21 17
block 22 17
block 23 17
block 24 17
block 25 17
block 37 17
block 38 17
block 21 18
block 22 18
block 23 18
block 24 18
block 25 18
block 37 18
block 38 18
block 21 19
block 22 19
block 23 19
block 24 19
block 25 19
block 28 19
block 29 19
block 30 19
block 31 19
block 32 19
block 37 19
block 38 19
block 10 20
block 11 20
block 12 20
block 13 20
block 28 20
block 29 20
block 30 20
block 31 20
block 32 20
block 37 20
block 38 20
block 10 21
block 11 21
block 12 21
block 13 21
block 28 21
block 29 21
block 30 21
block 31 21
block 32 21
block 37 21
block 38 21
block 10 22
block 11 22
block 12 22
block 13 22
block 24 22
block 25 22
block 26 22
block 27 22
block 28 22
block 29 22
block 30 22
block 31 22
block 32 22
block 37 22
block 38 22
block 10 23
block 11 23
block 12 23
block 13 23
block 24 23
block 25 23
block 26 23
block 27 23
block 28 23
block 29 23
block 30 23
block 31 23
block 32 23
block 10 24
block 11 24
block 12 24
block 13 24
block 24 24
block 25 24
block 26 24
block 27 24
block 28 24
block 29 24
block 30 24
block 31 24
block 32 24
block 10 25
block 11 25
block 12 25
block 13 25
block 24 25
block 25 25
block 26 25
block 27 25
block 28 25
block 29 25
block 30 25
block 31 25
block 32 25
block 21 26
block 22 26
block 23 26
block 24 26
block 25 26
block 26 26
block 27 26
block 21 27
block 22 27
block 23 27
block 24 27
block 25 27
block 26 27
block 27 27
block 21 28
block 22 28
block 23 28
block 24 28
block 25 28
block 26 28
block 27 28
##BotsAndCoinsInfo
bot_name 0 theBest
bot 0 7 1
bot_coins 0 0
coin 29 3
coin 19 26
round 1
round 2
round 3
round 4
round 5
coin 34 14
coin 14 15
round 6
round 7
round 8
round 9
round 10
coin 19 25
coin 29 4
round 11
round 12
round 13
round 14
round 15
coin 0 8
coin 48 21
round 16
round 17
round 18
round 19
round 20
coin 48 23
coin 0 6
round 21
round 22
round 23
round 24
round 25
coin 3 2
coin 45 27
round 26
round 27
round 28
round 29
round 30
coin 28 12
coin 20 17
round 31
round 32
round 33
round 34
round 35
coin 15 2
coin 33 27
round 36
round 37
round 38
round 39
round 40
coin 28 0
coin 20 29
round 41
round 42
round 43
round 44
round 45
coin 0 29
coin 48 0
round 46
round 47
round 48
round 49
round 50
coin 40 13
coin 8 16
round 51
round 52
round 53
round 54
round 55
coin 15 3
coin 33 26
round 56
round 57
round 58
round 59
round 60
coin 27 21
coin 21 8
round 61
round 62
round 63
round 64
round 65
coin 35 28
coin 13 1
round 66
round 67
round 68
round 69
round 70
coin 11 6
coin 37 23
round 71
round 72
round 73
round 74
round 75
coin 27 6
coin 21 23
round 76
round 77
round 78
round 79
round 80
coin 44 5
coin 4 24
round 81
round 82
round 83
round 84
round 85
coin 10 17
coin 38 12
round 86
round 87
round 88
round 89
round 90
coin 19 13
coin 29 16
round 91
round 92
round 93
round 94
round 95
coin 21 24
coin 27 5
round 96
round 97
round 98
round 99
round 100
coin 41 25
coin 7 4
round 101
round 102
round 103
round 104
round 105
coin 0 7
coin 48 22
round 106
round 107
round 108
round 109
round 110
coin 9 24
coin 40 5
round 111
round 112
round 113
round 114
round 115
coin 6 4
coin 42 25
round 116
round 117
round 118
round 119
round 120
coin 48 13
coin 0 16
round 121
round 122
round 123
round 124
round 125
coin 12 19
coin 36 10
round 126
round 127
round 128
round 129
round 130
coin 36 16
coin 12 13
round 131
round 132
round 133
round 134
round 135
coin 16 10
coin 33 19
round 136
round 137
round 138
round 139
round 140
coin 42 19
coin 8 10
round 141
round 142
round 143
round 144
round 145
coin 43 3
coin 5 26
round 146
round 147
round 148
round 149
round 150
coin 0 0
coin 48 29
round 151
round 152
round 153
round 154
round 155
coin 46 1
coin 2 28
round 156
round 157
round 158
round 159
round 160
coin 1 14
coin 47 15
round 161
round 162
round 163
round 164
round 165
coin 34 19
coin 14 10
round 166
round 167
round 168
round 169
round 170
coin 34 9
coin 14 20
round 171
round 172
round 173
round 174
round 175
coin 31 11
coin 17 18
round 176
round 177
round 178
round 179
round 180
coin 4 19
coin 44 10
round 181
round 182
round 183
round 184
round 185
coin 15 23
coin 33 6
round 186
round 187
round 188
round 189
round 190
coin 5 12
coin 43 17
round 191
round 192
round 193
round 194
round 195
coin 10 3
coin 38 26
round 196
round 197
round 198
round 199
round 200
coin 23 4
coin 23 25
match_over 0
