match
match_id 1639511801832_ai
match_time 1639511801837
num_bots 1
##MatchConfig
mode FRIENDLY
num_rounds 200
random_seed 42
move_time_limit 1000
coin_spawn_period 5
coin_spawn_volume 2
##MapConfig
map_size 65 22
view_radius 6
mining_radius 2
attack_radius 3
block 0 0
block 1 0
block 2 0
block 3 0
block 4 0
block 5 0
block 49 0
block 50 0
block 51 0
block 52 0
block 53 0
block 54 0
block 55 0
block 0 1
block 1 1
block 2 1
block 3 1
block 4 1
block 5 1
block 49 1
block 50 1
block 51 1
block 52 1
block 53 1
block 54 1
block 55 1
block 49 2
block 50 2
block 51 2
block 52 2
block 53 2
block 54 2
block 55 2
block 49 3
block 50 3
block 51 3
block 52 3
block 53 3
block 54 3
block 55 3
block 52 6
block 53 6
block 54 6
block 52 7
block 53 7
block 54 7
block 52 8
block 53 8
block 54 8
block 8 9
block 9 9
block 52 9
block 53 9
block 54 9
block 8 10
block 9 10
block 8 11
block 9 11
block 18 11
block 19 11
block 3 12
block 4 12
block 5 12
block 6 12
block 7 12
block 8 12
block 9 12
block 18 12
block 19 12
block 3 13
block 4 13
block 5 13
block 6 13
block 7 13
block 8 13
block 9 13
block 18 13
block 19 13
block 54 13
block 55 13
block 56 13
block 57 13
block 3 14
block 4 14
block 5 14
block 6 14
block 7 14
block 8 14
block 9 14
block 18 14
block 19 14
block 41 14
block 42 14
block 43 14
block 44 14
block 45 14
block 46 14
block 47 14
block 54 14
block 55 14
block 56 14
block 57 14
block 3 15
block 4 15
block 5 15
block 6 15
block 7 15
block 8 15
block 9 15
block 41 15
block 42 15
block 43 15
block 44 15
block 45 15
block 46 15
block 47 15
block 54 15
block 55 15
block 56 15
block 57 15
block 3 16
block 4 16
block 5 16
block 6 16
block 7 16
block 8 16
block 9 16
block 41 16
block 42 16
block 43 16
block 44 16
block 45 16
block 46 16
block 47 16
block 54 16
block 55 16
block 56 16
block 57 16
block 58 16
block 59 16
block 3 17
block 4 17
block 5 17
block 6 17
block 7 17
block 8 17
block 9 17
block 41 17
block 42 17
block 43 17
block 44 17
block 45 17
block 46 17
block 47 17
block 54 17
block 55 17
block 56 17
block 57 17
block 58 17
block 59 17
block 41 18
block 42 18
block 43 18
block 44 18
block 45 18
block 46 18
block 47 18
block 57 18
block 58 18
block 59 18
block 57 19
block 58 19
block 59 19
block 0 20
block 1 20
block 2 20
block 3 20
block 4 20
block 5 20
block 57 20
block 58 20
block 59 20
block 0 21
block 1 21
block 2 21
block 3 21
block 4 21
block 5 21
block 49 21
block 50 21
block 51 21
block 52 21
block 53 21
block 54 21
block 55 21
##BotsAndCoinsInfo
bot_name 0 theBest
bot 0 50 5
bot_coins 0 0
coin 0 15
coin 64 6
round 1
bot 0 51 4
round 2
bot 0 50 4
round 3
bot 0 49 5
round 4
bot 0 48 4
round 5
coin 48 16
coin 16 5
round 6
bot 0 48 3
round 7
bot 0 48 2
round 8
bot 0 47 3
round 9
bot 0 48 2
round 10
coin 0 19
coin 64 2
round 11
round 12
bot 0 47 1
round 13
bot 0 48 1
round 14
round 15
bot 0 47 0
coin 0 2
coin 64 19
round 16
round 17
round 18
match_over 0
round 19
