match
match_id 1639562953548_ar
match_time 1639562953559
num_bots 1
##MatchConfig
mode FRIENDLY
num_rounds 200
random_seed 42
move_time_limit 1000
coin_spawn_period 5
coin_spawn_volume 2
##MapConfig
map_size 74 27
view_radius 6
mining_radius 2
attack_radius 3
block 18 0
block 19 0
block 20 0
block 21 0
block 22 0
block 0 1
block 1 1
block 2 1
block 3 1
block 4 1
block 5 1
block 73 1
block 0 2
block 1 2
block 2 2
block 3 2
block 4 2
block 5 2
block 36 2
block 37 2
block 38 2
block 39 2
block 40 2
block 41 2
block 73 2
block 0 3
block 1 3
block 2 3
block 3 3
block 4 3
block 5 3
block 10 3
block 11 3
block 12 3
block 13 3
block 14 3
block 15 3
block 16 3
block 36 3
block 37 3
block 38 3
block 39 3
block 40 3
block 41 3
block 42 3
block 43 3
block 44 3
block 45 3
block 46 3
block 73 3
block 0 4
block 1 4
block 2 4
block 3 4
block 4 4
block 5 4
block 10 4
block 11 4
block 12 4
block 13 4
block 14 4
block 15 4
block 16 4
block 36 4
block 37 4
block 38 4
block 39 4
block 40 4
block 41 4
block 42 4
block 43 4
block 44 4
block 45 4
block 46 4
block 73 4
block 0 5
block 1 5
block 2 5
block 3 5
block 4 5
block 5 5
block 10 5
block 11 5
block 12 5
block 13 5
block 14 5
block 15 5
block 16 5
block 36 5
block 37 5
block 38 5
block 39 5
block 40 5
block 41 5
block 42 5
block 43 5
block 44 5
block 45 5
block 46 5
block 73 5
block 0 6
block 1 6
block 2 6
block 3 6
block 4 6
block 5 6
block 36 6
block 37 6
block 38 6
block 39 6
block 40 6
block 41 6
block 73 6
block 36 7
block 37 7
block 38 7
block 39 7
block 40 7
block 41 7
block 1 12
block 2 12
block 3 12
block 4 12
block 5 12
block 6 12
block 7 12
block 10 12
block 11 12
block 12 12
block 1 13
block 2 13
block 3 13
block 4 13
block 5 13
block 6 13
block 7 13
block 10 13
block 11 13
block 12 13
block 27 13
block 28 13
block 59 13
block 60 13
block 61 13
block 62 13
block 63 13
block 1 14
block 2 14
block 3 14
block 4 14
block 5 14
block 6 14
block 7 14
block 10 14
block 11 14
block 12 14
block 27 14
block 28 14
block 59 14
block 60 14
block 61 14
block 62 14
block 63 14
block 1 15
block 2 15
block 3 15
block 4 15
block 5 15
block 6 15
block 7 15
block 27 15
block 28 15
block 38 15
block 39 15
block 40 15
block 41 15
block 42 15
block 43 15
block 44 15
block 59 15
block 60 15
block 61 15
block 62 15
block 63 15
block 27 16
block 28 16
block 38 16
block 39 16
block 40 16
block 41 16
block 42 16
block 43 16
block 44 16
block 59 16
block 60 16
block 61 16
block 62 16
block 63 16
block 27 17
block 28 17
block 59 17
block 60 17
block 61 17
block 62 17
block 63 17
block 20 18
block 21 18
block 22 18
block 23 18
block 24 18
block 27 18
block 28 18
block 20 19
block 21 19
block 22 19
block 23 19
block 24 19
block 27 19
block 28 19
block 20 20
block 21 20
block 22 20
block 23 20
block 24 20
block 20 21
block 21 21
block 22 21
block 23 21
block 24 21
block 18 26
block 19 26
block 20 26
block 21 26
block 22 26
##BotsAndCoinsInfo
bot_name 0 theBest
bot 0 4 26
bot_coins 0 0
coin 14 2
coin 59 24
round 1
bot 0 5 25
round 2
bot 0 6 24
round 3
bot 0 7 23
round 4
bot 0 8 22
round 5
bot 0 9 21
coin 2 17
coin 71 9
round 6
bot 0 10 20
round 7
bot 0 11 19
round 8
bot 0 12 18
round 9
bot 0 13 17
round 10
bot 0 14 16
coin 48 16
coin 25 10
round 11
bot 0 15 15
round 12
bot 0 16 16
round 13
bot 0 17 15
round 14
bot 0 18 16
round 15
bot 0 19 15
coin 11 20
coin 62 6
round 16
bot 0 20 16
round 17
bot 0 21 15
round 18
bot 0 22 16
round 19
bot 0 23 15
round 20
bot 0 24 14
coin 57 2
coin 16 24
round 21
bot 0 25 13
round 22
bot 0 25 12
coin_collected 25 10 0
bot_coins 0 1
round 23
bot 0 26 13
round 24
bot 0 26 14
round 25
bot 0 26 15
coin 64 26
coin 9 0
round 26
bot 0 26 16
round 27
bot 0 26 17
round 28
bot 0 26 18
round 29
bot 0 26 19
round 30
bot 0 27 20
coin 24 9
coin 49 17
round 31
bot 0 28 21
round 32
bot 0 29 20
round 33
bot 0 30 19
round 34
bot 0 31 18
round 35
bot 0 32 17
coin 48 5
coin 25 21
round 36
bot 0 33 16
round 37
bot 0 34 15
round 38
bot 0 35 16
round 39
bot 0 36 15
round 40
bot 0 37 16
coin 30 6
coin 43 20
round 41
bot 0 38 17
round 42
bot 0 39 18
round 43
bot 0 40 19
round 44
bot 0 41 20
coin_collected 43 20 0
bot_coins 0 2
round 45
bot 0 40 19
coin 65 8
coin 8 18
round 46
bot 0 39 18
round 47
bot 0 38 17
round 48
bot 0 37 16
round 49
bot 0 38 17
round 50
bot 0 37 16
coin 62 4
coin 11 22
round 51
bot 0 38 17
round 52
bot 0 37 16
round 53
bot 0 38 17
round 54
bot 0 37 16
round 55
bot 0 38 17
coin 40 24
coin 33 2
round 56
bot 0 37 16
round 57
bot 0 38 17
round 58
bot 0 37 16
round 59
bot 0 38 17
round 60
bot 0 37 16
coin 7 0
coin 66 26
round 61
bot 0 38 17
round 62
bot 0 37 16
round 63
bot 0 38 17
round 64
bot 0 37 16
round 65
bot 0 38 17
coin 44 22
coin 29 4
round 66
bot 0 37 16
round 67
bot 0 38 17
round 68
bot 0 37 16
round 69
bot 0 38 17
round 70
bot 0 37 16
coin 19 3
coin 54 23
round 71
bot 0 38 17
round 72
bot 0 37 16
round 73
bot 0 38 17
round 74
bot 0 37 16
round 75
bot 0 38 17
coin 68 21
coin 6 5
round 76
bot 0 37 16
round 77
bot 0 38 17
round 78
bot 0 37 16
round 79
bot 0 38 17
round 80
bot 0 37 16
coin 20 23
coin 53 3
round 81
bot 0 38 17
round 82
bot 0 37 16
round 83
bot 0 38 17
round 84
bot 0 37 16
round 85
bot 0 38 17
coin 37 14
coin 36 12
round 86
bot 0 37 16
coin_collected 37 14 0
bot_coins 0 3
round 87
bot 0 36 15
round 88
bot 0 36 14
coin_collected 36 12 0
bot_coins 0 4
round 89
bot 0 37 15
round 90
bot 0 37 16
coin 10 7
coin 63 19
round 91
bot 0 38 17
round 92
bot 0 37 16
round 93
bot 0 38 17
round 94
bot 0 37 16
round 95
bot 0 38 17
coin 59 21
coin 14 6
round 96
bot 0 37 16
round 97
bot 0 38 17
round 98
bot 0 37 16
round 99
bot 0 38 17
round 100
bot 0 37 16
coin 23 22
coin 50 4
round 101
bot 0 38 17
round 102
bot 0 37 16
round 103
bot 0 38 17
round 104
bot 0 37 16
round 105
bot 0 38 17
coin 17 25
coin 56 1
round 106
bot 0 37 16
round 107
bot 0 38 17
round 108
bot 0 37 16
round 109
bot 0 38 17
round 110
bot 0 37 16
coin 1 24
coin 72 2
round 111
bot 0 38 17
round 112
bot 0 37 16
round 113
bot 0 38 17
round 114
bot 0 37 16
round 115
bot 0 38 17
coin 57 20
coin 16 6
round 116
bot 0 37 16
round 117
bot 0 38 17
round 118
bot 0 37 16
round 119
bot 0 38 17
round 120
bot 0 37 16
coin 65 7
coin 8 19
round 121
bot 0 38 17
round 122
bot 0 37 16
round 123
bot 0 38 17
round 124
bot 0 37 16
round 125
bot 0 38 17
coin 71 14
coin 2 11
round 126
bot 0 37 16
round 127
bot 0 38 17
round 128
bot 0 37 16
round 129
bot 0 38 17
round 130
bot 0 37 16
coin 42 6
coin 31 20
round 131
bot 0 38 17
round 132
bot 0 37 16
round 133
bot 0 38 17
round 134
bot 0 37 16
round 135
bot 0 38 17
coin 72 7
coin 1 19
round 136
bot 0 37 16
round 137
bot 0 38 17
round 138
bot 0 37 16
round 139
bot 0 38 17
round 140
bot 0 37 16
coin 51 4
coin 22 22
round 141
bot 0 38 17
round 142
bot 0 37 16
round 143
bot 0 38 17
round 144
bot 0 37 16
round 145
bot 0 38 17
coin 45 18
coin 28 8
round 146
bot 0 37 16
round 147
bot 0 38 17
round 148
bot 0 37 16
round 149
bot 0 38 17
round 150
bot 0 37 16
coin 67 14
coin 6 11
round 151
bot 0 38 17
round 152
bot 0 37 16
round 153
bot 0 38 17
round 154
bot 0 37 16
round 155
bot 0 38 17
coin 62 12
coin 11 15
round 156
bot 0 37 16
round 157
bot 0 38 17
round 158
bot 0 37 16
round 159
bot 0 38 17
round 160
bot 0 37 16
coin 56 23
coin 17 3
round 161
bot 0 38 17
round 162
bot 0 37 16
round 163
bot 0 38 17
round 164
bot 0 37 16
round 165
bot 0 38 17
coin 36 22
coin 35 4
round 166
bot 0 37 18
round 167
bot 0 36 19
round 168
bot 0 36 20
coin_collected 36 22 0
bot_coins 0 5
round 169
bot 0 35 20
round 170
bot 0 34 20
coin 31 9
coin 42 17
round 171
bot 0 33 20
coin_collected 31 20 0
bot_coins 0 6
round 172
bot 0 34 19
round 173
bot 0 35 18
round 174
bot 0 36 17
round 175
bot 0 37 17
coin 15 6
coin 58 20
round 176
bot 0 38 17
round 177
bot 0 39 17
round 178
bot 0 40 17
coin_collected 42 17 0
bot_coins 0 7
round 179
bot 0 41 18
round 180
bot 0 42 18
coin 17 7
coin 56 19
round 181
bot 0 43 18
coin_collected 45 18 0
bot_coins 0 8
round 182
bot 0 44 19
round 183
bot 0 44 20
coin_collected 44 22 0
bot_coins 0 9
round 184
bot 0 45 19
round 185
bot 0 46 18
coin 9 23
coin 64 3
round 186
bot 0 47 17
coin_collected 48 16 0
bot_coins 0 10
coin_collected 49 17 0
bot_coins 0 11
round 187
bot 0 46 16
round 188
bot 0 45 15
round 189
bot 0 46 14
round 190
bot 0 45 15
coin 50 25
coin 23 1
round 191
bot 0 46 14
round 192
bot 0 45 15
round 193
bot 0 46 14
round 194
bot 0 45 15
round 195
bot 0 46 14
coin 65 6
coin 8 20
round 196
bot 0 45 15
round 197
bot 0 46 14
round 198
bot 0 45 15
round 199
bot 0 46 14
round 200
bot 0 45 15
coin 56 18
coin 17 8
match_over 0
