match
match_id 1639563779705_aw
match_time 1639563779711
num_bots 1
##MatchConfig
mode FRIENDLY
num_rounds 200
random_seed 42
move_time_limit 1000
coin_spawn_period 5
coin_spawn_volume 2
##MapConfig
map_size 74 32
view_radius 6
mining_radius 2
attack_radius 4
block 7 2
block 8 2
block 9 2
block 10 2
block 13 2
block 14 2
block 15 2
block 16 2
block 17 2
block 58 2
block 59 2
block 60 2
block 61 2
block 62 2
block 63 2
block 7 3
block 8 3
block 9 3
block 10 3
block 13 3
block 14 3
block 15 3
block 16 3
block 17 3
block 58 3
block 59 3
block 60 3
block 61 3
block 62 3
block 63 3
block 7 4
block 8 4
block 9 4
block 10 4
block 13 4
block 14 4
block 15 4
block 16 4
block 17 4
block 13 5
block 14 5
block 15 5
block 16 5
block 17 5
block 3 10
block 4 10
block 5 10
block 6 10
block 3 11
block 4 11
block 5 11
block 6 11
block 3 12
block 4 12
block 5 12
block 6 12
block 69 12
block 70 12
block 71 12
block 72 12
block 73 12
block 3 13
block 4 13
block 5 13
block 6 13
block 33 13
block 34 13
block 35 13
block 36 13
block 69 13
block 70 13
block 71 13
block 72 13
block 73 13
block 33 14
block 34 14
block 35 14
block 36 14
block 0 15
block 1 15
block 2 15
block 70 15
block 71 15
block 72 15
block 73 15
block 0 16
block 1 16
block 2 16
block 37 16
block 38 16
block 39 16
block 70 16
block 71 16
block 72 16
block 73 16
block 0 17
block 1 17
block 2 17
block 37 17
block 38 17
block 39 17
block 70 17
block 71 17
block 72 17
block 73 17
block 0 18
block 1 18
block 2 18
block 11 18
block 12 18
block 37 18
block 38 18
block 39 18
block 70 18
block 71 18
block 72 18
block 73 18
block 0 19
block 1 19
block 2 19
block 11 19
block 12 19
block 37 19
block 38 19
block 39 19
block 40 19
block 41 19
block 42 19
block 43 19
block 70 19
block 71 19
block 72 19
block 73 19
block 11 20
block 12 20
block 36 20
block 37 20
block 38 20
block 39 20
block 40 20
block 41 20
block 42 20
block 43 20
block 11 21
block 12 21
block 36 21
block 37 21
block 38 21
block 39 21
block 40 21
block 41 21
block 42 21
block 43 21
block 11 22
block 12 22
block 22 22
block 23 22
block 24 22
block 25 22
block 26 22
block 36 22
block 37 22
block 38 22
block 39 22
block 40 22
block 41 22
block 42 22
block 43 22
block 7 23
block 8 23
block 9 23
block 11 23
block 12 23
block 22 23
block 23 23
block 24 23
block 25 23
block 26 23
block 38 23
block 39 23
block 40 23
block 41 23
block 42 23
block 43 23
block 7 24
block 8 24
block 9 24
block 11 24
block 12 24
block 22 24
block 23 24
block 24 24
block 25 24
block 26 24
block 38 24
block 39 24
block 40 24
block 41 24
block 42 24
block 43 24
block 7 25
block 8 25
block 9 25
block 22 25
block 23 25
block 24 25
block 25 25
block 26 25
block 38 25
block 39 25
block 40 25
block 41 25
block 42 25
block 43 25
block 7 26
block 8 26
block 9 26
block 38 26
block 39 26
block 40 26
block 41 26
block 42 26
block 43 26
block 7 27
block 8 27
block 9 27
block 7 28
block 8 28
block 9 28
block 16 28
block 17 28
block 18 28
block 19 28
block 20 28
block 16 29
block 17 29
block 18 29
block 19 29
block 20 29
block 16 30
block 17 30
block 18 30
block 19 30
block 20 30
block 16 31
block 17 31
block 18 31
block 19 31
block 20 31
##BotsAndCoinsInfo
bot_name 0 theBest
bot 0 56 21
bot_coins 0 0
coin 14 1
coin 59 30
round 1
bot 0 57 21
round 2
bot 0 58 21
round 3
bot 0 59 21
round 4
bot 0 60 21
round 5
bot 0 61 21
coin 2 1
coin 71 30
round 6
bot 0 62 21
round 7
bot 0 63 21
round 8
bot 0 64 21
round 9
bot 0 65 20
round 10
bot 0 66 20
coin 48 30
coin 25 1
round 11
bot 0 67 20
round 12
bot 0 68 20
round 13
bot 0 69 20
round 14
bot 0 70 20
round 15
bot 0 71 20
coin 10 22
coin 63 9
round 16
bot 0 72 20
round 17
bot 0 73 20
round 18
bot 0 0 21
round 19
bot 0 1 21
round 20
bot 0 2 21
coin 57 2
coin 15 29
round 21
bot 0 3 21
round 22
bot 0 4 21
round 23
bot 0 5 21
round 24
bot 0 6 22
round 25
bot 0 7 22
coin 64 14
coin 9 17
round 26
bot 0 8 22
coin_collected 10 22 0
bot_coins 0 1
round 27
bot 0 9 21
round 28
bot 0 9 20
round 29
bot 0 9 19
coin_collected 9 17 0
bot_coins 0 2
round 30
bot 0 10 19
coin 24 12
coin 49 19
round 31
bot 0 10 20
round 32
bot 0 10 21
round 33
bot 0 10 22
round 34
bot 0 10 23
round 35
bot 0 10 24
coin 48 22
coin 25 9
round 36
bot 0 11 25
round 37
bot 0 12 26
round 38
bot 0 13 27
round 39
bot 0 14 28
coin_collected 15 29 0
bot_coins 0 3
round 40
bot 0 14 27
coin 30 24
coin 43 7
round 41
bot 0 14 26
round 42
bot 0 15 26
round 43
bot 0 16 26
round 44
bot 0 17 26
round 45
bot 0 18 26
coin 65 31
coin 8 0
round 46
bot 0 19 26
round 47
bot 0 20 25
round 48
bot 0 21 25
round 49
bot 0 22 26
round 50
bot 0 23 26
coin 62 4
coin 11 27
round 51
bot 0 24 26
round 52
bot 0 25 26
round 53
bot 0 26 27
round 54
bot 0 27 26
round 55
bot 0 28 25
coin 40 14
coin 33 17
round 56
bot 0 29 24
coin_collected 30 24 0
bot_coins 0 4
round 57
bot 0 30 24
round 58
bot 0 31 24
round 59
bot 0 32 24
round 60
bot 0 33 23
coin 7 29
coin 66 2
round 61
bot 0 33 22
round 62
bot 0 33 21
round 63
bot 0 33 20
round 64
bot 0 33 19
coin_collected 33 17 0
bot_coins 0 5
round 65
bot 0 34 19
coin 44 25
coin 29 6
round 66
bot 0 35 19
round 67
bot 0 36 19
round 68
bot 0 36 18
round 69
bot 0 36 19
round 70
bot 0 36 18
coin 19 4
coin 54 27
round 71
bot 0 36 19
round 72
bot 0 36 18
round 73
bot 0 36 19
round 74
bot 0 36 18
round 75
bot 0 36 19
coin 68 10
coin 5 21
round 76
bot 0 36 18
round 77
bot 0 36 19
round 78
bot 0 36 18
round 79
bot 0 36 19
round 80
bot 0 36 18
coin 20 8
coin 53 23
round 81
bot 0 36 19
round 82
bot 0 36 18
round 83
bot 0 36 19
round 84
bot 0 36 18
round 85
bot 0 36 19
coin 37 11
coin 35 20
round 86
bot 0 35 20
coin_collected 35 20 0
bot_coins 0 6
round 87
bot 0 35 21
round 88
bot 0 35 22
round 89
bot 0 36 23
round 90
bot 0 37 23
coin 10 5
coin 63 26
round 91
bot 0 37 24
round 92
bot 0 37 25
round 93
bot 0 37 26
round 94
bot 0 38 27
round 95
bot 0 39 27
coin 59 8
coin 14 23
round 96
bot 0 40 28
round 97
bot 0 41 27
round 98
bot 0 42 28
round 99
bot 0 43 27
round 100
bot 0 44 26
coin_collected 44 25 0
bot_coins 0 7
coin 23 20
coin 50 11
round 101
bot 0 45 25
round 102
bot 0 46 24
round 103
bot 0 47 23
coin_collected 48 22 0
bot_coins 0 8
round 104
bot 0 48 22
round 105
bot 0 49 21
coin_collected 49 19 0
bot_coins 0 9
coin 17 1
coin 56 30
round 106
bot 0 50 22
round 107
bot 0 51 23
coin_collected 53 23 0
bot_coins 0 10
round 108
bot 0 52 24
round 109
bot 0 53 25
round 110
bot 0 54 26
coin_collected 54 27 0
bot_coins 0 11
coin 1 2
coin 72 29
round 111
bot 0 55 27
round 112
bot 0 56 28
coin_collected 56 30 0
bot_coins 0 12
round 113
bot 0 57 29
round 114
bot 0 58 30
coin_collected 59 30 0
bot_coins 0 13
round 115
bot 0 57 29
coin 57 25
coin 16 6
round 116
bot 0 57 28
round 117
bot 0 57 27
coin_collected 57 25 0
bot_coins 0 14
round 118
bot 0 58 27
round 119
bot 0 59 26
round 120
bot 0 60 26
coin 65 10
coin 8 21
round 121
bot 0 61 26
coin_collected 63 26 0
bot_coins 0 15
round 122
bot 0 62 26
round 123
bot 0 63 27
round 124
bot 0 64 28
round 125
bot 0 65 29
coin_collected 65 31 0
bot_coins 0 16
coin 71 6
coin 2 25
round 126
bot 0 66 28
round 127
bot 0 67 29
round 128
bot 0 68 30
round 129
bot 0 69 30
coin_collected 71 30 0
bot_coins 0 17
round 130
bot 0 70 29
coin_collected 72 29 0
bot_coins 0 18
coin 40 0
coin 33 31
round 131
bot 0 71 29
round 132
bot 0 72 29
round 133
bot 0 71 28
round 134
bot 0 70 27
round 135
bot 0 71 27
coin 72 24
coin 1 7
round 136
bot 0 72 26
coin_collected 72 24 0
bot_coins 0 19
round 137
bot 0 71 25
round 138
bot 0 70 25
round 139
bot 0 69 25
round 140
bot 0 70 24
coin 51 2
coin 22 29
round 141
bot 0 71 24
round 142
bot 0 70 25
round 143
bot 0 69 25
round 144
bot 0 70 25
round 145
bot 0 69 25
coin 45 17
coin 28 14
round 146
bot 0 70 25
round 147
bot 0 69 25
round 148
bot 0 70 25
round 149
bot 0 69 25
round 150
bot 0 70 25
coin 67 27
coin 6 4
round 151
bot 0 69 26
round 152
bot 0 68 27
coin_collected 67 27 0
bot_coins 0 20
round 153
bot 0 69 27
round 154
bot 0 70 27
round 155
bot 0 71 27
coin 62 7
coin 11 25
round 156
bot 0 70 26
round 157
bot 0 71 25
round 158
bot 0 70 25
round 159
bot 0 69 25
round 160
bot 0 70 25
coin 56 19
coin 17 12
round 161
bot 0 69 25
round 162
bot 0 70 25
round 163
bot 0 69 25
round 164
bot 0 70 25
round 165
bot 0 69 25
coin 36 6
coin 37 25
round 166
bot 0 70 25
round 167
bot 0 69 25
round 168
bot 0 70 25
round 169
bot 0 69 25
round 170
bot 0 70 25
coin 31 12
coin 42 18
round 171
bot 0 69 25
round 172
bot 0 70 25
round 173
bot 0 69 25
round 174
bot 0 70 25
round 175
bot 0 69 25
coin 12 4
coin 61 27
round 176
bot 0 70 24
round 177
bot 0 71 24
round 178
bot 0 70 25
round 179
bot 0 69 25
round 180
bot 0 70 25
coin 17 13
coin 56 18
round 181
bot 0 69 25
round 182
bot 0 70 25
round 183
bot 0 69 25
round 184
bot 0 70 25
round 185
bot 0 69 25
coin 9 20
coin 64 11
round 186
bot 0 70 25
round 187
bot 0 69 25
round 188
bot 0 70 25
round 189
bot 0 69 25
round 190
bot 0 70 25
coin 50 22
coin 23 9
round 191
bot 0 69 25
round 192
bot 0 70 25
round 193
bot 0 69 25
round 194
bot 0 70 24
round 195
bot 0 71 24
coin 65 30
coin 8 1
round 196
bot 0 70 25
round 197
bot 0 69 25
round 198
bot 0 70 25
round 199
bot 0 69 25
round 200
bot 0 70 25
coin 56 17
coin 17 14
match_over 0
