match
match_id 1639504026475_ad
match_time 1639504026484
num_bots 1
##MatchConfig
mode FRIENDLY
num_rounds 200
random_seed 42
move_time_limit 1000
coin_spawn_period 5
coin_spawn_volume 2
##MapConfig
map_size 63 25
view_radius 5
mining_radius 1
attack_radius 4
block 30 0
block 31 0
block 32 0
block 33 0
block 34 0
block 35 0
block 49 0
block 50 0
block 51 0
block 52 0
block 53 0
block 30 1
block 31 1
block 32 1
block 33 1
block 34 1
block 35 1
block 30 3
block 31 3
block 32 3
block 33 3
block 30 4
block 31 4
block 32 4
block 33 4
block 54 4
block 55 4
block 56 4
block 57 4
block 58 4
block 59 4
block 30 5
block 31 5
block 32 5
block 33 5
block 54 5
block 55 5
block 56 5
block 57 5
block 58 5
block 59 5
block 30 6
block 31 6
block 32 6
block 33 6
block 54 6
block 55 6
block 56 6
block 57 6
block 58 6
block 59 6
block 17 7
block 18 7
block 19 7
block 20 7
block 21 7
block 30 7
block 31 7
block 32 7
block 33 7
block 54 7
block 55 7
block 56 7
block 57 7
block 58 7
block 59 7
block 17 8
block 18 8
block 19 8
block 20 8
block 21 8
block 30 8
block 31 8
block 32 8
block 33 8
block 48 8
block 49 8
block 50 8
block 54 8
block 55 8
block 56 8
block 57 8
block 58 8
block 59 8
block 10 9
block 11 9
block 17 9
block 18 9
block 19 9
block 20 9
block 21 9
block 30 9
block 31 9
block 32 9
block 33 9
block 48 9
block 49 9
block 50 9
block 54 9
block 55 9
block 56 9
block 57 9
block 58 9
block 59 9
block 10 10
block 11 10
block 17 10
block 18 10
block 19 10
block 20 10
block 21 10
block 48 10
block 49 10
block 50 10
block 54 10
block 55 10
block 56 10
block 57 10
block 58 10
block 59 10
block 10 11
block 11 11
block 17 11
block 18 11
block 19 11
block 20 11
block 21 11
block 48 11
block 49 11
block 50 11
block 10 12
block 11 12
block 17 12
block 18 12
block 19 12
block 20 12
block 21 12
block 48 12
block 49 12
block 50 12
block 10 13
block 11 13
block 48 13
block 49 13
block 50 13
block 57 13
block 58 13
block 10 14
block 11 14
block 48 14
block 49 14
block 50 14
block 57 14
block 58 14
block 57 15
block 58 15
block 57 16
block 58 16
block 45 19
block 46 19
block 45 20
block 46 20
block 45 21
block 46 21
block 49 21
block 50 21
block 51 21
block 52 21
block 53 21
block 45 22
block 46 22
block 49 22
block 50 22
block 51 22
block 52 22
block 53 22
block 49 23
block 50 23
block 51 23
block 52 23
block 53 23
block 49 24
block 50 24
block 51 24
block 52 24
block 53 24
##BotsAndCoinsInfo
bot_name 0 theBest
bot 0 5 22
bot_coins 0 0
coin 8 13
coin 54 11
round 1
round 2
round 3
match_over 0
round 4
