match
match_id 1639563640151_av
match_time 1639563640154
num_bots 1
##MatchConfig
mode FRIENDLY
num_rounds 200
random_seed 42
move_time_limit 1000
coin_spawn_period 5
coin_spawn_volume 2
##MapConfig
map_size 60 27
view_radius 5
mining_radius 2
attack_radius 4
block 18 0
block 19 0
block 20 0
block 21 0
block 22 0
block 18 1
block 19 1
block 20 1
block 21 1
block 22 1
block 8 9
block 9 9
block 10 9
block 11 9
block 12 9
block 34 9
block 35 9
block 58 9
block 59 9
block 8 10
block 9 10
block 10 10
block 11 10
block 12 10
block 34 10
block 35 10
block 58 10
block 59 10
block 5 11
block 6 11
block 7 11
block 8 11
block 9 11
block 10 11
block 11 11
block 12 11
block 34 11
block 35 11
block 45 11
block 46 11
block 47 11
block 48 11
block 5 12
block 6 12
block 7 12
block 8 12
block 9 12
block 10 12
block 11 12
block 12 12
block 34 12
block 35 12
block 45 12
block 46 12
block 47 12
block 48 12
block 5 13
block 6 13
block 7 13
block 34 13
block 35 13
block 45 13
block 46 13
block 47 13
block 48 13
block 5 14
block 6 14
block 7 14
block 34 14
block 35 14
block 45 14
block 46 14
block 47 14
block 48 14
block 5 15
block 6 15
block 7 15
block 8 15
block 34 15
block 35 15
block 5 16
block 6 16
block 7 16
block 8 16
block 5 17
block 6 17
block 7 17
block 8 17
block 38 17
block 39 17
block 40 17
block 41 17
block 42 17
block 43 17
block 38 18
block 39 18
block 40 18
block 41 18
block 42 18
block 43 18
block 38 19
block 39 19
block 40 19
block 41 19
block 42 19
block 43 19
block 38 20
block 39 20
block 40 20
block 41 20
block 42 20
block 43 20
block 18 26
block 19 26
block 20 26
block 21 26
block 22 26
##BotsAndCoinsInfo
bot_name 0 theBest
bot 0 43 26
bot_coins 0 0
coin 50 3
coin 9 23
round 1
bot 0 43 25
round 2
bot 0 44 26
round 3
bot 0 44 25
round 4
bot 0 45 26
round 5
bot 0 45 25
coin 48 17
coin 11 8
round 6
bot 0 46 26
round 7
bot 0 46 25
round 8
bot 0 47 26
round 9
bot 0 48 25
round 10
bot 0 49 26
coin 30 16
coin 29 10
round 11
bot 0 50 25
round 12
bot 0 50 24
round 13
bot 0 51 25
round 14
bot 0 52 26
round 15
bot 0 51 25
coin 5 20
coin 54 6
round 16
bot 0 52 26
round 17
bot 0 51 25
round 18
bot 0 52 26
round 19
bot 0 51 25
round 20
bot 0 52 26
coin 19 2
coin 40 24
round 21
bot 0 51 25
round 22
bot 0 52 26
round 23
bot 0 51 25
round 24
bot 0 52 26
round 25
bot 0 51 25
coin 2 26
coin 57 0
round 26
bot 0 52 26
round 27
bot 0 51 25
round 28
bot 0 52 26
round 29
bot 0 51 25
round 30
bot 0 52 26
coin 36 9
coin 23 17
round 31
bot 0 51 25
round 32
bot 0 52 26
round 33
bot 0 51 25
round 34
bot 0 52 26
round 35
bot 0 51 25
coin 56 5
coin 3 21
round 36
bot 0 52 26
round 37
bot 0 51 25
round 38
bot 0 52 26
round 39
bot 0 51 25
round 40
bot 0 52 26
coin 36 6
coin 23 20
round 41
bot 0 51 25
round 42
bot 0 52 26
round 43
bot 0 51 25
round 44
bot 0 52 26
round 45
bot 0 51 25
coin 43 8
coin 16 18
round 46
bot 0 52 26
round 47
bot 0 51 25
round 48
bot 0 52 26
round 49
bot 0 51 25
round 50
bot 0 52 26
coin 20 4
coin 39 22
round 51
bot 0 51 25
round 52
bot 0 52 26
round 53
bot 0 51 25
round 54
bot 0 52 26
round 55
bot 0 51 25
coin 26 24
coin 33 2
round 56
bot 0 52 26
round 57
bot 0 51 25
round 58
bot 0 52 26
round 59
bot 0 51 25
round 60
bot 0 52 26
coin 23 0
coin 36 26
round 61
bot 0 51 25
round 62
bot 0 52 26
round 63
bot 0 51 25
round 64
bot 0 52 26
round 65
bot 0 51 25
coin 10 22
coin 49 4
round 66
bot 0 52 26
round 67
bot 0 51 25
round 68
bot 0 52 26
round 69
bot 0 51 25
round 70
bot 0 52 26
coin 7 3
coin 52 23
round 71
bot 0 52 25
coin_collected 52 23 0
bot_coins 0 1
round 72
bot 0 53 26
round 73
bot 0 54 25
round 74
bot 0 55 24
round 75
bot 0 56 23
coin 10 21
coin 49 5
round 76
bot 0 57 22
round 77
bot 0 57 21
round 78
bot 0 58 22
round 79
bot 0 59 23
round 80
bot 0 58 24
coin 50 23
coin 9 3
round 81
bot 0 57 23
round 82
bot 0 57 22
round 83
bot 0 57 21
round 84
bot 0 58 22
round 85
bot 0 59 23
coin 17 14
coin 42 12
round 86
bot 0 58 24
round 87
bot 0 57 23
round 88
bot 0 57 22
round 89
bot 0 57 21
round 90
bot 0 58 22
coin 12 7
coin 47 19
round 91
bot 0 59 23
round 92
bot 0 58 24
round 93
bot 0 57 23
round 94
bot 0 57 22
round 95
bot 0 57 21
coin 13 21
coin 46 5
round 96
bot 0 58 22
round 97
bot 0 59 23
round 98
bot 0 58 24
round 99
bot 0 57 23
round 100
bot 0 57 22
coin 59 22
coin 0 4
round 101
bot 0 58 22
coin_collected 59 22 0
bot_coins 0 2
round 102
bot 0 59 23
round 103
bot 0 58 24
round 104
bot 0 57 23
round 105
bot 0 57 22
coin 23 25
coin 36 1
round 106
bot 0 57 21
round 107
bot 0 58 22
round 108
bot 0 59 23
round 109
bot 0 58 24
round 110
bot 0 57 23
coin 35 24
coin 24 2
round 111
bot 0 57 22
round 112
bot 0 57 21
round 113
bot 0 58 22
round 114
bot 0 59 23
round 115
bot 0 58 24
coin 7 20
coin 52 6
round 116
bot 0 57 23
round 117
bot 0 57 22
round 118
bot 0 57 21
round 119
bot 0 58 22
round 120
bot 0 59 23
coin 37 7
coin 22 19
round 121
bot 0 58 24
round 122
bot 0 57 23
round 123
bot 0 57 22
round 124
bot 0 57 21
round 125
bot 0 58 22
coin 13 14
coin 46 10
round 126
bot 0 59 23
round 127
bot 0 58 24
round 128
bot 0 57 23
round 129
bot 0 57 22
round 130
bot 0 57 21
coin 38 4
coin 21 22
round 131
bot 0 58 22
round 132
bot 0 59 23
round 133
bot 0 58 24
round 134
bot 0 57 23
round 135
bot 0 57 22
coin 20 7
coin 37 19
round 136
bot 0 57 21
round 137
bot 0 58 22
round 138
bot 0 59 23
round 139
bot 0 58 24
round 140
bot 0 57 23
coin 13 4
coin 46 22
round 141
bot 0 57 22
round 142
bot 0 57 21
round 143
bot 0 58 22
round 144
bot 0 59 23
round 145
bot 0 58 24
coin 21 18
coin 38 8
round 146
bot 0 57 23
round 147
bot 0 57 22
round 148
bot 0 57 21
round 149
bot 0 58 22
round 150
bot 0 59 23
coin 37 14
coin 22 12
round 151
bot 0 58 24
round 152
bot 0 57 23
round 153
bot 0 57 22
round 154
bot 0 57 21
round 155
bot 0 58 22
coin 32 13
coin 27 13
round 156
bot 0 59 23
round 157
bot 0 58 24
round 158
bot 0 57 23
round 159
bot 0 57 22
round 160
bot 0 57 21
coin 14 23
coin 45 3
round 161
bot 0 58 22
round 162
bot 0 59 23
round 163
bot 0 58 24
round 164
bot 0 57 23
round 165
bot 0 57 22
coin 38 22
coin 21 4
round 166
bot 0 57 21
round 167
bot 0 58 22
round 168
bot 0 59 23
round 169
bot 0 58 24
round 170
bot 0 57 23
coin 15 9
coin 44 17
round 171
bot 0 57 22
round 172
bot 0 57 21
round 173
bot 0 58 22
round 174
bot 0 59 23
round 175
bot 0 58 24
coin 10 5
coin 49 21
round 176
bot 0 57 23
round 177
bot 0 57 22
round 178
bot 0 57 21
round 179
bot 0 58 22
round 180
bot 0 59 23
coin 13 7
coin 46 19
round 181
bot 0 58 24
round 182
bot 0 57 23
round 183
bot 0 57 22
round 184
bot 0 57 21
round 185
bot 0 58 22
coin 13 23
coin 46 3
round 186
bot 0 59 23
round 187
bot 0 58 24
round 188
bot 0 57 23
round 189
bot 0 57 22
round 190
bot 0 57 21
coin 26 25
coin 33 1
round 191
bot 0 58 22
round 192
bot 0 59 23
round 193
bot 0 58 24
round 194
bot 0 57 23
round 195
bot 0 57 22
coin 5 6
coin 54 20
round 196
bot 0 56 21
round 197
bot 0 55 20
coin_collected 54 20 0
bot_coins 0 3
round 198
bot 0 56 21
round 199
bot 0 57 22
round 200
bot 0 57 21
coin 0 19
coin 59 7
match_over 0
