match
match_id 1639505539963_ap
match_time 1639505539972
num_bots 1
##MatchConfig
mode FRIENDLY
num_rounds 200
random_seed 42
move_time_limit 1000
coin_spawn_period 5
coin_spawn_volume 2
##MapConfig
map_size 79 22
view_radius 5
mining_radius 1
attack_radius 3
block 25 0
block 26 0
block 27 0
block 28 0
block 29 0
block 30 0
block 31 0
block 33 0
block 34 0
block 35 0
block 36 0
block 37 0
block 38 0
block 39 0
block 58 0
block 59 0
block 60 0
block 61 0
block 62 0
block 25 1
block 26 1
block 27 1
block 28 1
block 29 1
block 30 1
block 31 1
block 33 1
block 34 1
block 35 1
block 36 1
block 37 1
block 38 1
block 39 1
block 58 1
block 59 1
block 60 1
block 61 1
block 62 1
block 25 2
block 26 2
block 27 2
block 28 2
block 29 2
block 30 2
block 31 2
block 33 2
block 34 2
block 35 2
block 36 2
block 37 2
block 38 2
block 39 2
block 58 2
block 59 2
block 60 2
block 61 2
block 62 2
block 25 3
block 26 3
block 27 3
block 28 3
block 29 3
block 30 3
block 31 3
block 33 3
block 34 3
block 35 3
block 36 3
block 37 3
block 38 3
block 39 3
block 58 3
block 59 3
block 60 3
block 61 3
block 62 3
block 25 4
block 26 4
block 27 4
block 28 4
block 29 4
block 30 4
block 31 4
block 58 4
block 59 4
block 60 4
block 61 4
block 62 4
block 25 5
block 26 5
block 27 5
block 28 5
block 29 5
block 30 5
block 31 5
block 25 6
block 26 6
block 27 6
block 28 6
block 29 6
block 30 6
block 31 6
block 63 9
block 64 9
block 65 9
block 66 9
block 63 10
block 64 10
block 65 10
block 66 10
block 41 11
block 42 11
block 43 11
block 44 11
block 45 11
block 46 11
block 58 11
block 59 11
block 60 11
block 63 11
block 64 11
block 65 11
block 66 11
block 41 12
block 42 12
block 43 12
block 44 12
block 45 12
block 46 12
block 58 12
block 59 12
block 60 12
block 63 12
block 64 12
block 65 12
block 66 12
block 16 13
block 17 13
block 18 13
block 19 13
block 20 13
block 58 13
block 59 13
block 60 13
block 16 14
block 17 14
block 18 14
block 19 14
block 20 14
block 58 14
block 59 14
block 60 14
block 16 15
block 17 15
block 18 15
block 19 15
block 20 15
block 58 15
block 59 15
block 60 15
block 66 15
block 67 15
block 68 15
block 16 16
block 17 16
block 18 16
block 19 16
block 20 16
block 58 16
block 59 16
block 60 16
block 66 16
block 67 16
block 68 16
block 16 17
block 17 17
block 18 17
block 19 17
block 20 17
block 58 17
block 59 17
block 60 17
block 16 18
block 17 18
block 18 18
block 19 18
block 20 18
block 16 19
block 17 19
block 18 19
block 19 19
block 20 19
block 53 19
block 54 19
block 55 19
block 56 19
block 57 19
block 28 20
block 29 20
block 33 20
block 34 20
block 35 20
block 36 20
block 37 20
block 38 20
block 39 20
block 53 20
block 54 20
block 55 20
block 56 20
block 57 20
block 28 21
block 29 21
block 33 21
block 34 21
block 35 21
block 36 21
block 37 21
block 38 21
block 39 21
block 53 21
block 54 21
block 55 21
block 56 21
block 57 21
block 58 21
block 59 21
block 60 21
block 61 21
block 62 21
##BotsAndCoinsInfo
bot_name 0 theBest
bot 0 24 14
bot_coins 0 0
coin 21 15
coin 57 6
round 1
round 2
round 3
match_over 0
round 4
