match
match_id 1639510892410_bc
match_time 1639510892419
num_bots 1
##MatchConfig
mode FRIENDLY
num_rounds 200
random_seed 42
move_time_limit 1000
coin_spawn_period 5
coin_spawn_volume 2
##MapConfig
map_size 70 23
view_radius 6
mining_radius 2
attack_radius 4
block 0 0
block 1 0
block 2 0
block 3 0
block 46 0
block 47 0
block 51 0
block 52 0
block 53 0
block 68 0
block 69 0
block 0 1
block 1 1
block 2 1
block 3 1
block 46 1
block 47 1
block 68 1
block 69 1
block 0 2
block 1 2
block 2 2
block 3 2
block 46 2
block 47 2
block 68 2
block 69 2
block 0 3
block 1 3
block 2 3
block 3 3
block 68 3
block 69 3
block 0 4
block 1 4
block 2 4
block 3 4
block 68 4
block 69 4
block 34 5
block 35 5
block 36 5
block 37 5
block 38 5
block 63 5
block 64 5
block 65 5
block 66 5
block 67 5
block 68 5
block 34 6
block 35 6
block 36 6
block 37 6
block 38 6
block 63 6
block 64 6
block 65 6
block 66 6
block 67 6
block 68 6
block 34 7
block 35 7
block 36 7
block 37 7
block 38 7
block 63 7
block 64 7
block 65 7
block 66 7
block 67 7
block 68 7
block 0 8
block 34 8
block 35 8
block 36 8
block 37 8
block 38 8
block 63 8
block 64 8
block 65 8
block 66 8
block 67 8
block 68 8
block 69 8
block 0 9
block 1 9
block 2 9
block 3 9
block 4 9
block 5 9
block 6 9
block 7 9
block 8 9
block 9 9
block 34 9
block 35 9
block 36 9
block 37 9
block 38 9
block 63 9
block 64 9
block 65 9
block 66 9
block 67 9
block 68 9
block 69 9
block 0 10
block 1 10
block 2 10
block 3 10
block 4 10
block 5 10
block 6 10
block 7 10
block 8 10
block 9 10
block 18 10
block 19 10
block 20 10
block 21 10
block 22 10
block 23 10
block 24 10
block 25 10
block 26 10
block 27 10
block 32 10
block 33 10
block 34 10
block 35 10
block 36 10
block 37 10
block 38 10
block 43 10
block 44 10
block 45 10
block 63 10
block 64 10
block 65 10
block 66 10
block 67 10
block 68 10
block 69 10
block 0 11
block 1 11
block 2 11
block 3 11
block 4 11
block 5 11
block 6 11
block 7 11
block 18 11
block 19 11
block 20 11
block 21 11
block 22 11
block 23 11
block 24 11
block 25 11
block 26 11
block 27 11
block 32 11
block 33 11
block 34 11
block 35 11
block 43 11
block 44 11
block 45 11
block 64 11
block 65 11
block 66 11
block 67 11
block 68 11
block 69 11
block 0 12
block 1 12
block 2 12
block 3 12
block 4 12
block 5 12
block 6 12
block 7 12
block 18 12
block 19 12
block 20 12
block 21 12
block 22 12
block 23 12
block 24 12
block 25 12
block 26 12
block 27 12
block 32 12
block 33 12
block 34 12
block 35 12
block 36 12
block 37 12
block 41 12
block 42 12
block 43 12
block 44 12
block 45 12
block 64 12
block 65 12
block 66 12
block 67 12
block 68 12
block 69 12
block 5 13
block 6 13
block 7 13
block 18 13
block 19 13
block 20 13
block 21 13
block 22 13
block 23 13
block 24 13
block 25 13
block 26 13
block 27 13
block 32 13
block 33 13
block 34 13
block 35 13
block 36 13
block 37 13
block 41 13
block 42 13
block 43 13
block 44 13
block 45 13
block 5 14
block 6 14
block 7 14
block 18 14
block 19 14
block 20 14
block 21 14
block 22 14
block 23 14
block 24 14
block 25 14
block 26 14
block 27 14
block 34 14
block 35 14
block 36 14
block 37 14
block 38 14
block 39 14
block 40 14
block 41 14
block 42 14
block 43 14
block 44 14
block 45 14
block 46 14
block 56 14
block 57 14
block 58 14
block 59 14
block 60 14
block 22 15
block 23 15
block 24 15
block 25 15
block 26 15
block 27 15
block 34 15
block 35 15
block 36 15
block 37 15
block 38 15
block 39 15
block 40 15
block 41 15
block 42 15
block 43 15
block 44 15
block 45 15
block 46 15
block 56 15
block 57 15
block 58 15
block 59 15
block 60 15
block 0 16
block 1 16
block 2 16
block 3 16
block 4 16
block 22 16
block 23 16
block 24 16
block 25 16
block 26 16
block 27 16
block 34 16
block 35 16
block 36 16
block 37 16
block 38 16
block 39 16
block 40 16
block 41 16
block 42 16
block 43 16
block 44 16
block 45 16
block 46 16
block 52 16
block 53 16
block 69 16
block 0 17
block 1 17
block 2 17
block 3 17
block 4 17
block 7 17
block 8 17
block 9 17
block 34 17
block 35 17
block 36 17
block 37 17
block 38 17
block 39 17
block 40 17
block 41 17
block 42 17
block 43 17
block 44 17
block 45 17
block 46 17
block 52 17
block 53 17
block 69 17
block 0 18
block 1 18
block 2 18
block 3 18
block 4 18
block 7 18
block 8 18
block 9 18
block 34 18
block 35 18
block 36 18
block 37 18
block 38 18
block 39 18
block 40 18
block 41 18
block 42 18
block 43 18
block 44 18
block 45 18
block 46 18
block 69 18
block 0 19
block 1 19
block 2 19
block 3 19
block 4 19
block 8 19
block 9 19
block 13 19
block 14 19
block 15 19
block 37 19
block 38 19
block 39 19
block 40 19
block 41 19
block 43 19
block 44 19
block 45 19
block 46 19
block 51 19
block 52 19
block 53 19
block 60 19
block 61 19
block 62 19
block 69 19
block 8 20
block 9 20
block 13 20
block 14 20
block 15 20
block 43 20
block 44 20
block 45 20
block 46 20
block 51 20
block 52 20
block 53 20
block 60 20
block 61 20
block 62 20
block 8 21
block 9 21
block 13 21
block 14 21
block 15 21
block 51 21
block 52 21
block 53 21
block 60 21
block 61 21
block 62 21
block 13 22
block 14 22
block 15 22
block 51 22
block 52 22
block 53 22
##BotsAndCoinsInfo
bot_name 0 theBest
bot 0 22 0
bot_coins 0 0
coin 50 4
coin 19 18
round 1
round 2
round 3
match_over 0
round 4
