match
match_id 1639569197745_bq
match_time 1639569197751
num_bots 1
##MatchConfig
mode FRIENDLY
num_rounds 200
random_seed 42
move_time_limit 1000
coin_spawn_period 5
coin_spawn_volume 2
##MapConfig
map_size 67 21
view_radius 5
mining_radius 1
attack_radius 4
block 7 0
block 8 0
block 9 0
block 10 0
block 13 0
block 14 0
block 19 0
block 20 0
block 21 0
block 23 0
block 24 0
block 25 0
block 26 0
block 27 0
block 47 0
block 48 0
block 55 0
block 56 0
block 57 0
block 7 1
block 8 1
block 9 1
block 10 1
block 19 1
block 20 1
block 21 1
block 22 1
block 23 1
block 25 1
block 26 1
block 29 1
block 30 1
block 31 1
block 32 1
block 47 1
block 48 1
block 55 1
block 56 1
block 57 1
block 7 2
block 8 2
block 9 2
block 10 2
block 19 2
block 20 2
block 21 2
block 22 2
block 23 2
block 25 2
block 26 2
block 29 2
block 30 2
block 31 2
block 32 2
block 55 2
block 56 2
block 57 2
block 7 3
block 8 3
block 9 3
block 10 3
block 19 3
block 20 3
block 21 3
block 22 3
block 23 3
block 29 3
block 30 3
block 31 3
block 32 3
block 55 3
block 56 3
block 57 3
block 61 3
block 62 3
block 63 3
block 64 3
block 9 4
block 10 4
block 20 4
block 21 4
block 22 4
block 23 4
block 29 4
block 30 4
block 31 4
block 32 4
block 50 4
block 51 4
block 52 4
block 53 4
block 54 4
block 55 4
block 61 4
block 62 4
block 63 4
block 64 4
block 0 5
block 1 5
block 2 5
block 3 5
block 4 5
block 9 5
block 10 5
block 20 5
block 21 5
block 22 5
block 23 5
block 28 5
block 29 5
block 50 5
block 51 5
block 52 5
block 53 5
block 54 5
block 55 5
block 59 5
block 60 5
block 61 5
block 62 5
block 63 5
block 64 5
block 0 6
block 1 6
block 2 6
block 3 6
block 4 6
block 28 6
block 29 6
block 32 6
block 33 6
block 50 6
block 51 6
block 52 6
block 53 6
block 54 6
block 55 6
block 59 6
block 60 6
block 61 6
block 62 6
block 63 6
block 0 7
block 1 7
block 2 7
block 3 7
block 4 7
block 25 7
block 26 7
block 27 7
block 28 7
block 29 7
block 32 7
block 33 7
block 34 7
block 50 7
block 51 7
block 52 7
block 53 7
block 54 7
block 55 7
block 59 7
block 60 7
block 61 7
block 62 7
block 63 7
block 0 8
block 1 8
block 2 8
block 3 8
block 4 8
block 25 8
block 26 8
block 27 8
block 28 8
block 29 8
block 32 8
block 33 8
block 34 8
block 50 8
block 51 8
block 52 8
block 53 8
block 54 8
block 55 8
block 0 9
block 1 9
block 2 9
block 3 9
block 4 9
block 25 9
block 26 9
block 27 9
block 28 9
block 29 9
block 30 9
block 32 9
block 33 9
block 34 9
block 50 9
block 51 9
block 52 9
block 53 9
block 54 9
block 55 9
block 57 9
block 58 9
block 59 9
block 60 9
block 0 10
block 1 10
block 2 10
block 3 10
block 4 10
block 25 10
block 26 10
block 27 10
block 28 10
block 29 10
block 30 10
block 32 10
block 33 10
block 34 10
block 57 10
block 58 10
block 59 10
block 60 10
block 0 11
block 1 11
block 2 11
block 3 11
block 4 11
block 28 11
block 29 11
block 30 11
block 57 11
block 58 11
block 59 11
block 60 11
block 28 12
block 29 12
block 30 12
block 35 12
block 36 12
block 62 12
block 63 12
block 28 13
block 29 13
block 30 13
block 35 13
block 36 13
block 62 13
block 63 13
block 2 14
block 3 14
block 4 14
block 5 14
block 6 14
block 7 14
block 28 14
block 29 14
block 30 14
block 35 14
block 36 14
block 62 14
block 63 14
block 2 15
block 3 15
block 4 15
block 5 15
block 6 15
block 7 15
block 13 15
block 14 15
block 28 15
block 29 15
block 30 15
block 62 15
block 63 15
block 2 16
block 3 16
block 4 16
block 5 16
block 6 16
block 7 16
block 13 16
block 14 16
block 62 16
block 63 16
block 2 17
block 3 17
block 4 17
block 5 17
block 6 17
block 13 17
block 14 17
block 62 17
block 63 17
block 7 18
block 8 18
block 9 18
block 10 18
block 13 18
block 14 18
block 23 18
block 24 18
block 25 18
block 26 18
block 27 18
block 62 18
block 63 18
block 7 19
block 8 19
block 9 19
block 10 19
block 13 19
block 14 19
block 23 19
block 24 19
block 25 19
block 26 19
block 27 19
block 47 19
block 48 19
block 55 19
block 56 19
block 57 19
block 7 20
block 8 20
block 9 20
block 10 20
block 13 20
block 14 20
block 23 20
block 24 20
block 25 20
block 26 20
block 27 20
block 47 20
block 48 20
block 55 20
block 56 20
block 57 20
##BotsAndCoinsInfo
bot_name 0 theBest
bot 0 64 13
bot_coins 0 0
coin 41 12
coin 24 8
round 1
bot 0 65 13
round 2
bot 0 66 13
round 3
bot 0 65 13
round 4
bot 0 66 12
round 5
bot 0 65 12
coin 23 17
coin 43 3
round 6
bot 0 66 12
round 7
bot 0 65 12
round 8
bot 0 66 11
round 9
bot 0 65 11
round 10
bot 0 66 11
coin 12 4
coin 54 16
round 11
bot 0 65 11
round 12
bot 0 66 10
round 13
bot 0 65 10
round 14
bot 0 66 10
round 15
bot 0 65 10
coin 66 17
coin 0 3
round 16
bot 0 66 9
round 17
bot 0 65 9
round 18
bot 0 66 9
round 19
bot 0 65 9
round 20
bot 0 66 8
coin 61 17
coin 5 3
round 21
bot 0 65 8
round 22
bot 0 66 8
round 23
bot 0 65 8
round 24
bot 0 66 7
round 25
bot 0 65 6
coin 21 11
coin 45 9
round 26
bot 0 66 7
round 27
bot 0 65 6
round 28
bot 0 66 7
round 29
bot 0 65 6
round 30
bot 0 66 7
coin 0 0
coin 66 20
round 31
bot 0 65 6
round 32
bot 0 66 7
round 33
bot 0 65 6
round 34
bot 0 66 7
round 35
bot 0 65 6
coin 51 17
coin 15 3
round 36
bot 0 66 7
round 37
bot 0 65 6
round 38
bot 0 66 7
round 39
bot 0 65 6
round 40
bot 0 66 7
coin 49 12
coin 17 8
round 41
bot 0 65 6
round 42
bot 0 66 7
round 43
bot 0 65 6
round 44
bot 0 66 7
round 45
bot 0 65 6
coin 24 2
coin 42 18
round 46
bot 0 66 7
round 47
bot 0 65 6
round 48
bot 0 66 7
round 49
bot 0 65 6
round 50
bot 0 66 7
coin 37 1
coin 29 19
round 51
bot 0 65 6
round 52
bot 0 66 7
round 53
bot 0 65 6
round 54
bot 0 66 7
round 55
bot 0 65 6
coin 24 9
coin 42 11
round 56
bot 0 66 7
round 57
bot 0 65 6
round 58
bot 0 66 7
round 59
bot 0 65 6
round 60
bot 0 66 7
coin 47 9
coin 19 11
round 61
bot 0 65 6
round 62
bot 0 66 7
round 63
bot 0 65 6
round 64
bot 0 66 7
round 65
bot 0 65 6
coin 17 10
coin 49 10
round 66
bot 0 66 7
round 67
bot 0 65 6
round 68
bot 0 66 7
round 69
bot 0 65 6
round 70
bot 0 66 7
coin 9 12
coin 57 8
round 71
bot 0 65 6
round 72
bot 0 66 7
round 73
bot 0 65 6
round 74
bot 0 66 7
round 75
bot 0 65 6
coin 30 6
coin 37 14
round 76
bot 0 66 7
round 77
bot 0 65 6
round 78
bot 0 66 7
round 79
bot 0 65 6
round 80
bot 0 66 7
coin 7 17
coin 59 3
round 81
bot 0 65 6
round 82
bot 0 66 7
round 83
bot 0 65 6
round 84
bot 0 66 7
round 85
bot 0 65 6
coin 66 11
coin 66 9
round 86
bot 0 66 7
round 87
bot 0 66 8
coin_collected 66 9 0
bot_coins 0 1
round 88
bot 0 66 9
round 89
bot 0 66 10
coin_collected 66 11 0
bot_coins 0 2
round 90
bot 0 65 10
coin 36 19
coin 30 0
round 91
bot 0 66 10
round 92
bot 0 65 10
round 93
bot 0 66 9
round 94
bot 0 65 9
round 95
bot 0 66 9
coin 40 6
coin 26 14
round 96
bot 0 65 9
round 97
bot 0 66 8
round 98
bot 0 65 8
round 99
bot 0 66 8
round 100
bot 0 65 8
coin 34 19
coin 33 1
round 101
bot 0 66 7
round 102
bot 0 65 6
round 103
bot 0 66 7
round 104
bot 0 65 6
round 105
bot 0 66 7
coin 30 7
coin 37 13
round 106
bot 0 65 6
round 107
bot 0 66 7
round 108
bot 0 65 6
round 109
bot 0 66 7
round 110
bot 0 65 6
coin 58 0
coin 6 20
round 111
bot 0 66 7
round 112
bot 0 65 6
round 113
bot 0 66 7
round 114
bot 0 65 6
round 115
bot 0 66 7
coin 59 2
coin 6 18
round 116
bot 0 65 6
round 117
bot 0 66 7
round 118
bot 0 65 6
round 119
bot 0 66 7
round 120
bot 0 65 6
coin 18 10
coin 48 10
round 121
bot 0 66 7
round 122
bot 0 65 6
round 123
bot 0 66 7
round 124
bot 0 65 6
round 125
bot 0 66 7
coin 44 14
coin 22 6
round 126
bot 0 65 6
round 127
bot 0 66 7
round 128
bot 0 65 6
round 129
bot 0 66 7
round 130
bot 0 65 6
coin 17 1
coin 49 19
round 131
bot 0 66 7
round 132
bot 0 65 6
round 133
bot 0 66 7
round 134
bot 0 65 6
round 135
bot 0 66 7
coin 56 7
coin 10 13
round 136
bot 0 65 6
round 137
bot 0 66 7
round 138
bot 0 65 6
round 139
bot 0 66 7
round 140
bot 0 65 6
coin 49 7
coin 17 13
round 141
bot 0 66 7
round 142
bot 0 65 6
round 143
bot 0 66 7
round 144
bot 0 65 6
round 145
bot 0 66 7
coin 28 3
coin 38 17
round 146
bot 0 65 6
round 147
bot 0 66 7
round 148
bot 0 65 6
round 149
bot 0 66 7
round 150
bot 0 65 6
coin 40 5
coin 26 15
round 151
bot 0 66 7
round 152
bot 0 65 6
round 153
bot 0 66 7
round 154
bot 0 65 6
round 155
bot 0 66 7
coin 28 16
coin 38 4
round 156
bot 0 65 6
round 157
bot 0 66 7
round 158
bot 0 65 6
round 159
bot 0 66 7
round 160
bot 0 65 6
coin 58 2
coin 8 17
round 161
bot 0 66 7
round 162
bot 0 65 6
round 163
bot 0 66 7
round 164
bot 0 65 6
round 165
bot 0 66 7
coin 65 4
coin 1 16
round 166
bot 0 65 6
round 167
bot 0 65 5
coin_collected 65 4 0
bot_coins 0 3
round 168
bot 0 66 6
round 169
bot 0 65 5
round 170
bot 0 66 6
coin 66 12
coin 66 8
round 171
bot 0 66 7
coin_collected 66 8 0
bot_coins 0 4
round 172
bot 0 65 6
round 173
bot 0 66 7
round 174
bot 0 65 6
round 175
bot 0 66 7
coin 30 8
coin 36 11
round 176
bot 0 65 6
round 177
bot 0 66 7
round 178
bot 0 65 6
round 179
bot 0 66 7
round 180
bot 0 65 6
coin 24 7
coin 42 13
round 181
bot 0 66 7
round 182
bot 0 65 6
round 183
bot 0 66 7
round 184
bot 0 65 6
round 185
bot 0 66 7
coin 56 5
coin 10 15
round 186
bot 0 65 6
round 187
bot 0 66 7
round 188
bot 0 65 6
round 189
bot 0 66 7
round 190
bot 0 65 6
coin 11 7
coin 55 13
round 191
bot 0 66 7
round 192
bot 0 65 6
round 193
bot 0 66 7
round 194
bot 0 65 6
round 195
bot 0 66 7
coin 22 0
coin 44 20
round 196
bot 0 65 6
round 197
bot 0 66 7
round 198
bot 0 65 6
round 199
bot 0 66 7
round 200
bot 0 65 6
coin 31 0
coin 35 20
match_over 0
