match
match_id 1639523407911_au
match_time 1639523407918
num_bots 1
##MatchConfig
mode FRIENDLY
num_rounds 200
random_seed 42
move_time_limit 1000
coin_spawn_period 5
coin_spawn_volume 2
##MapConfig
map_size 55 33
view_radius 6
mining_radius 1
attack_radius 3
block 34 0
block 35 0
block 36 0
block 37 0
block 38 0
block 39 0
block 40 0
block 41 0
block 42 0
block 43 0
block 44 0
block 45 0
block 46 0
block 48 0
block 49 0
block 50 0
block 51 0
block 52 0
block 53 0
block 54 0
block 34 1
block 35 1
block 36 1
block 37 1
block 38 1
block 39 1
block 40 1
block 41 1
block 48 1
block 49 1
block 50 1
block 51 1
block 52 1
block 53 1
block 54 1
block 34 2
block 35 2
block 36 2
block 37 2
block 38 2
block 39 2
block 40 2
block 41 2
block 34 3
block 35 3
block 36 3
block 37 3
block 38 3
block 39 3
block 40 3
block 41 3
block 34 4
block 35 4
block 36 4
block 37 4
block 38 4
block 39 4
block 40 4
block 41 4
block 34 5
block 35 5
block 36 5
block 37 5
block 27 18
block 28 18
block 29 18
block 30 18
block 31 18
block 32 18
block 27 19
block 28 19
block 29 19
block 30 19
block 31 19
block 32 19
block 27 20
block 28 20
block 29 20
block 30 20
block 31 20
block 32 20
block 35 20
block 36 20
block 37 20
block 35 21
block 36 21
block 37 21
block 35 22
block 36 22
block 37 22
block 35 23
block 36 23
block 37 23
block 35 24
block 36 24
block 37 24
block 13 25
block 14 25
block 15 25
block 16 25
block 17 25
block 18 25
block 19 25
block 35 25
block 36 25
block 37 25
block 0 26
block 1 26
block 13 26
block 14 26
block 15 26
block 16 26
block 17 26
block 18 26
block 19 26
block 35 26
block 36 26
block 37 26
block 38 26
block 39 26
block 51 26
block 52 26
block 53 26
block 54 26
block 0 27
block 1 27
block 13 27
block 14 27
block 15 27
block 16 27
block 17 27
block 18 27
block 19 27
block 37 27
block 38 27
block 39 27
block 51 27
block 52 27
block 53 27
block 54 27
block 0 28
block 1 28
block 13 28
block 14 28
block 15 28
block 16 28
block 17 28
block 18 28
block 19 28
block 51 28
block 52 28
block 53 28
block 54 28
block 0 29
block 1 29
block 13 29
block 14 29
block 15 29
block 16 29
block 17 29
block 18 29
block 19 29
block 48 29
block 49 29
block 50 29
block 51 29
block 52 29
block 53 29
block 54 29
block 0 30
block 1 30
block 13 30
block 14 30
block 15 30
block 16 30
block 17 30
block 18 30
block 19 30
block 48 30
block 49 30
block 50 30
block 51 30
block 52 30
block 53 30
block 54 30
block 48 31
block 49 31
block 50 31
block 51 31
block 52 31
block 53 31
block 54 31
block 42 32
block 43 32
block 44 32
block 45 32
block 46 32
block 48 32
block 49 32
block 50 32
block 51 32
block 52 32
block 53 32
block 54 32
##BotsAndCoinsInfo
bot_name 0 theBest
bot 0 14 31
bot_coins 0 0
coin 40 15
coin 14 17
round 1
round 2
round 3
round 4
round 5
coin 8 5
coin 46 27
round 6
round 7
round 8
round 9
round 10
coin 25 19
coin 29 13
round 11
round 12
round 13
round 14
round 15
coin 45 2
coin 9 30
round 16
round 17
round 18
round 19
round 20
coin 54 17
coin 0 15
round 21
round 22
round 23
round 24
round 25
coin 22 29
coin 32 3
round 26
round 27
round 28
round 29
round 30
coin 47 0
coin 7 32
round 31
round 32
round 33
round 34
round 35
coin 46 11
coin 8 21
round 36
round 37
round 38
round 39
round 40
coin 26 9
coin 28 23
round 41
round 42
round 43
round 44
round 45
coin 33 20
coin 21 12
round 46
round 47
round 48
round 49
round 50
coin 10 4
coin 44 28
round 51
round 52
round 53
round 54
round 55
coin 36 9
coin 18 23
round 56
round 57
round 58
round 59
round 60
coin 23 30
coin 31 2
round 61
round 62
round 63
round 64
round 65
coin 10 28
coin 44 4
round 66
round 67
round 68
round 69
round 70
coin 37 18
coin 17 14
round 71
round 72
round 73
round 74
round 75
coin 1 15
coin 53 17
round 76
round 77
round 78
round 79
round 80
coin 45 1
coin 9 31
round 81
round 82
round 83
round 84
round 85
coin 32 14
coin 22 18
round 86
round 87
round 88
round 89
round 90
coin 32 22
coin 22 10
round 91
round 92
round 93
round 94
round 95
coin 43 15
coin 11 17
round 96
round 97
round 98
round 99
round 100
coin 24 25
coin 30 7
round 101
round 102
round 103
round 104
round 105
coin 23 13
coin 31 17
round 106
round 107
round 108
round 109
round 110
coin 10 6
coin 44 26
round 111
round 112
round 113
round 114
round 115
coin 12 5
coin 42 27
round 116
round 117
round 118
round 119
round 120
coin 7 22
coin 47 10
round 121
round 122
round 123
round 124
round 125
coin 48 2
coin 6 30
round 126
round 127
round 128
round 129
round 130
coin 8 4
coin 46 28
round 131
round 132
round 133
round 134
round 135
coin 35 13
coin 19 19
round 136
round 137
round 138
round 139
round 140
coin 33 28
coin 21 4
round 141
round 142
round 143
round 144
round 145
coin 16 15
coin 38 17
round 146
round 147
round 148
round 149
round 150
coin 12 14
coin 42 18
round 151
round 152
round 153
round 154
round 155
coin 37 19
coin 17 13
round 156
round 157
round 158
round 159
round 160
coin 4 26
coin 50 6
round 161
round 162
round 163
round 164
round 165
coin 38 25
coin 16 7
round 166
round 167
round 168
round 169
round 170
coin 45 15
coin 9 17
round 171
round 172
round 173
round 174
round 175
coin 5 2
coin 49 28
round 176
round 177
round 178
round 179
round 180
coin 13 4
coin 41 28
round 181
round 182
round 183
round 184
round 185
coin 23 5
coin 31 27
round 186
round 187
round 188
round 189
round 190
coin 51 19
coin 3 13
round 191
round 192
round 193
round 194
round 195
coin 10 21
coin 44 11
round 196
round 197
round 198
round 199
round 200
coin 10 25
coin 44 7
match_over 0
