match
match_id 1639550944388_bl
match_time 1639550944395
num_bots 1
##MatchConfig
mode FRIENDLY
num_rounds 200
random_seed 42
move_time_limit 1000
coin_spawn_period 5
coin_spawn_volume 2
##MapConfig
map_size 78 29
view_radius 5
mining_radius 2
attack_radius 4
block 14 0
block 15 0
block 16 0
block 17 0
block 18 0
block 19 0
block 47 0
block 48 0
block 49 0
block 50 0
block 51 0
block 52 0
block 14 1
block 15 1
block 47 1
block 48 1
block 49 1
block 50 1
block 51 1
block 52 1
block 14 2
block 15 2
block 47 2
block 48 2
block 49 2
block 50 2
block 51 2
block 52 2
block 58 2
block 59 2
block 47 3
block 48 3
block 49 3
block 50 3
block 51 3
block 52 3
block 58 3
block 59 3
block 47 4
block 48 4
block 49 4
block 50 4
block 51 4
block 52 4
block 58 4
block 59 4
block 47 5
block 48 5
block 49 5
block 50 5
block 51 5
block 52 5
block 58 5
block 59 5
block 58 6
block 59 6
block 58 7
block 59 7
block 52 8
block 53 8
block 58 8
block 59 8
block 52 9
block 53 9
block 55 10
block 56 10
block 57 10
block 58 10
block 59 10
block 60 10
block 61 10
block 0 11
block 1 11
block 2 11
block 3 11
block 4 11
block 55 11
block 56 11
block 57 11
block 58 11
block 59 11
block 60 11
block 61 11
block 77 11
block 0 12
block 1 12
block 2 12
block 3 12
block 4 12
block 55 12
block 56 12
block 57 12
block 58 12
block 59 12
block 60 12
block 61 12
block 77 12
block 0 13
block 1 13
block 2 13
block 3 13
block 4 13
block 55 13
block 56 13
block 57 13
block 58 13
block 59 13
block 60 13
block 61 13
block 77 13
block 0 14
block 1 14
block 2 14
block 3 14
block 4 14
block 77 14
block 0 15
block 1 15
block 2 15
block 3 15
block 4 15
block 77 15
block 0 16
block 1 16
block 2 16
block 3 16
block 4 16
block 13 16
block 14 16
block 15 16
block 16 16
block 17 16
block 18 16
block 19 16
block 70 16
block 71 16
block 72 16
block 73 16
block 74 16
block 75 16
block 77 16
block 0 17
block 1 17
block 2 17
block 3 17
block 4 17
block 13 17
block 14 17
block 15 17
block 16 17
block 17 17
block 18 17
block 19 17
block 70 17
block 71 17
block 72 17
block 73 17
block 74 17
block 75 17
block 77 17
block 13 18
block 14 18
block 15 18
block 16 18
block 17 18
block 18 18
block 19 18
block 55 18
block 56 18
block 57 18
block 58 18
block 59 18
block 70 18
block 71 18
block 72 18
block 73 18
block 74 18
block 75 18
block 13 19
block 14 19
block 15 19
block 16 19
block 17 19
block 18 19
block 19 19
block 55 19
block 56 19
block 57 19
block 58 19
block 59 19
block 55 20
block 56 20
block 57 20
block 58 20
block 59 20
block 40 21
block 41 21
block 42 21
block 40 22
block 41 22
block 42 22
block 14 24
block 15 24
block 16 24
block 17 24
block 18 24
block 19 24
block 14 25
block 15 25
block 16 25
block 17 25
block 18 25
block 19 25
block 14 26
block 15 26
block 16 26
block 17 26
block 18 26
block 19 26
block 14 27
block 15 27
block 16 27
block 17 27
block 18 27
block 19 27
block 14 28
block 15 28
block 16 28
block 17 28
block 18 28
block 19 28
##BotsAndCoinsInfo
bot_name 0 theBest
bot 0 57 23
bot_coins 0 0
coin 26 9
coin 51 19
round 1
bot 0 57 24
round 2
bot 0 57 25
round 3
bot 0 57 26
round 4
bot 0 57 27
round 5
bot 0 57 28
coin 48 15
coin 29 13
round 6
bot 0 58 28
round 7
bot 0 59 28
round 8
bot 0 60 28
round 9
bot 0 61 28
round 10
bot 0 62 28
coin 0 23
coin 77 5
round 11
bot 0 63 28
round 12
bot 0 64 28
round 13
bot 0 65 28
round 14
bot 0 66 28
round 15
bot 0 67 28
coin 65 8
coin 12 20
round 16
bot 0 68 28
round 17
bot 0 69 28
round 18
bot 0 70 28
round 19
bot 0 71 28
round 20
bot 0 72 28
coin 55 25
coin 22 3
round 21
bot 0 73 28
round 22
bot 0 74 28
round 23
bot 0 75 28
round 24
bot 0 76 28
round 25
bot 0 77 28
coin 26 22
coin 51 6
round 26
bot 0 77 27
round 27
bot 0 76 26
round 28
bot 0 75 25
round 29
bot 0 74 24
round 30
bot 0 73 23
coin 60 15
coin 17 13
round 31
bot 0 72 23
round 32
bot 0 72 24
round 33
bot 0 72 25
round 34
bot 0 72 26
round 35
bot 0 72 27
coin 20 20
coin 57 8
round 36
bot 0 73 27
round 37
bot 0 74 27
round 38
bot 0 75 27
round 39
bot 0 74 26
round 40
bot 0 73 25
coin 48 28
coin 29 0
round 41
bot 0 73 26
round 42
bot 0 74 26
round 43
bot 0 73 25
round 44
bot 0 74 25
round 45
bot 0 73 24
coin 37 2
coin 40 26
round 46
bot 0 74 24
round 47
bot 0 73 23
round 48
bot 0 72 23
round 49
bot 0 73 23
round 50
bot 0 72 23
coin 13 27
coin 64 1
round 51
bot 0 73 23
round 52
bot 0 72 23
round 53
bot 0 73 23
round 54
bot 0 72 23
round 55
bot 0 73 23
coin 26 19
coin 51 9
round 56
bot 0 72 23
round 57
bot 0 73 23
round 58
bot 0 72 23
round 59
bot 0 73 23
round 60
bot 0 72 23
coin 77 19
coin 0 9
round 61
bot 0 73 23
round 62
bot 0 72 23
round 63
bot 0 73 23
round 64
bot 0 72 23
round 65
bot 0 73 23
coin 64 8
coin 13 20
round 66
bot 0 72 23
round 67
bot 0 73 23
round 68
bot 0 72 23
round 69
bot 0 73 23
round 70
bot 0 72 23
coin 19 11
coin 58 17
round 71
bot 0 73 23
round 72
bot 0 72 23
round 73
bot 0 73 23
round 74
bot 0 72 23
round 75
bot 0 73 23
coin 63 1
coin 13 28
round 76
bot 0 72 23
round 77
bot 0 73 23
round 78
bot 0 72 23
round 79
bot 0 73 23
round 80
bot 0 72 23
coin 44 16
coin 33 12
round 81
bot 0 73 23
round 82
bot 0 72 23
round 83
bot 0 73 23
round 84
bot 0 72 23
round 85
bot 0 73 23
coin 59 9
coin 18 20
round 86
bot 0 72 23
round 87
bot 0 73 23
round 88
bot 0 72 23
round 89
bot 0 73 23
round 90
bot 0 72 23
coin 6 27
coin 71 1
round 91
bot 0 73 23
round 92
bot 0 72 23
round 93
bot 0 73 23
round 94
bot 0 72 23
round 95
bot 0 73 23
coin 67 22
coin 10 6
round 96
bot 0 72 23
round 97
bot 0 73 23
round 98
bot 0 72 23
round 99
bot 0 73 23
round 100
bot 0 72 23
coin 5 22
coin 72 6
round 101
bot 0 73 23
round 102
bot 0 72 23
round 103
bot 0 73 23
round 104
bot 0 72 23
round 105
bot 0 73 23
coin 47 23
coin 30 5
round 106
bot 0 72 23
round 107
bot 0 73 23
round 108
bot 0 72 23
round 109
bot 0 73 23
round 110
bot 0 72 23
coin 41 15
coin 36 13
round 111
bot 0 73 23
round 112
bot 0 72 23
round 113
bot 0 73 23
round 114
bot 0 72 23
round 115
bot 0 73 23
coin 55 0
coin 22 28
round 116
bot 0 72 23
round 117
bot 0 73 23
round 118
bot 0 72 23
round 119
bot 0 73 23
round 120
bot 0 72 23
coin 76 14
coin 76 15
round 121
bot 0 73 23
round 122
bot 0 72 23
round 123
bot 0 73 23
round 124
bot 0 72 23
round 125
bot 0 73 23
coin 61 2
coin 13 26
round 126
bot 0 72 23
round 127
bot 0 73 23
round 128
bot 0 72 23
round 129
bot 0 73 23
round 130
bot 0 72 23
coin 68 10
coin 9 18
round 131
bot 0 73 23
round 132
bot 0 72 23
round 133
bot 0 73 23
round 134
bot 0 72 23
round 135
bot 0 73 23
coin 14 20
coin 63 8
round 136
bot 0 72 23
round 137
bot 0 73 23
round 138
bot 0 72 23
round 139
bot 0 73 23
round 140
bot 0 72 23
coin 25 22
coin 52 6
round 141
bot 0 73 23
round 142
bot 0 72 23
round 143
bot 0 73 23
round 144
bot 0 72 23
round 145
bot 0 73 23
coin 75 5
coin 2 23
round 146
bot 0 72 23
round 147
bot 0 73 23
round 148
bot 0 72 23
round 149
bot 0 73 23
round 150
bot 0 72 23
coin 19 6
coin 58 22
round 151
bot 0 73 23
round 152
bot 0 72 23
round 153
bot 0 73 23
round 154
bot 0 72 23
round 155
bot 0 73 23
coin 32 20
coin 45 8
round 156
bot 0 72 23
round 157
bot 0 73 23
round 158
bot 0 72 23
round 159
bot 0 73 23
round 160
bot 0 72 23
coin 50 13
coin 27 15
round 161
bot 0 73 23
round 162
bot 0 72 23
round 163
bot 0 73 23
round 164
bot 0 72 23
round 165
bot 0 73 23
coin 20 25
coin 57 3
round 166
bot 0 72 23
round 167
bot 0 73 23
round 168
bot 0 72 23
round 169
bot 0 73 23
round 170
bot 0 72 23
coin 9 5
coin 68 23
round 171
bot 0 71 23
round 172
bot 0 70 23
coin_collected 68 23 0
bot_coins 0 1
round 173
bot 0 69 22
coin_collected 67 22 0
bot_coins 0 2
round 174
bot 0 69 23
round 175
bot 0 69 24
coin 59 17
coin 18 11
round 176
bot 0 69 25
round 177
bot 0 69 26
round 178
bot 0 70 25
round 179
bot 0 70 26
round 180
bot 0 71 25
coin 13 5
coin 64 23
round 181
bot 0 71 24
round 182
bot 0 71 25
round 183
bot 0 71 24
round 184
bot 0 71 25
round 185
bot 0 71 24
coin 13 24
coin 64 4
round 186
bot 0 71 25
round 187
bot 0 71 24
round 188
bot 0 71 25
round 189
bot 0 71 24
round 190
bot 0 71 25
coin 68 6
coin 9 22
round 191
bot 0 71 24
round 192
bot 0 71 25
round 193
bot 0 71 24
round 194
bot 0 71 25
round 195
bot 0 71 24
coin 29 11
coin 48 17
round 196
bot 0 71 25
round 197
bot 0 71 24
round 198
bot 0 71 25
round 199
bot 0 71 24
round 200
bot 0 71 25
coin 66 4
coin 11 24
match_over 0
