match
match_id 1639524091789_al
match_time 1639524091796
num_bots 1
##MatchConfig
mode FRIENDLY
num_rounds 200
random_seed 42
move_time_limit 1000
coin_spawn_period 5
coin_spawn_volume 2
##MapConfig
map_size 64 20
view_radius 5
mining_radius 2
attack_radius 3
block 0 0
block 4 0
block 5 0
block 7 0
block 8 0
block 9 0
block 10 0
block 11 0
block 12 0
block 15 0
block 16 0
block 17 0
block 18 0
block 19 0
block 41 0
block 42 0
block 43 0
block 44 0
block 45 0
block 46 0
block 47 0
block 59 0
block 60 0
block 61 0
block 62 0
block 63 0
block 0 1
block 4 1
block 5 1
block 7 1
block 8 1
block 9 1
block 10 1
block 11 1
block 12 1
block 15 1
block 16 1
block 17 1
block 18 1
block 19 1
block 41 1
block 42 1
block 43 1
block 44 1
block 45 1
block 46 1
block 47 1
block 59 1
block 60 1
block 61 1
block 62 1
block 63 1
block 0 2
block 4 2
block 5 2
block 43 2
block 44 2
block 45 2
block 46 2
block 47 2
block 59 2
block 60 2
block 61 2
block 62 2
block 63 2
block 0 3
block 4 3
block 5 3
block 59 3
block 60 3
block 61 3
block 62 3
block 63 3
block 0 4
block 4 4
block 5 4
block 59 4
block 60 4
block 61 4
block 62 4
block 63 4
block 4 5
block 5 5
block 0 7
block 1 7
block 63 7
block 0 8
block 1 8
block 4 8
block 5 8
block 6 8
block 7 8
block 8 8
block 9 8
block 63 8
block 4 9
block 5 9
block 6 9
block 7 9
block 8 9
block 9 9
block 10 9
block 11 9
block 12 9
block 13 9
block 4 10
block 5 10
block 6 10
block 7 10
block 8 10
block 9 10
block 10 10
block 11 10
block 12 10
block 13 10
block 54 10
block 55 10
block 56 10
block 57 10
block 4 11
block 5 11
block 6 11
block 7 11
block 8 11
block 9 11
block 10 11
block 11 11
block 12 11
block 13 11
block 54 11
block 55 11
block 56 11
block 57 11
block 4 12
block 5 12
block 6 12
block 7 12
block 8 12
block 9 12
block 10 12
block 11 12
block 12 12
block 13 12
block 54 12
block 55 12
block 56 12
block 57 12
block 4 13
block 5 13
block 6 13
block 7 13
block 8 13
block 9 13
block 10 13
block 11 13
block 12 13
block 13 13
block 54 13
block 55 13
block 56 13
block 57 13
block 7 14
block 8 14
block 9 14
block 10 14
block 11 14
block 12 14
block 13 14
block 14 14
block 15 14
block 16 14
block 54 14
block 55 14
block 56 14
block 57 14
block 58 14
block 59 14
block 60 14
block 9 15
block 10 15
block 11 15
block 12 15
block 13 15
block 14 15
block 15 15
block 16 15
block 17 15
block 18 15
block 19 15
block 49 15
block 50 15
block 51 15
block 52 15
block 53 15
block 54 15
block 55 15
block 56 15
block 57 15
block 58 15
block 59 15
block 60 15
block 9 16
block 10 16
block 11 16
block 12 16
block 13 16
block 14 16
block 15 16
block 16 16
block 17 16
block 18 16
block 19 16
block 20 16
block 21 16
block 22 16
block 23 16
block 24 16
block 43 16
block 44 16
block 45 16
block 46 16
block 47 16
block 49 16
block 50 16
block 51 16
block 52 16
block 53 16
block 54 16
block 55 16
block 56 16
block 57 16
block 58 16
block 59 16
block 60 16
block 13 17
block 14 17
block 15 17
block 16 17
block 17 17
block 18 17
block 19 17
block 20 17
block 21 17
block 22 17
block 23 17
block 24 17
block 27 17
block 28 17
block 43 17
block 44 17
block 45 17
block 46 17
block 47 17
block 48 17
block 49 17
block 50 17
block 51 17
block 52 17
block 53 17
block 54 17
block 55 17
block 56 17
block 57 17
block 58 17
block 59 17
block 60 17
block 0 18
block 7 18
block 8 18
block 9 18
block 10 18
block 11 18
block 12 18
block 13 18
block 14 18
block 15 18
block 16 18
block 17 18
block 18 18
block 19 18
block 20 18
block 21 18
block 22 18
block 23 18
block 24 18
block 27 18
block 28 18
block 41 18
block 42 18
block 43 18
block 44 18
block 45 18
block 46 18
block 47 18
block 48 18
block 49 18
block 50 18
block 51 18
block 52 18
block 53 18
block 54 18
block 55 18
block 56 18
block 57 18
block 58 18
block 59 18
block 60 18
block 61 18
block 62 18
block 63 18
block 0 19
block 4 19
block 5 19
block 7 19
block 8 19
block 9 19
block 10 19
block 11 19
block 12 19
block 13 19
block 14 19
block 15 19
block 16 19
block 17 19
block 18 19
block 19 19
block 27 19
block 28 19
block 41 19
block 42 19
block 43 19
block 44 19
block 45 19
block 46 19
block 47 19
block 48 19
block 49 19
block 50 19
block 51 19
block 52 19
block 53 19
block 54 19
block 55 19
block 56 19
block 57 19
block 58 19
block 59 19
block 60 19
block 61 19
block 62 19
block 63 19
##BotsAndCoinsInfo
bot_name 0 theBest
bot 0 2 18
bot_coins 0 0
coin 46 3
coin 17 14
round 1
round 2
round 3
match_over 0
round 4
