match
match_id 1639522040565_ac
match_time 1639522040569
num_bots 1
##MatchConfig
mode FRIENDLY
num_rounds 200
random_seed 42
move_time_limit 1000
coin_spawn_period 5
coin_spawn_volume 2
##MapConfig
map_size 55 27
view_radius 5
mining_radius 1
attack_radius 3
block 3 0
block 4 0
block 5 0
block 6 0
block 7 0
block 43 0
block 44 0
block 45 0
block 46 0
block 47 0
block 48 0
block 49 0
block 50 0
block 51 0
block 52 0
block 3 1
block 4 1
block 5 1
block 6 1
block 7 1
block 8 1
block 9 1
block 10 1
block 11 1
block 12 1
block 13 1
block 35 1
block 36 1
block 43 1
block 44 1
block 45 1
block 46 1
block 47 1
block 48 1
block 49 1
block 50 1
block 51 1
block 52 1
block 3 2
block 4 2
block 5 2
block 6 2
block 7 2
block 8 2
block 9 2
block 10 2
block 11 2
block 12 2
block 13 2
block 32 2
block 33 2
block 34 2
block 35 2
block 36 2
block 37 2
block 43 2
block 44 2
block 45 2
block 46 2
block 47 2
block 48 2
block 49 2
block 50 2
block 51 2
block 52 2
block 3 3
block 4 3
block 5 3
block 6 3
block 7 3
block 8 3
block 9 3
block 10 3
block 11 3
block 12 3
block 13 3
block 32 3
block 33 3
block 34 3
block 35 3
block 36 3
block 37 3
block 7 4
block 8 4
block 9 4
block 10 4
block 11 4
block 12 4
block 13 4
block 19 4
block 20 4
block 21 4
block 22 4
block 23 4
block 24 4
block 25 4
block 26 4
block 32 4
block 33 4
block 34 4
block 35 4
block 36 4
block 37 4
block 7 5
block 8 5
block 9 5
block 10 5
block 11 5
block 12 5
block 13 5
block 19 5
block 20 5
block 21 5
block 22 5
block 23 5
block 24 5
block 25 5
block 26 5
block 33 5
block 34 5
block 35 5
block 36 5
block 37 5
block 8 6
block 9 6
block 10 6
block 19 6
block 20 6
block 21 6
block 22 6
block 23 6
block 24 6
block 25 6
block 26 6
block 33 6
block 34 6
block 35 6
block 36 6
block 37 6
block 8 7
block 9 7
block 10 7
block 20 7
block 21 7
block 22 7
block 23 7
block 24 7
block 25 7
block 26 7
block 33 7
block 34 7
block 35 7
block 36 7
block 37 7
block 3 8
block 4 8
block 5 8
block 6 8
block 7 8
block 8 8
block 9 8
block 10 8
block 39 8
block 40 8
block 41 8
block 42 8
block 43 8
block 3 9
block 4 9
block 5 9
block 6 9
block 7 9
block 8 9
block 9 9
block 10 9
block 39 9
block 40 9
block 41 9
block 42 9
block 43 9
block 3 10
block 4 10
block 5 10
block 6 10
block 7 10
block 8 10
block 9 10
block 10 10
block 38 10
block 39 10
block 40 10
block 41 10
block 42 10
block 43 10
block 3 11
block 4 11
block 5 11
block 6 11
block 7 11
block 8 11
block 9 11
block 10 11
block 38 11
block 39 11
block 40 11
block 41 11
block 42 11
block 43 11
block 3 12
block 4 12
block 5 12
block 6 12
block 7 12
block 8 12
block 9 12
block 10 12
block 21 12
block 22 12
block 23 12
block 24 12
block 25 12
block 26 12
block 27 12
block 38 12
block 39 12
block 40 12
block 41 12
block 42 12
block 43 12
block 44 12
block 45 12
block 46 12
block 3 13
block 4 13
block 5 13
block 6 13
block 7 13
block 8 13
block 9 13
block 10 13
block 21 13
block 22 13
block 23 13
block 24 13
block 25 13
block 26 13
block 27 13
block 38 13
block 39 13
block 40 13
block 41 13
block 42 13
block 43 13
block 44 13
block 45 13
block 46 13
block 3 14
block 4 14
block 5 14
block 6 14
block 7 14
block 8 14
block 9 14
block 10 14
block 21 14
block 22 14
block 23 14
block 24 14
block 25 14
block 26 14
block 27 14
block 32 14
block 33 14
block 34 14
block 35 14
block 36 14
block 37 14
block 41 14
block 42 14
block 43 14
block 44 14
block 45 14
block 46 14
block 0 15
block 1 15
block 2 15
block 3 15
block 21 15
block 22 15
block 23 15
block 24 15
block 25 15
block 26 15
block 27 15
block 32 15
block 33 15
block 34 15
block 35 15
block 36 15
block 37 15
block 41 15
block 42 15
block 43 15
block 44 15
block 45 15
block 46 15
block 54 15
block 0 16
block 1 16
block 2 16
block 3 16
block 21 16
block 22 16
block 23 16
block 24 16
block 25 16
block 26 16
block 27 16
block 32 16
block 33 16
block 34 16
block 35 16
block 36 16
block 37 16
block 41 16
block 42 16
block 43 16
block 44 16
block 45 16
block 46 16
block 54 16
block 0 17
block 1 17
block 2 17
block 3 17
block 9 17
block 10 17
block 21 17
block 22 17
block 23 17
block 24 17
block 25 17
block 26 17
block 27 17
block 32 17
block 33 17
block 34 17
block 35 17
block 36 17
block 37 17
block 38 17
block 39 17
block 40 17
block 41 17
block 42 17
block 43 17
block 44 17
block 45 17
block 46 17
block 47 17
block 48 17
block 49 17
block 50 17
block 54 17
block 0 18
block 1 18
block 2 18
block 3 18
block 4 18
block 5 18
block 9 18
block 10 18
block 21 18
block 22 18
block 23 18
block 24 18
block 25 18
block 26 18
block 27 18
block 28 18
block 29 18
block 32 18
block 33 18
block 34 18
block 35 18
block 36 18
block 37 18
block 38 18
block 39 18
block 40 18
block 41 18
block 42 18
block 43 18
block 44 18
block 45 18
block 46 18
block 47 18
block 48 18
block 49 18
block 50 18
block 54 18
block 0 19
block 1 19
block 2 19
block 3 19
block 4 19
block 5 19
block 25 19
block 26 19
block 27 19
block 28 19
block 29 19
block 32 19
block 33 19
block 34 19
block 35 19
block 36 19
block 37 19
block 38 19
block 39 19
block 40 19
block 41 19
block 42 19
block 43 19
block 44 19
block 45 19
block 46 19
block 47 19
block 48 19
block 49 19
block 50 19
block 54 19
block 0 20
block 1 20
block 2 20
block 3 20
block 4 20
block 5 20
block 25 20
block 26 20
block 27 20
block 28 20
block 29 20
block 37 20
block 38 20
block 39 20
block 40 20
block 41 20
block 42 20
block 43 20
block 54 20
block 2 21
block 3 21
block 4 21
block 5 21
block 13 21
block 14 21
block 15 21
block 16 21
block 37 21
block 38 21
block 39 21
block 40 21
block 41 21
block 42 21
block 43 21
block 2 22
block 3 22
block 4 22
block 5 22
block 13 22
block 14 22
block 15 22
block 16 22
block 25 22
block 26 22
block 27 22
block 37 22
block 38 22
block 39 22
block 40 22
block 41 22
block 42 22
block 43 22
block 2 23
block 3 23
block 4 23
block 5 23
block 13 23
block 14 23
block 15 23
block 16 23
block 25 23
block 26 23
block 27 23
block 37 23
block 38 23
block 39 23
block 40 23
block 41 23
block 42 23
block 43 23
block 44 23
block 45 23
block 46 23
block 47 23
block 48 23
block 49 23
block 2 24
block 3 24
block 4 24
block 5 24
block 6 24
block 7 24
block 13 24
block 14 24
block 15 24
block 16 24
block 25 24
block 26 24
block 27 24
block 43 24
block 44 24
block 45 24
block 46 24
block 47 24
block 48 24
block 49 24
block 50 24
block 51 24
block 52 24
block 3 25
block 4 25
block 5 25
block 6 25
block 7 25
block 13 25
block 14 25
block 15 25
block 16 25
block 43 25
block 44 25
block 45 25
block 46 25
block 47 25
block 48 25
block 49 25
block 50 25
block 51 25
block 52 25
block 3 26
block 4 26
block 5 26
block 6 26
block 7 26
block 43 26
block 44 26
block 45 26
block 46 26
block 47 26
block 48 26
block 49 26
block 50 26
block 51 26
block 52 26
##BotsAndCoinsInfo
bot_name 0 theBest
bot 0 48 5
bot_coins 0 0
coin 40 3
coin 12 23
round 1
bot 0 49 6
round 2
bot 0 50 7
round 3
bot 0 51 8
round 4
bot 0 52 9
round 5
bot 0 53 10
coin 8 17
coin 46 9
round 6
bot 0 54 11
round 7
round 8
round 9
match_over 0
round 10
