match
match_id 1639566479250_bm
match_time 1639566479256
num_bots 1
##MatchConfig
mode FRIENDLY
num_rounds 200
random_seed 42
move_time_limit 1000
coin_spawn_period 5
coin_spawn_volume 2
##MapConfig
map_size 62 37
view_radius 6
mining_radius 2
attack_radius 4
block 0 0
block 1 0
block 2 0
block 3 0
block 4 0
block 15 0
block 16 0
block 17 0
block 18 0
block 25 0
block 26 0
block 27 0
block 28 0
block 29 0
block 30 0
block 36 0
block 37 0
block 38 0
block 39 0
block 40 0
block 48 0
block 49 0
block 50 0
block 51 0
block 0 1
block 1 1
block 2 1
block 3 1
block 4 1
block 15 1
block 16 1
block 17 1
block 18 1
block 25 1
block 26 1
block 27 1
block 28 1
block 29 1
block 30 1
block 31 1
block 32 1
block 33 1
block 36 1
block 37 1
block 38 1
block 39 1
block 40 1
block 48 1
block 49 1
block 50 1
block 51 1
block 16 2
block 17 2
block 18 2
block 25 2
block 26 2
block 27 2
block 28 2
block 29 2
block 30 2
block 31 2
block 32 2
block 33 2
block 36 2
block 37 2
block 38 2
block 39 2
block 40 2
block 25 3
block 26 3
block 27 3
block 28 3
block 29 3
block 30 3
block 31 3
block 32 3
block 33 3
block 42 4
block 43 4
block 44 4
block 45 4
block 46 4
block 47 4
block 48 4
block 49 4
block 50 4
block 42 5
block 43 5
block 44 5
block 45 5
block 46 5
block 47 5
block 48 5
block 49 5
block 50 5
block 42 6
block 43 6
block 44 6
block 45 6
block 46 6
block 47 6
block 48 6
block 49 6
block 50 6
block 36 12
block 37 12
block 36 13
block 37 13
block 10 14
block 11 14
block 12 14
block 13 14
block 14 14
block 15 14
block 16 14
block 17 14
block 18 14
block 36 14
block 37 14
block 10 15
block 11 15
block 12 15
block 13 15
block 14 15
block 15 15
block 16 15
block 17 15
block 18 15
block 36 15
block 37 15
block 43 15
block 44 15
block 45 15
block 12 16
block 13 16
block 14 16
block 15 16
block 16 16
block 17 16
block 18 16
block 36 16
block 37 16
block 43 16
block 44 16
block 45 16
block 56 16
block 57 16
block 58 16
block 59 16
block 60 16
block 61 16
block 12 17
block 13 17
block 14 17
block 15 17
block 16 17
block 17 17
block 18 17
block 36 17
block 37 17
block 56 17
block 57 17
block 58 17
block 59 17
block 60 17
block 61 17
block 56 18
block 57 18
block 58 18
block 59 18
block 60 18
block 61 18
block 56 19
block 57 19
block 58 19
block 59 19
block 60 19
block 61 19
block 0 20
block 1 20
block 2 20
block 56 20
block 57 20
block 58 20
block 59 20
block 60 20
block 61 20
block 0 21
block 1 21
block 2 21
block 56 21
block 57 21
block 58 21
block 59 21
block 60 21
block 61 21
block 0 22
block 1 22
block 2 22
block 58 22
block 59 22
block 60 22
block 61 22
block 0 23
block 1 23
block 2 23
block 58 23
block 59 23
block 60 23
block 61 23
block 0 24
block 1 24
block 2 24
block 58 24
block 59 24
block 60 24
block 61 24
block 0 25
block 1 25
block 2 25
block 58 25
block 59 25
block 60 25
block 61 25
block 0 26
block 1 26
block 2 26
block 58 26
block 59 26
block 60 26
block 61 26
block 7 27
block 8 27
block 9 27
block 10 27
block 11 27
block 12 27
block 13 27
block 7 28
block 8 28
block 9 28
block 10 28
block 11 28
block 12 28
block 13 28
block 3 29
block 4 29
block 7 29
block 8 29
block 9 29
block 10 29
block 11 29
block 12 29
block 13 29
block 3 30
block 4 30
block 7 30
block 8 30
block 9 30
block 10 30
block 11 30
block 12 30
block 13 30
block 3 31
block 4 31
block 7 31
block 8 31
block 9 31
block 10 31
block 11 31
block 12 31
block 13 31
block 7 32
block 8 32
block 9 32
block 10 32
block 11 32
block 12 32
block 13 32
block 0 33
block 1 33
block 2 33
block 3 33
block 4 33
block 0 34
block 1 34
block 2 34
block 3 34
block 4 34
block 15 34
block 16 34
block 17 34
block 18 34
block 0 35
block 1 35
block 2 35
block 3 35
block 4 35
block 15 35
block 16 35
block 17 35
block 18 35
block 25 35
block 26 35
block 27 35
block 28 35
block 29 35
block 30 35
block 0 36
block 1 36
block 2 36
block 3 36
block 4 36
block 15 36
block 16 36
block 17 36
block 18 36
block 25 36
block 26 36
block 27 36
block 28 36
block 29 36
block 30 36
block 36 36
block 37 36
block 38 36
block 39 36
block 40 36
block 48 36
block 49 36
block 50 36
block 51 36
##BotsAndCoinsInfo
bot_name 0 theBest
bot 0 59 34
bot_coins 0 0
coin 6 14
coin 55 22
round 1
bot 0 60 34
round 2
bot 0 61 34
round 3
bot 0 60 34
round 4
bot 0 61 33
round 5
bot 0 60 33
coin 34 10
coin 27 26
round 6
bot 0 61 33
round 7
bot 0 60 33
round 8
bot 0 61 32
round 9
bot 0 60 32
round 10
bot 0 61 32
coin 2 8
coin 59 28
round 11
bot 0 60 31
round 12
bot 0 59 30
coin_collected 59 28 0
bot_coins 0 1
round 13
bot 0 60 30
round 14
bot 0 61 29
round 15
bot 0 60 29
coin 3 14
coin 57 22
round 16
bot 0 61 29
round 17
bot 0 60 29
round 18
bot 0 61 28
round 19
bot 0 60 28
round 20
bot 0 61 28
coin 23 0
coin 38 35
round 21
bot 0 60 28
round 22
bot 0 61 27
round 23
bot 0 60 27
round 24
bot 0 59 27
round 25
bot 0 58 27
coin 34 21
coin 27 15
round 26
bot 0 57 26
round 27
bot 0 57 25
round 28
bot 0 57 24
coin_collected 57 22 0
bot_coins 0 2
round 29
bot 0 56 23
coin_collected 55 22 0
bot_coins 0 3
round 30
bot 0 57 23
coin 12 18
coin 49 18
round 31
bot 0 57 22
round 32
round 33
round 34
round 35
coin 58 9
coin 3 27
round 36
round 37
round 38
round 39
round 40
coin 14 13
coin 47 23
round 41
round 42
round 43
round 44
round 45
coin 49 2
coin 12 34
round 46
round 47
round 48
round 49
round 50
coin 14 36
coin 47 0
round 51
round 52
round 53
round 54
round 55
coin 57 25
coin 4 11
round 56
bot 0 57 23
coin_collected 57 25 0
bot_coins 0 4
round 57
bot 0 57 22
round 58
round 59
round 60
coin 55 16
coin 6 20
round 61
round 62
round 63
round 64
round 65
coin 6 0
coin 55 36
round 66
round 67
round 68
round 69
round 70
coin 51 16
coin 10 20
round 71
round 72
round 73
round 74
round 75
coin 54 31
coin 7 5
round 76
round 77
round 78
round 79
round 80
coin 22 26
coin 39 10
round 81
round 82
round 83
round 84
round 85
coin 13 23
coin 48 13
round 86
round 87
round 88
round 89
round 90
coin 4 32
coin 57 4
round 91
round 92
round 93
round 94
round 95
coin 25 16
coin 36 20
round 96
round 97
round 98
round 99
round 100
coin 53 24
coin 8 12
round 101
bot 0 56 23
round 102
bot 0 55 24
coin_collected 53 24 0
bot_coins 0 5
round 103
bot 0 56 23
round 104
bot 0 57 23
round 105
bot 0 57 22
coin 25 26
coin 36 10
round 106
round 107
round 108
round 109
round 110
coin 25 22
coin 35 14
round 111
round 112
round 113
round 114
round 115
coin 24 2
coin 37 34
round 116
round 117
round 118
round 119
round 120
coin 21 20
coin 40 16
round 121
round 122
round 123
round 124
round 125
coin 49 22
coin 12 13
round 126
round 127
round 128
round 129
round 130
coin 6 26
coin 55 10
round 131
round 132
round 133
round 134
round 135
coin 34 36
coin 24 0
round 136
round 137
round 138
round 139
round 140
coin 31 29
coin 30 7
round 141
round 142
round 143
round 144
round 145
coin 14 34
coin 47 2
round 146
round 147
round 148
round 149
round 150
coin 61 12
coin 3 24
round 151
round 152
round 153
round 154
round 155
coin 18 18
coin 43 18
round 156
round 157
round 158
round 159
round 160
coin 42 22
coin 19 14
round 161
round 162
round 163
round 164
round 165
coin 42 10
coin 19 26
round 166
round 167
round 168
round 169
round 170
coin 13 19
coin 48 17
round 171
round 172
round 173
round 174
round 175
coin 52 21
coin 9 15
round 176
round 177
round 178
round 179
round 180
coin 0 18
coin 0 19
round 181
round 182
round 183
round 184
round 185
coin 27 31
coin 34 5
round 186
round 187
round 188
round 189
round 190
coin 55 20
coin 6 16
round 191
round 192
round 193
round 194
round 195
coin 27 27
coin 34 9
round 196
round 197
round 198
round 199
round 200
coin 52 31
coin 9 5
match_over 0
