match
match_id 1639511274442_bi
match_time 1639511274451
num_bots 1
##MatchConfig
mode FRIENDLY
num_rounds 200
random_seed 42
move_time_limit 1000
coin_spawn_period 5
coin_spawn_volume 2
##MapConfig
map_size 61 29
view_radius 5
mining_radius 2
attack_radius 4
block 9 0
block 10 0
block 9 1
block 10 1
block 58 1
block 59 1
block 60 1
block 5 2
block 6 2
block 7 2
block 8 2
block 9 2
block 10 2
block 11 2
block 42 2
block 43 2
block 44 2
block 45 2
block 46 2
block 47 2
block 48 2
block 58 2
block 59 2
block 60 2
block 5 3
block 6 3
block 7 3
block 8 3
block 9 3
block 10 3
block 11 3
block 42 3
block 43 3
block 44 3
block 45 3
block 46 3
block 47 3
block 48 3
block 58 3
block 59 3
block 60 3
block 5 4
block 6 4
block 7 4
block 8 4
block 9 4
block 10 4
block 11 4
block 58 4
block 59 4
block 60 4
block 5 5
block 6 5
block 7 5
block 8 5
block 9 5
block 10 5
block 11 5
block 5 6
block 6 6
block 7 6
block 8 6
block 9 6
block 10 6
block 11 6
block 33 6
block 34 6
block 35 6
block 36 6
block 33 7
block 34 7
block 35 7
block 36 7
block 33 8
block 34 8
block 35 8
block 36 8
block 33 9
block 34 9
block 35 9
block 36 9
block 33 10
block 34 10
block 35 10
block 36 10
block 33 11
block 34 11
block 35 11
block 36 11
block 30 24
block 31 24
block 32 24
block 33 24
block 34 24
block 35 24
block 30 25
block 31 25
block 32 25
block 33 25
block 34 25
block 35 25
block 30 26
block 31 26
block 32 26
block 33 26
block 34 26
block 35 26
block 9 27
block 10 27
block 9 28
block 10 28
##BotsAndCoinsInfo
bot_name 0 theBest
bot 0 35 20
bot_coins 0 0
coin 5 9
coin 55 19
round 1
bot 0 34 21
round 2
bot 0 33 22
round 3
bot 0 34 23
round 4
round 5
bot 0 33 22
coin 25 15
coin 35 13
round 6
bot 0 32 22
round 7
bot 0 31 21
round 8
bot 0 32 22
round 9
bot 0 33 21
round 10
bot 0 34 20
coin 10 23
coin 50 5
round 11
bot 0 33 20
round 12
bot 0 32 20
round 13
bot 0 31 19
round 14
bot 0 32 18
round 15
bot 0 31 19
coin 55 8
coin 5 20
round 16
bot 0 32 18
round 17
bot 0 31 19
round 18
bot 0 32 20
round 19
bot 0 31 19
round 20
bot 0 32 19
coin 21 25
coin 39 3
round 21
bot 0 33 20
round 22
bot 0 32 20
round 23
bot 0 31 20
round 24
bot 0 32 21
round 25
bot 0 33 21
coin 38 22
coin 22 6
round 26
bot 0 33 20
round 27
bot 0 32 19
round 28
bot 0 33 20
round 29
bot 0 34 19
round 30
bot 0 35 20
coin 23 15
coin 37 13
round 31
bot 0 36 19
round 32
bot 0 35 18
round 33
bot 0 34 19
round 34
bot 0 35 20
round 35
bot 0 36 21
coin 22 20
coin 38 8
round 36
bot 0 37 22
coin_collected 38 22 0
bot_coins 0 1
round 37
bot 0 37 21
round 38
bot 0 38 20
round 39
bot 0 39 20
round 40
bot 0 38 20
coin 35 1
coin 25 27
round 41
bot 0 39 21
round 42
bot 0 38 22
round 43
bot 0 38 21
round 44
round 45
bot 0 39 21
coin 41 2
coin 19 26
round 46
bot 0 39 22
round 47
bot 0 40 22
round 48
round 49
bot 0 39 21
round 50
bot 0 39 20
coin 7 27
coin 53 1
round 51
bot 0 39 21
round 52
bot 0 39 22
round 53
bot 0 40 22
round 54
bot 0 41 22
round 55
coin 55 20
coin 5 8
round 56
bot 0 40 21
round 57
bot 0 39 20
round 58
round 59
bot 0 40 21
round 60
bot 0 41 20
coin 19 19
coin 41 9
round 61
bot 0 40 19
round 62
bot 0 39 18
round 63
bot 0 38 17
round 64
bot 0 39 17
round 65
coin 19 8
coin 41 20
round 66
bot 0 39 16
round 67
bot 0 38 17
round 68
bot 0 38 16
round 69
bot 0 37 17
round 70
bot 0 37 16
coin 20 11
coin 40 17
round 71
bot 0 38 15
round 72
bot 0 38 16
round 73
bot 0 38 17
coin_collected 40 17 0
bot_coins 0 2
round 74
bot 0 39 17
round 75
bot 0 39 18
coin 50 1
coin 10 26
round 76
bot 0 38 17
round 77
round 78
bot 0 37 17
round 79
bot 0 36 16
round 80
bot 0 36 17
coin 57 16
coin 3 12
round 81
bot 0 37 16
round 82
bot 0 38 17
round 83
bot 0 39 17
round 84
bot 0 38 17
round 85
coin 39 8
coin 21 20
round 86
bot 0 39 17
round 87
bot 0 40 17
round 88
bot 0 41 17
round 89
bot 0 42 16
round 90
bot 0 43 15
coin 20 27
coin 40 1
round 91
bot 0 44 16
round 92
bot 0 45 15
round 93
round 94
bot 0 45 16
round 95
bot 0 46 16
coin 38 22
coin 23 6
round 96
round 97
bot 0 45 17
round 98
bot 0 44 18
round 99
bot 0 45 18
round 100
bot 0 44 18
coin 36 22
coin 24 6
round 101
bot 0 43 17
round 102
bot 0 44 18
round 103
bot 0 43 19
round 104
bot 0 43 18
round 105
bot 0 43 17
coin 48 23
coin 12 5
round 106
bot 0 42 16
round 107
bot 0 41 16
round 108
bot 0 41 15
round 109
bot 0 40 15
round 110
coin 22 15
coin 38 13
round 111
bot 0 39 14
coin_collected 38 13 0
bot_coins 0 3
round 112
bot 0 40 13
round 113
bot 0 41 12
round 114
bot 0 40 11
round 115
bot 0 41 12
coin 18 0
coin 42 28
round 116
bot 0 40 13
round 117
bot 0 40 12
round 118
bot 0 39 13
coin_collected 37 13 0
bot_coins 0 4
round 119
bot 0 38 12
round 120
bot 0 39 12
coin 9 14
coin 51 14
round 121
bot 0 40 13
round 122
bot 0 39 13
round 123
bot 0 39 12
round 124
bot 0 39 11
round 125
bot 0 38 11
coin 49 2
coin 11 26
round 126
bot 0 39 12
round 127
bot 0 38 12
round 128
bot 0 38 11
round 129
bot 0 39 12
round 130
bot 0 40 12
coin 3 10
coin 57 18
round 131
bot 0 40 13
round 132
bot 0 41 14
round 133
round 134
bot 0 40 15
round 135
bot 0 39 14
coin 37 19
coin 23 9
round 136
round 137
bot 0 39 13
round 138
bot 0 40 13
round 139
bot 0 41 13
round 140
bot 0 41 14
coin 28 22
coin 32 6
round 141
bot 0 42 14
round 142
bot 0 42 15
round 143
bot 0 43 16
round 144
bot 0 44 15
round 145
bot 0 44 14
coin 24 5
coin 36 23
round 146
bot 0 45 15
round 147
bot 0 44 15
round 148
bot 0 45 16
round 149
bot 0 45 15
round 150
coin 20 6
coin 40 22
round 151
bot 0 45 16
round 152
bot 0 44 15
round 153
bot 0 45 14
round 154
bot 0 45 15
round 155
bot 0 45 16
coin 48 20
coin 12 8
round 156
bot 0 44 16
round 157
bot 0 45 16
round 158
bot 0 46 15
round 159
bot 0 47 14
round 160
bot 0 48 13
coin 21 13
coin 39 15
round 161
round 162
bot 0 48 14
round 163
bot 0 47 14
round 164
bot 0 46 13
round 165
bot 0 46 12
coin 51 25
coin 8 1
round 166
bot 0 45 13
round 167
round 168
bot 0 46 13
round 169
bot 0 45 14
round 170
bot 0 44 14
coin 47 5
coin 13 23
round 171
round 172
bot 0 43 15
round 173
bot 0 42 15
round 174
bot 0 42 14
round 175
bot 0 43 15
coin 17 18
coin 43 10
round 176
bot 0 42 14
round 177
bot 0 43 14
round 178
bot 0 44 14
round 179
bot 0 45 13
round 180
bot 0 44 14
coin 48 5
coin 12 23
round 181
round 182
bot 0 44 13
round 183
round 184
bot 0 44 14
round 185
bot 0 43 13
coin 22 24
coin 38 4
round 186
bot 0 42 12
round 187
bot 0 42 11
coin_collected 43 10 0
bot_coins 0 5
round 188
bot 0 42 12
round 189
bot 0 42 13
round 190
bot 0 43 13
coin 18 6
coin 42 22
round 191
bot 0 42 12
round 192
bot 0 41 12
round 193
round 194
round 195
bot 0 40 11
coin 56 11
coin 4 17
round 196
bot 0 41 12
round 197
round 198
bot 0 42 11
round 199
bot 0 43 11
round 200
bot 0 43 12
coin 47 4
coin 13 24
match_over 0
