match
match_id 1639522136775_ai
match_time 1639522136790
num_bots 1
##MatchConfig
mode FRIENDLY
num_rounds 200
random_seed 42
move_time_limit 1000
coin_spawn_period 5
coin_spawn_volume 2
##MapConfig
map_size 72 38
view_radius 6
mining_radius 2
attack_radius 3
block 16 0
block 17 0
block 18 0
block 19 0
block 20 0
block 21 0
block 22 0
block 48 0
block 49 0
block 50 0
block 51 0
block 52 0
block 16 1
block 17 1
block 18 1
block 19 1
block 20 1
block 21 1
block 22 1
block 16 2
block 17 2
block 18 2
block 19 2
block 20 2
block 21 2
block 22 2
block 16 3
block 17 3
block 18 3
block 19 3
block 20 3
block 21 3
block 22 3
block 37 3
block 38 3
block 16 4
block 17 4
block 18 4
block 19 4
block 20 4
block 21 4
block 22 4
block 37 4
block 38 4
block 0 8
block 71 8
block 0 9
block 71 9
block 0 10
block 71 10
block 0 11
block 71 11
block 0 12
block 71 12
block 0 13
block 71 13
block 44 16
block 45 16
block 46 16
block 47 16
block 48 16
block 49 16
block 50 16
block 44 17
block 45 17
block 46 17
block 47 17
block 48 17
block 49 17
block 50 17
block 44 18
block 45 18
block 46 18
block 47 18
block 48 18
block 49 18
block 50 18
block 44 19
block 45 19
block 46 19
block 47 19
block 48 19
block 49 19
block 50 19
block 44 20
block 45 20
block 46 20
block 47 20
block 48 20
block 49 20
block 50 20
block 51 20
block 52 20
block 51 21
block 52 21
block 25 22
block 26 22
block 27 22
block 28 22
block 29 22
block 30 22
block 31 22
block 51 22
block 52 22
block 25 23
block 26 23
block 27 23
block 28 23
block 29 23
block 30 23
block 31 23
block 51 23
block 52 23
block 25 24
block 26 24
block 27 24
block 28 24
block 29 24
block 30 24
block 31 24
block 51 24
block 52 24
block 25 25
block 26 25
block 27 25
block 28 25
block 29 25
block 30 25
block 31 25
block 51 25
block 52 25
block 25 26
block 26 26
block 27 26
block 28 26
block 29 26
block 30 26
block 31 26
block 25 27
block 26 27
block 27 27
block 28 27
block 29 27
block 30 27
block 31 27
block 40 28
block 41 28
block 27 29
block 28 29
block 29 29
block 30 29
block 31 29
block 32 29
block 40 29
block 41 29
block 27 30
block 28 30
block 29 30
block 30 30
block 31 30
block 32 30
block 27 31
block 28 31
block 29 31
block 30 31
block 31 31
block 32 31
block 27 32
block 28 32
block 29 32
block 30 32
block 31 32
block 32 32
block 33 32
block 27 33
block 28 33
block 29 33
block 30 33
block 31 33
block 32 33
block 33 33
block 27 34
block 28 34
block 29 34
block 30 34
block 31 34
block 32 34
block 33 34
block 48 34
block 49 34
block 50 34
block 51 34
block 52 34
block 27 35
block 28 35
block 29 35
block 30 35
block 31 35
block 32 35
block 48 35
block 49 35
block 50 35
block 51 35
block 52 35
block 16 36
block 17 36
block 18 36
block 19 36
block 20 36
block 21 36
block 22 36
block 48 36
block 49 36
block 50 36
block 51 36
block 52 36
block 16 37
block 17 37
block 18 37
block 19 37
block 20 37
block 21 37
block 22 37
block 48 37
block 49 37
block 50 37
block 51 37
block 52 37
##BotsAndCoinsInfo
bot_name 0 theBest
bot 0 39 5
bot_coins 0 0
coin 26 9
coin 45 28
round 1
bot 0 40 6
round 2
bot 0 41 7
round 3
bot 0 42 8
round 4
bot 0 43 9
round 5
bot 0 44 10
coin 0 6
coin 71 31
round 6
bot 0 45 11
round 7
bot 0 46 12
round 8
bot 0 47 13
round 9
bot 0 48 14
round 10
bot 0 49 15
coin 18 15
coin 53 22
round 11
bot 0 50 15
round 12
bot 0 51 16
round 13
bot 0 52 17
round 14
bot 0 53 18
round 15
bot 0 54 19
coin 41 27
coin 30 10
round 16
bot 0 55 20
round 17
bot 0 56 21
round 18
bot 0 57 22
round 19
bot 0 58 23
round 20
bot 0 59 24
coin 7 17
coin 64 20
round 21
bot 0 60 25
round 22
bot 0 61 26
round 23
bot 0 62 27
round 24
bot 0 63 28
round 25
bot 0 64 29
coin 38 14
coin 33 23
round 26
bot 0 65 30
round 27
bot 0 66 31
round 28
bot 0 67 32
round 29
bot 0 68 33
round 30
bot 0 69 34
coin 60 34
coin 11 3
round 31
bot 0 70 35
round 32
bot 0 71 36
round 33
round 34
round 35
match_over 0
coin 44 36
coin 27 1
round 36
