match
match_id 1639504137899_ae
match_time 1639504137903
num_bots 1
##MatchConfig
mode FRIENDLY
num_rounds 200
random_seed 42
move_time_limit 1000
coin_spawn_period 5
coin_spawn_volume 2
##MapConfig
map_size 69 23
view_radius 6
mining_radius 2
attack_radius 4
block 16 0
block 17 0
block 18 0
block 19 0
block 20 0
block 37 0
block 38 0
block 39 0
block 40 0
block 41 0
block 42 0
block 61 0
block 62 0
block 16 1
block 17 1
block 18 1
block 19 1
block 20 1
block 37 1
block 38 1
block 39 1
block 40 1
block 41 1
block 42 1
block 61 1
block 62 1
block 16 2
block 17 2
block 18 2
block 19 2
block 20 2
block 37 2
block 38 2
block 39 2
block 40 2
block 41 2
block 42 2
block 61 2
block 62 2
block 63 2
block 16 3
block 17 3
block 18 3
block 19 3
block 20 3
block 61 3
block 62 3
block 63 3
block 25 4
block 26 4
block 60 4
block 61 4
block 62 4
block 63 4
block 25 5
block 26 5
block 60 5
block 61 5
block 62 5
block 63 5
block 14 6
block 15 6
block 16 6
block 17 6
block 60 6
block 61 6
block 62 6
block 63 6
block 14 7
block 15 7
block 16 7
block 17 7
block 53 7
block 54 7
block 55 7
block 56 7
block 57 7
block 58 7
block 60 7
block 61 7
block 62 7
block 63 7
block 64 7
block 65 7
block 14 8
block 15 8
block 16 8
block 17 8
block 18 8
block 19 8
block 53 8
block 54 8
block 55 8
block 56 8
block 57 8
block 58 8
block 60 8
block 61 8
block 62 8
block 63 8
block 64 8
block 65 8
block 14 9
block 15 9
block 16 9
block 17 9
block 18 9
block 19 9
block 60 9
block 61 9
block 62 9
block 63 9
block 64 9
block 65 9
block 14 10
block 15 10
block 16 10
block 17 10
block 18 10
block 19 10
block 24 16
block 25 16
block 14 17
block 15 17
block 24 17
block 25 17
block 14 18
block 15 18
block 24 18
block 25 18
block 12 19
block 13 19
block 14 19
block 15 19
block 16 19
block 17 19
block 18 19
block 24 19
block 25 19
block 37 19
block 38 19
block 39 19
block 40 19
block 41 19
block 42 19
block 12 20
block 13 20
block 14 20
block 15 20
block 16 20
block 17 20
block 18 20
block 23 20
block 24 20
block 37 20
block 38 20
block 39 20
block 40 20
block 41 20
block 42 20
block 12 21
block 13 21
block 14 21
block 15 21
block 16 21
block 17 21
block 18 21
block 23 21
block 24 21
block 37 21
block 38 21
block 39 21
block 40 21
block 41 21
block 42 21
block 61 21
block 62 21
block 23 22
block 24 22
block 37 22
block 38 22
block 39 22
block 40 22
block 41 22
block 42 22
block 61 22
block 62 22
##BotsAndCoinsInfo
bot_name 0 theBest
bot 0 1 4
bot_coins 0 0
coin 29 4
coin 39 18
round 1
round 2
round 3
match_over 0
round 4
