match
match_id 1639505943423_aq
match_time 1639505943429
num_bots 1
##MatchConfig
mode FRIENDLY
num_rounds 200
random_seed 42
move_time_limit 1000
coin_spawn_period 5
coin_spawn_volume 2
##MapConfig
map_size 70 20
view_radius 5
mining_radius 1
attack_radius 3
block 51 1
block 52 1
block 53 1
block 54 1
block 55 1
block 56 1
block 57 1
block 51 2
block 52 2
block 53 2
block 54 2
block 55 2
block 56 2
block 57 2
block 51 3
block 52 3
block 53 3
block 54 3
block 55 3
block 56 3
block 57 3
block 0 4
block 5 4
block 6 4
block 7 4
block 8 4
block 9 4
block 10 4
block 51 4
block 52 4
block 53 4
block 54 4
block 55 4
block 56 4
block 57 4
block 68 4
block 69 4
block 0 5
block 5 5
block 6 5
block 7 5
block 8 5
block 9 5
block 10 5
block 11 5
block 12 5
block 51 5
block 52 5
block 53 5
block 54 5
block 55 5
block 56 5
block 57 5
block 68 5
block 69 5
block 0 6
block 5 6
block 6 6
block 7 6
block 8 6
block 9 6
block 10 6
block 11 6
block 12 6
block 68 6
block 69 6
block 0 7
block 8 7
block 9 7
block 10 7
block 11 7
block 12 7
block 68 7
block 69 7
block 0 8
block 8 8
block 9 8
block 10 8
block 11 8
block 12 8
block 26 8
block 27 8
block 28 8
block 29 8
block 43 8
block 44 8
block 68 8
block 69 8
block 0 9
block 6 9
block 7 9
block 8 9
block 9 9
block 10 9
block 11 9
block 12 9
block 26 9
block 27 9
block 28 9
block 29 9
block 43 9
block 44 9
block 68 9
block 69 9
block 4 10
block 5 10
block 6 10
block 7 10
block 8 10
block 9 10
block 10 10
block 26 10
block 27 10
block 28 10
block 29 10
block 4 11
block 5 11
block 6 11
block 7 11
block 8 11
block 9 11
block 10 11
block 25 11
block 26 11
block 27 11
block 28 11
block 29 11
block 30 11
block 4 12
block 5 12
block 6 12
block 7 12
block 8 12
block 9 12
block 10 12
block 25 12
block 26 12
block 27 12
block 28 12
block 29 12
block 30 12
block 34 12
block 35 12
block 36 12
block 37 12
block 4 13
block 5 13
block 6 13
block 7 13
block 8 13
block 9 13
block 10 13
block 25 13
block 26 13
block 27 13
block 28 13
block 29 13
block 30 13
block 34 13
block 35 13
block 36 13
block 37 13
block 4 14
block 5 14
block 6 14
block 7 14
block 8 14
block 9 14
block 10 14
block 25 14
block 26 14
block 27 14
block 28 14
block 29 14
block 34 14
block 35 14
block 36 14
block 37 14
block 4 15
block 5 15
block 6 15
block 7 15
block 8 15
block 9 15
block 10 15
block 25 15
block 26 15
block 50 15
block 51 15
block 52 15
block 53 15
block 54 15
block 55 15
block 56 15
block 4 16
block 5 16
block 6 16
block 7 16
block 8 16
block 9 16
block 10 16
block 25 16
block 26 16
block 38 16
block 39 16
block 40 16
block 41 16
block 42 16
block 43 16
block 50 16
block 51 16
block 52 16
block 53 16
block 54 16
block 55 16
block 56 16
block 25 17
block 26 17
block 38 17
block 39 17
block 40 17
block 41 17
block 42 17
block 43 17
block 50 17
block 51 17
block 52 17
block 53 17
block 54 17
block 55 17
block 56 17
block 25 18
block 26 18
block 38 18
block 39 18
block 40 18
block 41 18
block 42 18
block 43 18
block 50 18
block 51 18
block 52 18
block 53 18
block 54 18
block 55 18
block 56 18
block 25 19
block 26 19
##BotsAndCoinsInfo
bot_name 0 theBest
bot 0 21 13
bot_coins 0 0
coin 50 3
coin 19 16
round 1
round 2
round 3
match_over 0
round 4
