match
match_id 1639524430111_aq
match_time 1639524430114
num_bots 1
##MatchConfig
mode FRIENDLY
num_rounds 200
random_seed 42
move_time_limit 1000
coin_spawn_period 5
coin_spawn_volume 2
##MapConfig
map_size 51 25
view_radius 5
mining_radius 1
attack_radius 4
block 1 0
block 2 0
block 3 0
block 4 0
block 5 0
block 6 0
block 13 0
block 14 0
block 15 0
block 16 0
block 1 1
block 2 1
block 3 1
block 4 1
block 5 1
block 6 1
block 13 1
block 14 1
block 15 1
block 16 1
block 18 1
block 19 1
block 20 1
block 1 2
block 2 2
block 3 2
block 4 2
block 5 2
block 6 2
block 13 2
block 14 2
block 15 2
block 16 2
block 18 2
block 19 2
block 20 2
block 48 2
block 49 2
block 1 3
block 2 3
block 3 3
block 4 3
block 5 3
block 6 3
block 18 3
block 19 3
block 20 3
block 34 3
block 35 3
block 36 3
block 37 3
block 38 3
block 39 3
block 40 3
block 41 3
block 42 3
block 48 3
block 49 3
block 1 4
block 2 4
block 3 4
block 4 4
block 5 4
block 6 4
block 7 4
block 8 4
block 9 4
block 10 4
block 11 4
block 18 4
block 19 4
block 20 4
block 34 4
block 35 4
block 36 4
block 37 4
block 38 4
block 39 4
block 40 4
block 41 4
block 42 4
block 7 5
block 8 5
block 9 5
block 10 5
block 11 5
block 18 5
block 19 5
block 20 5
block 34 5
block 35 5
block 36 5
block 37 5
block 38 5
block 39 5
block 40 5
block 41 5
block 42 5
block 7 6
block 8 6
block 9 6
block 10 6
block 11 6
block 18 6
block 19 6
block 20 6
block 34 6
block 35 6
block 36 6
block 37 6
block 38 6
block 39 6
block 40 6
block 41 6
block 42 6
block 20 7
block 21 7
block 22 7
block 23 7
block 24 7
block 25 7
block 26 7
block 38 7
block 39 7
block 40 7
block 41 7
block 42 7
block 20 8
block 21 8
block 22 8
block 23 8
block 24 8
block 25 8
block 26 8
block 38 8
block 39 8
block 40 8
block 41 8
block 44 8
block 45 8
block 46 8
block 47 8
block 48 8
block 0 9
block 1 9
block 2 9
block 19 9
block 20 9
block 21 9
block 22 9
block 23 9
block 24 9
block 25 9
block 44 9
block 45 9
block 46 9
block 47 9
block 48 9
block 50 9
block 0 10
block 1 10
block 2 10
block 12 10
block 13 10
block 14 10
block 15 10
block 16 10
block 17 10
block 18 10
block 19 10
block 20 10
block 21 10
block 22 10
block 23 10
block 24 10
block 25 10
block 26 10
block 27 10
block 28 10
block 29 10
block 30 10
block 44 10
block 45 10
block 46 10
block 47 10
block 48 10
block 50 10
block 0 11
block 1 11
block 2 11
block 12 11
block 13 11
block 14 11
block 15 11
block 16 11
block 17 11
block 18 11
block 26 11
block 27 11
block 28 11
block 29 11
block 30 11
block 44 11
block 45 11
block 46 11
block 47 11
block 48 11
block 50 11
block 0 12
block 1 12
block 2 12
block 12 12
block 13 12
block 14 12
block 15 12
block 16 12
block 17 12
block 18 12
block 26 12
block 27 12
block 28 12
block 29 12
block 30 12
block 44 12
block 45 12
block 46 12
block 47 12
block 48 12
block 50 12
block 12 13
block 13 13
block 14 13
block 15 13
block 16 13
block 17 13
block 18 13
block 26 13
block 27 13
block 28 13
block 29 13
block 30 13
block 2 14
block 3 14
block 4 14
block 5 14
block 6 14
block 7 14
block 12 14
block 13 14
block 14 14
block 15 14
block 16 14
block 17 14
block 18 14
block 19 14
block 20 14
block 21 14
block 22 14
block 23 14
block 24 14
block 25 14
block 26 14
block 27 14
block 28 14
block 29 14
block 30 14
block 2 15
block 3 15
block 4 15
block 5 15
block 6 15
block 7 15
block 12 15
block 13 15
block 14 15
block 15 15
block 16 15
block 17 15
block 18 15
block 19 15
block 20 15
block 21 15
block 22 15
block 23 15
block 24 15
block 25 15
block 26 15
block 27 15
block 28 15
block 29 15
block 30 15
block 2 16
block 3 16
block 4 16
block 5 16
block 6 16
block 7 16
block 12 16
block 13 16
block 14 16
block 15 16
block 16 16
block 17 16
block 18 16
block 19 16
block 20 16
block 21 16
block 22 16
block 23 16
block 24 16
block 25 16
block 30 16
block 31 16
block 32 16
block 33 16
block 2 17
block 3 17
block 4 17
block 5 17
block 6 17
block 7 17
block 15 17
block 16 17
block 17 17
block 18 17
block 19 17
block 20 17
block 21 17
block 22 17
block 23 17
block 24 17
block 25 17
block 30 17
block 31 17
block 32 17
block 33 17
block 35 17
block 36 17
block 5 18
block 6 18
block 15 18
block 16 18
block 17 18
block 18 18
block 19 18
block 20 18
block 23 18
block 24 18
block 25 18
block 30 18
block 31 18
block 32 18
block 33 18
block 35 18
block 36 18
block 5 19
block 6 19
block 15 19
block 16 19
block 17 19
block 18 19
block 19 19
block 20 19
block 23 19
block 24 19
block 25 19
block 30 19
block 31 19
block 32 19
block 33 19
block 35 19
block 36 19
block 41 19
block 42 19
block 43 19
block 5 20
block 6 20
block 15 20
block 16 20
block 17 20
block 18 20
block 19 20
block 20 20
block 30 20
block 31 20
block 32 20
block 33 20
block 35 20
block 36 20
block 41 20
block 42 20
block 43 20
block 0 21
block 1 21
block 2 21
block 3 21
block 4 21
block 5 21
block 6 21
block 15 21
block 16 21
block 17 21
block 18 21
block 19 21
block 20 21
block 21 21
block 22 21
block 23 21
block 24 21
block 25 21
block 35 21
block 36 21
block 41 21
block 42 21
block 43 21
block 49 21
block 50 21
block 0 22
block 1 22
block 2 22
block 3 22
block 4 22
block 5 22
block 6 22
block 21 22
block 22 22
block 23 22
block 24 22
block 25 22
block 35 22
block 36 22
block 49 22
block 50 22
block 0 23
block 1 23
block 2 23
block 3 23
block 4 23
block 5 23
block 6 23
block 21 23
block 22 23
block 23 23
block 24 23
block 25 23
block 35 23
block 36 23
block 49 23
block 50 23
block 0 24
block 1 24
block 2 24
block 3 24
block 4 24
block 5 24
block 6 24
block 13 24
block 14 24
block 15 24
block 16 24
block 21 24
block 22 24
block 23 24
block 24 24
block 25 24
block 49 24
block 50 24
##BotsAndCoinsInfo
bot_name 0 theBest
bot 0 49 20
bot_coins 0 0
coin 25 13
coin 25 11
round 1
bot 0 50 20
round 2
round 3
round 4
match_over 0
round 5
