match
match_id 1639502009658_aa
match_time 1639502009695
num_bots 1
##MatchConfig
mode FRIENDLY
num_rounds 200
random_seed 42
move_time_limit 1000
coin_spawn_period 5
coin_spawn_volume 2
##MapConfig
map_size 63 28
view_radius 5
mining_radius 1
attack_radius 4
block 27 0
block 28 0
block 29 0
block 30 0
block 31 0
block 45 0
block 46 0
block 27 1
block 28 1
block 29 1
block 30 1
block 31 1
block 45 1
block 46 1
block 27 2
block 28 2
block 29 2
block 30 2
block 31 2
block 27 3
block 28 3
block 29 3
block 30 3
block 31 3
block 27 4
block 28 4
block 29 4
block 30 4
block 31 4
block 27 5
block 28 5
block 29 5
block 30 5
block 31 5
block 43 6
block 44 6
block 45 6
block 46 6
block 43 7
block 44 7
block 45 7
block 46 7
block 43 8
block 44 8
block 45 8
block 46 8
block 52 11
block 53 11
block 54 11
block 52 12
block 53 12
block 54 12
block 52 13
block 53 13
block 54 13
block 52 14
block 53 14
block 54 14
block 52 15
block 53 15
block 54 15
block 15 16
block 16 16
block 17 16
block 18 16
block 19 16
block 15 17
block 16 17
block 17 17
block 18 17
block 19 17
block 15 18
block 16 18
block 17 18
block 18 18
block 19 18
block 15 19
block 16 19
block 17 19
block 18 19
block 19 19
block 15 20
block 16 20
block 17 20
block 18 20
block 19 20
block 15 21
block 16 21
block 17 21
block 18 21
block 19 21
block 0 23
block 1 23
block 60 23
block 61 23
block 62 23
block 0 24
block 1 24
block 2 24
block 59 24
block 60 24
block 61 24
block 62 24
block 0 25
block 1 25
block 2 25
block 45 25
block 46 25
block 59 25
block 60 25
block 61 25
block 62 25
block 45 26
block 46 26
block 27 27
block 28 27
block 29 27
block 30 27
block 31 27
block 45 27
block 46 27
##BotsAndCoinsInfo
bot_name 0 theBest
bot 0 8 18
bot_coins 0 0
coin 8 19
coin 54 8
round 1
coin_collected 8 19 0
bot_coins 0 1
round 2
round 3
match_over 0
round 4
