match
match_id 1639565996348_bj
match_time 1639565996357
num_bots 1
##MatchConfig
mode FRIENDLY
num_rounds 200
random_seed 42
move_time_limit 1000
coin_spawn_period 5
coin_spawn_volume 2
##MapConfig
map_size 56 37
view_radius 5
mining_radius 2
attack_radius 4
block 0 0
block 1 0
block 2 0
block 9 0
block 10 0
block 28 0
block 29 0
block 30 0
block 36 0
block 37 0
block 38 0
block 39 0
block 40 0
block 41 0
block 55 0
block 0 1
block 1 1
block 2 1
block 9 1
block 10 1
block 28 1
block 29 1
block 30 1
block 36 1
block 37 1
block 38 1
block 39 1
block 40 1
block 41 1
block 55 1
block 0 2
block 1 2
block 28 2
block 29 2
block 30 2
block 36 2
block 37 2
block 38 2
block 39 2
block 40 2
block 41 2
block 55 2
block 0 3
block 1 3
block 7 3
block 8 3
block 9 3
block 10 3
block 11 3
block 28 3
block 29 3
block 30 3
block 37 3
block 38 3
block 39 3
block 55 3
block 7 4
block 8 4
block 9 4
block 10 4
block 11 4
block 37 4
block 38 4
block 39 4
block 7 5
block 8 5
block 9 5
block 10 5
block 11 5
block 37 5
block 38 5
block 39 5
block 40 5
block 41 5
block 42 5
block 43 5
block 44 5
block 45 5
block 7 6
block 8 6
block 9 6
block 10 6
block 11 6
block 12 6
block 13 6
block 14 6
block 15 6
block 40 6
block 41 6
block 42 6
block 43 6
block 44 6
block 45 6
block 7 7
block 8 7
block 9 7
block 10 7
block 11 7
block 12 7
block 13 7
block 14 7
block 15 7
block 40 7
block 41 7
block 42 7
block 43 7
block 44 7
block 45 7
block 7 8
block 8 8
block 9 8
block 10 8
block 11 8
block 12 8
block 13 8
block 14 8
block 15 8
block 40 8
block 41 8
block 42 8
block 43 8
block 44 8
block 45 8
block 7 9
block 8 9
block 9 9
block 10 9
block 11 9
block 12 9
block 13 9
block 14 9
block 15 9
block 18 9
block 19 9
block 20 9
block 40 9
block 41 9
block 42 9
block 43 9
block 44 9
block 45 9
block 10 10
block 11 10
block 12 10
block 13 10
block 14 10
block 15 10
block 18 10
block 19 10
block 20 10
block 40 10
block 41 10
block 42 10
block 43 10
block 44 10
block 45 10
block 10 11
block 11 11
block 12 11
block 13 11
block 14 11
block 18 11
block 19 11
block 20 11
block 40 11
block 41 11
block 42 11
block 43 11
block 44 11
block 45 11
block 10 12
block 11 12
block 12 12
block 13 12
block 14 12
block 40 12
block 41 12
block 42 12
block 43 12
block 5 13
block 6 13
block 10 13
block 11 13
block 12 13
block 13 13
block 14 13
block 40 13
block 41 13
block 42 13
block 43 13
block 5 14
block 6 14
block 10 14
block 11 14
block 12 14
block 13 14
block 14 14
block 30 14
block 31 14
block 40 14
block 41 14
block 42 14
block 43 14
block 5 15
block 6 15
block 30 15
block 31 15
block 46 15
block 47 15
block 3 16
block 4 16
block 5 16
block 6 16
block 7 16
block 8 16
block 39 16
block 40 16
block 41 16
block 42 16
block 43 16
block 44 16
block 46 16
block 47 16
block 3 17
block 4 17
block 5 17
block 6 17
block 7 17
block 8 17
block 39 17
block 40 17
block 41 17
block 42 17
block 43 17
block 44 17
block 53 17
block 54 17
block 55 17
block 3 18
block 4 18
block 5 18
block 6 18
block 7 18
block 8 18
block 39 18
block 40 18
block 41 18
block 42 18
block 43 18
block 44 18
block 53 18
block 54 18
block 55 18
block 3 19
block 4 19
block 5 19
block 6 19
block 7 19
block 8 19
block 39 19
block 40 19
block 41 19
block 42 19
block 43 19
block 44 19
block 53 19
block 54 19
block 55 19
block 3 20
block 4 20
block 5 20
block 6 20
block 7 20
block 8 20
block 39 20
block 40 20
block 41 20
block 42 20
block 43 20
block 44 20
block 53 20
block 54 20
block 55 20
block 3 21
block 4 21
block 5 21
block 6 21
block 7 21
block 8 21
block 21 21
block 22 21
block 23 21
block 24 21
block 39 21
block 40 21
block 41 21
block 42 21
block 43 21
block 44 21
block 50 21
block 51 21
block 52 21
block 53 21
block 54 21
block 55 21
block 21 22
block 22 22
block 23 22
block 24 22
block 50 22
block 51 22
block 52 22
block 53 22
block 54 22
block 55 22
block 21 23
block 22 23
block 23 23
block 24 23
block 50 23
block 51 23
block 52 23
block 53 23
block 54 23
block 55 23
block 21 24
block 22 24
block 23 24
block 24 24
block 26 24
block 27 24
block 28 24
block 29 24
block 30 24
block 31 24
block 50 24
block 51 24
block 52 24
block 53 24
block 54 24
block 55 24
block 21 25
block 22 25
block 23 25
block 24 25
block 26 25
block 27 25
block 28 25
block 29 25
block 30 25
block 31 25
block 53 25
block 54 25
block 55 25
block 21 26
block 22 26
block 23 26
block 24 26
block 26 26
block 27 26
block 28 26
block 29 26
block 30 26
block 31 26
block 50 26
block 51 26
block 52 26
block 53 26
block 54 26
block 55 26
block 0 27
block 1 27
block 2 27
block 21 27
block 22 27
block 23 27
block 24 27
block 26 27
block 27 27
block 28 27
block 29 27
block 30 27
block 31 27
block 32 27
block 33 27
block 34 27
block 35 27
block 36 27
block 50 27
block 51 27
block 52 27
block 53 27
block 54 27
block 55 27
block 0 28
block 1 28
block 2 28
block 3 28
block 4 28
block 5 28
block 6 28
block 7 28
block 26 28
block 27 28
block 28 28
block 29 28
block 30 28
block 31 28
block 32 28
block 33 28
block 34 28
block 35 28
block 36 28
block 50 28
block 51 28
block 52 28
block 53 28
block 54 28
block 55 28
block 0 29
block 1 29
block 2 29
block 3 29
block 4 29
block 5 29
block 6 29
block 7 29
block 13 29
block 14 29
block 32 29
block 33 29
block 34 29
block 35 29
block 36 29
block 50 29
block 51 29
block 52 29
block 53 29
block 54 29
block 55 29
block 0 30
block 1 30
block 2 30
block 3 30
block 4 30
block 5 30
block 6 30
block 7 30
block 13 30
block 14 30
block 32 30
block 33 30
block 34 30
block 35 30
block 36 30
block 50 30
block 51 30
block 52 30
block 53 30
block 54 30
block 55 30
block 0 31
block 1 31
block 2 31
block 3 31
block 4 31
block 5 31
block 6 31
block 7 31
block 13 31
block 14 31
block 32 31
block 33 31
block 34 31
block 35 31
block 36 31
block 50 31
block 51 31
block 52 31
block 53 31
block 54 31
block 55 31
block 0 32
block 1 32
block 2 32
block 9 32
block 10 32
block 13 32
block 14 32
block 53 32
block 54 32
block 55 32
block 0 33
block 1 33
block 9 33
block 10 33
block 53 33
block 54 33
block 55 33
block 0 34
block 1 34
block 2 34
block 9 34
block 10 34
block 53 34
block 54 34
block 55 34
block 0 35
block 1 35
block 2 35
block 9 35
block 10 35
block 0 36
block 1 36
block 2 36
block 9 36
block 10 36
block 28 36
block 29 36
block 30 36
block 36 36
block 37 36
block 38 36
block 39 36
block 40 36
block 41 36
block 55 36
##BotsAndCoinsInfo
bot_name 0 theBest
bot 0 22 9
bot_coins 0 0
coin 50 14
coin 5 22
round 1
bot 0 23 9
round 2
bot 0 24 9
round 3
bot 0 25 9
round 4
bot 0 26 8
round 5
bot 0 27 8
coin 48 10
coin 7 26
round 6
bot 0 28 8
round 7
bot 0 29 8
round 8
bot 0 30 7
round 9
bot 0 31 7
round 10
bot 0 32 7
coin 26 8
coin 29 29
round 11
bot 0 33 7
round 12
bot 0 34 6
round 13
bot 0 35 6
round 14
bot 0 36 6
round 15
bot 0 37 6
coin 1 14
coin 0 22
round 16
bot 0 38 7
round 17
bot 0 39 7
round 18
bot 0 39 8
round 19
bot 0 39 9
round 20
bot 0 39 10
coin 54 0
coin 3 36
round 21
bot 0 39 11
round 22
bot 0 39 12
round 23
bot 0 39 13
round 24
bot 0 39 14
round 25
bot 0 40 15
coin 38 21
coin 17 15
round 26
bot 0 41 15
round 27
bot 0 42 15
round 28
bot 0 43 15
round 29
bot 0 44 15
round 30
bot 0 45 15
coin 28 18
coin 27 18
round 31
bot 0 45 16
round 32
bot 0 46 17
round 33
bot 0 47 18
round 34
bot 0 48 17
round 35
bot 0 49 16
coin 36 9
coin 19 27
round 36
bot 0 50 15
coin_collected 50 14 0
bot_coins 0 1
round 37
bot 0 51 15
round 38
bot 0 52 15
round 39
bot 0 53 15
round 40
bot 0 52 14
coin 0 14
coin 0 23
round 41
bot 0 51 14
round 42
bot 0 50 13
round 43
bot 0 49 12
round 44
bot 0 48 11
coin_collected 48 10 0
bot_coins 0 2
round 45
bot 0 49 10
coin 7 1
coin 48 35
round 46
bot 0 50 10
round 47
bot 0 51 10
round 48
bot 0 52 10
round 49
bot 0 53 9
round 50
bot 0 54 9
coin 40 35
coin 15 1
round 51
bot 0 55 9
round 52
bot 0 0 9
round 53
bot 0 0 10
round 54
bot 0 0 11
round 55
bot 0 0 12
coin_collected 0 14 0
bot_coins 0 3
coin 50 25
coin 5 11
round 56
bot 0 1 13
coin_collected 1 14 0
bot_coins 0 4
round 57
bot 0 2 12
round 58
bot 0 3 11
coin_collected 5 11 0
bot_coins 0 5
round 59
bot 0 4 10
round 60
bot 0 5 10
coin 35 16
coin 20 20
round 61
bot 0 6 10
round 62
bot 0 7 10
round 63
bot 0 8 11
round 64
bot 0 9 11
round 65
bot 0 9 12
coin 14 0
coin 41 35
round 66
bot 0 9 13
round 67
bot 0 9 14
round 68
bot 0 10 15
round 69
bot 0 11 15
round 70
bot 0 12 15
coin 11 16
coin 45 20
round 71
bot 0 11 16
coin_collected 11 16 0
bot_coins 0 6
round 72
bot 0 12 15
round 73
bot 0 13 15
round 74
bot 0 14 15
round 75
bot 0 15 15
coin_collected 17 15 0
bot_coins 0 7
coin 26 31
coin 29 5
round 76
bot 0 16 15
round 77
bot 0 17 15
round 78
bot 0 18 15
round 79
bot 0 19 14
round 80
bot 0 20 14
coin 32 26
coin 23 10
round 81
bot 0 21 13
round 82
bot 0 22 12
round 83
bot 0 23 11
coin_collected 23 10 0
bot_coins 0 8
round 84
bot 0 24 10
round 85
bot 0 25 9
coin_collected 26 8 0
bot_coins 0 9
coin 17 23
coin 38 13
round 86
bot 0 26 9
round 87
bot 0 27 8
round 88
bot 0 28 7
round 89
bot 0 29 6
coin_collected 29 5 0
bot_coins 0 10
round 90
bot 0 30 6
coin 12 31
coin 43 4
round 91
bot 0 31 5
round 92
bot 0 32 5
round 93
bot 0 33 5
round 94
bot 0 34 6
round 95
bot 0 35 7
coin 49 16
coin 6 22
round 96
bot 0 36 8
coin_collected 36 9 0
bot_coins 0 11
round 97
bot 0 37 8
round 98
bot 0 38 7
round 99
bot 0 39 7
round 100
bot 0 39 8
coin 27 23
coin 28 13
round 101
bot 0 39 9
round 102
bot 0 38 10
round 103
bot 0 38 11
coin_collected 38 13 0
bot_coins 0 12
round 104
bot 0 39 11
round 105
bot 0 39 12
coin 8 26
coin 47 10
round 106
bot 0 39 13
round 107
bot 0 38 14
round 108
bot 0 37 15
round 109
bot 0 36 16
coin_collected 35 16 0
bot_coins 0 13
round 110
bot 0 37 16
coin 31 22
coin 24 14
round 111
bot 0 38 16
round 112
bot 0 38 17
round 113
bot 0 38 18
round 114
bot 0 38 19
coin_collected 38 21 0
bot_coins 0 14
round 115
bot 0 38 20
coin 54 2
coin 2 33
round 116
bot 0 38 21
round 117
bot 0 39 22
round 118
bot 0 40 22
round 119
bot 0 41 23
round 120
bot 0 42 22
coin 13 20
coin 42 15
round 121
bot 0 43 23
round 122
bot 0 44 22
round 123
bot 0 45 21
coin_collected 45 20 0
bot_coins 0 15
round 124
bot 0 46 21
round 125
bot 0 47 21
coin 33 22
coin 22 14
round 126
bot 0 48 22
round 127
bot 0 49 23
round 128
bot 0 49 24
coin_collected 50 25 0
bot_coins 0 16
round 129
bot 0 50 25
round 130
bot 0 51 25
coin 32 25
coin 23 11
round 131
bot 0 52 25
round 132
bot 0 51 25
round 133
bot 0 52 25
round 134
bot 0 51 25
round 135
bot 0 52 25
coin 16 36
coin 39 35
round 136
bot 0 51 25
round 137
bot 0 52 25
round 138
bot 0 51 25
round 139
bot 0 52 25
round 140
bot 0 51 25
coin 49 29
coin 6 7
round 141
bot 0 50 25
round 142
bot 0 49 26
round 143
bot 0 49 27
coin_collected 49 29 0
bot_coins 0 17
round 144
bot 0 49 28
round 145
bot 0 49 29
coin 29 34
coin 26 2
round 146
bot 0 49 30
round 147
bot 0 49 31
round 148
bot 0 48 32
round 149
bot 0 48 33
coin_collected 48 35 0
bot_coins 0 18
round 150
bot 0 49 33
coin 49 12
coin 6 24
round 151
bot 0 50 33
round 152
bot 0 51 32
round 153
bot 0 52 32
round 154
bot 0 52 33
round 155
bot 0 52 34
coin 32 18
coin 23 18
round 156
bot 0 53 35
round 157
bot 0 54 36
coin_collected 54 0 0
bot_coins 0 19
round 158
bot 0 54 35
round 159
bot 0 55 35
round 160
bot 0 54 35
coin 22 20
coin 33 16
round 161
bot 0 55 35
round 162
bot 0 54 35
round 163
bot 0 55 35
round 164
bot 0 54 35
round 165
bot 0 55 35
coin 6 10
coin 49 26
round 166
bot 0 54 35
round 167
bot 0 55 35
round 168
bot 0 54 35
round 169
bot 0 55 35
round 170
bot 0 54 35
coin 0 19
coin 0 17
round 171
bot 0 55 35
round 172
bot 0 54 35
round 173
bot 0 55 35
round 174
bot 0 54 35
round 175
bot 0 55 35
coin 38 21
coin 17 15
round 176
bot 0 54 35
round 177
bot 0 55 35
round 178
bot 0 54 35
round 179
bot 0 55 35
round 180
bot 0 54 35
coin 52 18
coin 2 18
round 181
bot 0 55 35
round 182
bot 0 54 35
round 183
bot 0 55 35
round 184
bot 0 54 35
round 185
bot 0 55 35
coin 29 31
coin 26 5
round 186
bot 0 54 35
round 187
bot 0 55 35
round 188
bot 0 54 35
round 189
bot 0 55 35
round 190
bot 0 54 35
coin 26 20
coin 29 16
round 191
bot 0 55 35
round 192
bot 0 54 35
round 193
bot 0 55 35
round 194
bot 0 54 35
round 195
bot 0 55 35
coin 17 27
coin 38 9
round 196
bot 0 54 35
round 197
bot 0 55 35
round 198
bot 0 54 35
round 199
bot 0 55 35
round 200
bot 0 54 35
coin 16 31
coin 39 6
match_over 0
