match
match_id 1639522077461_af
match_time 1639522077464
num_bots 1
##MatchConfig
mode FRIENDLY
num_rounds 200
random_seed 42
move_time_limit 1000
coin_spawn_period 5
coin_spawn_volume 2
##MapConfig
map_size 71 24
view_radius 6
mining_radius 2
attack_radius 4
block 8 0
block 9 0
block 10 0
block 11 0
block 22 0
block 23 0
block 25 0
block 26 0
block 27 0
block 28 0
block 29 0
block 30 0
block 36 0
block 37 0
block 38 0
block 39 0
block 60 0
block 61 0
block 62 0
block 0 1
block 1 1
block 2 1
block 3 1
block 4 1
block 5 1
block 13 1
block 14 1
block 25 1
block 26 1
block 27 1
block 28 1
block 29 1
block 30 1
block 38 1
block 39 1
block 60 1
block 61 1
block 62 1
block 0 2
block 1 2
block 2 2
block 3 2
block 4 2
block 5 2
block 13 2
block 14 2
block 25 2
block 26 2
block 27 2
block 28 2
block 32 2
block 33 2
block 34 2
block 35 2
block 36 2
block 37 2
block 38 2
block 39 2
block 60 2
block 61 2
block 62 2
block 0 3
block 1 3
block 2 3
block 3 3
block 4 3
block 5 3
block 13 3
block 14 3
block 25 3
block 26 3
block 27 3
block 28 3
block 32 3
block 33 3
block 34 3
block 35 3
block 36 3
block 37 3
block 38 3
block 39 3
block 60 3
block 61 3
block 62 3
block 0 4
block 1 4
block 2 4
block 3 4
block 4 4
block 5 4
block 25 4
block 26 4
block 27 4
block 28 4
block 32 4
block 33 4
block 34 4
block 35 4
block 36 4
block 37 4
block 38 4
block 39 4
block 60 4
block 61 4
block 62 4
block 0 5
block 1 5
block 2 5
block 3 5
block 4 5
block 5 5
block 6 5
block 7 5
block 8 5
block 9 5
block 10 5
block 25 5
block 26 5
block 27 5
block 28 5
block 29 5
block 32 5
block 33 5
block 34 5
block 35 5
block 37 5
block 38 5
block 39 5
block 40 5
block 41 5
block 42 5
block 43 5
block 60 5
block 61 5
block 62 5
block 0 6
block 1 6
block 2 6
block 3 6
block 4 6
block 5 6
block 6 6
block 7 6
block 8 6
block 9 6
block 10 6
block 25 6
block 26 6
block 27 6
block 28 6
block 29 6
block 32 6
block 33 6
block 34 6
block 35 6
block 37 6
block 38 6
block 39 6
block 40 6
block 41 6
block 42 6
block 43 6
block 27 7
block 28 7
block 29 7
block 37 7
block 38 7
block 39 7
block 40 7
block 41 7
block 42 7
block 43 7
block 27 8
block 28 8
block 29 8
block 37 8
block 38 8
block 39 8
block 40 8
block 41 8
block 42 8
block 43 8
block 27 9
block 28 9
block 29 9
block 37 9
block 38 9
block 39 9
block 40 9
block 41 9
block 42 9
block 43 9
block 37 10
block 38 10
block 39 10
block 40 10
block 41 10
block 42 10
block 43 10
block 21 11
block 22 11
block 23 11
block 24 11
block 25 11
block 26 11
block 37 11
block 38 11
block 39 11
block 40 11
block 41 11
block 42 11
block 43 11
block 44 11
block 21 12
block 22 12
block 23 12
block 24 12
block 25 12
block 26 12
block 39 12
block 40 12
block 41 12
block 42 12
block 43 12
block 44 12
block 61 12
block 62 12
block 21 13
block 22 13
block 23 13
block 24 13
block 25 13
block 26 13
block 32 13
block 33 13
block 39 13
block 40 13
block 41 13
block 42 13
block 43 13
block 44 13
block 61 13
block 62 13
block 17 14
block 18 14
block 19 14
block 20 14
block 21 14
block 22 14
block 23 14
block 24 14
block 25 14
block 26 14
block 32 14
block 33 14
block 39 14
block 40 14
block 41 14
block 42 14
block 43 14
block 44 14
block 61 14
block 62 14
block 17 15
block 18 15
block 19 15
block 20 15
block 21 15
block 22 15
block 23 15
block 24 15
block 25 15
block 26 15
block 32 15
block 33 15
block 39 15
block 40 15
block 41 15
block 42 15
block 43 15
block 44 15
block 61 15
block 62 15
block 7 16
block 8 16
block 9 16
block 10 16
block 11 16
block 12 16
block 17 16
block 18 16
block 19 16
block 20 16
block 21 16
block 22 16
block 23 16
block 24 16
block 25 16
block 26 16
block 32 16
block 33 16
block 39 16
block 40 16
block 41 16
block 42 16
block 43 16
block 44 16
block 61 16
block 62 16
block 7 17
block 8 17
block 9 17
block 10 17
block 11 17
block 12 17
block 17 17
block 18 17
block 19 17
block 20 17
block 21 17
block 39 17
block 40 17
block 41 17
block 42 17
block 43 17
block 44 17
block 47 17
block 48 17
block 49 17
block 7 18
block 8 18
block 9 18
block 10 18
block 11 18
block 12 18
block 17 18
block 18 18
block 19 18
block 20 18
block 21 18
block 47 18
block 48 18
block 49 18
block 7 19
block 8 19
block 9 19
block 10 19
block 11 19
block 12 19
block 17 19
block 18 19
block 19 19
block 20 19
block 21 19
block 47 19
block 48 19
block 49 19
block 7 20
block 8 20
block 9 20
block 10 20
block 11 20
block 12 20
block 21 20
block 22 20
block 23 20
block 24 20
block 25 20
block 26 20
block 27 20
block 36 20
block 37 20
block 38 20
block 39 20
block 47 20
block 48 20
block 49 20
block 55 20
block 56 20
block 57 20
block 58 20
block 59 20
block 7 21
block 8 21
block 9 21
block 10 21
block 11 21
block 12 21
block 21 21
block 22 21
block 23 21
block 24 21
block 25 21
block 26 21
block 27 21
block 36 21
block 37 21
block 38 21
block 39 21
block 46 21
block 47 21
block 48 21
block 49 21
block 50 21
block 51 21
block 55 21
block 56 21
block 57 21
block 58 21
block 59 21
block 7 22
block 8 22
block 9 22
block 10 22
block 11 22
block 12 22
block 21 22
block 22 22
block 23 22
block 24 22
block 25 22
block 26 22
block 27 22
block 28 22
block 29 22
block 30 22
block 36 22
block 37 22
block 38 22
block 39 22
block 46 22
block 47 22
block 48 22
block 49 22
block 50 22
block 51 22
block 55 22
block 56 22
block 57 22
block 58 22
block 59 22
block 8 23
block 9 23
block 10 23
block 11 23
block 22 23
block 23 23
block 25 23
block 26 23
block 27 23
block 28 23
block 29 23
block 30 23
block 36 23
block 37 23
block 38 23
block 39 23
block 46 23
block 47 23
block 48 23
block 49 23
block 50 23
block 51 23
block 60 23
block 61 23
block 62 23
##BotsAndCoinsInfo
bot_name 0 theBest
bot 0 24 1
bot_coins 0 0
coin 18 3
coin 52 20
round 1
bot 0 24 2
round 2
bot 0 24 3
round 3
bot 0 24 4
round 4
bot 0 24 5
round 5
bot 0 24 6
coin 13 20
coin 57 3
round 6
bot 0 25 7
round 7
bot 0 26 8
round 8
bot 0 26 9
round 9
bot 0 27 10
round 10
bot 0 28 11
coin 15 13
coin 55 10
round 11
bot 0 29 12
round 12
bot 0 30 13
round 13
bot 0 31 14
round 14
bot 0 31 15
round 15
bot 0 31 16
coin 38 14
coin 32 9
round 16
bot 0 32 17
round 17
bot 0 33 18
round 18
bot 0 34 19
round 19
bot 0 35 20
round 20
bot 0 36 19
coin 30 5
coin 40 18
round 21
bot 0 37 19
round 22
bot 0 38 19
round 23
bot 0 39 19
coin_collected 40 18 0
bot_coins 0 1
round 24
bot 0 40 20
round 25
bot 0 41 21
coin 20 13
coin 50 10
round 26
bot 0 42 22
round 27
bot 0 43 23
round 28
round 29
round 30
match_over 0
coin 47 12
coin 23 10
round 31
