match
match_id 1639511730622_af
match_time 1639511730626
num_bots 1
##MatchConfig
mode FRIENDLY
num_rounds 200
random_seed 42
move_time_limit 1000
coin_spawn_period 5
coin_spawn_volume 2
##MapConfig
map_size 77 35
view_radius 6
mining_radius 2
attack_radius 3
block 3 0
block 4 0
block 5 0
block 6 0
block 7 0
block 8 0
block 39 0
block 40 0
block 3 1
block 4 1
block 5 1
block 6 1
block 7 1
block 8 1
block 39 1
block 40 1
block 5 2
block 6 2
block 39 2
block 40 2
block 39 3
block 40 3
block 53 3
block 54 3
block 55 3
block 56 3
block 57 3
block 58 3
block 39 4
block 40 4
block 41 4
block 42 4
block 43 4
block 44 4
block 53 4
block 54 4
block 55 4
block 56 4
block 57 4
block 58 4
block 38 5
block 39 5
block 40 5
block 41 5
block 42 5
block 43 5
block 44 5
block 53 5
block 54 5
block 55 5
block 56 5
block 57 5
block 58 5
block 38 6
block 39 6
block 40 6
block 41 6
block 42 6
block 43 6
block 44 6
block 53 6
block 54 6
block 55 6
block 56 6
block 57 6
block 58 6
block 66 6
block 67 6
block 68 6
block 69 6
block 70 6
block 71 6
block 72 6
block 38 7
block 39 7
block 40 7
block 41 7
block 42 7
block 43 7
block 44 7
block 53 7
block 54 7
block 55 7
block 56 7
block 57 7
block 58 7
block 66 7
block 67 7
block 68 7
block 69 7
block 70 7
block 71 7
block 72 7
block 38 8
block 39 8
block 40 8
block 41 8
block 42 8
block 43 8
block 44 8
block 53 8
block 54 8
block 55 8
block 56 8
block 57 8
block 58 8
block 66 8
block 67 8
block 68 8
block 69 8
block 70 8
block 71 8
block 72 8
block 1 9
block 2 9
block 3 9
block 4 9
block 5 9
block 6 9
block 7 9
block 13 9
block 14 9
block 15 9
block 16 9
block 17 9
block 40 9
block 41 9
block 42 9
block 43 9
block 44 9
block 66 9
block 67 9
block 68 9
block 69 9
block 70 9
block 71 9
block 72 9
block 1 10
block 2 10
block 3 10
block 4 10
block 5 10
block 6 10
block 7 10
block 13 10
block 14 10
block 15 10
block 16 10
block 17 10
block 40 10
block 41 10
block 42 10
block 43 10
block 44 10
block 66 10
block 67 10
block 68 10
block 69 10
block 70 10
block 71 10
block 72 10
block 1 11
block 2 11
block 3 11
block 4 11
block 5 11
block 6 11
block 7 11
block 13 11
block 14 11
block 15 11
block 16 11
block 17 11
block 66 11
block 67 11
block 68 11
block 69 11
block 70 11
block 71 11
block 72 11
block 1 12
block 2 12
block 3 12
block 4 12
block 5 12
block 6 12
block 7 12
block 13 12
block 14 12
block 15 12
block 16 12
block 17 12
block 1 13
block 2 13
block 3 13
block 4 13
block 5 13
block 6 13
block 7 13
block 13 13
block 14 13
block 15 13
block 16 13
block 17 13
block 46 15
block 47 15
block 48 15
block 44 16
block 45 16
block 46 16
block 47 16
block 48 16
block 49 16
block 44 17
block 45 17
block 46 17
block 47 17
block 48 17
block 49 17
block 44 18
block 45 18
block 46 18
block 47 18
block 48 18
block 49 18
block 54 18
block 55 18
block 12 19
block 13 19
block 14 19
block 15 19
block 44 19
block 45 19
block 46 19
block 47 19
block 48 19
block 49 19
block 54 19
block 55 19
block 12 20
block 13 20
block 14 20
block 15 20
block 44 20
block 45 20
block 46 20
block 47 20
block 48 20
block 49 20
block 54 20
block 55 20
block 12 21
block 13 21
block 14 21
block 15 21
block 69 21
block 70 21
block 71 21
block 72 21
block 73 21
block 74 21
block 12 22
block 13 22
block 14 22
block 15 22
block 16 22
block 17 22
block 18 22
block 69 22
block 70 22
block 71 22
block 72 22
block 73 22
block 74 22
block 12 23
block 13 23
block 14 23
block 15 23
block 16 23
block 17 23
block 18 23
block 69 23
block 70 23
block 71 23
block 72 23
block 73 23
block 74 23
block 12 24
block 13 24
block 14 24
block 15 24
block 16 24
block 17 24
block 18 24
block 69 24
block 70 24
block 71 24
block 72 24
block 73 24
block 74 24
block 12 25
block 13 25
block 14 25
block 15 25
block 16 25
block 17 25
block 18 25
block 69 25
block 70 25
block 71 25
block 72 25
block 73 25
block 74 25
block 13 26
block 14 26
block 15 26
block 16 26
block 17 26
block 18 26
block 24 26
block 25 26
block 26 26
block 27 26
block 28 26
block 29 26
block 13 27
block 14 27
block 15 27
block 16 27
block 17 27
block 18 27
block 24 27
block 25 27
block 26 27
block 27 27
block 28 27
block 29 27
block 13 28
block 14 28
block 15 28
block 16 28
block 17 28
block 18 28
block 24 28
block 25 28
block 26 28
block 27 28
block 28 28
block 29 28
block 46 28
block 47 28
block 48 28
block 13 29
block 14 29
block 15 29
block 24 29
block 25 29
block 26 29
block 27 29
block 28 29
block 29 29
block 46 29
block 47 29
block 48 29
block 63 29
block 64 29
block 65 29
block 66 29
block 3 30
block 4 30
block 5 30
block 6 30
block 7 30
block 8 30
block 24 30
block 25 30
block 26 30
block 27 30
block 28 30
block 29 30
block 46 30
block 47 30
block 48 30
block 63 30
block 64 30
block 65 30
block 66 30
block 3 31
block 4 31
block 5 31
block 6 31
block 7 31
block 8 31
block 24 31
block 25 31
block 26 31
block 27 31
block 28 31
block 29 31
block 46 31
block 47 31
block 48 31
block 3 32
block 4 32
block 5 32
block 6 32
block 7 32
block 8 32
block 46 32
block 47 32
block 48 32
block 3 33
block 4 33
block 5 33
block 6 33
block 7 33
block 8 33
block 3 34
block 4 34
block 5 34
block 6 34
block 7 34
block 8 34
##BotsAndCoinsInfo
bot_name 0 theBest
bot 0 2 8
bot_coins 0 0
coin 29 33
coin 47 1
round 1
round 2
round 3
round 4
round 5
coin 41 24
coin 35 10
round 6
round 7
round 8
round 9
round 10
coin 47 25
coin 29 9
round 11
round 12
round 13
round 14
round 15
coin 1 3
coin 75 31
round 16
round 17
round 18
round 19
round 20
coin 76 3
coin 0 31
round 21
round 22
round 23
round 24
round 25
coin 66 32
coin 10 2
round 26
round 27
round 28
round 29
round 30
coin 35 7
coin 41 27
round 31
round 32
round 33
round 34
round 35
coin 57 17
coin 19 17
round 36
round 37
round 38
round 39
round 40
coin 70 5
coin 6 29
round 41
round 42
round 43
round 44
round 45
coin 0 9
coin 76 25
round 46
round 47
round 48
round 49
round 50
coin 54 9
coin 22 25
round 51
round 52
round 53
round 54
round 55
coin 36 23
coin 40 11
round 56
round 57
round 58
round 59
round 60
coin 56 16
coin 20 18
round 61
round 62
round 63
round 64
round 65
coin 21 3
coin 55 31
round 66
round 67
round 68
round 69
round 70
coin 4 26
coin 73 8
round 71
round 72
round 73
round 74
round 75
coin 33 6
coin 43 28
round 76
round 77
round 78
round 79
round 80
coin 23 10
coin 53 24
round 81
round 82
round 83
round 84
round 85
coin 10 32
coin 66 2
round 86
round 87
round 88
round 89
round 90
coin 54 33
coin 22 1
round 91
round 92
round 93
round 94
round 95
coin 21 34
coin 55 0
round 96
round 97
round 98
round 99
round 100
coin 13 5
coin 62 29
round 101
round 102
round 103
round 104
round 105
coin 56 9
coin 20 25
round 106
round 107
round 108
round 109
round 110
coin 10 14
coin 66 20
round 111
round 112
round 113
round 114
round 115
coin 34 30
coin 42 3
round 116
round 117
round 118
round 119
round 120
coin 62 3
coin 14 31
round 121
round 122
round 123
round 124
round 125
coin 26 0
coin 50 34
round 126
round 127
round 128
round 129
round 130
coin 30 1
coin 46 33
round 131
round 132
round 133
round 134
round 135
coin 2 0
coin 74 34
round 136
round 137
round 138
round 139
round 140
coin 0 14
coin 76 20
round 141
round 142
round 143
round 144
round 145
coin 71 3
coin 5 29
round 146
round 147
round 148
round 149
round 150
coin 56 19
coin 20 15
round 151
round 152
round 153
round 154
round 155
coin 4 16
coin 72 18
round 156
round 157
round 158
round 159
round 160
coin 15 8
coin 61 26
round 161
round 162
round 163
round 164
round 165
coin 27 4
coin 49 30
round 166
round 167
round 168
round 169
round 170
coin 34 19
coin 42 15
round 171
round 172
round 173
round 174
round 175
coin 38 1
coin 38 33
round 176
round 177
round 178
round 179
round 180
coin 46 14
coin 30 20
round 181
round 182
round 183
round 184
round 185
coin 1 33
coin 75 1
round 186
round 187
round 188
round 189
round 190
coin 41 0
coin 35 34
round 191
round 192
round 193
round 194
round 195
coin 10 28
coin 65 6
round 196
round 197
round 198
round 199
round 200
coin 65 28
coin 11 6
match_over 0
