match
match_id 1639523728035_ae
match_time 1639523728039
num_bots 1
##MatchConfig
mode FRIENDLY
num_rounds 200
random_seed 42
move_time_limit 1000
coin_spawn_period 5
coin_spawn_volume 2
##MapConfig
map_size 76 26
view_radius 6
mining_radius 1
attack_radius 4
block 8 0
block 9 0
block 10 0
block 11 0
block 12 0
block 13 0
block 31 0
block 32 0
block 33 0
block 34 0
block 35 0
block 36 0
block 37 0
block 47 0
block 48 0
block 63 0
block 64 0
block 65 0
block 66 0
block 70 0
block 71 0
block 72 0
block 73 0
block 74 0
block 8 1
block 9 1
block 10 1
block 11 1
block 12 1
block 13 1
block 14 1
block 15 1
block 16 1
block 17 1
block 18 1
block 19 1
block 31 1
block 32 1
block 33 1
block 34 1
block 35 1
block 36 1
block 37 1
block 47 1
block 48 1
block 63 1
block 64 1
block 65 1
block 66 1
block 68 1
block 69 1
block 70 1
block 71 1
block 72 1
block 73 1
block 74 1
block 13 2
block 14 2
block 15 2
block 16 2
block 17 2
block 18 2
block 19 2
block 25 2
block 26 2
block 31 2
block 32 2
block 33 2
block 34 2
block 35 2
block 36 2
block 37 2
block 47 2
block 48 2
block 63 2
block 64 2
block 65 2
block 66 2
block 68 2
block 69 2
block 70 2
block 71 2
block 72 2
block 73 2
block 74 2
block 13 3
block 14 3
block 15 3
block 16 3
block 17 3
block 18 3
block 19 3
block 25 3
block 26 3
block 33 3
block 34 3
block 35 3
block 36 3
block 37 3
block 38 3
block 39 3
block 63 3
block 64 3
block 65 3
block 66 3
block 68 3
block 69 3
block 70 3
block 71 3
block 72 3
block 73 3
block 74 3
block 25 4
block 26 4
block 33 4
block 34 4
block 35 4
block 36 4
block 37 4
block 38 4
block 39 4
block 63 4
block 64 4
block 65 4
block 66 4
block 68 4
block 69 4
block 70 4
block 71 4
block 72 4
block 73 4
block 74 4
block 25 5
block 26 5
block 33 5
block 34 5
block 35 5
block 36 5
block 37 5
block 38 5
block 39 5
block 66 5
block 67 5
block 68 5
block 69 5
block 70 5
block 71 5
block 72 5
block 73 5
block 74 5
block 10 6
block 11 6
block 12 6
block 13 6
block 14 6
block 25 6
block 26 6
block 33 6
block 34 6
block 35 6
block 36 6
block 37 6
block 38 6
block 39 6
block 66 6
block 67 6
block 10 7
block 11 7
block 12 7
block 13 7
block 14 7
block 25 7
block 26 7
block 66 7
block 67 7
block 10 8
block 11 8
block 12 8
block 13 8
block 14 8
block 25 8
block 26 8
block 62 8
block 63 8
block 64 8
block 65 8
block 66 8
block 67 8
block 68 8
block 10 9
block 11 9
block 12 9
block 13 9
block 14 9
block 31 9
block 32 9
block 33 9
block 34 9
block 35 9
block 36 9
block 62 9
block 63 9
block 64 9
block 65 9
block 66 9
block 67 9
block 68 9
block 10 10
block 11 10
block 12 10
block 13 10
block 14 10
block 15 10
block 16 10
block 17 10
block 31 10
block 32 10
block 33 10
block 34 10
block 35 10
block 36 10
block 45 10
block 46 10
block 47 10
block 48 10
block 49 10
block 50 10
block 62 10
block 63 10
block 64 10
block 65 10
block 66 10
block 67 10
block 68 10
block 10 11
block 11 11
block 12 11
block 13 11
block 14 11
block 15 11
block 16 11
block 17 11
block 31 11
block 32 11
block 33 11
block 34 11
block 35 11
block 36 11
block 45 11
block 46 11
block 47 11
block 48 11
block 49 11
block 50 11
block 62 11
block 63 11
block 64 11
block 65 11
block 66 11
block 67 11
block 68 11
block 69 11
block 70 11
block 71 11
block 72 11
block 73 11
block 74 11
block 10 12
block 11 12
block 12 12
block 13 12
block 14 12
block 15 12
block 16 12
block 17 12
block 45 12
block 46 12
block 47 12
block 48 12
block 49 12
block 50 12
block 68 12
block 69 12
block 70 12
block 71 12
block 72 12
block 73 12
block 74 12
block 37 13
block 38 13
block 39 13
block 40 13
block 41 13
block 42 13
block 43 13
block 45 13
block 46 13
block 47 13
block 48 13
block 49 13
block 50 13
block 68 13
block 69 13
block 70 13
block 71 13
block 72 13
block 73 13
block 74 13
block 8 14
block 9 14
block 37 14
block 38 14
block 39 14
block 40 14
block 41 14
block 42 14
block 43 14
block 45 14
block 46 14
block 47 14
block 48 14
block 49 14
block 50 14
block 68 14
block 69 14
block 70 14
block 71 14
block 72 14
block 73 14
block 74 14
block 8 15
block 9 15
block 37 15
block 38 15
block 39 15
block 40 15
block 41 15
block 42 15
block 43 15
block 44 15
block 45 15
block 46 15
block 8 16
block 9 16
block 37 16
block 38 16
block 39 16
block 40 16
block 41 16
block 42 16
block 43 16
block 44 16
block 45 16
block 46 16
block 71 16
block 72 16
block 0 17
block 1 17
block 2 17
block 3 17
block 4 17
block 8 17
block 9 17
block 20 17
block 21 17
block 22 17
block 23 17
block 24 17
block 25 17
block 26 17
block 37 17
block 38 17
block 39 17
block 40 17
block 41 17
block 42 17
block 43 17
block 44 17
block 45 17
block 46 17
block 71 17
block 72 17
block 0 18
block 1 18
block 2 18
block 3 18
block 4 18
block 8 18
block 9 18
block 20 18
block 21 18
block 22 18
block 23 18
block 24 18
block 25 18
block 26 18
block 33 18
block 34 18
block 35 18
block 36 18
block 37 18
block 38 18
block 39 18
block 40 18
block 41 18
block 42 18
block 43 18
block 44 18
block 45 18
block 46 18
block 71 18
block 72 18
block 0 19
block 1 19
block 2 19
block 3 19
block 4 19
block 8 19
block 9 19
block 20 19
block 21 19
block 22 19
block 23 19
block 24 19
block 25 19
block 26 19
block 33 19
block 34 19
block 35 19
block 36 19
block 40 19
block 41 19
block 42 19
block 43 19
block 44 19
block 45 19
block 46 19
block 67 19
block 68 19
block 69 19
block 71 19
block 72 19
block 2 20
block 3 20
block 4 20
block 5 20
block 20 20
block 21 20
block 22 20
block 23 20
block 24 20
block 25 20
block 26 20
block 33 20
block 34 20
block 35 20
block 36 20
block 67 20
block 68 20
block 69 20
block 2 21
block 3 21
block 4 21
block 5 21
block 20 21
block 21 21
block 22 21
block 23 21
block 24 21
block 25 21
block 26 21
block 67 21
block 68 21
block 69 21
block 2 22
block 3 22
block 4 22
block 5 22
block 20 22
block 21 22
block 22 22
block 23 22
block 24 22
block 25 22
block 26 22
block 31 22
block 32 22
block 33 22
block 34 22
block 35 22
block 36 22
block 47 22
block 48 22
block 67 22
block 68 22
block 69 22
block 20 23
block 21 23
block 22 23
block 23 23
block 24 23
block 25 23
block 26 23
block 31 23
block 32 23
block 33 23
block 34 23
block 35 23
block 36 23
block 47 23
block 48 23
block 67 23
block 68 23
block 69 23
block 31 24
block 32 24
block 33 24
block 34 24
block 35 24
block 36 24
block 47 24
block 48 24
block 71 24
block 72 24
block 31 25
block 32 25
block 33 25
block 34 25
block 35 25
block 36 25
block 47 25
block 48 25
block 71 25
block 72 25
##BotsAndCoinsInfo
bot_name 0 theBest
bot 0 62 19
bot_coins 0 0
coin 27 7
coin 48 18
round 1
bot 0 62 20
round 2
bot 0 62 21
round 3
bot 0 62 22
round 4
bot 0 62 23
round 5
bot 0 62 24
coin 12 13
coin 63 12
round 6
bot 0 62 25
round 7
bot 0 63 25
round 8
bot 0 64 25
round 9
bot 0 65 25
round 10
bot 0 66 25
coin 6 17
coin 69 8
round 11
bot 0 67 25
round 12
bot 0 68 25
round 13
bot 0 69 25
round 14
bot 0 70 25
round 15
coin 25 16
coin 50 9
round 16
round 17
round 18
round 19
round 20
coin 51 15
coin 24 10
round 21
round 22
round 23
round 24
round 25
coin 42 0
coin 30 25
round 26
round 27
round 28
round 29
round 30
coin 12 5
coin 63 20
round 31
round 32
round 33
round 34
round 35
coin 64 5
coin 11 20
round 36
round 37
round 38
round 39
round 40
coin 68 7
coin 7 18
round 41
round 42
round 43
round 44
round 45
coin 11 25
coin 64 25
round 46
round 47
round 48
round 49
round 50
coin 39 19
coin 36 7
round 51
round 52
round 53
round 54
round 55
coin 54 17
coin 21 8
round 56
round 57
round 58
round 59
round 60
coin 47 21
coin 28 4
round 61
round 62
round 63
round 64
round 65
coin 6 6
coin 70 19
round 66
round 67
round 68
round 69
round 70
coin 67 24
coin 8 2
round 71
round 72
round 73
round 74
round 75
coin 38 10
coin 36 15
round 76
round 77
round 78
round 79
round 80
coin 62 7
coin 13 18
round 81
round 82
round 83
round 84
round 85
coin 27 21
coin 48 4
round 86
round 87
round 88
round 89
round 90
coin 60 11
coin 15 14
round 91
round 92
round 93
round 94
round 95
coin 1 10
coin 74 15
round 96
round 97
round 98
round 99
round 100
coin 27 5
coin 48 20
round 101
round 102
round 103
round 104
round 105
coin 75 3
coin 0 22
round 106
round 107
round 108
round 109
round 110
coin 30 2
coin 45 23
round 111
round 112
round 113
round 114
round 115
coin 63 21
coin 12 4
round 116
round 117
round 118
round 119
round 120
coin 17 23
coin 58 2
round 121
round 122
round 123
round 124
round 125
coin 53 18
coin 22 7
round 126
round 127
round 128
round 129
round 130
coin 67 2
coin 8 23
round 131
round 132
round 133
round 134
round 135
coin 4 16
coin 71 9
round 136
round 137
round 138
round 139
round 140
coin 57 15
coin 18 10
round 141
round 142
round 143
round 144
round 145
coin 45 1
coin 30 24
round 146
round 147
round 148
round 149
round 150
coin 9 9
coin 66 16
round 151
round 152
round 153
round 154
round 155
coin 0 9
coin 75 16
round 156
round 157
round 158
round 159
round 160
coin 27 6
coin 48 19
round 161
round 162
round 163
round 164
round 165
coin 58 15
coin 17 9
round 166
round 167
round 168
round 169
round 170
coin 15 5
coin 60 20
round 171
round 172
round 173
round 174
round 175
coin 34 21
coin 41 4
round 176
round 177
round 178
round 179
round 180
coin 61 13
coin 14 13
round 181
round 182
round 183
round 184
round 185
coin 57 7
coin 18 18
round 186
round 187
round 188
round 189
round 190
coin 18 20
coin 57 5
round 191
round 192
round 193
round 194
round 195
coin 45 21
coin 30 4
round 196
round 197
round 198
round 199
round 200
coin 4 24
coin 69 0
match_over 0
