match
match_id 1639560232107_ab
match_time 1639560232112
num_bots 1
##MatchConfig
mode FRIENDLY
num_rounds 200
random_seed 42
move_time_limit 1000
coin_spawn_period 5
coin_spawn_volume 2
##MapConfig
map_size 55 23
view_radius 6
mining_radius 2
attack_radius 4
block 0 0
block 1 0
block 2 0
block 4 0
block 5 0
block 6 0
block 7 0
block 20 0
block 21 0
block 22 0
block 23 0
block 24 0
block 25 0
block 26 0
block 27 0
block 42 0
block 43 0
block 44 0
block 53 0
block 54 0
block 0 1
block 1 1
block 2 1
block 20 1
block 21 1
block 22 1
block 23 1
block 42 1
block 43 1
block 44 1
block 53 1
block 54 1
block 0 2
block 1 2
block 20 2
block 21 2
block 22 2
block 23 2
block 33 2
block 34 2
block 35 2
block 36 2
block 37 2
block 38 2
block 42 2
block 43 2
block 44 2
block 53 2
block 54 2
block 20 3
block 21 3
block 22 3
block 23 3
block 33 3
block 34 3
block 35 3
block 36 3
block 37 3
block 38 3
block 40 3
block 41 3
block 42 3
block 43 3
block 44 3
block 45 3
block 46 3
block 47 3
block 22 4
block 23 4
block 24 4
block 25 4
block 26 4
block 27 4
block 28 4
block 29 4
block 30 4
block 33 4
block 34 4
block 35 4
block 36 4
block 37 4
block 38 4
block 40 4
block 41 4
block 42 4
block 43 4
block 44 4
block 45 4
block 46 4
block 47 4
block 0 5
block 22 5
block 23 5
block 24 5
block 25 5
block 26 5
block 27 5
block 28 5
block 29 5
block 30 5
block 33 5
block 34 5
block 35 5
block 36 5
block 37 5
block 38 5
block 40 5
block 41 5
block 42 5
block 43 5
block 44 5
block 45 5
block 46 5
block 47 5
block 52 5
block 53 5
block 54 5
block 0 6
block 8 6
block 9 6
block 10 6
block 11 6
block 12 6
block 13 6
block 14 6
block 15 6
block 16 6
block 22 6
block 23 6
block 24 6
block 25 6
block 26 6
block 27 6
block 28 6
block 29 6
block 30 6
block 33 6
block 34 6
block 35 6
block 36 6
block 37 6
block 38 6
block 39 6
block 40 6
block 41 6
block 42 6
block 43 6
block 44 6
block 45 6
block 46 6
block 47 6
block 52 6
block 53 6
block 54 6
block 0 7
block 7 7
block 8 7
block 9 7
block 10 7
block 11 7
block 12 7
block 13 7
block 14 7
block 15 7
block 16 7
block 17 7
block 18 7
block 19 7
block 20 7
block 21 7
block 22 7
block 23 7
block 24 7
block 25 7
block 26 7
block 27 7
block 28 7
block 29 7
block 30 7
block 33 7
block 34 7
block 35 7
block 36 7
block 37 7
block 38 7
block 39 7
block 40 7
block 41 7
block 42 7
block 43 7
block 44 7
block 45 7
block 46 7
block 47 7
block 52 7
block 53 7
block 54 7
block 0 8
block 7 8
block 8 8
block 12 8
block 13 8
block 14 8
block 15 8
block 16 8
block 17 8
block 18 8
block 19 8
block 20 8
block 21 8
block 22 8
block 23 8
block 24 8
block 45 8
block 46 8
block 47 8
block 52 8
block 53 8
block 54 8
block 0 9
block 7 9
block 8 9
block 12 9
block 13 9
block 14 9
block 15 9
block 16 9
block 17 9
block 18 9
block 19 9
block 20 9
block 21 9
block 22 9
block 23 9
block 24 9
block 45 9
block 46 9
block 47 9
block 52 9
block 53 9
block 54 9
block 7 10
block 8 10
block 12 10
block 13 10
block 14 10
block 15 10
block 16 10
block 17 10
block 18 10
block 19 10
block 20 10
block 21 10
block 22 10
block 23 10
block 24 10
block 15 11
block 16 11
block 17 11
block 18 11
block 19 11
block 20 11
block 21 11
block 22 11
block 23 11
block 24 11
block 34 11
block 35 11
block 36 11
block 37 11
block 38 11
block 15 12
block 16 12
block 17 12
block 18 12
block 19 12
block 20 12
block 21 12
block 22 12
block 26 12
block 27 12
block 29 12
block 30 12
block 31 12
block 32 12
block 33 12
block 34 12
block 35 12
block 36 12
block 37 12
block 38 12
block 16 13
block 17 13
block 18 13
block 19 13
block 20 13
block 21 13
block 22 13
block 23 13
block 24 13
block 26 13
block 27 13
block 29 13
block 30 13
block 31 13
block 32 13
block 33 13
block 34 13
block 35 13
block 36 13
block 37 13
block 38 13
block 39 13
block 40 13
block 41 13
block 42 13
block 43 13
block 51 13
block 52 13
block 53 13
block 23 14
block 24 14
block 26 14
block 27 14
block 29 14
block 30 14
block 31 14
block 32 14
block 33 14
block 34 14
block 35 14
block 36 14
block 37 14
block 38 14
block 39 14
block 40 14
block 41 14
block 42 14
block 43 14
block 51 14
block 52 14
block 53 14
block 26 15
block 27 15
block 29 15
block 30 15
block 31 15
block 32 15
block 33 15
block 34 15
block 35 15
block 36 15
block 37 15
block 38 15
block 39 15
block 40 15
block 41 15
block 42 15
block 43 15
block 51 15
block 52 15
block 53 15
block 26 16
block 27 16
block 34 16
block 35 16
block 36 16
block 37 16
block 38 16
block 39 16
block 40 16
block 41 16
block 42 16
block 43 16
block 26 17
block 27 17
block 37 17
block 38 17
block 39 17
block 40 17
block 41 17
block 42 17
block 43 17
block 37 18
block 38 18
block 39 18
block 40 18
block 41 18
block 42 18
block 43 18
block 37 19
block 38 19
block 39 19
block 40 19
block 41 19
block 42 19
block 43 19
block 20 20
block 21 20
block 22 20
block 23 20
block 1 21
block 2 21
block 4 21
block 5 21
block 6 21
block 7 21
block 20 21
block 21 21
block 22 21
block 23 21
block 24 21
block 25 21
block 26 21
block 27 21
block 0 22
block 1 22
block 2 22
block 4 22
block 5 22
block 6 22
block 7 22
block 20 22
block 21 22
block 22 22
block 23 22
block 24 22
block 25 22
block 26 22
block 27 22
block 53 22
block 54 22
##BotsAndCoinsInfo
bot_name 0 theBest
bot 0 30 19
bot_coins 0 0
coin 39 4
coin 15 18
round 1
bot 0 29 18
round 2
bot 0 28 17
round 3
bot 0 28 16
round 4
bot 0 28 15
round 5
bot 0 28 14
coin 8 11
coin 46 11
round 6
bot 0 28 13
round 7
bot 0 28 12
round 8
bot 0 27 11
round 9
round 10
coin 25 3
coin 29 19
round 11
round 12
round 13
round 14
round 15
coin 45 20
coin 9 2
round 16
round 17
round 18
round 19
round 20
coin 54 14
coin 1 8
round 21
round 22
round 23
round 24
round 25
coin 22 15
coin 32 7
round 26
round 27
round 28
round 29
round 30
coin 46 21
coin 8 1
round 31
round 32
round 33
round 34
round 35
coin 48 6
coin 6 16
round 36
round 37
round 38
round 39
round 40
coin 25 15
coin 29 8
round 41
bot 0 28 10
round 42
bot 0 29 9
coin_collected 29 8 0
bot_coins 0 1
round 43
bot 0 30 8
round 44
bot 0 31 7
coin_collected 32 7 0
bot_coins 0 2
round 45
bot 0 30 8
coin 33 16
coin 21 6
round 46
bot 0 29 9
round 47
bot 0 28 10
round 48
bot 0 27 11
round 49
bot 0 28 12
round 50
bot 0 28 13
coin 10 22
coin 45 0
round 51
round 52
round 53
round 54
round 55
coin 36 21
coin 18 1
round 56
round 57
round 58
round 59
round 60
coin 24 1
coin 30 21
round 61
round 62
round 63
round 64
round 65
coin 10 20
coin 45 2
round 66
round 67
round 68
round 69
round 70
coin 37 10
coin 17 14
round 71
round 72
round 73
round 74
round 75
coin 0 4
coin 54 18
round 76
round 77
round 78
round 79
round 80
coin 48 5
coin 6 17
round 81
round 82
round 83
round 84
round 85
coin 32 18
coin 21 4
round 86
round 87
round 88
round 89
round 90
coin 32 8
coin 22 14
round 91
round 92
round 93
round 94
round 95
coin 45 1
coin 9 21
round 96
round 97
round 98
round 99
round 100
coin 24 16
coin 31 6
round 101
round 102
round 103
round 104
round 105
coin 24 20
coin 30 2
round 106
round 107
round 108
round 109
round 110
coin 10 14
coin 44 8
round 111
round 112
round 113
round 114
round 115
coin 12 16
coin 42 8
round 116
round 117
round 118
round 119
round 120
coin 7 3
coin 47 19
round 121
round 122
round 123
round 124
round 125
coin 48 3
coin 6 19
round 126
round 127
round 128
round 129
round 130
coin 8 5
coin 46 17
round 131
round 132
round 133
round 134
round 135
coin 35 10
coin 19 14
round 136
round 137
round 138
round 139
round 140
coin 32 6
coin 22 16
round 141
round 142
round 143
round 144
round 145
coin 16 22
coin 38 0
round 146
round 147
round 148
round 149
round 150
coin 12 1
coin 42 21
round 151
round 152
round 153
round 154
round 155
coin 36 17
coin 18 5
round 156
round 157
round 158
round 159
round 160
coin 4 1
coin 50 21
round 161
round 162
round 163
round 164
round 165
coin 39 5
coin 15 17
round 166
round 167
round 168
round 169
round 170
coin 45 11
coin 9 11
round 171
round 172
round 173
round 174
round 175
coin 5 10
coin 49 12
round 176
round 177
round 178
round 179
round 180
coin 13 1
coin 41 21
round 181
round 182
round 183
round 184
round 185
coin 23 19
coin 31 3
round 186
round 187
round 188
round 189
round 190
coin 51 2
coin 3 20
round 191
round 192
round 193
round 194
round 195
coin 10 8
coin 44 14
round 196
round 197
round 198
round 199
round 200
coin 10 11
coin 44 11
match_over 0
