match
match_id 1639524367709_ap
match_time 1639524367711
num_bots 1
##MatchConfig
mode FRIENDLY
num_rounds 200
random_seed 42
move_time_limit 1000
coin_spawn_period 5
coin_spawn_volume 2
##MapConfig
map_size 67 20
view_radius 6
mining_radius 1
attack_radius 3
block 27 0
block 28 0
block 29 0
block 43 0
block 44 0
block 45 0
block 46 0
block 47 0
block 58 0
block 59 0
block 60 0
block 61 0
block 62 0
block 63 0
block 9 1
block 10 1
block 20 1
block 21 1
block 22 1
block 23 1
block 24 1
block 27 1
block 28 1
block 29 1
block 43 1
block 44 1
block 45 1
block 46 1
block 47 1
block 50 1
block 51 1
block 9 2
block 10 2
block 20 2
block 21 2
block 22 2
block 23 2
block 24 2
block 25 2
block 27 2
block 28 2
block 29 2
block 33 2
block 34 2
block 35 2
block 36 2
block 37 2
block 38 2
block 39 2
block 50 2
block 51 2
block 9 3
block 10 3
block 20 3
block 21 3
block 22 3
block 23 3
block 24 3
block 25 3
block 27 3
block 28 3
block 29 3
block 33 3
block 34 3
block 35 3
block 36 3
block 37 3
block 38 3
block 39 3
block 49 3
block 50 3
block 51 3
block 57 3
block 58 3
block 59 3
block 60 3
block 61 3
block 8 4
block 9 4
block 10 4
block 11 4
block 12 4
block 13 4
block 14 4
block 15 4
block 16 4
block 17 4
block 18 4
block 19 4
block 20 4
block 21 4
block 22 4
block 23 4
block 24 4
block 25 4
block 27 4
block 28 4
block 29 4
block 33 4
block 34 4
block 35 4
block 36 4
block 37 4
block 38 4
block 39 4
block 49 4
block 50 4
block 51 4
block 52 4
block 53 4
block 54 4
block 55 4
block 57 4
block 58 4
block 59 4
block 60 4
block 61 4
block 8 5
block 9 5
block 10 5
block 11 5
block 12 5
block 13 5
block 14 5
block 15 5
block 16 5
block 17 5
block 18 5
block 19 5
block 20 5
block 21 5
block 22 5
block 23 5
block 24 5
block 25 5
block 33 5
block 34 5
block 35 5
block 36 5
block 37 5
block 38 5
block 39 5
block 45 5
block 46 5
block 47 5
block 48 5
block 49 5
block 50 5
block 51 5
block 52 5
block 53 5
block 54 5
block 55 5
block 57 5
block 58 5
block 59 5
block 60 5
block 61 5
block 9 6
block 10 6
block 11 6
block 12 6
block 13 6
block 14 6
block 15 6
block 16 6
block 17 6
block 18 6
block 19 6
block 20 6
block 21 6
block 22 6
block 23 6
block 24 6
block 25 6
block 33 6
block 34 6
block 35 6
block 36 6
block 37 6
block 38 6
block 39 6
block 45 6
block 46 6
block 47 6
block 48 6
block 49 6
block 50 6
block 51 6
block 52 6
block 53 6
block 54 6
block 55 6
block 57 6
block 58 6
block 59 6
block 60 6
block 61 6
block 62 6
block 63 6
block 9 7
block 10 7
block 11 7
block 12 7
block 13 7
block 14 7
block 15 7
block 16 7
block 17 7
block 18 7
block 19 7
block 20 7
block 21 7
block 22 7
block 23 7
block 24 7
block 25 7
block 26 7
block 27 7
block 28 7
block 33 7
block 34 7
block 35 7
block 36 7
block 37 7
block 38 7
block 39 7
block 45 7
block 46 7
block 47 7
block 48 7
block 49 7
block 50 7
block 51 7
block 52 7
block 53 7
block 54 7
block 55 7
block 57 7
block 58 7
block 59 7
block 60 7
block 61 7
block 62 7
block 63 7
block 9 8
block 10 8
block 11 8
block 12 8
block 13 8
block 14 8
block 15 8
block 16 8
block 17 8
block 18 8
block 19 8
block 26 8
block 27 8
block 28 8
block 33 8
block 34 8
block 35 8
block 36 8
block 37 8
block 38 8
block 39 8
block 45 8
block 46 8
block 47 8
block 48 8
block 49 8
block 50 8
block 51 8
block 52 8
block 53 8
block 54 8
block 55 8
block 57 8
block 58 8
block 59 8
block 60 8
block 61 8
block 9 9
block 10 9
block 11 9
block 12 9
block 13 9
block 14 9
block 15 9
block 26 9
block 27 9
block 28 9
block 45 9
block 46 9
block 47 9
block 48 9
block 49 9
block 50 9
block 51 9
block 52 9
block 53 9
block 54 9
block 55 9
block 0 10
block 1 10
block 2 10
block 3 10
block 4 10
block 5 10
block 6 10
block 9 10
block 10 10
block 11 10
block 12 10
block 13 10
block 14 10
block 15 10
block 31 10
block 32 10
block 33 10
block 45 10
block 46 10
block 47 10
block 48 10
block 49 10
block 50 10
block 0 11
block 1 11
block 2 11
block 3 11
block 4 11
block 5 11
block 6 11
block 31 11
block 32 11
block 33 11
block 45 11
block 46 11
block 47 11
block 48 11
block 49 11
block 50 11
block 56 11
block 57 11
block 58 11
block 59 11
block 60 11
block 61 11
block 0 12
block 1 12
block 2 12
block 3 12
block 4 12
block 5 12
block 6 12
block 31 12
block 32 12
block 33 12
block 49 12
block 50 12
block 51 12
block 52 12
block 53 12
block 54 12
block 56 12
block 57 12
block 58 12
block 59 12
block 60 12
block 61 12
block 31 13
block 32 13
block 33 13
block 49 13
block 50 13
block 51 13
block 52 13
block 53 13
block 54 13
block 56 13
block 57 13
block 58 13
block 59 13
block 60 13
block 61 13
block 31 14
block 32 14
block 33 14
block 56 14
block 57 14
block 58 14
block 59 14
block 60 14
block 61 14
block 31 15
block 32 15
block 33 15
block 56 15
block 57 15
block 58 15
block 59 15
block 60 15
block 61 15
block 18 16
block 19 16
block 20 16
block 21 16
block 43 16
block 44 16
block 45 16
block 46 16
block 47 16
block 56 16
block 57 16
block 58 16
block 59 16
block 60 16
block 61 16
block 18 17
block 19 17
block 20 17
block 21 17
block 43 17
block 44 17
block 45 17
block 46 17
block 47 17
block 18 18
block 19 18
block 20 18
block 21 18
block 43 18
block 44 18
block 45 18
block 46 18
block 47 18
block 58 18
block 59 18
block 60 18
block 61 18
block 62 18
block 63 18
block 43 19
block 44 19
block 45 19
block 46 19
block 47 19
block 58 19
block 59 19
block 60 19
block 61 19
block 62 19
block 63 19
##BotsAndCoinsInfo
bot_name 0 theBest
bot 0 48 13
bot_coins 0 0
coin 41 3
coin 25 16
round 1
bot 0 48 14
round 2
bot 0 48 15
round 3
bot 0 48 16
round 4
bot 0 48 17
round 5
bot 0 48 18
coin 26 4
coin 40 15
round 6
bot 0 48 19
round 7
bot 0 49 19
round 8
bot 0 50 19
round 9
bot 0 51 19
round 10
bot 0 52 19
coin 12 3
coin 54 16
round 11
round 12
round 13
match_over 0
round 14
