match
match_id 1639523951169_ah
match_time 1639523951178
num_bots 1
##MatchConfig
mode FRIENDLY
num_rounds 200
random_seed 42
move_time_limit 1000
coin_spawn_period 5
coin_spawn_volume 2
##MapConfig
map_size 60 36
view_radius 5
mining_radius 2
attack_radius 3
block 0 0
block 1 0
block 59 0
block 5 1
block 6 1
block 7 1
block 8 1
block 9 1
block 13 1
block 14 1
block 5 2
block 6 2
block 7 2
block 8 2
block 9 2
block 13 2
block 14 2
block 45 2
block 46 2
block 47 2
block 48 2
block 49 2
block 50 2
block 5 3
block 6 3
block 7 3
block 8 3
block 9 3
block 13 3
block 14 3
block 45 3
block 46 3
block 47 3
block 48 3
block 49 3
block 50 3
block 5 4
block 6 4
block 7 4
block 8 4
block 9 4
block 13 4
block 14 4
block 26 4
block 27 4
block 28 4
block 29 4
block 30 4
block 31 4
block 32 4
block 33 4
block 5 5
block 6 5
block 7 5
block 8 5
block 9 5
block 13 5
block 14 5
block 16 5
block 17 5
block 18 5
block 19 5
block 20 5
block 21 5
block 26 5
block 27 5
block 28 5
block 29 5
block 30 5
block 31 5
block 32 5
block 33 5
block 13 6
block 14 6
block 16 6
block 17 6
block 18 6
block 19 6
block 20 6
block 21 6
block 27 6
block 28 6
block 29 6
block 30 6
block 31 6
block 32 6
block 33 6
block 13 7
block 14 7
block 16 7
block 17 7
block 18 7
block 19 7
block 20 7
block 21 7
block 27 7
block 28 7
block 29 7
block 30 7
block 31 7
block 32 7
block 33 7
block 11 8
block 12 8
block 27 8
block 28 8
block 29 8
block 30 8
block 31 8
block 32 8
block 33 8
block 11 9
block 12 9
block 27 9
block 28 9
block 29 9
block 30 9
block 31 9
block 32 9
block 33 9
block 11 10
block 12 10
block 11 11
block 12 11
block 53 11
block 54 11
block 55 11
block 11 12
block 12 12
block 53 12
block 54 12
block 55 12
block 11 13
block 12 13
block 53 13
block 54 13
block 55 13
block 5 14
block 6 14
block 7 14
block 8 14
block 9 14
block 10 14
block 11 14
block 53 14
block 54 14
block 55 14
block 5 15
block 6 15
block 7 15
block 8 15
block 9 15
block 10 15
block 11 15
block 53 15
block 54 15
block 55 15
block 5 16
block 6 16
block 7 16
block 8 16
block 9 16
block 10 16
block 11 16
block 16 16
block 17 16
block 18 16
block 19 16
block 20 16
block 21 16
block 22 16
block 45 16
block 46 16
block 47 16
block 48 16
block 5 17
block 6 17
block 7 17
block 8 17
block 9 17
block 10 17
block 11 17
block 16 17
block 17 17
block 18 17
block 19 17
block 20 17
block 21 17
block 22 17
block 45 17
block 46 17
block 47 17
block 48 17
block 2 18
block 3 18
block 4 18
block 5 18
block 6 18
block 7 18
block 8 18
block 9 18
block 10 18
block 11 18
block 16 18
block 17 18
block 18 18
block 19 18
block 20 18
block 21 18
block 22 18
block 2 19
block 3 19
block 4 19
block 6 19
block 7 19
block 8 19
block 9 19
block 16 19
block 17 19
block 18 19
block 19 19
block 20 19
block 21 19
block 22 19
block 2 20
block 3 20
block 4 20
block 5 20
block 6 20
block 7 20
block 8 20
block 9 20
block 16 20
block 17 20
block 18 20
block 19 20
block 20 20
block 21 20
block 22 20
block 24 20
block 25 20
block 26 20
block 27 20
block 33 20
block 34 20
block 35 20
block 36 20
block 37 20
block 38 20
block 44 20
block 45 20
block 46 20
block 47 20
block 48 20
block 49 20
block 50 20
block 2 21
block 3 21
block 4 21
block 5 21
block 6 21
block 7 21
block 16 21
block 17 21
block 18 21
block 19 21
block 20 21
block 21 21
block 22 21
block 24 21
block 25 21
block 26 21
block 27 21
block 33 21
block 34 21
block 35 21
block 36 21
block 37 21
block 38 21
block 44 21
block 45 21
block 46 21
block 47 21
block 48 21
block 49 21
block 50 21
block 2 22
block 3 22
block 4 22
block 5 22
block 6 22
block 7 22
block 16 22
block 17 22
block 18 22
block 19 22
block 20 22
block 21 22
block 22 22
block 33 22
block 34 22
block 35 22
block 36 22
block 37 22
block 38 22
block 44 22
block 45 22
block 46 22
block 47 22
block 48 22
block 49 22
block 50 22
block 2 23
block 3 23
block 4 23
block 33 23
block 34 23
block 35 23
block 36 23
block 37 23
block 38 23
block 2 24
block 3 24
block 4 24
block 33 24
block 34 24
block 35 24
block 36 24
block 37 24
block 38 24
block 33 25
block 34 25
block 35 25
block 36 25
block 37 25
block 38 25
block 49 25
block 50 25
block 51 25
block 37 26
block 38 26
block 39 26
block 49 26
block 50 26
block 51 26
block 37 27
block 38 27
block 39 27
block 37 28
block 38 28
block 39 28
block 37 29
block 38 29
block 39 29
block 26 30
block 27 30
block 37 30
block 38 30
block 39 30
block 26 31
block 27 31
block 37 31
block 38 31
block 39 31
block 0 34
block 1 34
block 21 34
block 22 34
block 23 34
block 59 34
block 0 35
block 1 35
block 21 35
block 22 35
block 23 35
block 59 35
##BotsAndCoinsInfo
bot_name 0 theBest
bot 0 21 3
bot_coins 0 0
coin 51 3
coin 8 32
round 1
bot 0 21 4
round 2
round 3
round 4
round 5
coin 48 8
coin 11 27
round 6
round 7
round 8
round 9
round 10
coin 30 25
coin 29 10
round 11
round 12
round 13
round 14
round 15
coin 4 2
coin 55 33
round 16
round 17
round 18
round 19
round 20
coin 19 29
coin 40 6
round 21
round 22
round 23
round 24
round 25
coin 2 26
coin 57 9
round 26
round 27
round 28
round 29
round 30
coin 36 0
coin 23 0
round 31
round 32
round 33
round 34
round 35
coin 56 32
coin 3 3
round 36
round 37
round 38
round 39
round 40
coin 36 6
coin 23 29
round 41
round 42
round 43
round 44
round 45
coin 43 17
coin 15 18
round 46
round 47
round 48
round 49
round 50
coin 20 31
coin 39 4
round 51
round 52
round 53
round 54
round 55
coin 26 33
coin 33 2
round 56
round 57
round 58
round 59
round 60
coin 23 9
coin 36 26
round 61
round 62
round 63
round 64
round 65
coin 10 22
coin 49 13
round 66
round 67
round 68
round 69
round 70
coin 7 30
coin 52 5
round 71
round 72
round 73
round 74
round 75
coin 10 12
coin 49 23
round 76
round 77
round 78
round 79
round 80
coin 50 5
coin 9 30
round 81
round 82
round 83
round 84
round 85
coin 17 23
coin 42 12
round 86
round 87
round 88
round 89
round 90
coin 12 25
coin 47 10
round 91
round 92
round 93
round 94
round 95
coin 13 12
coin 46 23
round 96
round 97
round 98
round 99
round 100
coin 59 13
coin 0 22
round 101
round 102
round 103
round 104
round 105
coin 23 25
coin 36 10
round 106
round 107
round 108
round 109
round 110
coin 35 6
coin 24 29
round 111
round 112
round 113
round 114
round 115
coin 7 11
coin 52 24
round 116
round 117
round 118
round 119
round 120
coin 37 7
coin 22 28
round 121
round 122
round 123
round 124
round 125
coin 13 32
coin 46 4
round 126
round 127
round 128
round 129
round 130
coin 38 4
coin 21 31
round 131
round 132
round 133
round 134
round 135
coin 20 34
coin 39 1
round 136
round 137
round 138
round 139
round 140
coin 13 31
coin 47 4
round 141
round 142
round 143
round 144
round 145
coin 21 27
coin 38 8
round 146
round 147
round 148
round 149
round 150
coin 39 23
coin 20 12
round 151
round 152
round 153
round 154
round 155
coin 32 13
coin 27 22
round 156
round 157
round 158
round 159
round 160
coin 14 14
coin 45 19
round 161
round 162
round 163
round 164
round 165
coin 38 32
coin 21 3
round 166
coin_collected 21 3 0
bot_coins 0 1
round 167
round 168
round 169
round 170
coin 15 27
coin 44 8
round 171
round 172
round 173
round 174
round 175
coin 10 5
coin 49 30
round 176
round 177
round 178
round 179
round 180
coin 13 25
coin 46 10
round 181
round 182
round 183
round 184
round 185
coin 12 5
coin 47 30
round 186
round 187
round 188
round 189
round 190
coin 26 16
coin 33 19
round 191
round 192
round 193
round 194
round 195
coin 5 33
coin 54 2
round 196
round 197
round 198
round 199
round 200
coin 0 10
coin 59 25
match_over 0
