match
match_id 1639523525938_bb
match_time 1639523525942
num_bots 1
##MatchConfig
mode FRIENDLY
num_rounds 200
random_seed 42
move_time_limit 1000
coin_spawn_period 5
coin_spawn_volume 2
##MapConfig
map_size 68 31
view_radius 6
mining_radius 1
attack_radius 3
block 14 1
block 15 1
block 14 2
block 15 2
block 46 2
block 47 2
block 48 2
block 49 2
block 50 2
block 51 2
block 52 2
block 14 3
block 15 3
block 46 3
block 47 3
block 48 3
block 49 3
block 50 3
block 51 3
block 52 3
block 14 4
block 15 4
block 46 4
block 47 4
block 48 4
block 49 4
block 50 4
block 51 4
block 52 4
block 14 5
block 15 5
block 46 5
block 47 5
block 48 5
block 49 5
block 50 5
block 51 5
block 52 5
block 14 6
block 15 6
block 46 6
block 47 6
block 48 6
block 49 6
block 50 6
block 51 6
block 52 6
block 46 7
block 47 7
block 48 7
block 49 7
block 50 7
block 51 7
block 52 7
block 46 8
block 47 8
block 48 8
block 49 8
block 50 8
block 51 8
block 52 8
block 17 9
block 18 9
block 19 9
block 20 9
block 21 9
block 22 9
block 23 9
block 17 10
block 18 10
block 19 10
block 20 10
block 21 10
block 22 10
block 23 10
block 17 11
block 18 11
block 19 11
block 20 11
block 21 11
block 22 11
block 23 11
block 17 12
block 18 12
block 19 12
block 20 12
block 21 12
block 22 12
block 23 12
block 0 13
block 1 13
block 2 13
block 3 13
block 16 13
block 17 13
block 18 13
block 19 13
block 20 13
block 21 13
block 22 13
block 23 13
block 58 13
block 59 13
block 60 13
block 61 13
block 62 13
block 63 13
block 67 13
block 0 14
block 1 14
block 2 14
block 3 14
block 16 14
block 17 14
block 18 14
block 19 14
block 20 14
block 21 14
block 22 14
block 23 14
block 25 14
block 26 14
block 27 14
block 28 14
block 29 14
block 30 14
block 31 14
block 58 14
block 59 14
block 60 14
block 61 14
block 62 14
block 63 14
block 67 14
block 7 15
block 8 15
block 9 15
block 10 15
block 16 15
block 17 15
block 18 15
block 19 15
block 20 15
block 25 15
block 26 15
block 27 15
block 28 15
block 29 15
block 30 15
block 31 15
block 58 15
block 59 15
block 60 15
block 61 15
block 62 15
block 63 15
block 7 16
block 8 16
block 9 16
block 10 16
block 16 16
block 17 16
block 18 16
block 19 16
block 20 16
block 25 16
block 26 16
block 27 16
block 28 16
block 29 16
block 30 16
block 31 16
block 46 16
block 47 16
block 48 16
block 49 16
block 51 16
block 52 16
block 58 16
block 59 16
block 60 16
block 61 16
block 62 16
block 63 16
block 7 17
block 8 17
block 9 17
block 10 17
block 16 17
block 17 17
block 18 17
block 19 17
block 20 17
block 46 17
block 47 17
block 48 17
block 49 17
block 51 17
block 52 17
block 58 17
block 59 17
block 60 17
block 61 17
block 62 17
block 63 17
block 16 18
block 17 18
block 18 18
block 19 18
block 20 18
block 46 18
block 47 18
block 48 18
block 49 18
block 51 18
block 52 18
block 58 18
block 59 18
block 60 18
block 61 18
block 62 18
block 63 18
block 46 19
block 47 19
block 48 19
block 49 19
block 51 19
block 52 19
block 59 19
block 60 19
block 61 19
block 62 19
block 63 19
block 64 19
block 65 19
block 66 19
block 67 19
block 19 20
block 20 20
block 21 20
block 22 20
block 23 20
block 46 20
block 47 20
block 48 20
block 49 20
block 51 20
block 52 20
block 59 20
block 60 20
block 61 20
block 62 20
block 63 20
block 64 20
block 65 20
block 66 20
block 67 20
block 19 21
block 20 21
block 21 21
block 22 21
block 23 21
block 34 21
block 35 21
block 46 21
block 47 21
block 48 21
block 49 21
block 59 21
block 60 21
block 61 21
block 62 21
block 63 21
block 64 21
block 65 21
block 66 21
block 67 21
block 19 22
block 20 22
block 21 22
block 22 22
block 23 22
block 34 22
block 35 22
block 46 22
block 47 22
block 48 22
block 49 22
block 61 22
block 62 22
block 63 22
block 64 22
block 65 22
block 66 22
block 67 22
block 19 23
block 20 23
block 21 23
block 22 23
block 23 23
block 19 24
block 20 24
block 21 24
block 22 24
block 23 24
block 61 24
block 62 24
block 63 24
block 64 24
block 65 24
block 66 24
block 19 25
block 20 25
block 21 25
block 22 25
block 23 25
block 45 25
block 46 25
block 61 25
block 62 25
block 63 25
block 64 25
block 65 25
block 66 25
block 0 26
block 1 26
block 2 26
block 45 26
block 46 26
block 47 26
block 48 26
block 49 26
block 61 26
block 62 26
block 63 26
block 64 26
block 65 26
block 66 26
block 67 26
block 0 27
block 1 27
block 2 27
block 45 27
block 46 27
block 47 27
block 48 27
block 49 27
block 61 27
block 62 27
block 63 27
block 64 27
block 65 27
block 66 27
block 67 27
block 0 28
block 1 28
block 2 28
block 45 28
block 46 28
block 47 28
block 48 28
block 49 28
block 61 28
block 62 28
block 63 28
block 64 28
block 65 28
block 66 28
block 67 28
block 0 29
block 1 29
block 2 29
block 45 29
block 46 29
block 47 29
block 48 29
block 49 29
block 61 29
block 62 29
block 63 29
block 64 29
block 65 29
block 66 29
block 67 29
block 0 30
block 1 30
block 2 30
block 61 30
block 62 30
block 63 30
block 64 30
block 65 30
block 66 30
block 67 30
##BotsAndCoinsInfo
bot_name 0 theBest
bot 0 9 4
bot_coins 0 0
coin 26 10
coin 41 20
round 1
bot 0 9 5
round 2
bot 0 9 6
round 3
bot 0 9 7
round 4
bot 0 9 8
round 5
bot 0 9 9
coin 0 23
coin 67 7
round 6
bot 0 9 10
round 7
bot 0 9 11
round 8
bot 0 9 12
round 9
bot 0 9 13
round 10
bot 0 9 14
coin 26 28
coin 41 2
round 11
round 12
round 13
round 14
round 15
coin 17 1
coin 50 29
round 16
round 17
round 18
round 19
round 20
coin 35 3
coin 32 27
round 21
round 22
round 23
round 24
round 25
coin 14 0
coin 53 30
round 26
round 27
round 28
round 29
round 30
coin 8 27
coin 59 3
round 31
round 32
round 33
round 34
round 35
coin 8 19
coin 59 11
round 36
round 37
round 38
round 39
round 40
coin 18 21
coin 49 9
round 41
round 42
round 43
round 44
round 45
coin 23 19
coin 44 11
round 46
round 47
round 48
round 49
round 50
coin 53 8
coin 14 22
round 51
round 52
round 53
round 54
round 55
coin 6 18
coin 61 12
round 56
round 57
round 58
round 59
round 60
coin 19 19
coin 48 11
round 61
round 62
round 63
round 64
round 65
coin 58 19
coin 9 11
round 66
round 67
round 68
round 69
round 70
coin 18 22
coin 50 9
round 71
round 72
round 73
round 74
round 75
coin 60 26
coin 7 4
round 76
round 77
round 78
round 79
round 80
coin 38 17
coin 29 13
round 81
round 82
round 83
round 84
round 85
coin 41 22
coin 26 8
round 86
round 87
round 88
round 89
round 90
coin 8 20
coin 59 10
round 91
round 92
round 93
round 94
round 95
coin 1 24
coin 66 6
round 96
round 97
round 98
round 99
round 100
coin 24 19
coin 43 11
round 101
round 102
round 103
round 104
round 105
coin 63 6
coin 4 24
round 106
round 107
round 108
round 109
round 110
coin 31 12
coin 36 18
round 111
round 112
round 113
round 114
round 115
coin 11 29
coin 56 1
round 116
round 117
round 118
round 119
round 120
coin 13 4
coin 54 26
round 121
round 122
round 123
round 124
round 125
coin 5 30
coin 62 0
round 126
round 127
round 128
round 129
round 130
coin 22 1
coin 44 29
round 131
round 132
round 133
round 134
round 135
coin 40 11
coin 27 19
round 136
round 137
round 138
round 139
round 140
coin 17 22
coin 51 9
round 141
round 142
round 143
round 144
round 145
coin 24 14
coin 43 16
round 146
round 147
round 148
round 149
round 150
coin 29 22
coin 38 8
round 151
round 152
round 153
round 154
round 155
coin 18 23
coin 48 9
round 156
round 157
round 158
round 159
round 160
coin 38 27
coin 29 3
round 161
round 162
round 163
round 164
round 165
coin 54 7
coin 13 23
round 166
round 167
round 168
round 169
round 170
coin 53 4
coin 14 26
round 171
round 172
round 173
round 174
round 175
coin 66 17
coin 1 12
round 176
round 177
round 178
round 179
round 180
coin 13 2
coin 54 28
round 181
round 182
round 183
round 184
round 185
coin 6 30
coin 61 0
round 186
round 187
round 188
round 189
round 190
coin 30 13
coin 37 17
round 191
round 192
round 193
round 194
round 195
coin 21 19
coin 46 11
round 196
round 197
round 198
round 199
round 200
coin 24 22
coin 43 8
match_over 0
