match
match_id 1639524070083_ak
match_time 1639524070087
num_bots 1
##MatchConfig
mode FRIENDLY
num_rounds 200
random_seed 42
move_time_limit 1000
coin_spawn_period 5
coin_spawn_volume 2
##MapConfig
map_size 50 39
view_radius 6
mining_radius 1
attack_radius 4
block 44 0
block 45 0
block 46 0
block 47 0
block 48 0
block 49 0
block 44 1
block 45 1
block 46 1
block 47 1
block 48 1
block 49 1
block 44 2
block 45 2
block 46 2
block 47 2
block 48 2
block 49 2
block 44 3
block 45 3
block 46 3
block 47 3
block 48 3
block 49 3
block 44 4
block 45 4
block 46 4
block 47 4
block 48 4
block 49 4
block 44 5
block 45 5
block 46 5
block 47 5
block 48 5
block 49 5
block 44 6
block 45 6
block 46 6
block 47 6
block 48 6
block 49 6
block 13 13
block 14 13
block 15 13
block 16 13
block 17 13
block 13 14
block 14 14
block 15 14
block 16 14
block 17 14
block 13 15
block 14 15
block 15 15
block 16 15
block 17 15
block 25 16
block 26 16
block 27 16
block 28 16
block 29 16
block 30 16
block 31 16
block 14 17
block 15 17
block 25 17
block 26 17
block 27 17
block 28 17
block 29 17
block 30 17
block 31 17
block 14 18
block 15 18
block 25 18
block 26 18
block 27 18
block 28 18
block 29 18
block 30 18
block 31 18
block 44 18
block 45 18
block 46 18
block 47 18
block 48 18
block 14 19
block 15 19
block 25 19
block 26 19
block 27 19
block 28 19
block 29 19
block 30 19
block 31 19
block 44 19
block 45 19
block 46 19
block 47 19
block 48 19
block 14 20
block 15 20
block 25 20
block 26 20
block 27 20
block 28 20
block 29 20
block 30 20
block 31 20
block 42 20
block 43 20
block 44 20
block 45 20
block 46 20
block 47 20
block 48 20
block 14 21
block 15 21
block 25 21
block 26 21
block 27 21
block 28 21
block 29 21
block 30 21
block 31 21
block 42 21
block 43 21
block 44 21
block 45 21
block 46 21
block 47 21
block 48 21
block 42 22
block 43 22
block 44 22
block 45 22
block 46 22
block 47 22
block 48 22
block 44 23
block 45 23
block 46 23
block 47 23
block 48 23
block 44 24
block 45 24
block 46 24
block 47 24
block 48 24
block 3 28
block 4 28
block 5 28
block 6 28
block 3 29
block 4 29
block 5 29
block 6 29
block 8 34
block 9 34
block 10 34
block 11 34
block 12 34
block 13 34
block 8 35
block 9 35
block 10 35
block 11 35
block 12 35
block 13 35
##BotsAndCoinsInfo
bot_name 0 theBest
bot 0 5 0
bot_coins 0 0
coin 30 33
coin 19 5
round 1
bot 0 5 1
round 2
bot 0 5 2
round 3
bot 0 5 3
round 4
bot 0 5 4
round 5
bot 0 5 5
coin 48 38
coin 1 0
round 6
bot 0 5 6
round 7
bot 0 5 7
round 8
bot 0 5 8
round 9
bot 0 5 9
round 10
bot 0 5 10
coin 20 4
coin 29 34
round 11
bot 0 5 11
round 12
bot 0 5 12
round 13
bot 0 5 13
round 14
bot 0 5 14
round 15
bot 0 5 15
coin 5 30
coin 44 8
round 16
bot 0 5 16
round 17
bot 0 5 17
round 18
bot 0 5 18
round 19
bot 0 5 19
round 20
bot 0 5 20
coin 19 2
coin 30 36
round 21
bot 0 5 21
round 22
bot 0 5 22
round 23
bot 0 5 23
round 24
bot 0 5 24
round 25
bot 0 5 25
coin 32 26
coin 17 12
round 26
bot 0 5 26
round 27
bot 0 5 27
round 28
round 29
round 30
coin 26 6
coin 23 32
round 31
round 32
round 33
round 34
round 35
coin 26 15
coin 23 23
round 36
round 37
round 38
round 39
round 40
coin 6 21
coin 43 17
round 41
round 42
round 43
round 44
round 45
coin 43 38
coin 6 0
round 46
round 47
round 48
round 49
round 50
coin 0 4
coin 49 34
round 51
round 52
round 53
round 54
round 55
coin 26 30
coin 23 8
round 56
round 57
round 58
round 59
round 60
coin 43 23
coin 6 15
round 61
round 62
round 63
round 64
round 65
coin 32 19
coin 17 19
round 66
round 67
round 68
round 69
round 70
coin 37 24
coin 12 14
round 71
round 72
round 73
round 74
round 75
coin 29 36
coin 20 2
round 76
round 77
round 78
round 79
round 80
coin 30 22
coin 19 16
round 81
round 82
round 83
round 84
round 85
coin 17 8
coin 32 30
round 86
round 87
round 88
round 89
round 90
coin 12 37
coin 37 1
round 91
round 92
round 93
round 94
round 95
coin 13 36
coin 36 2
round 96
round 97
round 98
round 99
round 100
coin 29 31
coin 20 7
round 101
round 102
round 103
round 104
round 105
coin 23 16
coin 26 22
round 106
round 107
round 108
round 109
round 110
coin 25 15
coin 24 23
round 111
round 112
round 113
round 114
round 115
coin 7 8
coin 42 30
round 116
round 117
round 118
round 119
round 120
coin 7 10
coin 42 28
round 121
round 122
round 123
round 124
round 125
coin 43 5
coin 6 33
round 126
round 127
round 128
round 129
round 130
coin 8 28
coin 41 10
round 131
round 132
round 133
round 134
round 135
coin 10 16
coin 39 22
round 136
round 137
round 138
round 139
round 140
coin 13 28
coin 36 10
round 141
round 142
round 143
round 144
round 145
coin 11 27
coin 38 11
round 146
round 147
round 148
round 149
round 150
coin 47 35
coin 2 3
round 151
round 152
round 153
round 154
round 155
coin 2 22
coin 47 16
round 156
round 157
round 158
round 159
round 160
coin 44 32
coin 5 6
round 161
round 162
round 163
round 164
round 165
coin 48 28
coin 1 10
round 166
round 167
round 168
round 169
round 170
coin 24 18
coin 24 20
round 171
round 172
round 173
round 174
round 175
coin 40 8
coin 9 30
round 176
round 177
round 178
round 179
round 180
coin 3 13
coin 46 25
round 181
round 182
round 183
round 184
round 185
coin 23 20
coin 24 17
round 186
round 187
round 188
round 189
round 190
coin 36 7
coin 13 31
round 191
round 192
round 193
round 194
round 195
coin 25 22
coin 24 16
round 196
round 197
round 198
round 199
round 200
coin 0 37
coin 0 1
match_over 0
