match
match_id 1639561230958_aj
match_time 1639561230971
num_bots 1
##MatchConfig
mode FRIENDLY
num_rounds 200
random_seed 42
move_time_limit 1000
coin_spawn_period 5
coin_spawn_volume 2
##MapConfig
map_size 74 31
view_radius 5
mining_radius 1
attack_radius 3
block 56 1
block 57 1
block 58 1
block 59 1
block 60 1
block 56 2
block 57 2
block 58 2
block 59 2
block 60 2
block 7 3
block 8 3
block 9 3
block 10 3
block 56 3
block 57 3
block 58 3
block 59 3
block 60 3
block 7 4
block 8 4
block 9 4
block 10 4
block 56 4
block 57 4
block 58 4
block 59 4
block 60 4
block 7 5
block 8 5
block 9 5
block 10 5
block 56 5
block 57 5
block 58 5
block 59 5
block 60 5
block 7 6
block 8 6
block 9 6
block 10 6
block 18 6
block 19 6
block 20 6
block 21 6
block 22 6
block 23 6
block 24 6
block 56 6
block 57 6
block 58 6
block 59 6
block 60 6
block 7 7
block 8 7
block 9 7
block 10 7
block 15 7
block 16 7
block 17 7
block 18 7
block 19 7
block 20 7
block 21 7
block 22 7
block 23 7
block 24 7
block 56 7
block 57 7
block 58 7
block 59 7
block 60 7
block 71 7
block 72 7
block 15 8
block 16 8
block 17 8
block 18 8
block 19 8
block 20 8
block 21 8
block 22 8
block 23 8
block 24 8
block 71 8
block 72 8
block 15 9
block 16 9
block 17 9
block 18 9
block 19 9
block 20 9
block 21 9
block 22 9
block 23 9
block 24 9
block 71 9
block 72 9
block 15 10
block 16 10
block 17 10
block 18 10
block 19 10
block 20 10
block 21 10
block 22 10
block 23 10
block 24 10
block 71 10
block 72 10
block 15 11
block 16 11
block 17 11
block 18 11
block 19 11
block 20 11
block 71 11
block 72 11
block 15 12
block 16 12
block 17 12
block 18 12
block 19 12
block 20 12
block 71 12
block 72 12
block 71 13
block 72 13
block 36 17
block 37 17
block 38 17
block 39 17
block 40 17
block 36 18
block 37 18
block 38 18
block 39 18
block 40 18
block 18 20
block 19 20
block 20 20
block 21 20
block 22 20
block 18 21
block 19 21
block 20 21
block 21 21
block 22 21
block 33 26
block 34 26
block 35 26
block 36 26
block 37 26
block 33 27
block 34 27
block 35 27
block 36 27
block 37 27
block 33 28
block 34 28
block 35 28
block 36 28
block 37 28
##BotsAndCoinsInfo
bot_name 0 theBest
bot 0 17 28
bot_coins 0 0
coin 14 10
coin 59 20
round 1
bot 0 18 28
round 2
bot 0 19 28
round 3
bot 0 20 28
round 4
bot 0 21 28
round 5
bot 0 22 28
coin 2 23
coin 71 6
round 6
bot 0 23 28
round 7
bot 0 24 28
round 8
bot 0 25 28
round 9
bot 0 26 28
round 10
bot 0 27 28
coin 48 28
coin 25 2
round 11
bot 0 28 28
round 12
bot 0 29 28
round 13
bot 0 30 28
round 14
bot 0 31 28
round 15
bot 0 32 28
coin 11 1
coin 62 29
round 16
round 17
round 18
round 19
round 20
coin 55 3
coin 18 27
round 21
round 22
round 23
round 24
round 25
coin 64 0
coin 9 30
round 26
round 27
round 28
round 29
round 30
coin 24 27
coin 49 3
round 31
round 32
round 33
round 34
round 35
coin 48 19
coin 25 11
round 36
round 37
round 38
round 39
round 40
coin 30 21
coin 43 9
round 41
round 42
round 43
round 44
round 45
coin 65 19
coin 8 11
round 46
round 47
round 48
round 49
round 50
coin 62 8
coin 11 22
round 51
round 52
round 53
round 54
round 55
coin 40 19
coin 33 11
round 56
round 57
round 58
round 59
round 60
coin 7 18
coin 66 12
round 61
round 62
round 63
round 64
round 65
coin 44 18
coin 29 12
round 66
round 67
round 68
round 69
round 70
coin 19 22
coin 54 8
round 71
round 72
round 73
round 74
round 75
coin 68 26
coin 5 4
round 76
round 77
round 78
round 79
round 80
coin 20 17
coin 53 13
round 81
round 82
round 83
round 84
round 85
coin 37 22
coin 36 8
round 86
round 87
round 88
round 89
round 90
coin 10 20
coin 63 10
round 91
round 92
round 93
round 94
round 95
coin 59 24
coin 14 6
round 96
round 97
round 98
round 99
round 100
coin 23 19
coin 50 11
round 101
round 102
round 103
round 104
round 105
coin 17 6
coin 56 24
round 106
round 107
round 108
round 109
round 110
coin 1 12
coin 72 18
round 111
round 112
round 113
round 114
round 115
coin 57 29
coin 16 1
round 116
round 117
round 118
round 119
round 120
coin 65 4
coin 8 26
round 121
round 122
round 123
round 124
round 125
coin 71 30
coin 2 0
round 126
round 127
round 128
round 129
round 130
coin 40 1
coin 33 29
round 131
bot 0 33 29
coin_collected 33 29 0
bot_coins 0 1
round 132
bot 0 34 29
round 133
bot 0 35 29
round 134
bot 0 36 29
round 135
bot 0 37 30
coin 73 11
coin 0 19
round 136
bot 0 38 29
round 137
bot 0 39 28
round 138
bot 0 40 27
round 139
bot 0 40 26
round 140
bot 0 39 25
coin 51 22
coin 22 11
round 141
bot 0 38 24
round 142
bot 0 37 23
coin_collected 37 22 0
bot_coins 0 2
round 143
bot 0 38 22
round 144
bot 0 39 21
round 145
bot 0 40 20
coin_collected 40 19 0
bot_coins 0 3
coin 45 14
coin 28 16
round 146
bot 0 41 19
round 147
bot 0 42 18
round 148
bot 0 43 18
coin_collected 44 18 0
bot_coins 0 4
round 149
bot 0 44 17
round 150
bot 0 45 16
coin 67 22
coin 6 8
round 151
bot 0 45 15
coin_collected 45 14 0
bot_coins 0 5
round 152
bot 0 46 16
round 153
bot 0 47 17
round 154
bot 0 48 18
coin_collected 48 19 0
bot_coins 0 6
round 155
bot 0 49 19
coin 62 22
coin 11 8
round 156
bot 0 50 20
round 157
bot 0 51 21
coin_collected 51 22 0
bot_coins 0 7
round 158
bot 0 52 21
round 159
bot 0 53 22
round 160
bot 0 54 23
coin 56 27
coin 17 3
round 161
bot 0 55 24
coin_collected 56 24 0
bot_coins 0 8
round 162
bot 0 56 25
round 163
bot 0 56 26
coin_collected 56 27 0
bot_coins 0 9
round 164
bot 0 57 27
round 165
bot 0 57 28
coin_collected 57 29 0
bot_coins 0 10
coin 36 7
coin 37 23
round 166
bot 0 58 27
round 167
bot 0 59 26
round 168
bot 0 59 25
coin_collected 59 24 0
bot_coins 0 11
round 169
bot 0 60 24
round 170
bot 0 61 23
coin 31 4
coin 42 26
round 171
bot 0 62 22
coin_collected 62 22 0
bot_coins 0 12
round 172
bot 0 61 21
round 173
bot 0 60 20
coin_collected 59 20 0
bot_coins 0 13
round 174
bot 0 61 20
round 175
bot 0 62 19
coin 14 17
coin 59 13
round 176
bot 0 63 19
round 177
bot 0 64 19
coin_collected 65 19 0
bot_coins 0 14
round 178
bot 0 65 20
round 179
bot 0 66 21
round 180
bot 0 67 22
coin_collected 67 22 0
bot_coins 0 15
coin 17 2
coin 56 28
round 181
bot 0 68 23
round 182
bot 0 68 24
round 183
bot 0 68 25
coin_collected 68 26 0
bot_coins 0 16
round 184
bot 0 67 25
round 185
bot 0 68 25
coin 10 30
coin 63 0
round 186
bot 0 67 25
round 187
bot 0 68 25
round 188
bot 0 67 25
round 189
bot 0 68 25
round 190
bot 0 67 25
coin 50 13
coin 23 17
round 191
bot 0 68 25
round 192
bot 0 67 25
round 193
bot 0 68 25
round 194
bot 0 67 25
round 195
bot 0 68 25
coin 65 20
coin 8 10
round 196
bot 0 67 25
round 197
bot 0 68 25
round 198
bot 0 67 25
round 199
bot 0 68 25
round 200
bot 0 67 25
coin 56 22
coin 16 6
match_over 0
