match
match_id 1639504356088_ah
match_time 1639504356097
num_bots 1
##MatchConfig
mode FRIENDLY
num_rounds 200
random_seed 42
move_time_limit 1000
coin_spawn_period 5
coin_spawn_volume 2
##MapConfig
map_size 58 23
view_radius 6
mining_radius 1
attack_radius 4
block 6 0
block 7 0
block 8 0
block 9 0
block 10 0
block 11 0
block 12 0
block 13 0
block 14 0
block 15 0
block 16 0
block 17 0
block 22 0
block 23 0
block 24 0
block 25 0
block 26 0
block 40 0
block 41 0
block 42 0
block 43 0
block 49 0
block 50 0
block 51 0
block 52 0
block 11 1
block 12 1
block 13 1
block 14 1
block 15 1
block 16 1
block 17 1
block 22 1
block 23 1
block 40 1
block 41 1
block 42 1
block 43 1
block 11 2
block 12 2
block 13 2
block 14 2
block 15 2
block 16 2
block 17 2
block 18 2
block 19 2
block 20 2
block 21 2
block 22 2
block 23 2
block 17 3
block 18 3
block 19 3
block 20 3
block 21 3
block 22 3
block 23 3
block 17 4
block 18 4
block 19 4
block 20 4
block 21 4
block 22 4
block 23 4
block 27 4
block 28 4
block 8 5
block 9 5
block 10 5
block 11 5
block 12 5
block 13 5
block 14 5
block 22 5
block 23 5
block 27 5
block 28 5
block 8 6
block 9 6
block 10 6
block 11 6
block 12 6
block 13 6
block 14 6
block 27 6
block 28 6
block 5 7
block 6 7
block 7 7
block 8 7
block 9 7
block 5 8
block 6 8
block 7 8
block 8 8
block 9 8
block 23 8
block 24 8
block 25 8
block 26 8
block 27 8
block 28 8
block 6 9
block 7 9
block 23 9
block 24 9
block 25 9
block 26 9
block 27 9
block 28 9
block 6 10
block 7 10
block 23 10
block 24 10
block 25 10
block 26 10
block 27 10
block 28 10
block 29 10
block 30 10
block 31 10
block 32 10
block 34 10
block 35 10
block 36 10
block 37 10
block 6 11
block 7 11
block 23 11
block 24 11
block 25 11
block 26 11
block 27 11
block 28 11
block 29 11
block 30 11
block 31 11
block 32 11
block 34 11
block 35 11
block 36 11
block 37 11
block 55 11
block 56 11
block 57 11
block 0 12
block 1 12
block 6 12
block 7 12
block 23 12
block 24 12
block 25 12
block 26 12
block 27 12
block 28 12
block 34 12
block 35 12
block 36 12
block 37 12
block 55 12
block 56 12
block 57 12
block 0 13
block 1 13
block 3 13
block 4 13
block 5 13
block 6 13
block 7 13
block 8 13
block 23 13
block 24 13
block 25 13
block 26 13
block 27 13
block 28 13
block 34 13
block 35 13
block 36 13
block 37 13
block 3 14
block 4 14
block 5 14
block 6 14
block 7 14
block 8 14
block 23 14
block 24 14
block 25 14
block 26 14
block 27 14
block 28 14
block 34 14
block 35 14
block 36 14
block 37 14
block 3 15
block 4 15
block 5 15
block 6 15
block 7 15
block 8 15
block 3 16
block 4 16
block 5 16
block 6 16
block 7 16
block 8 16
block 11 16
block 12 16
block 3 17
block 4 17
block 5 17
block 6 17
block 7 17
block 8 17
block 11 17
block 12 17
block 23 17
block 24 17
block 25 17
block 26 17
block 27 17
block 28 17
block 39 17
block 40 17
block 41 17
block 42 17
block 43 17
block 11 18
block 12 18
block 23 18
block 24 18
block 25 18
block 26 18
block 27 18
block 28 18
block 39 18
block 40 18
block 41 18
block 42 18
block 43 18
block 3 19
block 4 19
block 5 19
block 6 19
block 7 19
block 8 19
block 9 19
block 10 19
block 11 19
block 12 19
block 23 19
block 24 19
block 25 19
block 26 19
block 27 19
block 28 19
block 30 19
block 31 19
block 32 19
block 33 19
block 34 19
block 39 19
block 40 19
block 41 19
block 42 19
block 43 19
block 3 20
block 4 20
block 5 20
block 6 20
block 7 20
block 8 20
block 9 20
block 10 20
block 11 20
block 12 20
block 23 20
block 24 20
block 25 20
block 26 20
block 27 20
block 30 20
block 31 20
block 32 20
block 33 20
block 34 20
block 39 20
block 40 20
block 41 20
block 42 20
block 43 20
block 49 20
block 50 20
block 51 20
block 52 20
block 3 21
block 4 21
block 5 21
block 6 21
block 7 21
block 8 21
block 9 21
block 10 21
block 11 21
block 13 21
block 14 21
block 23 21
block 24 21
block 25 21
block 26 21
block 27 21
block 30 21
block 31 21
block 32 21
block 33 21
block 34 21
block 39 21
block 40 21
block 41 21
block 42 21
block 43 21
block 46 21
block 47 21
block 48 21
block 49 21
block 50 21
block 51 21
block 52 21
block 3 22
block 4 22
block 5 22
block 6 22
block 7 22
block 8 22
block 9 22
block 10 22
block 11 22
block 13 22
block 14 22
block 22 22
block 23 22
block 24 22
block 25 22
block 26 22
block 27 22
block 39 22
block 40 22
block 41 22
block 42 22
block 43 22
block 46 22
block 47 22
block 48 22
block 49 22
block 50 22
block 51 22
block 52 22
##BotsAndCoinsInfo
bot_name 0 theBest
bot 0 18 5
bot_coins 0 0
coin 44 4
coin 13 18
round 1
round 2
round 3
match_over 0
round 4
