match
match_id 1639523578895_aa
match_time 1639523578944
num_bots 1
##MatchConfig
mode FRIENDLY
num_rounds 200
random_seed 42
move_time_limit 1000
coin_spawn_period 5
coin_spawn_volume 2
##MapConfig
map_size 75 23
view_radius 6
mining_radius 1
attack_radius 4
block 3 0
block 4 0
block 5 0
block 6 0
block 7 0
block 17 0
block 18 0
block 19 0
block 20 0
block 21 0
block 22 0
block 23 0
block 29 0
block 30 0
block 32 0
block 33 0
block 34 0
block 35 0
block 36 0
block 37 0
block 38 0
block 47 0
block 48 0
block 49 0
block 50 0
block 51 0
block 52 0
block 61 0
block 62 0
block 63 0
block 64 0
block 65 0
block 67 0
block 68 0
block 69 0
block 3 1
block 4 1
block 5 1
block 6 1
block 7 1
block 17 1
block 18 1
block 19 1
block 20 1
block 21 1
block 22 1
block 23 1
block 29 1
block 30 1
block 32 1
block 33 1
block 34 1
block 35 1
block 36 1
block 37 1
block 38 1
block 61 1
block 62 1
block 63 1
block 64 1
block 65 1
block 67 1
block 68 1
block 69 1
block 3 2
block 4 2
block 5 2
block 6 2
block 7 2
block 18 2
block 19 2
block 20 2
block 21 2
block 22 2
block 23 2
block 24 2
block 27 2
block 28 2
block 29 2
block 30 2
block 61 2
block 62 2
block 63 2
block 64 2
block 65 2
block 66 2
block 67 2
block 68 2
block 69 2
block 70 2
block 71 2
block 72 2
block 3 3
block 4 3
block 5 3
block 6 3
block 7 3
block 18 3
block 19 3
block 20 3
block 21 3
block 22 3
block 23 3
block 24 3
block 27 3
block 28 3
block 29 3
block 30 3
block 31 3
block 32 3
block 61 3
block 62 3
block 63 3
block 64 3
block 65 3
block 66 3
block 67 3
block 68 3
block 69 3
block 70 3
block 71 3
block 72 3
block 3 4
block 4 4
block 5 4
block 6 4
block 7 4
block 8 4
block 9 4
block 10 4
block 11 4
block 18 4
block 19 4
block 20 4
block 21 4
block 22 4
block 23 4
block 24 4
block 25 4
block 26 4
block 27 4
block 28 4
block 29 4
block 30 4
block 31 4
block 32 4
block 61 4
block 62 4
block 63 4
block 64 4
block 65 4
block 66 4
block 67 4
block 68 4
block 69 4
block 70 4
block 71 4
block 72 4
block 3 5
block 4 5
block 5 5
block 6 5
block 7 5
block 8 5
block 9 5
block 10 5
block 11 5
block 18 5
block 19 5
block 20 5
block 21 5
block 22 5
block 23 5
block 24 5
block 25 5
block 26 5
block 27 5
block 28 5
block 29 5
block 30 5
block 31 5
block 32 5
block 66 5
block 67 5
block 68 5
block 69 5
block 70 5
block 71 5
block 72 5
block 3 6
block 4 6
block 5 6
block 6 6
block 7 6
block 8 6
block 9 6
block 10 6
block 11 6
block 18 6
block 19 6
block 20 6
block 21 6
block 22 6
block 23 6
block 24 6
block 25 6
block 26 6
block 27 6
block 28 6
block 29 6
block 30 6
block 31 6
block 32 6
block 66 6
block 67 6
block 68 6
block 69 6
block 70 6
block 71 6
block 72 6
block 7 7
block 8 7
block 9 7
block 10 7
block 11 7
block 25 7
block 26 7
block 27 7
block 28 7
block 30 7
block 31 7
block 32 7
block 7 8
block 8 8
block 9 8
block 10 8
block 11 8
block 12 8
block 13 8
block 14 8
block 30 8
block 31 8
block 32 8
block 7 9
block 8 9
block 9 9
block 10 9
block 11 9
block 12 9
block 13 9
block 14 9
block 30 9
block 31 9
block 32 9
block 42 9
block 43 9
block 5 10
block 6 10
block 7 10
block 12 10
block 13 10
block 14 10
block 42 10
block 43 10
block 44 10
block 5 11
block 6 11
block 7 11
block 12 11
block 13 11
block 14 11
block 42 11
block 43 11
block 44 11
block 5 12
block 6 12
block 7 12
block 12 12
block 13 12
block 14 12
block 42 12
block 43 12
block 42 13
block 43 13
block 54 13
block 55 13
block 56 13
block 57 13
block 58 13
block 59 13
block 42 14
block 43 14
block 54 14
block 55 14
block 56 14
block 57 14
block 58 14
block 59 14
block 0 15
block 1 15
block 2 15
block 3 15
block 4 15
block 5 15
block 28 15
block 29 15
block 30 15
block 31 15
block 32 15
block 42 15
block 43 15
block 54 15
block 55 15
block 56 15
block 57 15
block 58 15
block 59 15
block 60 15
block 0 16
block 1 16
block 2 16
block 3 16
block 4 16
block 5 16
block 13 16
block 14 16
block 15 16
block 16 16
block 17 16
block 18 16
block 19 16
block 28 16
block 29 16
block 30 16
block 31 16
block 32 16
block 54 16
block 55 16
block 56 16
block 57 16
block 58 16
block 59 16
block 60 16
block 13 17
block 14 17
block 15 17
block 16 17
block 17 17
block 18 17
block 19 17
block 28 17
block 29 17
block 30 17
block 31 17
block 32 17
block 48 17
block 49 17
block 50 17
block 51 17
block 54 17
block 55 17
block 56 17
block 57 17
block 58 17
block 59 17
block 60 17
block 4 18
block 5 18
block 13 18
block 14 18
block 15 18
block 16 18
block 17 18
block 18 18
block 19 18
block 28 18
block 29 18
block 30 18
block 31 18
block 32 18
block 47 18
block 48 18
block 49 18
block 50 18
block 51 18
block 52 18
block 54 18
block 55 18
block 56 18
block 57 18
block 58 18
block 59 18
block 60 18
block 0 19
block 4 19
block 5 19
block 13 19
block 14 19
block 15 19
block 16 19
block 17 19
block 18 19
block 19 19
block 28 19
block 29 19
block 30 19
block 31 19
block 32 19
block 47 19
block 48 19
block 49 19
block 50 19
block 51 19
block 52 19
block 72 19
block 73 19
block 74 19
block 0 20
block 4 20
block 5 20
block 13 20
block 14 20
block 15 20
block 16 20
block 17 20
block 18 20
block 19 20
block 28 20
block 29 20
block 30 20
block 31 20
block 32 20
block 47 20
block 48 20
block 49 20
block 50 20
block 51 20
block 52 20
block 72 20
block 73 20
block 74 20
block 0 21
block 4 21
block 5 21
block 13 21
block 14 21
block 15 21
block 16 21
block 17 21
block 18 21
block 19 21
block 28 21
block 29 21
block 30 21
block 31 21
block 32 21
block 47 21
block 48 21
block 49 21
block 50 21
block 51 21
block 52 21
block 67 21
block 68 21
block 69 21
block 72 21
block 73 21
block 74 21
block 4 22
block 5 22
block 13 22
block 14 22
block 15 22
block 16 22
block 17 22
block 18 22
block 19 22
block 20 22
block 21 22
block 22 22
block 23 22
block 32 22
block 33 22
block 34 22
block 35 22
block 36 22
block 37 22
block 38 22
block 47 22
block 48 22
block 49 22
block 50 22
block 51 22
block 52 22
block 61 22
block 62 22
block 63 22
block 64 22
block 65 22
block 67 22
block 68 22
block 69 22
##BotsAndCoinsInfo
bot_name 0 theBest
bot 0 26 20
bot_coins 0 0
coin 2 4
coin 72 18
round 1
bot 0 26 21
round 2
bot 0 26 22
round 3
bot 0 27 22
round 4
bot 0 28 22
round 5
bot 0 29 22
coin 48 10
coin 26 12
round 6
bot 0 30 22
round 7
bot 0 31 22
round 8
round 9
round 10
coin 45 4
coin 27 18
round 11
round 12
round 13
round 14
round 15
coin 6 20
coin 70 1
round 16
round 17
round 18
round 19
round 20
coin 19 14
coin 55 8
round 21
round 22
round 23
round 24
round 25
coin 33 15
coin 41 7
round 26
round 27
round 28
round 29
round 30
coin 53 21
coin 21 21
round 31
round 32
round 33
round 34
round 35
coin 26 8
coin 48 14
round 36
round 37
round 38
round 39
round 40
coin 6 15
coin 68 7
round 41
round 42
round 43
round 44
round 45
coin 43 16
coin 33 6
round 46
round 47
round 48
round 49
round 50
coin 50 1
coin 24 21
round 51
round 52
round 53
round 54
round 55
coin 26 21
coin 48 1
round 56
round 57
round 58
round 59
round 60
coin 70 0
coin 3 22
round 61
round 62
round 63
round 64
round 65
coin 55 20
coin 17 2
round 66
round 67
round 68
round 69
round 70
coin 37 11
coin 37 12
round 71
round 72
round 73
round 74
round 75
coin 55 4
coin 20 18
round 76
round 77
round 78
round 79
round 80
coin 5 7
coin 69 15
round 81
round 82
round 83
round 84
round 85
coin 17 15
coin 57 7
round 86
round 87
round 88
round 89
round 90
coin 12 7
coin 62 15
round 91
round 92
round 93
round 94
round 95
coin 13 1
coin 61 21
round 96
round 97
round 98
round 99
round 100
coin 27 16
coin 47 6
round 101
round 102
round 103
round 104
round 105
coin 24 22
coin 51 1
round 106
round 107
round 108
round 109
round 110
coin 50 14
coin 24 8
round 111
round 112
round 113
round 114
round 115
coin 7 16
coin 67 7
round 116
round 117
round 118
round 119
round 120
coin 8 3
coin 66 19
round 121
round 122
round 123
round 124
round 125
coin 43 3
coin 33 19
round 126
round 127
round 128
round 129
round 130
coin 6 7
coin 68 15
round 131
round 132
round 133
round 134
round 135
coin 35 12
coin 39 10
round 136
round 137
round 138
round 139
round 140
coin 13 6
coin 61 16
round 141
round 142
round 143
round 144
round 145
coin 36 21
coin 39 1
round 146
round 147
round 148
round 149
round 150
coin 24 1
coin 53 22
round 151
round 152
round 153
round 154
round 155
coin 2 17
coin 73 5
round 156
round 157
round 158
round 159
round 160
coin 44 1
coin 30 22
round 161
coin_collected 30 22 0
bot_coins 0 1
round 162
round 163
round 164
round 165
coin 23 7
coin 51 15
round 166
round 167
round 168
round 169
round 170
coin 0 11
coin 74 11
round 171
round 172
round 173
round 174
round 175
coin 40 10
coin 34 12
round 176
round 177
round 178
round 179
round 180
coin 28 1
coin 46 21
round 181
round 182
round 183
round 184
round 185
coin 73 18
coin 1 4
round 186
round 187
round 188
round 189
round 190
coin 11 2
coin 63 20
round 191
round 192
round 193
round 194
round 195
coin 50 7
coin 24 15
round 196
round 197
round 198
round 199
round 200
coin 1 11
coin 73 11
match_over 0
