match
match_id 1639564871081_be
match_time 1639564871088
num_bots 1
##MatchConfig
mode FRIENDLY
num_rounds 200
random_seed 42
move_time_limit 1000
coin_spawn_period 5
coin_spawn_volume 2
##MapConfig
map_size 68 36
view_radius 5
mining_radius 1
attack_radius 4
block 33 0
block 34 0
block 35 0
block 36 0
block 37 0
block 38 0
block 54 0
block 55 0
block 56 0
block 0 1
block 1 1
block 33 1
block 34 1
block 35 1
block 36 1
block 37 1
block 38 1
block 54 1
block 55 1
block 56 1
block 60 1
block 61 1
block 64 1
block 65 1
block 66 1
block 67 1
block 0 2
block 1 2
block 33 2
block 34 2
block 35 2
block 36 2
block 37 2
block 38 2
block 54 2
block 55 2
block 56 2
block 60 2
block 61 2
block 64 2
block 65 2
block 66 2
block 67 2
block 0 3
block 1 3
block 54 3
block 55 3
block 56 3
block 60 3
block 61 3
block 62 3
block 63 3
block 64 3
block 65 3
block 66 3
block 67 3
block 0 4
block 1 4
block 54 4
block 55 4
block 56 4
block 60 4
block 61 4
block 62 4
block 63 4
block 64 4
block 65 4
block 66 4
block 67 4
block 0 5
block 1 5
block 14 5
block 15 5
block 16 5
block 17 5
block 18 5
block 19 5
block 54 5
block 55 5
block 56 5
block 60 5
block 61 5
block 62 5
block 63 5
block 64 5
block 65 5
block 66 5
block 67 5
block 0 6
block 1 6
block 14 6
block 15 6
block 16 6
block 17 6
block 18 6
block 19 6
block 60 6
block 61 6
block 62 6
block 63 6
block 64 6
block 65 6
block 66 6
block 67 6
block 0 7
block 1 7
block 14 7
block 15 7
block 16 7
block 17 7
block 18 7
block 19 7
block 60 7
block 61 7
block 62 7
block 63 7
block 64 7
block 65 7
block 66 7
block 67 7
block 14 8
block 15 8
block 16 8
block 17 8
block 18 8
block 19 8
block 60 8
block 61 8
block 62 8
block 63 8
block 14 9
block 15 9
block 16 9
block 17 9
block 18 9
block 19 9
block 27 9
block 28 9
block 14 10
block 15 10
block 16 10
block 17 10
block 18 10
block 19 10
block 27 10
block 28 10
block 8 11
block 9 11
block 10 11
block 11 11
block 18 11
block 19 11
block 27 11
block 28 11
block 8 12
block 9 12
block 10 12
block 11 12
block 18 12
block 19 12
block 27 12
block 28 12
block 8 13
block 9 13
block 10 13
block 11 13
block 18 13
block 19 13
block 27 13
block 28 13
block 18 14
block 19 14
block 27 14
block 28 14
block 18 15
block 19 15
block 27 15
block 28 15
block 9 16
block 10 16
block 11 16
block 12 16
block 13 16
block 14 16
block 9 17
block 10 17
block 11 17
block 12 17
block 13 17
block 14 17
block 9 18
block 10 18
block 11 18
block 12 18
block 13 18
block 14 18
block 9 19
block 10 19
block 11 19
block 12 19
block 13 19
block 14 19
block 9 20
block 10 20
block 11 20
block 12 20
block 13 20
block 14 20
block 43 20
block 44 20
block 45 20
block 46 20
block 47 20
block 48 20
block 49 20
block 9 21
block 10 21
block 11 21
block 12 21
block 13 21
block 14 21
block 30 21
block 31 21
block 32 21
block 33 21
block 43 21
block 44 21
block 45 21
block 46 21
block 47 21
block 48 21
block 49 21
block 9 22
block 10 22
block 11 22
block 12 22
block 13 22
block 14 22
block 30 22
block 31 22
block 32 22
block 33 22
block 43 22
block 44 22
block 45 22
block 46 22
block 47 22
block 48 22
block 49 22
block 55 22
block 56 22
block 57 22
block 30 23
block 31 23
block 32 23
block 33 23
block 43 23
block 44 23
block 45 23
block 46 23
block 47 23
block 48 23
block 49 23
block 55 23
block 56 23
block 57 23
block 55 24
block 56 24
block 57 24
block 55 25
block 56 25
block 57 25
block 55 26
block 56 26
block 57 26
block 45 27
block 46 27
block 47 27
block 48 27
block 49 27
block 55 27
block 56 27
block 57 27
block 33 28
block 34 28
block 35 28
block 36 28
block 37 28
block 45 28
block 46 28
block 47 28
block 48 28
block 49 28
block 50 28
block 51 28
block 55 28
block 56 28
block 57 28
block 33 29
block 34 29
block 35 29
block 36 29
block 37 29
block 45 29
block 46 29
block 47 29
block 48 29
block 49 29
block 50 29
block 51 29
block 33 30
block 34 30
block 35 30
block 36 30
block 37 30
block 45 30
block 46 30
block 47 30
block 48 30
block 49 30
block 50 30
block 51 30
block 33 31
block 34 31
block 35 31
block 36 31
block 37 31
block 45 31
block 46 31
block 47 31
block 48 31
block 49 31
block 50 31
block 51 31
block 33 32
block 34 32
block 35 32
block 36 32
block 37 32
block 38 32
block 45 32
block 46 32
block 47 32
block 48 32
block 49 32
block 50 32
block 51 32
block 33 33
block 34 33
block 35 33
block 36 33
block 37 33
block 38 33
block 46 33
block 47 33
block 48 33
block 49 33
block 50 33
block 51 33
block 18 34
block 19 34
block 20 34
block 21 34
block 22 34
block 23 34
block 24 34
block 33 34
block 34 34
block 35 34
block 36 34
block 37 34
block 38 34
block 46 34
block 47 34
block 48 34
block 49 34
block 50 34
block 51 34
block 18 35
block 19 35
block 20 35
block 21 35
block 22 35
block 23 35
block 24 35
block 33 35
block 34 35
block 35 35
block 36 35
block 37 35
block 38 35
##BotsAndCoinsInfo
bot_name 0 theBest
bot 0 1 33
bot_coins 0 0
coin 26 3
coin 41 32
round 1
round 2
round 3
match_over 0
round 4
