match
match_id 1639564993097_bg
match_time 1639564993104
num_bots 1
##MatchConfig
mode FRIENDLY
num_rounds 200
random_seed 42
move_time_limit 1000
coin_spawn_period 5
coin_spawn_volume 2
##MapConfig
map_size 65 27
view_radius 5
mining_radius 1
attack_radius 3
block 0 0
block 1 0
block 2 0
block 3 0
block 10 0
block 11 0
block 12 0
block 13 0
block 14 0
block 15 0
block 30 0
block 31 0
block 32 0
block 33 0
block 34 0
block 35 0
block 36 0
block 44 0
block 45 0
block 46 0
block 47 0
block 48 0
block 49 0
block 50 0
block 63 0
block 64 0
block 1 1
block 2 1
block 3 1
block 6 1
block 7 1
block 8 1
block 23 1
block 24 1
block 25 1
block 26 1
block 27 1
block 28 1
block 29 1
block 30 1
block 31 1
block 32 1
block 33 1
block 34 1
block 35 1
block 36 1
block 5 2
block 6 2
block 7 2
block 8 2
block 9 2
block 23 2
block 24 2
block 25 2
block 26 2
block 27 2
block 28 2
block 29 2
block 30 2
block 31 2
block 32 2
block 33 2
block 34 2
block 35 2
block 36 2
block 49 2
block 50 2
block 51 2
block 5 3
block 6 3
block 7 3
block 8 3
block 9 3
block 10 3
block 23 3
block 24 3
block 25 3
block 26 3
block 27 3
block 28 3
block 29 3
block 33 3
block 34 3
block 49 3
block 50 3
block 51 3
block 6 4
block 7 4
block 8 4
block 9 4
block 10 4
block 23 4
block 24 4
block 25 4
block 26 4
block 27 4
block 28 4
block 29 4
block 30 4
block 33 4
block 34 4
block 49 4
block 50 4
block 51 4
block 5 5
block 6 5
block 7 5
block 8 5
block 9 5
block 10 5
block 23 5
block 24 5
block 25 5
block 26 5
block 27 5
block 28 5
block 29 5
block 30 5
block 33 5
block 34 5
block 49 5
block 50 5
block 51 5
block 52 5
block 53 5
block 54 5
block 55 5
block 56 5
block 57 5
block 58 5
block 59 5
block 60 5
block 61 5
block 62 5
block 5 6
block 6 6
block 7 6
block 8 6
block 9 6
block 10 6
block 33 6
block 34 6
block 52 6
block 53 6
block 54 6
block 55 6
block 56 6
block 57 6
block 58 6
block 59 6
block 60 6
block 61 6
block 62 6
block 5 7
block 6 7
block 7 7
block 8 7
block 9 7
block 10 7
block 33 7
block 34 7
block 52 7
block 53 7
block 54 7
block 55 7
block 56 7
block 57 7
block 58 7
block 59 7
block 60 7
block 61 7
block 62 7
block 5 8
block 6 8
block 7 8
block 8 8
block 52 8
block 53 8
block 54 8
block 55 8
block 56 8
block 57 8
block 58 8
block 59 8
block 60 8
block 61 8
block 62 8
block 52 9
block 53 9
block 54 9
block 55 9
block 56 9
block 57 9
block 58 9
block 59 9
block 60 9
block 61 9
block 62 9
block 52 10
block 53 10
block 54 10
block 55 10
block 56 10
block 57 10
block 58 10
block 59 10
block 60 10
block 61 10
block 62 10
block 52 11
block 53 11
block 54 11
block 55 11
block 56 11
block 57 11
block 58 11
block 59 11
block 60 11
block 61 11
block 62 11
block 17 12
block 18 12
block 19 12
block 20 12
block 60 12
block 61 12
block 62 12
block 63 12
block 64 12
block 4 13
block 5 13
block 6 13
block 17 13
block 18 13
block 19 13
block 20 13
block 47 13
block 48 13
block 49 13
block 50 13
block 51 13
block 52 13
block 60 13
block 61 13
block 62 13
block 63 13
block 64 13
block 4 14
block 5 14
block 6 14
block 17 14
block 18 14
block 19 14
block 20 14
block 26 14
block 27 14
block 28 14
block 47 14
block 48 14
block 49 14
block 50 14
block 51 14
block 52 14
block 60 14
block 61 14
block 62 14
block 63 14
block 64 14
block 17 15
block 18 15
block 19 15
block 20 15
block 26 15
block 27 15
block 28 15
block 37 15
block 38 15
block 60 15
block 61 15
block 62 15
block 63 15
block 64 15
block 17 16
block 18 16
block 19 16
block 20 16
block 37 16
block 38 16
block 39 16
block 40 16
block 60 16
block 61 16
block 62 16
block 63 16
block 64 16
block 39 17
block 40 17
block 43 17
block 44 17
block 45 17
block 46 17
block 47 17
block 48 17
block 49 17
block 60 17
block 61 17
block 62 17
block 63 17
block 64 17
block 39 18
block 40 18
block 43 18
block 44 18
block 45 18
block 46 18
block 47 18
block 48 18
block 49 18
block 22 19
block 23 19
block 24 19
block 25 19
block 26 19
block 27 19
block 28 19
block 39 19
block 40 19
block 43 19
block 44 19
block 45 19
block 46 19
block 47 19
block 48 19
block 49 19
block 22 20
block 23 20
block 24 20
block 25 20
block 26 20
block 27 20
block 28 20
block 39 20
block 40 20
block 43 20
block 44 20
block 45 20
block 46 20
block 47 20
block 48 20
block 49 20
block 22 21
block 23 21
block 24 21
block 25 21
block 26 21
block 27 21
block 28 21
block 43 21
block 44 21
block 45 21
block 46 21
block 47 21
block 48 21
block 49 21
block 0 22
block 22 22
block 23 22
block 24 22
block 25 22
block 26 22
block 27 22
block 28 22
block 63 22
block 64 22
block 0 23
block 1 23
block 2 23
block 3 23
block 22 23
block 23 23
block 24 23
block 25 23
block 26 23
block 27 23
block 28 23
block 63 23
block 64 23
block 0 24
block 1 24
block 2 24
block 3 24
block 10 24
block 11 24
block 12 24
block 13 24
block 14 24
block 15 24
block 22 24
block 23 24
block 24 24
block 25 24
block 26 24
block 27 24
block 28 24
block 63 24
block 64 24
block 0 25
block 1 25
block 2 25
block 3 25
block 10 25
block 11 25
block 12 25
block 13 25
block 14 25
block 15 25
block 63 25
block 64 25
block 0 26
block 1 26
block 2 26
block 3 26
block 10 26
block 11 26
block 12 26
block 13 26
block 14 26
block 15 26
block 30 26
block 31 26
block 32 26
block 33 26
block 34 26
block 35 26
block 36 26
block 44 26
block 45 26
block 46 26
block 47 26
block 48 26
block 49 26
block 50 26
block 63 26
block 64 26
##BotsAndCoinsInfo
bot_name 0 theBest
bot 0 52 1
bot_coins 0 0
coin 0 3
coin 62 23
round 1
bot 0 53 1
round 2
bot 0 54 1
round 3
bot 0 55 1
round 4
bot 0 56 0
round 5
bot 0 57 0
coin 48 16
coin 16 10
round 6
bot 0 58 0
round 7
bot 0 59 0
round 8
bot 0 60 1
round 9
bot 0 61 0
round 10
bot 0 62 1
coin 0 16
coin 64 10
round 11
bot 0 61 2
round 12
bot 0 60 3
round 13
bot 0 59 3
round 14
bot 0 60 4
round 15
bot 0 61 4
coin 0 20
coin 64 6
round 16
bot 0 62 4
round 17
bot 0 63 5
round 18
bot 0 64 6
coin_collected 64 6 0
bot_coins 0 1
round 19
bot 0 0 7
round 20
bot 0 1 8
coin 30 3
coin 34 23
round 21
bot 0 2 9
round 22
bot 0 3 10
round 23
bot 0 4 10
round 24
bot 0 5 10
round 25
bot 0 6 10
coin 52 26
coin 12 1
round 26
bot 0 7 9
round 27
bot 0 8 9
round 28
bot 0 9 9
round 29
bot 0 10 9
round 30
bot 0 11 8
coin 21 9
coin 43 16
round 31
bot 0 12 8
round 32
bot 0 13 9
round 33
bot 0 14 10
round 34
bot 0 15 10
coin_collected 16 10 0
bot_coins 0 2
round 35
bot 0 16 10
coin 46 5
coin 18 21
round 36
bot 0 17 10
round 37
bot 0 18 9
round 38
bot 0 19 9
round 39
bot 0 20 9
coin_collected 21 9 0
bot_coins 0 3
round 40
bot 0 21 8
coin 63 6
coin 1 20
round 41
bot 0 22 8
round 42
bot 0 23 8
round 43
bot 0 24 8
round 44
bot 0 25 7
round 45
bot 0 26 7
coin 63 8
coin 1 18
round 46
bot 0 27 7
round 47
bot 0 28 6
round 48
bot 0 29 7
round 49
bot 0 30 6
round 50
bot 0 31 7
coin 40 4
coin 24 25
round 51
bot 0 32 8
round 52
bot 0 33 8
round 53
bot 0 34 9
round 54
bot 0 35 9
round 55
bot 0 36 9
coin 26 25
coin 38 1
round 56
bot 0 37 9
round 57
bot 0 38 8
round 58
bot 0 39 7
round 59
bot 0 40 6
round 60
bot 0 40 5
coin_collected 40 4 0
bot_coins 0 4
coin 38 0
coin 26 26
round 61
bot 0 39 4
round 62
bot 0 38 3
round 63
bot 0 38 2
coin_collected 38 1 0
bot_coins 0 5
round 64
bot 0 38 1
coin_collected 38 0 0
bot_coins 0 6
round 65
bot 0 39 1
coin 25 25
coin 40 1
round 66
bot 0 40 1
coin_collected 40 1 0
bot_coins 0 7
round 67
bot 0 41 1
round 68
bot 0 42 1
round 69
bot 0 43 0
round 70
bot 0 44 1
coin 32 3
coin 32 23
round 71
bot 0 45 2
round 72
bot 0 46 3
round 73
bot 0 46 4
coin_collected 46 5 0
bot_coins 0 8
round 74
bot 0 47 4
round 75
bot 0 48 4
coin 25 18
coin 39 8
round 76
bot 0 48 5
round 77
bot 0 49 6
round 78
bot 0 50 6
round 79
bot 0 51 6
round 80
bot 0 51 7
coin 5 23
coin 59 3
round 81
bot 0 51 8
round 82
bot 0 51 9
round 83
bot 0 51 10
round 84
bot 0 51 11
round 85
bot 0 52 12
coin 7 14
coin 57 12
round 86
bot 0 53 12
round 87
bot 0 54 12
round 88
bot 0 55 12
round 89
bot 0 56 12
coin_collected 57 12 0
bot_coins 0 9
round 90
bot 0 57 12
coin 32 7
coin 32 19
round 91
bot 0 58 12
round 92
bot 0 59 13
round 93
bot 0 59 14
round 94
bot 0 59 15
round 95
bot 0 59 16
coin 29 21
coin 35 5
round 96
bot 0 59 17
round 97
bot 0 60 18
round 98
bot 0 61 18
round 99
bot 0 62 19
round 100
bot 0 61 20
coin 44 22
coin 20 4
round 101
bot 0 62 21
round 102
bot 0 62 22
coin_collected 62 23 0
bot_coins 0 10
round 103
bot 0 61 21
round 104
bot 0 60 20
round 105
bot 0 59 20
coin 8 25
coin 56 1
round 106
bot 0 60 21
round 107
bot 0 61 20
round 108
bot 0 60 20
round 109
bot 0 59 20
round 110
bot 0 60 21
coin 15 23
coin 48 3
round 111
bot 0 61 21
round 112
bot 0 60 20
round 113
bot 0 59 20
round 114
bot 0 60 21
round 115
bot 0 61 20
coin 42 20
coin 22 6
round 116
bot 0 60 20
round 117
bot 0 59 20
round 118
bot 0 60 21
round 119
bot 0 61 21
round 120
bot 0 60 20
coin 27 7
coin 37 19
round 121
bot 0 59 20
round 122
bot 0 60 21
round 123
bot 0 61 20
round 124
bot 0 60 20
round 125
bot 0 59 20
coin 48 15
coin 16 11
round 126
bot 0 60 21
round 127
bot 0 61 21
round 128
bot 0 60 20
round 129
bot 0 59 20
round 130
bot 0 60 21
coin 3 4
coin 61 22
round 131
bot 0 61 22
coin_collected 61 22 0
bot_coins 0 11
round 132
bot 0 62 23
round 133
round 134
bot 0 61 22
round 135
bot 0 60 21
coin 40 7
coin 24 18
round 136
bot 0 61 20
round 137
bot 0 60 20
round 138
bot 0 59 20
round 139
bot 0 60 21
round 140
bot 0 61 21
coin 38 4
coin 29 22
round 141
bot 0 60 20
round 142
bot 0 59 20
round 143
bot 0 60 21
round 144
bot 0 61 20
round 145
bot 0 60 20
coin 36 18
coin 28 8
round 146
bot 0 59 20
round 147
bot 0 60 21
round 148
bot 0 61 21
round 149
bot 0 60 20
round 150
bot 0 59 20
coin 32 14
coin 32 12
round 151
bot 0 60 21
round 152
bot 0 61 20
round 153
bot 0 60 20
round 154
bot 0 59 20
round 155
bot 0 60 21
coin 32 13
coin 33 13
round 156
bot 0 61 21
round 157
bot 0 60 20
round 158
bot 0 59 20
round 159
bot 0 60 21
round 160
bot 0 61 20
coin 23 25
coin 41 1
round 161
bot 0 60 20
round 162
bot 0 59 20
round 163
bot 0 60 21
round 164
bot 0 61 21
round 165
bot 0 60 20
coin 33 22
coin 31 4
round 166
bot 0 59 20
round 167
bot 0 60 21
round 168
bot 0 61 20
round 169
bot 0 60 20
round 170
bot 0 59 20
coin 35 9
coin 29 17
round 171
bot 0 60 21
round 172
bot 0 61 21
round 173
bot 0 60 20
round 174
bot 0 59 20
round 175
bot 0 60 21
coin 45 5
coin 19 21
round 176
bot 0 61 20
round 177
bot 0 60 20
round 178
bot 0 59 20
round 179
bot 0 60 21
round 180
bot 0 61 21
coin 13 7
coin 51 19
round 181
bot 0 60 20
round 182
bot 0 59 20
round 183
bot 0 60 21
round 184
bot 0 61 20
round 185
bot 0 60 20
coin 13 23
coin 52 3
round 186
bot 0 59 20
round 187
bot 0 60 21
round 188
bot 0 61 21
round 189
bot 0 60 20
round 190
bot 0 59 20
coin 16 25
coin 48 1
round 191
bot 0 60 21
round 192
bot 0 61 20
round 193
bot 0 60 20
round 194
bot 0 59 20
round 195
bot 0 60 21
coin 55 4
coin 9 22
round 196
bot 0 61 21
round 197
bot 0 60 20
round 198
bot 0 59 20
round 199
bot 0 60 21
round 200
bot 0 61 20
coin 41 19
coin 23 7
match_over 0
