match
match_id 1639511583918_ab
match_time 1639511583927
num_bots 1
##MatchConfig
mode FRIENDLY
num_rounds 200
random_seed 42
move_time_limit 1000
coin_spawn_period 5
coin_spawn_volume 2
##MapConfig
map_size 67 29
view_radius 5
mining_radius 2
attack_radius 3
block 16 0
block 17 0
block 18 0
block 19 0
block 20 0
block 31 0
block 32 0
block 33 0
block 34 0
block 35 0
block 36 0
block 57 0
block 58 0
block 59 0
block 60 0
block 61 0
block 16 1
block 17 1
block 18 1
block 19 1
block 20 1
block 31 1
block 32 1
block 33 1
block 34 1
block 35 1
block 36 1
block 16 2
block 17 2
block 18 2
block 19 2
block 20 2
block 31 2
block 32 2
block 33 2
block 34 2
block 35 2
block 36 2
block 37 2
block 38 2
block 39 2
block 40 2
block 22 3
block 23 3
block 35 3
block 36 3
block 37 3
block 38 3
block 39 3
block 40 3
block 46 3
block 47 3
block 48 3
block 49 3
block 50 3
block 51 3
block 22 4
block 23 4
block 35 4
block 36 4
block 37 4
block 38 4
block 39 4
block 40 4
block 44 4
block 45 4
block 46 4
block 47 4
block 48 4
block 49 4
block 50 4
block 51 4
block 22 5
block 23 5
block 35 5
block 36 5
block 37 5
block 38 5
block 39 5
block 40 5
block 44 5
block 45 5
block 46 5
block 47 5
block 48 5
block 49 5
block 50 5
block 22 6
block 23 6
block 44 6
block 45 6
block 46 6
block 47 6
block 48 6
block 49 6
block 50 6
block 22 7
block 23 7
block 44 7
block 45 7
block 46 7
block 47 7
block 48 7
block 22 8
block 23 8
block 44 8
block 45 8
block 46 8
block 47 8
block 48 8
block 19 9
block 20 9
block 21 9
block 22 9
block 23 9
block 33 9
block 34 9
block 35 9
block 36 9
block 37 9
block 44 9
block 45 9
block 46 9
block 47 9
block 48 9
block 19 10
block 20 10
block 21 10
block 22 10
block 23 10
block 33 10
block 34 10
block 35 10
block 36 10
block 37 10
block 44 10
block 45 10
block 46 10
block 47 10
block 48 10
block 49 10
block 50 10
block 51 10
block 19 11
block 20 11
block 21 11
block 22 11
block 23 11
block 32 11
block 33 11
block 34 11
block 35 11
block 36 11
block 37 11
block 38 11
block 39 11
block 40 11
block 44 11
block 45 11
block 46 11
block 47 11
block 48 11
block 49 11
block 50 11
block 51 11
block 56 11
block 57 11
block 58 11
block 59 11
block 60 11
block 61 11
block 19 12
block 20 12
block 21 12
block 22 12
block 23 12
block 32 12
block 33 12
block 34 12
block 35 12
block 36 12
block 37 12
block 38 12
block 39 12
block 40 12
block 44 12
block 45 12
block 46 12
block 47 12
block 48 12
block 49 12
block 50 12
block 51 12
block 56 12
block 57 12
block 58 12
block 59 12
block 60 12
block 61 12
block 32 13
block 33 13
block 34 13
block 35 13
block 36 13
block 37 13
block 38 13
block 39 13
block 40 13
block 49 13
block 50 13
block 51 13
block 32 14
block 33 14
block 34 14
block 35 14
block 36 14
block 37 14
block 38 14
block 39 14
block 40 14
block 49 14
block 50 14
block 51 14
block 32 15
block 33 15
block 34 15
block 35 15
block 36 15
block 37 15
block 38 15
block 39 15
block 40 15
block 49 15
block 50 15
block 51 15
block 32 16
block 33 16
block 34 16
block 35 16
block 36 16
block 37 16
block 38 16
block 49 16
block 50 16
block 51 16
block 57 18
block 58 18
block 59 18
block 60 18
block 61 18
block 62 18
block 63 18
block 57 19
block 58 19
block 59 19
block 60 19
block 61 19
block 62 19
block 63 19
block 57 20
block 58 20
block 59 20
block 60 20
block 61 20
block 62 20
block 63 20
block 15 23
block 16 23
block 17 23
block 18 23
block 15 24
block 16 24
block 17 24
block 18 24
block 15 25
block 16 25
block 17 25
block 18 25
block 31 25
block 32 25
block 33 25
block 34 25
block 35 25
block 36 25
block 31 26
block 32 26
block 33 26
block 34 26
block 35 26
block 36 26
block 57 26
block 58 26
block 59 26
block 60 26
block 61 26
block 16 27
block 17 27
block 18 27
block 19 27
block 20 27
block 31 27
block 32 27
block 33 27
block 34 27
block 35 27
block 36 27
block 57 27
block 58 27
block 59 27
block 60 27
block 61 27
block 16 28
block 17 28
block 18 28
block 19 28
block 20 28
block 31 28
block 32 28
block 33 28
block 34 28
block 35 28
block 36 28
block 57 28
block 58 28
block 59 28
block 60 28
block 61 28
##BotsAndCoinsInfo
bot_name 0 theBest
bot 0 53 1
bot_coins 0 0
coin 41 9
coin 25 19
round 1
bot 0 53 0
round 2
round 3
round 4
match_over 0
round 5
