match
match_id 1639522109357_ah
match_time 1639522109370
num_bots 1
##MatchConfig
mode FRIENDLY
num_rounds 200
random_seed 42
move_time_limit 1000
coin_spawn_period 5
coin_spawn_volume 2
##MapConfig
map_size 77 28
view_radius 5
mining_radius 2
attack_radius 3
block 0 0
block 1 0
block 2 0
block 3 0
block 4 0
block 14 0
block 15 0
block 16 0
block 17 0
block 18 0
block 27 0
block 28 0
block 29 0
block 30 0
block 31 0
block 49 0
block 50 0
block 51 0
block 52 0
block 76 0
block 0 1
block 1 1
block 2 1
block 3 1
block 4 1
block 14 1
block 15 1
block 16 1
block 17 1
block 18 1
block 27 1
block 28 1
block 29 1
block 30 1
block 31 1
block 49 1
block 50 1
block 51 1
block 52 1
block 76 1
block 14 2
block 15 2
block 16 2
block 17 2
block 18 2
block 48 2
block 49 2
block 14 3
block 15 3
block 16 3
block 17 3
block 18 3
block 48 3
block 49 3
block 53 3
block 54 3
block 55 3
block 14 4
block 15 4
block 16 4
block 17 4
block 18 4
block 48 4
block 49 4
block 53 4
block 54 4
block 55 4
block 14 5
block 15 5
block 16 5
block 17 5
block 18 5
block 48 5
block 49 5
block 14 6
block 15 6
block 16 6
block 17 6
block 18 6
block 30 7
block 31 7
block 32 7
block 30 8
block 31 8
block 32 8
block 52 9
block 53 9
block 54 9
block 20 10
block 21 10
block 22 10
block 23 10
block 24 10
block 25 10
block 26 10
block 52 10
block 53 10
block 54 10
block 20 11
block 21 11
block 22 11
block 23 11
block 24 11
block 25 11
block 26 11
block 52 11
block 53 11
block 54 11
block 68 11
block 69 11
block 70 11
block 71 11
block 72 11
block 73 11
block 74 11
block 20 12
block 21 12
block 22 12
block 23 12
block 24 12
block 25 12
block 26 12
block 52 12
block 53 12
block 54 12
block 68 12
block 69 12
block 70 12
block 71 12
block 72 12
block 73 12
block 74 12
block 20 13
block 21 13
block 22 13
block 23 13
block 24 13
block 25 13
block 26 13
block 52 13
block 53 13
block 54 13
block 68 13
block 69 13
block 70 13
block 71 13
block 72 13
block 73 13
block 74 13
block 20 14
block 21 14
block 22 14
block 23 14
block 24 14
block 25 14
block 26 14
block 38 14
block 39 14
block 40 14
block 41 14
block 68 14
block 69 14
block 70 14
block 71 14
block 72 14
block 73 14
block 74 14
block 20 15
block 21 15
block 22 15
block 23 15
block 24 15
block 25 15
block 26 15
block 38 15
block 39 15
block 40 15
block 41 15
block 68 15
block 69 15
block 70 15
block 71 15
block 72 15
block 73 15
block 74 15
block 20 16
block 21 16
block 22 16
block 23 16
block 24 16
block 25 16
block 26 16
block 38 16
block 39 16
block 40 16
block 41 16
block 50 16
block 51 16
block 52 16
block 53 16
block 68 16
block 69 16
block 70 16
block 71 16
block 72 16
block 73 16
block 74 16
block 22 17
block 23 17
block 24 17
block 25 17
block 38 17
block 39 17
block 40 17
block 41 17
block 50 17
block 51 17
block 52 17
block 53 17
block 68 17
block 69 17
block 70 17
block 71 17
block 72 17
block 73 17
block 74 17
block 3 18
block 4 18
block 5 18
block 6 18
block 7 18
block 8 18
block 22 18
block 23 18
block 24 18
block 25 18
block 38 18
block 39 18
block 40 18
block 41 18
block 50 18
block 51 18
block 52 18
block 53 18
block 3 19
block 4 19
block 5 19
block 6 19
block 7 19
block 8 19
block 22 19
block 23 19
block 24 19
block 25 19
block 38 19
block 39 19
block 40 19
block 41 19
block 3 20
block 4 20
block 5 20
block 6 20
block 7 20
block 8 20
block 38 20
block 39 20
block 40 20
block 41 20
block 12 21
block 13 21
block 14 21
block 15 21
block 16 21
block 17 21
block 2 22
block 3 22
block 4 22
block 12 22
block 13 22
block 14 22
block 15 22
block 16 22
block 17 22
block 46 22
block 47 22
block 48 22
block 49 22
block 0 23
block 1 23
block 2 23
block 3 23
block 4 23
block 12 23
block 13 23
block 14 23
block 15 23
block 16 23
block 17 23
block 46 23
block 47 23
block 48 23
block 49 23
block 76 23
block 0 24
block 1 24
block 2 24
block 3 24
block 4 24
block 46 24
block 47 24
block 48 24
block 49 24
block 50 24
block 51 24
block 52 24
block 76 24
block 0 25
block 1 25
block 2 25
block 3 25
block 4 25
block 46 25
block 47 25
block 48 25
block 49 25
block 50 25
block 51 25
block 52 25
block 76 25
block 0 26
block 1 26
block 2 26
block 3 26
block 4 26
block 27 26
block 28 26
block 29 26
block 30 26
block 31 26
block 46 26
block 47 26
block 48 26
block 49 26
block 50 26
block 51 26
block 52 26
block 76 26
block 0 27
block 1 27
block 2 27
block 3 27
block 4 27
block 27 27
block 28 27
block 29 27
block 30 27
block 31 27
block 46 27
block 47 27
block 48 27
block 49 27
block 50 27
block 51 27
block 52 27
block 76 27
##BotsAndCoinsInfo
bot_name 0 theBest
bot 0 74 26
bot_coins 0 0
coin 29 19
coin 47 8
round 1
bot 0 75 27
round 2
round 3
round 4
match_over 0
round 5
