match
match_id 1639523358707_ar
match_time 1639523358717
num_bots 1
##MatchConfig
mode FRIENDLY
num_rounds 200
random_seed 42
move_time_limit 1000
coin_spawn_period 5
coin_spawn_volume 2
##MapConfig
map_size 71 28
view_radius 5
mining_radius 1
attack_radius 3
block 20 0
block 21 0
block 22 0
block 34 0
block 35 0
block 36 0
block 37 0
block 20 1
block 21 1
block 22 1
block 34 1
block 35 1
block 36 1
block 37 1
block 20 2
block 21 2
block 22 2
block 34 2
block 35 2
block 36 2
block 37 2
block 20 3
block 21 3
block 22 3
block 34 3
block 35 3
block 36 3
block 37 3
block 34 4
block 35 4
block 36 4
block 37 4
block 8 6
block 9 6
block 10 6
block 11 6
block 12 6
block 13 6
block 8 7
block 9 7
block 10 7
block 11 7
block 12 7
block 13 7
block 8 8
block 9 8
block 10 8
block 11 8
block 12 8
block 13 8
block 58 8
block 59 8
block 60 8
block 8 9
block 9 9
block 10 9
block 11 9
block 12 9
block 13 9
block 58 9
block 59 9
block 60 9
block 58 10
block 59 10
block 60 10
block 29 11
block 30 11
block 31 11
block 32 11
block 33 11
block 34 11
block 35 11
block 58 11
block 59 11
block 60 11
block 29 12
block 30 12
block 31 12
block 32 12
block 33 12
block 34 12
block 35 12
block 58 12
block 59 12
block 60 12
block 1 13
block 2 13
block 29 13
block 30 13
block 31 13
block 32 13
block 33 13
block 34 13
block 35 13
block 58 13
block 59 13
block 60 13
block 1 14
block 2 14
block 22 14
block 23 14
block 24 14
block 25 14
block 26 14
block 27 14
block 28 14
block 29 14
block 30 14
block 31 14
block 32 14
block 33 14
block 34 14
block 35 14
block 58 14
block 59 14
block 60 14
block 1 15
block 2 15
block 22 15
block 23 15
block 24 15
block 25 15
block 26 15
block 27 15
block 28 15
block 29 15
block 30 15
block 31 15
block 32 15
block 33 15
block 34 15
block 35 15
block 1 16
block 2 16
block 9 16
block 10 16
block 11 16
block 12 16
block 13 16
block 14 16
block 15 16
block 1 17
block 2 17
block 9 17
block 10 17
block 11 17
block 12 17
block 13 17
block 14 17
block 15 17
block 9 18
block 10 18
block 11 18
block 12 18
block 13 18
block 14 18
block 15 18
block 41 18
block 42 18
block 43 18
block 54 18
block 55 18
block 56 18
block 9 19
block 10 19
block 11 19
block 12 19
block 13 19
block 14 19
block 15 19
block 41 19
block 42 19
block 43 19
block 54 19
block 55 19
block 56 19
block 54 20
block 55 20
block 56 20
block 10 21
block 11 21
block 12 21
block 59 21
block 60 21
block 61 21
block 62 21
block 63 21
block 10 22
block 11 22
block 12 22
block 59 22
block 60 22
block 61 22
block 62 22
block 63 22
block 10 23
block 11 23
block 12 23
block 40 23
block 41 23
block 42 23
block 43 23
block 44 23
block 45 23
block 46 23
block 59 23
block 60 23
block 61 23
block 62 23
block 63 23
block 40 24
block 41 24
block 42 24
block 43 24
block 44 24
block 45 24
block 46 24
block 59 24
block 60 24
block 61 24
block 62 24
block 63 24
block 40 25
block 41 25
block 42 25
block 43 25
block 44 25
block 45 25
block 46 25
block 59 25
block 60 25
block 61 25
block 62 25
block 63 25
block 40 26
block 41 26
block 42 26
block 43 26
block 44 26
block 45 26
block 46 26
block 59 26
block 60 26
block 61 26
block 62 26
block 63 26
block 40 27
block 41 27
block 42 27
block 43 27
block 44 27
block 45 27
block 46 27
##BotsAndCoinsInfo
bot_name 0 theBest
bot 0 29 9
bot_coins 0 0
coin 18 19
coin 52 8
round 1
round 2
round 3
match_over 0
round 4
