match
match_id 1639510868026_bb
match_time 1639510868035
num_bots 1
##MatchConfig
mode FRIENDLY
num_rounds 200
random_seed 42
move_time_limit 1000
coin_spawn_period 5
coin_spawn_volume 2
##MapConfig
map_size 71 22
view_radius 5
mining_radius 2
attack_radius 3
block 0 0
block 1 0
block 2 0
block 32 0
block 33 0
block 34 0
block 35 0
block 36 0
block 37 0
block 39 0
block 40 0
block 50 0
block 51 0
block 52 0
block 53 0
block 57 0
block 58 0
block 59 0
block 60 0
block 61 0
block 62 0
block 63 0
block 64 0
block 69 0
block 70 0
block 0 1
block 1 1
block 2 1
block 49 1
block 50 1
block 51 1
block 52 1
block 53 1
block 57 1
block 58 1
block 59 1
block 60 1
block 61 1
block 62 1
block 63 1
block 64 1
block 69 1
block 70 1
block 49 2
block 50 2
block 51 2
block 52 2
block 53 2
block 57 2
block 58 2
block 59 2
block 60 2
block 61 2
block 62 2
block 63 2
block 64 2
block 12 3
block 13 3
block 14 3
block 49 3
block 50 3
block 57 3
block 58 3
block 59 3
block 60 3
block 61 3
block 62 3
block 63 3
block 64 3
block 12 4
block 13 4
block 14 4
block 36 4
block 37 4
block 38 4
block 39 4
block 40 4
block 41 4
block 49 4
block 50 4
block 58 4
block 59 4
block 60 4
block 61 4
block 63 4
block 64 4
block 12 5
block 13 5
block 14 5
block 36 5
block 37 5
block 38 5
block 39 5
block 40 5
block 41 5
block 49 5
block 50 5
block 58 5
block 59 5
block 60 5
block 61 5
block 63 5
block 64 5
block 21 6
block 22 6
block 23 6
block 24 6
block 25 6
block 26 6
block 27 6
block 36 6
block 37 6
block 38 6
block 39 6
block 40 6
block 41 6
block 58 6
block 59 6
block 60 6
block 61 6
block 21 7
block 22 7
block 23 7
block 24 7
block 25 7
block 26 7
block 27 7
block 36 7
block 37 7
block 38 7
block 39 7
block 40 7
block 41 7
block 54 7
block 55 7
block 56 7
block 57 7
block 58 7
block 59 7
block 60 7
block 61 7
block 21 8
block 22 8
block 23 8
block 24 8
block 25 8
block 26 8
block 27 8
block 36 8
block 37 8
block 38 8
block 39 8
block 40 8
block 41 8
block 54 8
block 55 8
block 56 8
block 57 8
block 58 8
block 59 8
block 60 8
block 61 8
block 21 9
block 22 9
block 23 9
block 24 9
block 25 9
block 26 9
block 27 9
block 36 9
block 37 9
block 38 9
block 39 9
block 40 9
block 41 9
block 54 9
block 55 9
block 56 9
block 57 9
block 58 9
block 59 9
block 60 9
block 0 10
block 1 10
block 2 10
block 3 10
block 21 10
block 22 10
block 23 10
block 24 10
block 25 10
block 26 10
block 27 10
block 54 10
block 55 10
block 56 10
block 57 10
block 58 10
block 59 10
block 60 10
block 0 11
block 1 11
block 2 11
block 3 11
block 54 11
block 55 11
block 56 11
block 57 11
block 58 11
block 59 11
block 60 11
block 0 12
block 1 12
block 2 12
block 3 12
block 44 12
block 45 12
block 54 12
block 55 12
block 56 12
block 57 12
block 58 12
block 59 12
block 60 12
block 0 13
block 1 13
block 2 13
block 3 13
block 37 13
block 38 13
block 44 13
block 45 13
block 37 14
block 38 14
block 44 14
block 45 14
block 37 15
block 38 15
block 44 15
block 45 15
block 37 16
block 38 16
block 44 16
block 45 16
block 27 17
block 28 17
block 29 17
block 30 17
block 31 17
block 32 17
block 33 17
block 44 17
block 45 17
block 60 17
block 61 17
block 62 17
block 63 17
block 64 17
block 65 17
block 27 18
block 28 18
block 29 18
block 30 18
block 31 18
block 32 18
block 33 18
block 60 18
block 61 18
block 62 18
block 63 18
block 64 18
block 65 18
block 27 19
block 28 19
block 29 19
block 30 19
block 31 19
block 32 19
block 33 19
block 34 19
block 35 19
block 36 19
block 37 19
block 50 19
block 51 19
block 52 19
block 53 19
block 0 20
block 1 20
block 2 20
block 27 20
block 28 20
block 29 20
block 30 20
block 31 20
block 32 20
block 33 20
block 34 20
block 35 20
block 36 20
block 37 20
block 39 20
block 40 20
block 50 20
block 51 20
block 52 20
block 53 20
block 57 20
block 58 20
block 59 20
block 60 20
block 61 20
block 62 20
block 69 20
block 70 20
block 0 21
block 1 21
block 2 21
block 32 21
block 33 21
block 34 21
block 35 21
block 36 21
block 37 21
block 39 21
block 40 21
block 50 21
block 51 21
block 52 21
block 53 21
block 57 21
block 58 21
block 59 21
block 60 21
block 61 21
block 62 21
block 69 21
block 70 21
##BotsAndCoinsInfo
bot_name 0 theBest
bot 0 5 10
bot_coins 0 0
coin 18 15
coin 52 6
round 1
round 2
round 3
match_over 0
round 4
