match
match_id 1639564904443_bf
match_time 1639564904445
num_bots 1
##MatchConfig
mode FRIENDLY
num_rounds 200
random_seed 42
move_time_limit 1000
coin_spawn_period 5
coin_spawn_volume 2
##MapConfig
map_size 64 28
view_radius 5
mining_radius 1
attack_radius 4
block 0 0
block 1 0
block 32 0
block 33 0
block 34 0
block 35 0
block 36 0
block 45 0
block 46 0
block 47 0
block 48 0
block 49 0
block 63 0
block 10 1
block 11 1
block 12 1
block 13 1
block 32 1
block 33 1
block 34 1
block 35 1
block 36 1
block 45 1
block 46 1
block 47 1
block 48 1
block 49 1
block 59 1
block 60 1
block 61 1
block 62 1
block 10 2
block 11 2
block 12 2
block 13 2
block 32 2
block 33 2
block 34 2
block 35 2
block 36 2
block 45 2
block 46 2
block 47 2
block 48 2
block 49 2
block 59 2
block 60 2
block 61 2
block 62 2
block 10 3
block 11 3
block 12 3
block 13 3
block 45 3
block 46 3
block 47 3
block 48 3
block 49 3
block 26 4
block 27 4
block 35 4
block 36 4
block 41 4
block 42 4
block 43 4
block 44 4
block 45 4
block 46 4
block 47 4
block 4 5
block 5 5
block 6 5
block 26 5
block 27 5
block 35 5
block 36 5
block 41 5
block 42 5
block 43 5
block 44 5
block 45 5
block 46 5
block 47 5
block 4 6
block 5 6
block 6 6
block 26 6
block 27 6
block 41 6
block 42 6
block 43 6
block 44 6
block 45 6
block 46 6
block 47 6
block 26 7
block 27 7
block 41 7
block 42 7
block 43 7
block 44 7
block 45 7
block 46 7
block 47 7
block 52 7
block 53 7
block 54 7
block 55 7
block 26 8
block 27 8
block 48 8
block 49 8
block 50 8
block 52 8
block 53 8
block 54 8
block 55 8
block 48 9
block 49 9
block 50 9
block 52 9
block 53 9
block 54 9
block 55 9
block 0 10
block 1 10
block 62 10
block 63 10
block 0 11
block 1 11
block 62 11
block 63 11
block 9 14
block 10 14
block 11 14
block 7 15
block 8 15
block 9 15
block 10 15
block 11 15
block 14 15
block 15 15
block 16 15
block 17 15
block 18 15
block 19 15
block 57 15
block 58 15
block 59 15
block 60 15
block 61 15
block 62 15
block 63 15
block 7 16
block 8 16
block 9 16
block 10 16
block 11 16
block 14 16
block 15 16
block 16 16
block 17 16
block 18 16
block 19 16
block 57 16
block 58 16
block 59 16
block 60 16
block 61 16
block 62 16
block 63 16
block 0 17
block 7 17
block 8 17
block 9 17
block 10 17
block 11 17
block 14 17
block 15 17
block 16 17
block 17 17
block 18 17
block 19 17
block 57 17
block 58 17
block 59 17
block 60 17
block 61 17
block 62 17
block 63 17
block 0 18
block 9 18
block 10 18
block 11 18
block 14 18
block 15 18
block 16 18
block 17 18
block 18 18
block 19 18
block 39 18
block 40 18
block 41 18
block 42 18
block 43 18
block 53 18
block 54 18
block 63 18
block 0 19
block 9 19
block 10 19
block 11 19
block 14 19
block 15 19
block 16 19
block 17 19
block 18 19
block 19 19
block 39 19
block 40 19
block 41 19
block 42 19
block 43 19
block 53 19
block 54 19
block 63 19
block 0 20
block 9 20
block 10 20
block 11 20
block 14 20
block 15 20
block 16 20
block 17 20
block 18 20
block 19 20
block 39 20
block 40 20
block 41 20
block 42 20
block 43 20
block 53 20
block 54 20
block 63 20
block 0 21
block 9 21
block 10 21
block 11 21
block 39 21
block 40 21
block 41 21
block 42 21
block 43 21
block 57 21
block 58 21
block 59 21
block 63 21
block 0 22
block 39 22
block 40 22
block 41 22
block 42 22
block 43 22
block 57 22
block 58 22
block 59 22
block 63 22
block 0 23
block 39 23
block 40 23
block 41 23
block 42 23
block 43 23
block 57 23
block 58 23
block 59 23
block 63 23
block 5 24
block 6 24
block 7 24
block 8 24
block 61 24
block 62 24
block 63 24
block 5 25
block 6 25
block 7 25
block 8 25
block 61 25
block 62 25
block 63 25
block 0 26
block 1 26
block 5 26
block 6 26
block 7 26
block 8 26
block 61 26
block 62 26
block 63 26
block 0 27
block 1 27
block 32 27
block 33 27
block 34 27
block 35 27
block 36 27
block 61 27
block 62 27
block 63 27
##BotsAndCoinsInfo
bot_name 0 theBest
bot 0 39 2
bot_coins 0 0
coin 46 19
coin 17 8
round 1
bot 0 40 2
round 2
bot 0 41 2
round 3
bot 0 42 2
round 4
bot 0 43 1
round 5
bot 0 44 1
coin 43 24
coin 20 3
round 6
bot 0 44 2
round 7
bot 0 44 3
round 8
bot 0 43 2
round 9
bot 0 44 2
round 10
bot 0 44 3
coin 19 25
coin 44 2
round 11
bot 0 43 2
coin_collected 44 2 0
bot_coins 0 1
round 12
bot 0 44 2
round 13
bot 0 44 3
round 14
bot 0 43 2
round 15
bot 0 44 2
coin 17 10
coin 46 17
round 16
bot 0 44 3
round 17
bot 0 43 2
round 18
bot 0 44 2
round 19
bot 0 44 3
round 20
bot 0 43 2
coin 42 17
coin 21 10
round 21
bot 0 44 1
round 22
bot 0 44 2
round 23
bot 0 44 3
round 24
bot 0 43 2
round 25
bot 0 44 1
coin 57 18
coin 6 9
round 26
bot 0 44 2
round 27
bot 0 44 3
round 28
bot 0 43 2
round 29
bot 0 44 1
round 30
bot 0 44 2
coin 23 0
coin 40 27
round 31
bot 0 43 3
round 32
bot 0 44 3
round 33
bot 0 44 2
round 34
bot 0 43 3
round 35
bot 0 44 3
coin 17 24
coin 48 4
round 36
bot 0 44 2
round 37
round 38
bot 0 44 3
round 39
bot 0 43 2
round 40
bot 0 42 3
coin 29 26
coin 34 3
round 41
bot 0 43 3
round 42
bot 0 44 2
round 43
bot 0 44 3
round 44
bot 0 43 2
round 45
bot 0 42 3
coin 50 10
coin 13 17
round 46
bot 0 43 3
round 47
bot 0 44 2
round 48
bot 0 44 3
round 49
bot 0 43 2
round 50
bot 0 42 3
coin 58 14
coin 5 13
round 51
bot 0 43 3
round 52
bot 0 44 2
round 53
bot 0 44 3
round 54
bot 0 43 2
round 55
bot 0 42 3
coin 27 9
coin 36 18
round 56
bot 0 43 3
round 57
bot 0 44 2
round 58
bot 0 44 3
round 59
bot 0 43 2
round 60
bot 0 42 3
coin 47 9
coin 16 21
round 61
bot 0 43 3
round 62
bot 0 44 2
round 63
bot 0 44 3
round 64
bot 0 43 2
round 65
bot 0 42 3
coin 24 10
coin 39 17
round 66
bot 0 43 3
round 67
bot 0 44 2
round 68
bot 0 44 3
round 69
bot 0 43 2
round 70
bot 0 42 3
coin 11 26
coin 52 1
round 71
bot 0 43 3
round 72
bot 0 44 2
round 73
bot 0 44 3
round 74
bot 0 43 2
round 75
bot 0 42 3
coin 38 20
coin 25 7
round 76
bot 0 43 3
round 77
bot 0 44 2
round 78
bot 0 44 3
round 79
bot 0 43 2
round 80
bot 0 42 3
coin 13 16
coin 50 11
round 81
bot 0 43 3
round 82
bot 0 44 2
round 83
bot 0 44 3
round 84
bot 0 43 2
round 85
bot 0 42 3
coin 52 11
coin 12 16
round 86
bot 0 43 3
round 87
bot 0 44 2
round 88
bot 0 44 3
round 89
bot 0 43 2
round 90
bot 0 42 3
coin 11 5
coin 52 22
round 91
bot 0 43 3
round 92
bot 0 44 2
round 93
bot 0 44 3
round 94
bot 0 43 2
round 95
bot 0 42 3
coin 37 20
coin 25 6
round 96
bot 0 43 3
round 97
bot 0 44 2
round 98
bot 0 44 3
round 99
bot 0 43 2
round 100
bot 0 42 3
coin 48 5
coin 15 22
round 101
bot 0 43 3
round 102
bot 0 44 2
round 103
bot 0 44 3
round 104
bot 0 43 2
round 105
bot 0 42 3
coin 36 21
coin 28 6
round 106
bot 0 43 3
round 107
bot 0 44 2
round 108
bot 0 44 3
round 109
bot 0 43 2
round 110
bot 0 42 3
coin 37 14
coin 26 13
round 111
bot 0 43 3
round 112
bot 0 44 2
round 113
bot 0 44 3
round 114
bot 0 43 2
round 115
bot 0 42 3
coin 48 23
coin 15 4
round 116
bot 0 43 3
round 117
bot 0 44 2
round 118
bot 0 44 3
round 119
bot 0 43 2
round 120
bot 0 42 3
coin 2 3
coin 60 24
round 121
bot 0 43 3
round 122
bot 0 44 2
round 123
bot 0 44 3
round 124
bot 0 43 2
round 125
bot 0 42 3
coin 22 0
coin 41 27
round 126
bot 0 43 3
round 127
bot 0 44 2
round 128
round 129
round 130
coin 51 8
coin 12 19
round 131
round 132
round 133
round 134
round 135
coin 26 14
coin 37 13
round 136
round 137
round 138
round 139
round 140
coin 62 7
coin 1 20
round 141
round 142
round 143
round 144
round 145
coin 44 3
coin 19 24
round 146
bot 0 44 3
coin_collected 44 3 0
bot_coins 0 2
round 147
bot 0 43 2
round 148
bot 0 42 3
round 149
bot 0 43 3
round 150
bot 0 44 2
coin 30 19
coin 33 8
round 151
round 152
round 153
round 154
round 155
coin 18 9
coin 45 18
round 156
round 157
round 158
round 159
round 160
coin 60 3
coin 3 24
round 161
round 162
round 163
round 164
round 165
coin 52 12
coin 12 15
round 166
round 167
round 168
round 169
round 170
coin 40 17
coin 23 10
round 171
round 172
round 173
round 174
round 175
coin 23 1
coin 40 26
round 176
round 177
round 178
round 179
round 180
coin 23 21
coin 40 6
round 181
round 182
round 183
round 184
round 185
coin 28 5
coin 35 22
round 186
round 187
round 188
round 189
round 190
coin 29 0
coin 34 26
round 191
round 192
round 193
round 194
round 195
coin 30 21
coin 33 6
round 196
round 197
round 198
round 199
round 200
coin 30 22
coin 33 5
match_over 0
