match
match_id 1639506111240_at
match_time 1639506111250
num_bots 1
##MatchConfig
mode FRIENDLY
num_rounds 200
random_seed 42
move_time_limit 1000
coin_spawn_period 5
coin_spawn_volume 2
##MapConfig
map_size 76 27
view_radius 6
mining_radius 1
attack_radius 4
block 2 0
block 3 0
block 4 0
block 5 0
block 6 0
block 7 0
block 8 0
block 9 0
block 23 0
block 24 0
block 25 0
block 26 0
block 27 0
block 28 0
block 34 0
block 35 0
block 36 0
block 37 0
block 56 0
block 57 0
block 58 0
block 2 1
block 3 1
block 4 1
block 5 1
block 6 1
block 7 1
block 8 1
block 9 1
block 23 1
block 24 1
block 25 1
block 26 1
block 27 1
block 28 1
block 34 1
block 35 1
block 36 1
block 37 1
block 56 1
block 57 1
block 58 1
block 23 2
block 24 2
block 25 2
block 26 2
block 27 2
block 28 2
block 34 2
block 35 2
block 36 2
block 37 2
block 4 4
block 5 4
block 56 4
block 57 4
block 58 4
block 61 4
block 62 4
block 63 4
block 64 4
block 65 4
block 66 4
block 4 5
block 5 5
block 56 5
block 57 5
block 58 5
block 61 5
block 62 5
block 63 5
block 64 5
block 65 5
block 66 5
block 61 6
block 62 6
block 63 6
block 64 6
block 65 6
block 66 6
block 61 7
block 62 7
block 63 7
block 64 7
block 65 7
block 66 7
block 6 10
block 7 10
block 8 10
block 9 10
block 10 10
block 6 11
block 7 11
block 8 11
block 9 11
block 10 11
block 21 11
block 22 11
block 23 11
block 24 11
block 56 11
block 57 11
block 68 11
block 69 11
block 70 11
block 71 11
block 6 12
block 7 12
block 8 12
block 9 12
block 10 12
block 14 12
block 15 12
block 16 12
block 17 12
block 21 12
block 22 12
block 23 12
block 24 12
block 56 12
block 57 12
block 68 12
block 69 12
block 70 12
block 71 12
block 14 13
block 15 13
block 16 13
block 17 13
block 21 13
block 22 13
block 23 13
block 24 13
block 56 13
block 57 13
block 68 13
block 69 13
block 70 13
block 71 13
block 14 14
block 15 14
block 16 14
block 17 14
block 21 14
block 22 14
block 23 14
block 24 14
block 27 14
block 28 14
block 56 14
block 57 14
block 14 15
block 15 15
block 16 15
block 17 15
block 21 15
block 22 15
block 23 15
block 24 15
block 27 15
block 28 15
block 56 15
block 57 15
block 14 16
block 15 16
block 16 16
block 17 16
block 18 16
block 19 16
block 20 16
block 21 16
block 22 16
block 23 16
block 24 16
block 27 16
block 28 16
block 56 16
block 57 16
block 13 17
block 14 17
block 15 17
block 16 17
block 17 17
block 18 17
block 19 17
block 20 17
block 21 17
block 22 17
block 23 17
block 24 17
block 27 17
block 28 17
block 36 17
block 37 17
block 38 17
block 39 17
block 40 17
block 41 17
block 13 18
block 14 18
block 15 18
block 16 18
block 17 18
block 18 18
block 19 18
block 20 18
block 27 18
block 28 18
block 36 18
block 37 18
block 38 18
block 39 18
block 40 18
block 41 18
block 13 19
block 14 19
block 15 19
block 16 19
block 17 19
block 18 19
block 19 19
block 20 19
block 27 19
block 28 19
block 13 20
block 14 20
block 15 20
block 16 20
block 17 20
block 18 20
block 19 20
block 20 20
block 6 21
block 7 21
block 13 21
block 14 21
block 15 21
block 16 21
block 17 21
block 18 21
block 6 22
block 7 22
block 13 22
block 14 22
block 15 22
block 16 22
block 17 22
block 18 22
block 56 22
block 57 22
block 58 22
block 5 23
block 6 23
block 7 23
block 8 23
block 9 23
block 13 23
block 14 23
block 15 23
block 16 23
block 17 23
block 18 23
block 56 23
block 57 23
block 58 23
block 5 24
block 6 24
block 7 24
block 8 24
block 9 24
block 13 24
block 14 24
block 15 24
block 16 24
block 17 24
block 18 24
block 20 24
block 21 24
block 22 24
block 23 24
block 24 24
block 25 24
block 26 24
block 34 24
block 35 24
block 36 24
block 37 24
block 56 24
block 57 24
block 58 24
block 2 25
block 3 25
block 4 25
block 5 25
block 6 25
block 7 25
block 8 25
block 9 25
block 13 25
block 14 25
block 15 25
block 16 25
block 17 25
block 18 25
block 20 25
block 21 25
block 22 25
block 23 25
block 24 25
block 25 25
block 26 25
block 34 25
block 35 25
block 36 25
block 37 25
block 56 25
block 57 25
block 58 25
block 2 26
block 3 26
block 4 26
block 5 26
block 6 26
block 7 26
block 8 26
block 9 26
block 13 26
block 14 26
block 15 26
block 16 26
block 17 26
block 18 26
block 23 26
block 24 26
block 25 26
block 26 26
block 27 26
block 28 26
block 34 26
block 35 26
block 36 26
block 37 26
block 56 26
block 57 26
block 58 26
##BotsAndCoinsInfo
bot_name 0 theBest
bot 0 55 15
bot_coins 0 0
coin 26 3
coin 49 23
round 1
round 2
round 3
match_over 0
round 4
