match
match_id 1639523369100_as
match_time 1639523369103
num_bots 1
##MatchConfig
mode FRIENDLY
num_rounds 200
random_seed 42
move_time_limit 1000
coin_spawn_period 5
coin_spawn_volume 2
##MapConfig
map_size 53 35
view_radius 6
mining_radius 2
attack_radius 4
block 0 0
block 1 0
block 2 0
block 3 0
block 38 0
block 39 0
block 40 0
block 41 0
block 42 0
block 52 0
block 0 1
block 1 1
block 2 1
block 3 1
block 52 1
block 0 2
block 1 2
block 2 2
block 3 2
block 52 2
block 0 3
block 1 3
block 2 3
block 3 3
block 5 3
block 6 3
block 12 3
block 13 3
block 14 3
block 31 3
block 32 3
block 33 3
block 52 3
block 0 4
block 1 4
block 2 4
block 3 4
block 5 4
block 6 4
block 12 4
block 13 4
block 14 4
block 31 4
block 32 4
block 33 4
block 39 4
block 40 4
block 41 4
block 52 4
block 5 5
block 6 5
block 12 5
block 13 5
block 14 5
block 39 5
block 40 5
block 41 5
block 5 6
block 6 6
block 7 6
block 8 6
block 9 6
block 12 6
block 13 6
block 14 6
block 30 6
block 31 6
block 32 6
block 39 6
block 40 6
block 41 6
block 0 7
block 1 7
block 2 7
block 3 7
block 5 7
block 6 7
block 7 7
block 8 7
block 9 7
block 12 7
block 13 7
block 14 7
block 15 7
block 16 7
block 17 7
block 18 7
block 30 7
block 31 7
block 32 7
block 39 7
block 40 7
block 41 7
block 50 7
block 51 7
block 52 7
block 0 8
block 1 8
block 2 8
block 3 8
block 5 8
block 6 8
block 7 8
block 8 8
block 9 8
block 12 8
block 13 8
block 14 8
block 15 8
block 16 8
block 17 8
block 18 8
block 30 8
block 31 8
block 32 8
block 39 8
block 40 8
block 41 8
block 50 8
block 51 8
block 52 8
block 0 9
block 1 9
block 2 9
block 3 9
block 7 9
block 8 9
block 9 9
block 12 9
block 13 9
block 14 9
block 15 9
block 16 9
block 17 9
block 18 9
block 50 9
block 51 9
block 52 9
block 0 10
block 1 10
block 2 10
block 3 10
block 7 10
block 8 10
block 9 10
block 50 10
block 51 10
block 52 10
block 0 11
block 1 11
block 2 11
block 3 11
block 7 11
block 8 11
block 9 11
block 50 11
block 51 11
block 52 11
block 29 12
block 30 12
block 29 13
block 30 13
block 11 16
block 12 16
block 13 16
block 11 17
block 12 17
block 13 17
block 24 18
block 25 18
block 26 18
block 27 18
block 28 18
block 29 18
block 24 19
block 25 19
block 26 19
block 27 19
block 28 19
block 29 19
block 43 19
block 44 19
block 45 19
block 46 19
block 47 19
block 48 19
block 12 20
block 13 20
block 14 20
block 15 20
block 16 20
block 24 20
block 25 20
block 26 20
block 27 20
block 28 20
block 29 20
block 43 20
block 44 20
block 45 20
block 46 20
block 47 20
block 48 20
block 5 21
block 6 21
block 7 21
block 12 21
block 13 21
block 14 21
block 15 21
block 16 21
block 24 21
block 25 21
block 26 21
block 27 21
block 28 21
block 29 21
block 43 21
block 44 21
block 45 21
block 46 21
block 47 21
block 48 21
block 5 22
block 6 22
block 7 22
block 12 22
block 13 22
block 14 22
block 15 22
block 16 22
block 24 22
block 25 22
block 26 22
block 27 22
block 28 22
block 29 22
block 5 23
block 6 23
block 7 23
block 12 23
block 13 23
block 14 23
block 15 23
block 16 23
block 24 23
block 25 23
block 26 23
block 27 23
block 28 23
block 29 23
block 42 23
block 43 23
block 44 23
block 45 23
block 46 23
block 5 24
block 6 24
block 7 24
block 12 24
block 13 24
block 14 24
block 15 24
block 16 24
block 20 24
block 21 24
block 22 24
block 23 24
block 24 24
block 25 24
block 42 24
block 43 24
block 44 24
block 45 24
block 46 24
block 5 25
block 6 25
block 7 25
block 8 25
block 9 25
block 10 25
block 11 25
block 12 25
block 18 25
block 19 25
block 20 25
block 21 25
block 22 25
block 23 25
block 24 25
block 25 25
block 42 25
block 43 25
block 44 25
block 45 25
block 46 25
block 5 26
block 6 26
block 7 26
block 8 26
block 9 26
block 10 26
block 11 26
block 12 26
block 18 26
block 19 26
block 20 26
block 21 26
block 22 26
block 23 26
block 24 26
block 25 26
block 18 27
block 19 27
block 20 27
block 21 27
block 22 27
block 23 27
block 24 27
block 25 27
block 39 27
block 40 27
block 41 27
block 42 27
block 43 27
block 18 28
block 19 28
block 20 28
block 21 28
block 22 28
block 23 28
block 24 28
block 25 28
block 39 28
block 40 28
block 41 28
block 42 28
block 43 28
block 20 29
block 21 29
block 22 29
block 23 29
block 24 29
block 25 29
block 39 29
block 40 29
block 41 29
block 42 29
block 43 29
block 20 30
block 21 30
block 22 30
block 23 30
block 24 30
block 25 30
block 33 30
block 34 30
block 35 30
block 36 30
block 21 31
block 22 31
block 23 31
block 33 31
block 34 31
block 35 31
block 36 31
block 38 31
block 39 31
block 40 31
block 41 31
block 42 31
block 43 31
block 21 32
block 22 32
block 23 32
block 38 32
block 39 32
block 40 32
block 41 32
block 42 32
block 43 32
block 21 33
block 22 33
block 23 33
block 38 33
block 39 33
block 40 33
block 41 33
block 42 33
block 43 33
block 0 34
block 1 34
block 2 34
block 3 34
block 38 34
block 39 34
block 40 34
block 41 34
block 42 34
block 43 34
block 52 34
##BotsAndCoinsInfo
bot_name 0 theBest
bot 0 52 13
bot_coins 0 0
coin 34 33
coin 18 1
round 1
round 2
round 3
match_over 0
round 4
