match
match_id 1639560266649_ac
match_time 1639560266652
num_bots 1
##MatchConfig
mode FRIENDLY
num_rounds 200
random_seed 42
move_time_limit 1000
coin_spawn_period 5
coin_spawn_volume 2
##MapConfig
map_size 51 33
view_radius 5
mining_radius 1
attack_radius 4
block 24 0
block 25 0
block 26 0
block 27 0
block 29 0
block 30 0
block 31 0
block 32 0
block 33 0
block 38 0
block 39 0
block 40 0
block 24 1
block 25 1
block 26 1
block 27 1
block 29 1
block 30 1
block 31 1
block 32 1
block 33 1
block 47 1
block 48 1
block 24 2
block 25 2
block 26 2
block 27 2
block 39 2
block 40 2
block 41 2
block 42 2
block 43 2
block 44 2
block 45 2
block 47 2
block 48 2
block 24 3
block 25 3
block 26 3
block 27 3
block 39 3
block 40 3
block 41 3
block 42 3
block 43 3
block 44 3
block 45 3
block 47 3
block 48 3
block 24 4
block 25 4
block 26 4
block 27 4
block 39 4
block 40 4
block 41 4
block 42 4
block 43 4
block 44 4
block 45 4
block 47 4
block 48 4
block 24 5
block 25 5
block 26 5
block 27 5
block 39 5
block 40 5
block 41 5
block 42 5
block 43 5
block 44 5
block 45 5
block 47 5
block 48 5
block 33 6
block 34 6
block 35 6
block 36 6
block 37 6
block 39 6
block 40 6
block 41 6
block 42 6
block 43 6
block 44 6
block 45 6
block 47 6
block 48 6
block 33 7
block 34 7
block 35 7
block 36 7
block 37 7
block 39 7
block 40 7
block 41 7
block 42 7
block 43 7
block 44 7
block 45 7
block 5 8
block 6 8
block 7 8
block 8 8
block 39 8
block 40 8
block 41 8
block 42 8
block 43 8
block 44 8
block 45 8
block 0 9
block 5 9
block 6 9
block 7 9
block 8 9
block 49 9
block 50 9
block 0 10
block 5 10
block 6 10
block 7 10
block 8 10
block 49 10
block 50 10
block 0 11
block 41 11
block 42 11
block 43 11
block 49 11
block 50 11
block 0 12
block 41 12
block 42 12
block 43 12
block 49 12
block 50 12
block 0 13
block 41 13
block 42 13
block 43 13
block 49 13
block 50 13
block 0 14
block 2 14
block 3 14
block 4 14
block 25 14
block 26 14
block 27 14
block 28 14
block 41 14
block 42 14
block 43 14
block 49 14
block 50 14
block 0 15
block 2 15
block 3 15
block 4 15
block 25 15
block 26 15
block 27 15
block 28 15
block 41 15
block 42 15
block 43 15
block 49 15
block 50 15
block 21 16
block 22 16
block 23 16
block 25 16
block 26 16
block 27 16
block 28 16
block 41 16
block 42 16
block 43 16
block 21 17
block 22 17
block 23 17
block 25 17
block 26 17
block 27 17
block 28 17
block 47 17
block 48 17
block 49 17
block 50 17
block 2 18
block 3 18
block 4 18
block 5 18
block 6 18
block 21 18
block 22 18
block 23 18
block 47 18
block 48 18
block 49 18
block 50 18
block 2 19
block 3 19
block 4 19
block 5 19
block 6 19
block 21 19
block 22 19
block 23 19
block 47 19
block 48 19
block 49 19
block 50 19
block 2 20
block 3 20
block 4 20
block 5 20
block 6 20
block 21 20
block 22 20
block 23 20
block 37 20
block 38 20
block 39 20
block 40 20
block 41 20
block 42 20
block 2 21
block 3 21
block 4 21
block 5 21
block 6 21
block 21 21
block 22 21
block 23 21
block 37 21
block 38 21
block 39 21
block 40 21
block 41 21
block 42 21
block 2 22
block 3 22
block 4 22
block 5 22
block 6 22
block 37 22
block 38 22
block 39 22
block 40 22
block 41 22
block 42 22
block 2 23
block 3 23
block 4 23
block 5 23
block 34 23
block 35 23
block 36 23
block 37 23
block 38 23
block 39 23
block 40 23
block 41 23
block 42 23
block 2 24
block 3 24
block 4 24
block 5 24
block 6 24
block 7 24
block 8 24
block 9 24
block 34 24
block 35 24
block 36 24
block 37 24
block 38 24
block 39 24
block 40 24
block 41 24
block 42 24
block 44 24
block 45 24
block 5 25
block 6 25
block 7 25
block 8 25
block 9 25
block 34 25
block 35 25
block 36 25
block 37 25
block 38 25
block 39 25
block 40 25
block 41 25
block 42 25
block 44 25
block 45 25
block 5 26
block 6 26
block 7 26
block 8 26
block 9 26
block 12 26
block 13 26
block 14 26
block 15 26
block 16 26
block 17 26
block 34 26
block 35 26
block 36 26
block 37 26
block 38 26
block 39 26
block 40 26
block 41 26
block 42 26
block 44 26
block 45 26
block 5 27
block 6 27
block 7 27
block 8 27
block 9 27
block 12 27
block 13 27
block 14 27
block 15 27
block 16 27
block 17 27
block 34 27
block 35 27
block 36 27
block 37 27
block 38 27
block 39 27
block 40 27
block 44 27
block 45 27
block 5 28
block 6 28
block 7 28
block 8 28
block 9 28
block 12 28
block 13 28
block 14 28
block 15 28
block 16 28
block 17 28
block 34 28
block 35 28
block 36 28
block 37 28
block 38 28
block 39 28
block 40 28
block 44 28
block 45 28
block 5 29
block 6 29
block 7 29
block 8 29
block 9 29
block 12 29
block 13 29
block 14 29
block 15 29
block 16 29
block 17 29
block 29 29
block 30 29
block 31 29
block 32 29
block 33 29
block 38 29
block 39 29
block 40 29
block 44 29
block 45 29
block 5 30
block 6 30
block 7 30
block 8 30
block 9 30
block 12 30
block 13 30
block 14 30
block 15 30
block 16 30
block 17 30
block 29 30
block 30 30
block 31 30
block 32 30
block 33 30
block 38 30
block 39 30
block 40 30
block 44 30
block 45 30
block 7 31
block 8 31
block 12 31
block 13 31
block 14 31
block 15 31
block 16 31
block 17 31
block 29 31
block 30 31
block 31 31
block 32 31
block 33 31
block 38 31
block 39 31
block 40 31
block 12 32
block 13 32
block 14 32
block 15 32
block 16 32
block 17 32
block 29 32
block 30 32
block 31 32
block 32 32
block 33 32
block 38 32
block 39 32
block 40 32
##BotsAndCoinsInfo
bot_name 0 theBest
bot 0 3 11
bot_coins 0 0
coin 24 15
coin 26 18
round 1
bot 0 4 12
round 2
bot 0 5 13
round 3
bot 0 6 14
round 4
bot 0 7 15
round 5
bot 0 8 16
coin 0 5
coin 50 27
round 6
bot 0 9 16
round 7
bot 0 10 16
round 8
bot 0 11 16
round 9
bot 0 12 16
round 10
bot 0 13 16
coin 9 19
coin 40 13
round 11
bot 0 12 17
round 12
bot 0 11 18
round 13
bot 0 10 19
coin_collected 9 19 0
bot_coins 0 1
round 14
bot 0 11 18
round 15
bot 0 12 17
coin 17 2
coin 34 30
round 16
bot 0 13 16
round 17
bot 0 14 16
round 18
bot 0 15 16
round 19
bot 0 16 16
round 20
bot 0 17 16
coin 1 17
coin 48 15
round 21
bot 0 18 16
round 22
bot 0 19 16
round 23
bot 0 20 16
round 24
bot 0 21 15
round 25
bot 0 22 15
coin 11 29
coin 38 3
round 26
bot 0 23 15
coin_collected 24 15 0
bot_coins 0 2
round 27
bot 0 24 16
round 28
bot 0 24 17
round 29
bot 0 25 18
coin_collected 26 18 0
bot_coins 0 3
round 30
coin 42 0
coin 8 32
round 31
round 32
round 33
round 34
round 35
coin 8 11
coin 43 21
round 36
round 37
round 38
round 39
round 40
coin 3 9
coin 47 23
round 41
round 42
round 43
round 44
round 45
coin 40 19
coin 10 13
round 46
round 47
round 48
round 49
round 50
coin 35 4
coin 15 25
round 51
round 52
round 53
round 54
round 55
coin 23 9
coin 27 23
round 56
round 57
round 58
round 59
round 60
coin 2 30
coin 49 2
round 61
round 62
round 63
round 64
round 65
coin 10 28
coin 38 4
round 66
round 67
round 68
round 69
round 70
coin 19 18
coin 31 14
round 71
round 72
round 73
round 74
round 75
coin 29 15
coin 20 17
round 76
bot 0 26 19
round 77
bot 0 27 20
round 78
bot 0 27 21
round 79
bot 0 27 22
coin_collected 27 23 0
bot_coins 0 4
round 80
bot 0 26 21
coin 38 2
coin 11 30
round 81
bot 0 25 20
round 82
bot 0 25 19
round 83
bot 0 25 18
round 84
bot 0 26 19
round 85
bot 0 27 18
coin 40 14
coin 10 18
round 86
bot 0 28 19
round 87
bot 0 29 18
round 88
bot 0 29 17
round 89
bot 0 29 16
coin_collected 29 15 0
bot_coins 0 5
round 90
bot 0 30 15
coin 43 22
coin 7 11
round 91
bot 0 31 14
coin_collected 31 14 0
bot_coins 0 6
round 92
bot 0 30 15
round 93
bot 0 29 16
round 94
round 95
coin 1 15
coin 49 16
round 96
round 97
round 98
round 99
round 100
coin 23 25
coin 27 7
round 101
round 102
round 103
round 104
round 105
coin 29 13
coin 20 19
round 106
bot 0 29 15
round 107
bot 0 29 14
coin_collected 29 13 0
bot_coins 0 7
round 108
bot 0 30 15
round 109
bot 0 29 16
round 110
coin 14 6
coin 33 26
round 111
round 112
round 113
round 114
round 115
coin 28 5
coin 22 27
round 116
round 117
round 118
round 119
round 120
coin 13 22
coin 37 10
round 121
round 122
round 123
round 124
round 125
coin 22 2
coin 28 30
round 126
round 127
round 128
round 129
round 130
coin 5 4
coin 46 28
round 131
round 132
round 133
round 134
round 135
coin 23 13
coin 27 19
round 136
bot 0 30 17
round 137
bot 0 29 18
round 138
bot 0 28 19
coin_collected 27 19 0
bot_coins 0 8
round 139
bot 0 27 18
round 140
bot 0 26 18
coin 34 29
coin 16 3
round 141
bot 0 25 18
round 142
round 143
round 144
round 145
coin 44 15
coin 6 17
round 146
round 147
round 148
round 149
round 150
coin 46 14
coin 4 17
round 151
round 152
round 153
round 154
round 155
coin 20 18
coin 30 14
round 156
bot 0 24 18
round 157
round 158
round 159
round 160
coin 41 27
coin 9 5
round 161
round 162
round 163
round 164
round 165
coin 20 25
coin 30 7
round 166
round 167
round 168
round 169
round 170
coin 0 16
coin 50 16
round 171
round 172
round 173
round 174
round 175
coin 50 2
coin 0 30
round 176
round 177
round 178
round 179
round 180
coin 13 4
coin 37 29
round 181
round 182
round 183
round 184
round 185
coin 22 5
coin 28 27
round 186
round 187
round 188
round 189
round 190
coin 46 19
coin 4 13
round 191
round 192
round 193
round 194
round 195
coin 36 21
coin 14 11
round 196
round 197
round 198
round 199
round 200
coin 24 25
coin 26 7
match_over 0
