match
match_id 1639504162283_af
match_time 1639504162290
num_bots 1
##MatchConfig
mode FRIENDLY
num_rounds 200
random_seed 42
move_time_limit 1000
coin_spawn_period 5
coin_spawn_volume 2
##MapConfig
map_size 49 38
view_radius 6
mining_radius 2
attack_radius 4
block 1 0
block 2 0
block 3 0
block 4 0
block 5 0
block 6 0
block 7 0
block 36 0
block 37 0
block 38 0
block 39 0
block 40 0
block 41 0
block 1 1
block 2 1
block 3 1
block 4 1
block 5 1
block 6 1
block 7 1
block 17 1
block 18 1
block 19 1
block 20 1
block 21 1
block 27 1
block 28 1
block 29 1
block 1 2
block 2 2
block 3 2
block 4 2
block 5 2
block 6 2
block 7 2
block 17 2
block 18 2
block 19 2
block 20 2
block 21 2
block 22 2
block 27 2
block 28 2
block 29 2
block 17 3
block 18 3
block 19 3
block 20 3
block 21 3
block 22 3
block 27 3
block 28 3
block 29 3
block 5 4
block 6 4
block 7 4
block 8 4
block 9 4
block 17 4
block 18 4
block 19 4
block 20 4
block 21 4
block 22 4
block 27 4
block 28 4
block 29 4
block 5 5
block 6 5
block 7 5
block 8 5
block 9 5
block 17 5
block 18 5
block 19 5
block 20 5
block 21 5
block 22 5
block 35 5
block 36 5
block 37 5
block 38 5
block 39 5
block 40 5
block 17 6
block 18 6
block 19 6
block 20 6
block 21 6
block 22 6
block 35 6
block 36 6
block 37 6
block 38 6
block 39 6
block 40 6
block 11 7
block 12 7
block 13 7
block 14 7
block 17 7
block 18 7
block 19 7
block 20 7
block 21 7
block 22 7
block 35 7
block 36 7
block 37 7
block 38 7
block 39 7
block 40 7
block 11 8
block 12 8
block 13 8
block 14 8
block 17 8
block 18 8
block 19 8
block 20 8
block 21 8
block 22 8
block 35 8
block 36 8
block 37 8
block 38 8
block 39 8
block 40 8
block 11 9
block 12 9
block 13 9
block 14 9
block 17 9
block 18 9
block 19 9
block 20 9
block 11 10
block 12 10
block 13 10
block 14 10
block 17 10
block 18 10
block 19 10
block 20 10
block 5 11
block 6 11
block 7 11
block 8 11
block 9 11
block 5 12
block 6 12
block 7 12
block 8 12
block 9 12
block 17 12
block 18 12
block 19 12
block 5 13
block 6 13
block 7 13
block 8 13
block 9 13
block 17 13
block 18 13
block 19 13
block 41 13
block 42 13
block 43 13
block 44 13
block 45 13
block 46 13
block 47 13
block 5 14
block 6 14
block 7 14
block 8 14
block 9 14
block 17 14
block 18 14
block 19 14
block 41 14
block 42 14
block 43 14
block 44 14
block 45 14
block 46 14
block 47 14
block 5 15
block 6 15
block 7 15
block 8 15
block 9 15
block 17 15
block 18 15
block 19 15
block 41 15
block 42 15
block 43 15
block 44 15
block 45 15
block 46 15
block 47 15
block 17 16
block 18 16
block 19 16
block 24 16
block 25 16
block 26 16
block 27 16
block 42 16
block 43 16
block 44 16
block 45 16
block 46 16
block 47 16
block 17 17
block 18 17
block 19 17
block 24 17
block 25 17
block 26 17
block 27 17
block 29 17
block 30 17
block 31 17
block 42 17
block 43 17
block 44 17
block 45 17
block 46 17
block 47 17
block 17 18
block 18 18
block 19 18
block 24 18
block 25 18
block 26 18
block 27 18
block 29 18
block 30 18
block 31 18
block 42 18
block 43 18
block 44 18
block 45 18
block 46 18
block 47 18
block 24 19
block 25 19
block 26 19
block 27 19
block 24 20
block 25 20
block 26 20
block 27 20
block 37 21
block 38 21
block 39 21
block 40 21
block 37 22
block 38 22
block 39 22
block 40 22
block 37 23
block 38 23
block 39 23
block 40 23
block 37 24
block 38 24
block 39 24
block 40 24
block 0 25
block 1 25
block 2 25
block 37 25
block 38 25
block 39 25
block 40 25
block 0 26
block 1 26
block 2 26
block 34 26
block 35 26
block 36 26
block 37 26
block 38 26
block 39 26
block 40 26
block 21 27
block 22 27
block 23 27
block 24 27
block 34 27
block 35 27
block 36 27
block 37 27
block 38 27
block 39 27
block 40 27
block 21 28
block 22 28
block 23 28
block 24 28
block 25 28
block 26 28
block 21 29
block 22 29
block 23 29
block 24 29
block 25 29
block 26 29
block 21 30
block 22 30
block 23 30
block 24 30
block 25 30
block 26 30
block 21 31
block 22 31
block 23 31
block 24 31
block 25 31
block 26 31
block 21 32
block 22 32
block 23 32
block 24 32
block 25 32
block 26 32
block 21 33
block 22 33
block 23 33
block 24 33
block 25 33
block 26 33
block 40 33
block 41 33
block 42 33
block 43 33
block 44 33
block 45 33
block 46 33
block 22 34
block 23 34
block 24 34
block 25 34
block 26 34
block 40 34
block 41 34
block 42 34
block 43 34
block 44 34
block 45 34
block 46 34
block 40 35
block 41 35
block 42 35
block 43 35
block 44 35
block 45 35
block 46 35
block 40 36
block 41 36
block 42 36
block 43 36
block 44 36
block 45 36
block 46 36
block 1 37
block 2 37
block 3 37
block 4 37
block 5 37
block 6 37
block 7 37
block 36 37
block 37 37
block 38 37
block 39 37
block 40 37
block 41 37
block 42 37
block 43 37
block 44 37
block 45 37
block 46 37
##BotsAndCoinsInfo
bot_name 0 theBest
bot 0 0 31
bot_coins 0 0
coin 29 9
coin 19 28
round 1
round 2
round 3
match_over 0
round 4
