match
match_id 1639523618968_ab
match_time 1639523618976
num_bots 1
##MatchConfig
mode FRIENDLY
num_rounds 200
random_seed 42
move_time_limit 1000
coin_spawn_period 5
coin_spawn_volume 2
##MapConfig
map_size 76 36
view_radius 5
mining_radius 1
attack_radius 3
block 68 0
block 69 0
block 70 0
block 71 0
block 0 1
block 34 1
block 35 1
block 36 1
block 37 1
block 38 1
block 39 1
block 68 1
block 69 1
block 70 1
block 71 1
block 73 1
block 74 1
block 75 1
block 0 2
block 34 2
block 35 2
block 36 2
block 37 2
block 38 2
block 39 2
block 68 2
block 69 2
block 70 2
block 71 2
block 73 2
block 74 2
block 75 2
block 0 3
block 34 3
block 35 3
block 36 3
block 37 3
block 38 3
block 39 3
block 68 3
block 69 3
block 70 3
block 71 3
block 73 3
block 74 3
block 75 3
block 0 4
block 34 4
block 35 4
block 36 4
block 37 4
block 38 4
block 39 4
block 44 4
block 45 4
block 46 4
block 68 4
block 69 4
block 70 4
block 71 4
block 73 4
block 74 4
block 75 4
block 34 5
block 35 5
block 36 5
block 37 5
block 38 5
block 39 5
block 44 5
block 45 5
block 46 5
block 68 5
block 69 5
block 70 5
block 71 5
block 44 6
block 45 6
block 46 6
block 26 7
block 27 7
block 28 7
block 29 7
block 36 7
block 37 7
block 38 7
block 39 7
block 44 7
block 45 7
block 46 7
block 26 8
block 27 8
block 28 8
block 29 8
block 36 8
block 37 8
block 38 8
block 39 8
block 26 9
block 27 9
block 28 9
block 29 9
block 30 9
block 31 9
block 32 9
block 33 9
block 26 10
block 27 10
block 28 10
block 29 10
block 30 10
block 31 10
block 32 10
block 33 10
block 12 11
block 13 11
block 14 11
block 15 11
block 16 11
block 17 11
block 26 11
block 27 11
block 28 11
block 29 11
block 30 11
block 31 11
block 32 11
block 33 11
block 12 12
block 13 12
block 14 12
block 15 12
block 16 12
block 17 12
block 30 12
block 31 12
block 32 12
block 33 12
block 0 13
block 1 13
block 12 13
block 13 13
block 14 13
block 15 13
block 16 13
block 17 13
block 30 13
block 31 13
block 32 13
block 33 13
block 0 14
block 1 14
block 12 14
block 13 14
block 14 14
block 15 14
block 16 14
block 17 14
block 26 14
block 27 14
block 28 14
block 29 14
block 30 14
block 31 14
block 32 14
block 33 14
block 0 15
block 1 15
block 2 15
block 3 15
block 4 15
block 5 15
block 6 15
block 12 15
block 13 15
block 14 15
block 15 15
block 16 15
block 17 15
block 26 15
block 27 15
block 28 15
block 29 15
block 30 15
block 31 15
block 32 15
block 33 15
block 47 15
block 48 15
block 0 16
block 1 16
block 2 16
block 3 16
block 4 16
block 5 16
block 6 16
block 12 16
block 13 16
block 14 16
block 15 16
block 16 16
block 17 16
block 26 16
block 27 16
block 28 16
block 29 16
block 34 16
block 35 16
block 36 16
block 37 16
block 38 16
block 47 16
block 48 16
block 2 17
block 3 17
block 4 17
block 5 17
block 6 17
block 26 17
block 27 17
block 28 17
block 29 17
block 34 17
block 35 17
block 36 17
block 37 17
block 38 17
block 47 17
block 48 17
block 2 18
block 3 18
block 4 18
block 5 18
block 6 18
block 34 18
block 35 18
block 36 18
block 37 18
block 38 18
block 47 18
block 48 18
block 2 19
block 3 19
block 4 19
block 5 19
block 6 19
block 34 19
block 35 19
block 36 19
block 37 19
block 38 19
block 47 19
block 48 19
block 49 19
block 2 20
block 3 20
block 4 20
block 5 20
block 6 20
block 34 20
block 35 20
block 36 20
block 37 20
block 38 20
block 47 20
block 48 20
block 49 20
block 2 21
block 3 21
block 4 21
block 5 21
block 6 21
block 34 21
block 35 21
block 36 21
block 37 21
block 38 21
block 47 21
block 48 21
block 24 22
block 25 22
block 34 22
block 35 22
block 36 22
block 37 22
block 38 22
block 24 23
block 25 23
block 24 24
block 25 24
block 24 25
block 25 25
block 48 26
block 49 26
block 50 26
block 48 27
block 49 27
block 50 27
block 51 27
block 52 27
block 53 27
block 54 27
block 23 28
block 24 28
block 25 28
block 26 28
block 27 28
block 28 28
block 29 28
block 48 28
block 49 28
block 50 28
block 51 28
block 52 28
block 53 28
block 54 28
block 23 29
block 24 29
block 25 29
block 26 29
block 27 29
block 28 29
block 29 29
block 48 29
block 49 29
block 50 29
block 51 29
block 52 29
block 53 29
block 54 29
block 70 29
block 71 29
block 72 29
block 23 30
block 24 30
block 25 30
block 26 30
block 27 30
block 28 30
block 29 30
block 70 30
block 71 30
block 72 30
block 23 31
block 24 31
block 25 31
block 26 31
block 27 31
block 28 31
block 29 31
block 70 31
block 71 31
block 72 31
block 23 32
block 24 32
block 25 32
block 26 32
block 27 32
block 28 32
block 29 32
block 70 32
block 71 32
block 72 32
block 70 33
block 71 33
block 72 33
block 70 34
block 71 34
block 72 34
block 68 35
block 69 35
block 70 35
block 71 35
block 72 35
##BotsAndCoinsInfo
bot_name 0 theBest
bot 0 35 23
bot_coins 0 0
coin 26 3
coin 49 32
round 1
bot 0 35 24
round 2
bot 0 35 25
round 3
bot 0 35 26
round 4
bot 0 35 27
round 5
bot 0 35 28
coin 12 8
coin 63 27
round 6
bot 0 35 29
round 7
bot 0 35 30
round 8
bot 0 35 31
round 9
bot 0 35 32
round 10
bot 0 35 33
coin 6 25
coin 69 10
round 11
bot 0 35 34
round 12
bot 0 35 35
round 13
bot 0 36 35
round 14
bot 0 37 35
round 15
bot 0 38 35
coin 25 2
coin 50 33
round 16
bot 0 39 35
round 17
bot 0 40 35
round 18
bot 0 41 35
round 19
bot 0 42 35
round 20
bot 0 43 35
coin 51 30
coin 24 5
round 21
bot 0 44 35
round 22
bot 0 45 35
round 23
bot 0 46 35
round 24
bot 0 47 35
round 25
bot 0 48 35
coin 42 26
coin 33 8
round 26
bot 0 49 35
round 27
bot 0 50 35
round 28
bot 0 51 35
round 29
bot 0 52 35
round 30
bot 0 53 35
coin 12 0
coin 63 35
round 31
bot 0 54 35
round 32
bot 0 55 35
round 33
bot 0 56 35
round 34
bot 0 57 35
round 35
bot 0 58 35
coin 64 32
coin 11 3
round 36
bot 0 59 35
round 37
bot 0 60 35
round 38
bot 0 61 35
round 39
bot 0 62 35
coin_collected 63 35 0
bot_coins 0 1
round 40
bot 0 63 35
coin 68 6
coin 7 29
round 41
bot 0 64 35
round 42
bot 0 65 35
round 43
bot 0 66 35
round 44
bot 0 67 35
round 45
coin 11 17
coin 64 18
round 46
round 47
round 48
round 49
round 50
coin 40 31
coin 33 4
round 51
round 52
round 53
round 54
round 55
coin 54 33
coin 21 2
round 56
round 57
round 58
round 59
round 60
coin 47 9
coin 28 26
round 61
round 62
round 63
round 64
round 65
coin 6 22
coin 69 13
round 66
round 67
round 68
round 69
round 70
coin 67 30
coin 8 5
round 71
round 72
round 73
round 74
round 75
coin 38 12
coin 37 23
round 76
round 77
round 78
round 79
round 80
coin 62 5
coin 13 30
round 81
round 82
round 83
round 84
round 85
coin 26 23
coin 49 12
round 86
round 87
round 88
round 89
round 90
coin 60 25
coin 15 10
round 91
round 92
round 93
round 94
round 95
coin 1 12
coin 74 23
round 96
round 97
round 98
round 99
round 100
coin 27 13
coin 48 22
round 101
round 102
round 103
round 104
round 105
coin 75 25
coin 0 10
round 106
round 107
round 108
round 109
round 110
coin 31 6
coin 44 29
round 111
round 112
round 113
round 114
round 115
coin 63 11
coin 12 24
round 116
round 117
round 118
round 119
round 120
coin 17 7
coin 58 28
round 121
round 122
round 123
round 124
round 125
coin 53 32
coin 22 3
round 126
round 127
round 128
round 129
round 130
coin 66 4
coin 9 31
round 131
round 132
round 133
round 134
round 135
coin 4 34
coin 72 1
round 136
round 137
round 138
round 139
round 140
coin 57 31
coin 18 4
round 141
round 142
round 143
round 144
round 145
coin 45 27
coin 30 8
round 146
round 147
round 148
round 149
round 150
coin 9 23
coin 66 12
round 151
round 152
round 153
round 154
round 155
coin 75 13
coin 0 22
round 156
round 157
round 158
round 159
round 160
coin 25 14
coin 50 21
round 161
round 162
round 163
round 164
round 165
coin 58 31
coin 17 4
round 166
round 167
round 168
round 169
round 170
coin 15 27
coin 60 8
round 171
round 172
round 173
round 174
round 175
coin 34 6
coin 41 29
round 176
round 177
round 178
round 179
round 180
coin 61 25
coin 14 10
round 181
round 182
round 183
round 184
round 185
coin 57 5
coin 18 30
round 186
round 187
round 188
round 189
round 190
coin 18 16
coin 57 19
round 191
round 192
round 193
round 194
round 195
coin 45 33
coin 30 2
round 196
round 197
round 198
round 199
round 200
coin 4 10
coin 71 25
match_over 0
