match
match_id 1639522034201_ab
match_time 1639522034206
num_bots 1
##MatchConfig
mode FRIENDLY
num_rounds 200
random_seed 42
move_time_limit 1000
coin_spawn_period 5
coin_spawn_volume 2
##MapConfig
map_size 75 21
view_radius 5
mining_radius 2
attack_radius 4
block 10 0
block 11 0
block 12 0
block 13 0
block 23 0
block 24 0
block 25 0
block 26 0
block 27 0
block 28 0
block 10 1
block 11 1
block 12 1
block 13 1
block 23 1
block 24 1
block 25 1
block 26 1
block 27 1
block 28 1
block 10 2
block 11 2
block 12 2
block 13 2
block 23 2
block 24 2
block 25 2
block 26 2
block 27 2
block 28 2
block 10 3
block 11 3
block 12 3
block 13 3
block 10 4
block 11 4
block 12 4
block 13 4
block 13 5
block 14 5
block 15 5
block 16 5
block 17 5
block 18 5
block 19 5
block 13 6
block 14 6
block 15 6
block 16 6
block 17 6
block 18 6
block 19 6
block 23 6
block 24 6
block 25 6
block 26 6
block 23 7
block 24 7
block 25 7
block 26 7
block 21 10
block 22 10
block 53 10
block 54 10
block 55 10
block 56 10
block 57 10
block 0 11
block 21 11
block 22 11
block 53 11
block 54 11
block 55 11
block 56 11
block 57 11
block 70 11
block 71 11
block 72 11
block 73 11
block 74 11
block 0 12
block 21 12
block 22 12
block 47 12
block 48 12
block 49 12
block 50 12
block 51 12
block 52 12
block 53 12
block 54 12
block 55 12
block 56 12
block 57 12
block 70 12
block 71 12
block 72 12
block 73 12
block 74 12
block 21 13
block 22 13
block 47 13
block 48 13
block 49 13
block 50 13
block 51 13
block 52 13
block 53 13
block 54 13
block 55 13
block 56 13
block 57 13
block 21 14
block 22 14
block 47 14
block 48 14
block 49 14
block 50 14
block 51 14
block 52 14
block 53 14
block 54 14
block 55 14
block 56 14
block 57 14
block 47 15
block 48 15
block 49 15
block 50 15
block 51 15
block 52 15
block 53 15
block 54 15
block 55 15
block 56 15
block 57 15
block 47 16
block 48 16
block 49 16
block 50 16
block 51 16
block 52 16
block 53 16
block 13 17
block 14 17
block 15 17
block 16 17
block 17 17
block 18 17
block 19 17
block 31 17
block 32 17
block 33 17
block 34 17
block 35 17
block 36 17
block 47 17
block 48 17
block 49 17
block 50 17
block 51 17
block 52 17
block 53 17
block 13 18
block 14 18
block 15 18
block 16 18
block 17 18
block 18 18
block 19 18
block 31 18
block 32 18
block 33 18
block 34 18
block 35 18
block 36 18
block 47 18
block 48 18
block 49 18
block 50 18
block 51 18
block 52 18
block 53 18
block 13 19
block 14 19
block 15 19
block 16 19
block 17 19
block 18 19
block 19 19
block 23 19
block 24 19
block 25 19
block 26 19
block 27 19
block 28 19
block 31 19
block 32 19
block 33 19
block 34 19
block 35 19
block 36 19
block 47 19
block 48 19
block 49 19
block 50 19
block 51 19
block 52 19
block 23 20
block 24 20
block 25 20
block 26 20
block 27 20
block 28 20
##BotsAndCoinsInfo
bot_name 0 theBest
bot 0 70 7
bot_coins 0 0
coin 5 12
coin 69 8
round 1
bot 0 71 8
coin_collected 69 8 0
bot_coins 0 1
round 2
bot 0 72 9
round 3
bot 0 73 10
round 4
bot 0 74 10
round 5
coin 46 17
coin 28 3
round 6
round 7
match_over 0
round 8
