match
match_id 1639523420981_aw
match_time 1639523420989
num_bots 1
##MatchConfig
mode FRIENDLY
num_rounds 200
random_seed 42
move_time_limit 1000
coin_spawn_period 5
coin_spawn_volume 2
##MapConfig
map_size 60 33
view_radius 6
mining_radius 2
attack_radius 4
block 26 0
block 27 0
block 26 1
block 27 1
block 32 6
block 33 6
block 34 6
block 7 7
block 8 7
block 9 7
block 10 7
block 11 7
block 12 7
block 13 7
block 19 7
block 20 7
block 21 7
block 22 7
block 23 7
block 24 7
block 25 7
block 32 7
block 33 7
block 34 7
block 7 8
block 8 8
block 9 8
block 10 8
block 11 8
block 12 8
block 13 8
block 19 8
block 20 8
block 21 8
block 22 8
block 23 8
block 24 8
block 25 8
block 19 9
block 20 9
block 21 9
block 22 9
block 23 9
block 24 9
block 25 9
block 38 11
block 39 11
block 40 11
block 38 12
block 39 12
block 40 12
block 21 13
block 22 13
block 21 14
block 22 14
block 21 15
block 22 15
block 21 16
block 22 16
block 21 17
block 22 17
block 36 18
block 37 18
block 38 18
block 39 18
block 40 18
block 41 18
block 36 19
block 37 19
block 38 19
block 39 19
block 40 19
block 41 19
block 36 20
block 37 20
block 38 20
block 39 20
block 40 20
block 41 20
block 36 21
block 37 21
block 38 21
block 39 21
block 40 21
block 41 21
block 46 21
block 47 21
block 48 21
block 49 21
block 50 21
block 36 22
block 37 22
block 38 22
block 39 22
block 40 22
block 41 22
block 46 22
block 47 22
block 48 22
block 49 22
block 50 22
block 46 23
block 47 23
block 48 23
block 49 23
block 50 23
block 26 32
block 27 32
##BotsAndCoinsInfo
bot_name 0 theBest
bot 0 51 25
bot_coins 0 0
coin 50 15
coin 9 17
round 1
bot 0 52 26
round 2
bot 0 53 27
round 3
bot 0 54 28
round 4
bot 0 55 29
round 5
bot 0 56 30
coin 48 5
coin 11 27
round 6
bot 0 57 31
round 7
bot 0 58 32
round 8
round 9
round 10
match_over 0
coin 30 19
coin 29 13
round 11
