match
match_id 1639511724650_ae
match_time 1639511724656
num_bots 1
##MatchConfig
mode FRIENDLY
num_rounds 200
random_seed 42
move_time_limit 1000
coin_spawn_period 5
coin_spawn_volume 2
##MapConfig
map_size 77 33
view_radius 6
mining_radius 1
attack_radius 3
block 0 0
block 1 0
block 24 0
block 25 0
block 26 0
block 27 0
block 28 0
block 34 0
block 35 0
block 36 0
block 37 0
block 61 0
block 62 0
block 63 0
block 76 0
block 24 1
block 25 1
block 26 1
block 27 1
block 28 1
block 61 1
block 62 1
block 63 1
block 24 2
block 25 2
block 26 2
block 27 2
block 28 2
block 41 2
block 42 2
block 43 2
block 24 3
block 25 3
block 26 3
block 27 3
block 28 3
block 41 3
block 42 3
block 43 3
block 43 4
block 44 4
block 45 4
block 46 4
block 2 5
block 3 5
block 4 5
block 5 5
block 6 5
block 7 5
block 8 5
block 30 5
block 31 5
block 32 5
block 33 5
block 43 5
block 44 5
block 45 5
block 46 5
block 2 6
block 3 6
block 4 6
block 5 6
block 6 6
block 7 6
block 8 6
block 30 6
block 31 6
block 32 6
block 33 6
block 43 6
block 44 6
block 45 6
block 46 6
block 2 7
block 3 7
block 4 7
block 5 7
block 6 7
block 7 7
block 8 7
block 30 7
block 31 7
block 32 7
block 33 7
block 43 7
block 44 7
block 45 7
block 46 7
block 2 8
block 3 8
block 4 8
block 5 8
block 6 8
block 7 8
block 8 8
block 30 8
block 31 8
block 32 8
block 33 8
block 72 8
block 73 8
block 74 8
block 75 8
block 2 9
block 3 9
block 4 9
block 5 9
block 6 9
block 7 9
block 8 9
block 72 9
block 73 9
block 74 9
block 75 9
block 72 10
block 73 10
block 74 10
block 75 10
block 72 11
block 73 11
block 74 11
block 75 11
block 4 12
block 5 12
block 12 12
block 13 12
block 14 12
block 15 12
block 16 12
block 17 12
block 18 12
block 44 12
block 45 12
block 46 12
block 47 12
block 48 12
block 72 12
block 73 12
block 74 12
block 75 12
block 4 13
block 5 13
block 12 13
block 13 13
block 14 13
block 15 13
block 16 13
block 17 13
block 18 13
block 19 13
block 20 13
block 21 13
block 22 13
block 23 13
block 24 13
block 44 13
block 45 13
block 46 13
block 47 13
block 48 13
block 72 13
block 73 13
block 74 13
block 75 13
block 4 14
block 5 14
block 12 14
block 13 14
block 14 14
block 15 14
block 16 14
block 17 14
block 18 14
block 19 14
block 20 14
block 21 14
block 22 14
block 23 14
block 24 14
block 32 14
block 33 14
block 34 14
block 35 14
block 36 14
block 37 14
block 38 14
block 44 14
block 45 14
block 46 14
block 47 14
block 48 14
block 72 14
block 73 14
block 74 14
block 75 14
block 4 15
block 5 15
block 12 15
block 13 15
block 14 15
block 15 15
block 16 15
block 17 15
block 18 15
block 19 15
block 20 15
block 21 15
block 22 15
block 23 15
block 24 15
block 32 15
block 33 15
block 34 15
block 35 15
block 36 15
block 37 15
block 38 15
block 44 15
block 45 15
block 46 15
block 47 15
block 48 15
block 72 15
block 73 15
block 12 16
block 13 16
block 14 16
block 15 16
block 16 16
block 17 16
block 18 16
block 19 16
block 20 16
block 21 16
block 22 16
block 23 16
block 24 16
block 32 16
block 33 16
block 34 16
block 35 16
block 36 16
block 37 16
block 38 16
block 44 16
block 45 16
block 46 16
block 47 16
block 48 16
block 63 16
block 64 16
block 65 16
block 66 16
block 72 16
block 73 16
block 12 17
block 13 17
block 14 17
block 15 17
block 16 17
block 17 17
block 18 17
block 19 17
block 20 17
block 21 17
block 22 17
block 23 17
block 24 17
block 44 17
block 45 17
block 46 17
block 47 17
block 48 17
block 63 17
block 64 17
block 65 17
block 66 17
block 12 18
block 13 18
block 14 18
block 15 18
block 16 18
block 17 18
block 18 18
block 19 18
block 20 18
block 21 18
block 22 18
block 23 18
block 24 18
block 44 18
block 45 18
block 46 18
block 47 18
block 48 18
block 49 18
block 50 18
block 51 18
block 63 18
block 64 18
block 65 18
block 66 18
block 18 19
block 19 19
block 20 19
block 21 19
block 22 19
block 23 19
block 24 19
block 48 19
block 49 19
block 50 19
block 51 19
block 63 19
block 64 19
block 65 19
block 66 19
block 67 19
block 68 19
block 69 19
block 43 20
block 44 20
block 45 20
block 48 20
block 49 20
block 50 20
block 51 20
block 63 20
block 64 20
block 65 20
block 66 20
block 67 20
block 68 20
block 69 20
block 43 21
block 44 21
block 45 21
block 43 22
block 44 22
block 45 22
block 43 23
block 44 23
block 45 23
block 43 24
block 44 24
block 45 24
block 43 25
block 44 25
block 45 25
block 29 26
block 30 26
block 43 26
block 44 26
block 45 26
block 29 27
block 30 27
block 0 28
block 1 28
block 29 28
block 30 28
block 76 28
block 0 29
block 1 29
block 16 29
block 17 29
block 18 29
block 19 29
block 20 29
block 67 29
block 68 29
block 69 29
block 70 29
block 71 29
block 72 29
block 76 29
block 0 30
block 1 30
block 16 30
block 17 30
block 18 30
block 19 30
block 20 30
block 67 30
block 68 30
block 69 30
block 70 30
block 71 30
block 72 30
block 76 30
block 0 31
block 1 31
block 16 31
block 17 31
block 18 31
block 19 31
block 20 31
block 61 31
block 62 31
block 63 31
block 67 31
block 68 31
block 69 31
block 70 31
block 71 31
block 72 31
block 76 31
block 0 32
block 1 32
block 16 32
block 17 32
block 18 32
block 19 32
block 20 32
block 24 32
block 25 32
block 26 32
block 27 32
block 28 32
block 34 32
block 35 32
block 36 32
block 37 32
block 61 32
block 62 32
block 63 32
block 76 32
##BotsAndCoinsInfo
bot_name 0 theBest
bot 0 19 1
bot_coins 0 0
coin 29 15
coin 49 17
round 1
round 2
round 3
round 4
round 5
coin 41 5
coin 35 27
round 6
round 7
round 8
round 9
round 10
coin 47 19
coin 29 13
round 11
round 12
round 13
round 14
round 15
coin 1 2
coin 75 30
round 16
round 17
round 18
round 19
round 20
coin 76 17
coin 0 15
round 21
round 22
round 23
round 24
round 25
coin 66 29
coin 10 3
round 26
round 27
round 28
round 29
round 30
coin 35 1
coin 41 31
round 31
round 32
round 33
round 34
round 35
coin 57 11
coin 19 21
round 36
round 37
round 38
round 39
round 40
coin 70 9
coin 6 23
round 41
round 42
round 43
round 44
round 45
coin 0 20
coin 76 12
round 46
round 47
round 48
round 49
round 50
coin 54 4
coin 22 28
round 51
round 52
round 53
round 54
round 55
coin 36 9
coin 40 23
round 56
round 57
round 58
round 59
round 60
coin 56 30
coin 20 2
round 61
round 62
round 63
round 64
round 65
coin 21 28
coin 55 4
round 66
round 67
round 68
round 69
round 70
coin 4 18
coin 71 14
round 71
round 72
round 73
round 74
round 75
coin 31 15
coin 43 17
round 76
round 77
round 78
round 79
round 80
coin 23 2
coin 53 30
round 81
round 82
round 83
round 84
round 85
coin 10 14
coin 67 18
round 86
round 87
round 88
round 89
round 90
coin 54 22
coin 22 10
round 91
round 92
round 93
round 94
round 95
coin 21 12
coin 55 20
round 96
round 97
round 98
round 99
round 100
coin 13 25
coin 63 7
round 101
round 102
round 103
round 104
round 105
coin 56 13
coin 20 20
round 106
round 107
round 108
round 109
round 110
coin 10 6
coin 66 26
round 111
round 112
round 113
round 114
round 115
coin 34 5
coin 42 27
round 116
round 117
round 118
round 119
round 120
coin 62 22
coin 14 10
round 121
round 122
round 123
round 124
round 125
coin 26 4
coin 50 28
round 126
round 127
round 128
round 129
round 130
coin 30 4
coin 46 28
round 131
round 132
round 133
round 134
round 135
coin 2 13
coin 74 19
round 136
round 137
round 138
round 139
round 140
coin 0 27
coin 76 5
round 141
round 142
round 143
round 144
round 145
coin 71 15
coin 5 17
round 146
round 147
round 148
round 149
round 150
coin 56 14
coin 21 20
round 151
round 152
round 153
round 154
round 155
coin 4 19
coin 71 13
round 156
round 157
round 158
round 159
round 160
coin 15 26
coin 61 6
round 161
round 162
round 163
round 164
round 165
coin 27 25
coin 49 7
round 166
round 167
round 168
round 169
round 170
coin 34 13
coin 42 19
round 171
round 172
round 173
round 174
round 175
coin 38 2
coin 38 30
round 176
round 177
round 178
round 179
round 180
coin 46 3
coin 30 29
round 181
round 182
round 183
round 184
round 185
coin 1 5
coin 75 27
round 186
round 187
round 188
round 189
round 190
coin 40 19
coin 36 13
round 191
round 192
round 193
round 194
round 195
coin 10 21
coin 66 11
round 196
round 197
round 198
round 199
round 200
coin 65 25
coin 11 7
match_over 0
