match
match_id 1639551877697_bq
match_time 1639551877701
num_bots 1
##MatchConfig
mode FRIENDLY
num_rounds 200
random_seed 42
move_time_limit 1000
coin_spawn_period 5
coin_spawn_volume 2
##MapConfig
map_size 65 30
view_radius 6
mining_radius 1
attack_radius 3
block 20 2
block 21 2
block 22 2
block 23 2
block 24 2
block 25 2
block 20 3
block 21 3
block 22 3
block 23 3
block 24 3
block 25 3
block 20 4
block 21 4
block 22 4
block 23 4
block 24 4
block 25 4
block 20 5
block 21 5
block 22 5
block 23 5
block 24 5
block 25 5
block 20 6
block 21 6
block 22 6
block 23 6
block 24 6
block 25 6
block 0 7
block 1 7
block 2 7
block 3 7
block 4 7
block 20 7
block 21 7
block 22 7
block 23 7
block 24 7
block 25 7
block 63 7
block 64 7
block 0 8
block 1 8
block 2 8
block 3 8
block 4 8
block 63 8
block 64 8
block 0 9
block 1 9
block 2 9
block 3 9
block 4 9
block 63 9
block 64 9
block 0 10
block 1 10
block 2 10
block 3 10
block 4 10
block 11 10
block 12 10
block 13 10
block 14 10
block 15 10
block 16 10
block 17 10
block 63 10
block 64 10
block 0 11
block 1 11
block 2 11
block 3 11
block 4 11
block 11 11
block 12 11
block 13 11
block 14 11
block 15 11
block 16 11
block 17 11
block 63 11
block 64 11
block 0 12
block 11 12
block 12 12
block 13 12
block 14 12
block 15 12
block 16 12
block 17 12
block 64 12
block 0 13
block 11 13
block 12 13
block 13 13
block 14 13
block 15 13
block 16 13
block 17 13
block 64 13
block 0 14
block 64 14
block 0 15
block 64 15
block 48 16
block 49 16
block 50 16
block 51 16
block 52 16
block 53 16
block 48 17
block 49 17
block 50 17
block 51 17
block 52 17
block 53 17
block 28 19
block 29 19
block 30 19
block 31 19
block 32 19
block 28 20
block 29 20
block 30 20
block 31 20
block 32 20
block 26 21
block 27 21
block 28 21
block 29 21
block 30 21
block 31 21
block 32 21
block 26 22
block 27 22
block 28 22
block 29 22
block 30 22
block 31 22
block 32 22
block 26 23
block 27 23
block 28 23
block 29 23
block 30 23
block 31 23
block 32 23
block 28 24
block 29 24
block 30 24
block 31 24
block 32 24
block 28 25
block 29 25
block 30 25
block 31 25
block 32 25
block 10 27
block 11 27
block 12 27
block 13 27
block 10 28
block 11 28
block 12 28
block 13 28
##BotsAndCoinsInfo
bot_name 0 theBest
bot 0 35 12
bot_coins 0 0
coin 0 3
coin 64 26
round 1
bot 0 35 13
round 2
bot 0 35 14
round 3
bot 0 35 15
round 4
bot 0 35 16
round 5
bot 0 35 17
coin 48 14
coin 16 15
round 6
bot 0 35 18
round 7
bot 0 35 19
round 8
bot 0 35 20
round 9
bot 0 35 21
round 10
bot 0 35 22
coin 0 25
coin 64 4
round 11
bot 0 35 23
round 12
bot 0 35 24
round 13
bot 0 35 25
round 14
bot 0 35 26
round 15
bot 0 35 27
coin 0 6
coin 64 23
round 16
bot 0 35 28
round 17
bot 0 35 29
round 18
bot 0 36 29
round 19
bot 0 37 29
round 20
bot 0 38 29
coin 27 24
coin 37 5
round 21
bot 0 39 29
round 22
bot 0 40 29
round 23
bot 0 41 29
round 24
bot 0 42 29
round 25
bot 0 43 29
coin 52 2
coin 12 26
round 26
bot 0 44 29
round 27
bot 0 45 29
round 28
bot 0 46 29
round 29
bot 0 47 29
round 30
bot 0 48 28
coin 21 12
coin 43 17
round 31
bot 0 49 27
round 32
bot 0 50 26
round 33
bot 0 50 27
round 34
bot 0 51 26
round 35
bot 0 51 27
coin 46 2
coin 18 27
round 36
bot 0 52 26
round 37
bot 0 52 25
round 38
bot 0 52 26
round 39
bot 0 52 25
round 40
bot 0 52 26
coin 61 0
coin 3 29
round 41
bot 0 52 25
round 42
bot 0 52 26
round 43
bot 0 52 25
round 44
bot 0 52 26
round 45
bot 0 52 25
coin 63 29
coin 1 0
round 46
bot 0 52 26
round 47
bot 0 52 25
round 48
bot 0 52 26
round 49
bot 0 52 25
round 50
bot 0 52 26
coin 40 13
coin 24 16
round 51
bot 0 52 25
round 52
bot 0 52 26
round 53
bot 0 52 25
round 54
bot 0 52 26
round 55
bot 0 52 25
coin 26 3
coin 38 26
round 56
bot 0 52 26
round 57
bot 0 52 25
round 58
bot 0 52 26
round 59
bot 0 52 25
round 60
bot 0 52 26
coin 38 21
coin 26 8
round 61
bot 0 52 25
round 62
bot 0 52 26
round 63
bot 0 52 25
round 64
bot 0 52 26
round 65
bot 0 52 25
coin 25 28
coin 39 1
round 66
bot 0 52 26
round 67
bot 0 52 25
round 68
bot 0 52 26
round 69
bot 0 52 25
round 70
bot 0 52 26
coin 32 6
coin 33 23
round 71
bot 0 52 25
round 72
bot 0 52 26
round 73
bot 0 52 25
round 74
bot 0 52 26
round 75
bot 0 52 25
coin 26 6
coin 38 23
round 76
bot 0 52 26
round 77
bot 0 52 25
round 78
bot 0 52 26
round 79
bot 0 52 25
round 80
bot 0 52 26
coin 5 5
coin 59 24
round 81
bot 0 52 25
round 82
bot 0 52 26
round 83
bot 0 52 25
round 84
bot 0 52 26
round 85
bot 0 52 25
coin 7 17
coin 57 12
round 86
bot 0 52 26
round 87
bot 0 52 25
round 88
bot 0 52 26
round 89
bot 0 52 25
round 90
bot 0 52 26
coin 32 13
coin 32 16
round 91
bot 0 52 25
round 92
bot 0 52 26
round 93
bot 0 52 25
round 94
bot 0 52 26
round 95
bot 0 52 25
coin 27 25
coin 37 4
round 96
bot 0 52 26
round 97
bot 0 52 25
round 98
bot 0 52 26
round 99
bot 0 52 25
round 100
bot 0 52 26
coin 44 25
coin 19 4
round 101
bot 0 52 25
round 102
bot 0 52 26
round 103
bot 0 52 25
round 104
bot 0 52 26
round 105
bot 0 52 25
coin 8 7
coin 56 22
round 106
bot 0 53 24
round 107
bot 0 54 23
round 108
bot 0 55 22
coin_collected 56 22 0
bot_coins 0 1
round 109
bot 0 56 23
round 110
bot 0 57 24
coin 15 24
coin 49 5
round 111
bot 0 58 24
coin_collected 59 24 0
bot_coins 0 2
round 112
bot 0 58 25
round 113
bot 0 59 24
round 114
bot 0 60 23
round 115
bot 0 61 23
coin 42 5
coin 22 24
round 116
bot 0 62 23
round 117
bot 0 63 23
coin_collected 64 23 0
bot_coins 0 3
round 118
bot 0 62 24
round 119
bot 0 63 25
round 120
bot 0 64 26
coin_collected 64 26 0
bot_coins 0 4
coin 27 13
coin 37 16
round 121
bot 0 63 25
round 122
bot 0 62 25
round 123
bot 0 61 25
round 124
bot 0 60 25
round 125
bot 0 59 25
coin 48 20
coin 16 9
round 126
bot 0 60 24
round 127
bot 0 59 25
round 128
bot 0 60 24
round 129
bot 0 59 25
round 130
bot 0 60 24
coin 3 16
coin 61 13
round 131
bot 0 59 25
round 132
bot 0 60 24
round 133
bot 0 59 25
round 134
bot 0 60 24
round 135
bot 0 59 25
coin 40 10
coin 24 19
round 136
bot 0 60 24
round 137
bot 0 59 25
round 138
bot 0 60 24
round 139
bot 0 59 25
round 140
bot 0 60 24
coin 38 19
coin 26 10
round 141
bot 0 59 25
round 142
bot 0 60 24
round 143
bot 0 59 25
round 144
bot 0 60 24
round 145
bot 0 59 25
coin 36 3
coin 28 26
round 146
bot 0 60 24
round 147
bot 0 59 25
round 148
bot 0 60 24
round 149
bot 0 59 25
round 150
bot 0 60 24
coin 32 29
coin 32 0
round 151
bot 0 59 25
round 152
bot 0 60 24
round 153
bot 0 59 25
round 154
bot 0 60 24
round 155
bot 0 59 25
coin 32 1
coin 32 28
round 156
bot 0 60 24
round 157
bot 0 59 25
round 158
bot 0 60 24
round 159
bot 0 59 25
round 160
bot 0 60 24
coin 24 14
coin 40 15
round 161
bot 0 59 25
round 162
bot 0 60 24
round 163
bot 0 59 25
round 164
bot 0 60 24
round 165
bot 0 59 25
coin 33 19
coin 31 10
round 166
bot 0 60 24
round 167
bot 0 59 25
round 168
bot 0 60 24
round 169
bot 0 59 25
round 170
bot 0 60 24
coin 35 9
coin 29 18
round 171
bot 0 59 25
round 172
bot 0 60 24
round 173
bot 0 59 25
round 174
bot 0 60 24
round 175
bot 0 59 25
coin 45 11
coin 19 18
round 176
bot 0 60 24
round 177
bot 0 59 25
round 178
bot 0 60 24
round 179
bot 0 59 25
round 180
bot 0 60 24
coin 13 19
coin 51 10
round 181
bot 0 59 25
round 182
bot 0 60 24
round 183
bot 0 59 25
round 184
bot 0 60 24
round 185
bot 0 59 25
coin 13 23
coin 51 6
round 186
bot 0 60 24
round 187
bot 0 59 25
round 188
bot 0 60 24
round 189
bot 0 59 25
round 190
bot 0 60 24
coin 15 9
coin 49 20
round 191
bot 0 59 25
round 192
bot 0 60 24
round 193
bot 0 59 25
round 194
bot 0 60 24
round 195
bot 0 59 25
coin 55 3
coin 9 26
round 196
bot 0 60 24
round 197
bot 0 59 25
round 198
bot 0 60 24
round 199
bot 0 59 25
round 200
bot 0 60 24
coin 40 4
coin 24 25
match_over 0
