match
match_id 1639564285867_bb
match_time 1639564285876
num_bots 1
##MatchConfig
mode FRIENDLY
num_rounds 200
random_seed 42
move_time_limit 1000
coin_spawn_period 5
coin_spawn_volume 2
##MapConfig
map_size 79 26
view_radius 6
mining_radius 1
attack_radius 3
block 0 0
block 1 0
block 2 0
block 3 0
block 4 0
block 20 0
block 21 0
block 22 0
block 23 0
block 28 0
block 29 0
block 30 0
block 31 0
block 32 0
block 33 0
block 34 0
block 61 0
block 62 0
block 70 0
block 71 0
block 72 0
block 73 0
block 74 0
block 75 0
block 78 0
block 0 1
block 1 1
block 2 1
block 3 1
block 4 1
block 20 1
block 21 1
block 22 1
block 28 1
block 29 1
block 30 1
block 31 1
block 32 1
block 33 1
block 34 1
block 35 1
block 36 1
block 37 1
block 38 1
block 39 1
block 61 1
block 62 1
block 70 1
block 71 1
block 72 1
block 73 1
block 74 1
block 75 1
block 78 1
block 0 2
block 1 2
block 2 2
block 3 2
block 4 2
block 28 2
block 29 2
block 30 2
block 31 2
block 32 2
block 33 2
block 34 2
block 35 2
block 36 2
block 37 2
block 38 2
block 39 2
block 61 2
block 62 2
block 70 2
block 71 2
block 72 2
block 73 2
block 74 2
block 75 2
block 78 2
block 0 3
block 1 3
block 2 3
block 3 3
block 4 3
block 33 3
block 34 3
block 35 3
block 36 3
block 37 3
block 38 3
block 39 3
block 41 3
block 42 3
block 43 3
block 44 3
block 56 3
block 57 3
block 58 3
block 59 3
block 60 3
block 61 3
block 70 3
block 71 3
block 72 3
block 73 3
block 74 3
block 75 3
block 78 3
block 3 4
block 4 4
block 20 4
block 21 4
block 22 4
block 23 4
block 24 4
block 25 4
block 26 4
block 27 4
block 28 4
block 33 4
block 34 4
block 35 4
block 36 4
block 37 4
block 38 4
block 39 4
block 41 4
block 42 4
block 43 4
block 44 4
block 56 4
block 57 4
block 58 4
block 59 4
block 60 4
block 61 4
block 62 4
block 63 4
block 64 4
block 65 4
block 70 4
block 71 4
block 72 4
block 73 4
block 74 4
block 75 4
block 2 5
block 3 5
block 4 5
block 5 5
block 16 5
block 17 5
block 18 5
block 19 5
block 20 5
block 21 5
block 22 5
block 23 5
block 24 5
block 25 5
block 26 5
block 27 5
block 28 5
block 33 5
block 34 5
block 35 5
block 36 5
block 37 5
block 38 5
block 39 5
block 41 5
block 42 5
block 43 5
block 44 5
block 56 5
block 57 5
block 58 5
block 59 5
block 60 5
block 61 5
block 62 5
block 63 5
block 64 5
block 65 5
block 70 5
block 71 5
block 72 5
block 73 5
block 74 5
block 75 5
block 2 6
block 3 6
block 4 6
block 5 6
block 16 6
block 17 6
block 18 6
block 19 6
block 20 6
block 24 6
block 25 6
block 26 6
block 27 6
block 28 6
block 33 6
block 34 6
block 35 6
block 36 6
block 37 6
block 38 6
block 39 6
block 41 6
block 42 6
block 43 6
block 44 6
block 56 6
block 57 6
block 58 6
block 59 6
block 60 6
block 61 6
block 2 7
block 3 7
block 4 7
block 5 7
block 16 7
block 17 7
block 18 7
block 19 7
block 20 7
block 24 7
block 25 7
block 26 7
block 27 7
block 28 7
block 33 7
block 34 7
block 35 7
block 36 7
block 37 7
block 38 7
block 39 7
block 41 7
block 42 7
block 43 7
block 44 7
block 45 7
block 46 7
block 2 8
block 3 8
block 4 8
block 5 8
block 16 8
block 17 8
block 18 8
block 19 8
block 20 8
block 24 8
block 25 8
block 26 8
block 27 8
block 28 8
block 41 8
block 42 8
block 43 8
block 44 8
block 45 8
block 46 8
block 16 9
block 17 9
block 18 9
block 19 9
block 20 9
block 24 9
block 25 9
block 26 9
block 27 9
block 28 9
block 31 9
block 32 9
block 33 9
block 34 9
block 35 9
block 41 9
block 42 9
block 43 9
block 44 9
block 45 9
block 46 9
block 25 10
block 26 10
block 27 10
block 28 10
block 31 10
block 32 10
block 33 10
block 34 10
block 35 10
block 24 11
block 25 11
block 26 11
block 27 11
block 28 11
block 29 11
block 30 11
block 31 11
block 32 11
block 33 11
block 34 11
block 35 11
block 57 11
block 58 11
block 59 11
block 24 12
block 25 12
block 26 12
block 27 12
block 28 12
block 29 12
block 30 12
block 31 12
block 32 12
block 33 12
block 34 12
block 35 12
block 40 12
block 41 12
block 57 12
block 58 12
block 59 12
block 60 12
block 61 12
block 62 12
block 63 12
block 24 13
block 25 13
block 26 13
block 27 13
block 31 13
block 32 13
block 33 13
block 34 13
block 35 13
block 40 13
block 41 13
block 58 13
block 59 13
block 60 13
block 61 13
block 62 13
block 63 13
block 24 14
block 25 14
block 26 14
block 27 14
block 40 14
block 41 14
block 58 14
block 59 14
block 60 14
block 61 14
block 62 14
block 63 14
block 24 15
block 25 15
block 26 15
block 27 15
block 40 15
block 41 15
block 58 15
block 59 15
block 60 15
block 61 15
block 62 15
block 63 15
block 23 16
block 24 16
block 25 16
block 26 16
block 27 16
block 58 16
block 59 16
block 60 16
block 61 16
block 62 16
block 63 16
block 23 17
block 24 17
block 25 17
block 26 17
block 27 17
block 23 18
block 24 18
block 25 18
block 26 18
block 27 18
block 23 19
block 24 19
block 23 20
block 24 20
block 40 20
block 41 20
block 42 20
block 43 20
block 44 20
block 45 20
block 46 20
block 40 21
block 41 21
block 42 21
block 43 21
block 44 21
block 45 21
block 46 21
block 21 22
block 22 22
block 23 22
block 40 22
block 41 22
block 42 22
block 43 22
block 44 22
block 45 22
block 46 22
block 47 22
block 48 22
block 49 22
block 50 22
block 51 22
block 52 22
block 60 22
block 61 22
block 62 22
block 63 22
block 16 23
block 17 23
block 18 23
block 19 23
block 20 23
block 21 23
block 22 23
block 23 23
block 40 23
block 41 23
block 42 23
block 43 23
block 44 23
block 45 23
block 46 23
block 47 23
block 48 23
block 49 23
block 50 23
block 51 23
block 52 23
block 60 23
block 61 23
block 62 23
block 63 23
block 0 24
block 1 24
block 2 24
block 3 24
block 4 24
block 16 24
block 17 24
block 18 24
block 19 24
block 20 24
block 21 24
block 22 24
block 23 24
block 28 24
block 29 24
block 30 24
block 31 24
block 32 24
block 33 24
block 34 24
block 46 24
block 47 24
block 48 24
block 49 24
block 50 24
block 51 24
block 52 24
block 61 24
block 62 24
block 78 24
block 0 25
block 1 25
block 2 25
block 3 25
block 4 25
block 16 25
block 17 25
block 18 25
block 19 25
block 20 25
block 21 25
block 22 25
block 23 25
block 28 25
block 29 25
block 30 25
block 31 25
block 32 25
block 33 25
block 34 25
block 46 25
block 47 25
block 48 25
block 49 25
block 50 25
block 51 25
block 52 25
block 61 25
block 62 25
block 78 25
##BotsAndCoinsInfo
bot_name 0 theBest
bot 0 24 10
bot_coins 0 0
coin 21 7
coin 57 18
round 1
bot 0 23 9
round 2
bot 0 22 8
round 3
bot 0 21 7
coin_collected 21 7 0
bot_coins 0 1
round 4
bot 0 22 7
round 5
bot 0 23 7
coin 22 12
coin 56 13
round 6
bot 0 22 8
round 7
bot 0 22 9
round 8
bot 0 22 10
round 9
bot 0 22 11
coin_collected 22 12 0
bot_coins 0 2
round 10
bot 0 23 11
coin 74 17
coin 4 9
round 11
bot 0 22 10
round 12
bot 0 23 10
round 13
bot 0 24 10
round 14
bot 0 23 9
round 15
bot 0 22 8
coin 62 17
coin 15 8
round 16
bot 0 23 7
round 17
bot 0 23 8
round 18
bot 0 23 9
round 19
bot 0 22 8
round 20
bot 0 23 8
coin 1 15
coin 77 10
round 21
bot 0 23 9
round 22
bot 0 24 10
round 23
bot 0 23 9
round 24
bot 0 24 10
round 25
bot 0 23 9
coin 15 0
coin 63 25
round 26
bot 0 24 10
round 27
bot 0 23 9
round 28
bot 0 24 10
round 29
bot 0 23 9
round 30
bot 0 24 10
coin 23 6
coin 55 19
round 31
bot 0 23 9
round 32
bot 0 23 8
round 33
bot 0 23 7
coin_collected 23 6 0
bot_coins 0 3
round 34
bot 0 22 6
round 35
bot 0 23 6
coin 68 4
coin 10 21
round 36
bot 0 23 7
round 37
bot 0 23 8
round 38
bot 0 22 7
round 39
bot 0 23 7
round 40
bot 0 23 8
coin 29 8
coin 49 17
round 41
bot 0 23 9
round 42
bot 0 24 10
round 43
bot 0 23 9
round 44
bot 0 22 8
round 45
bot 0 23 8
coin 65 25
coin 13 0
round 46
bot 0 23 9
round 47
bot 0 24 10
round 48
bot 0 23 9
round 49
bot 0 24 10
round 50
bot 0 23 9
coin 37 17
coin 40 8
round 51
bot 0 24 10
round 52
bot 0 23 9
round 53
bot 0 24 10
round 54
bot 0 23 9
round 55
bot 0 24 10
coin 28 17
coin 50 8
round 56
bot 0 23 9
round 57
bot 0 24 10
round 58
bot 0 23 9
round 59
bot 0 22 8
round 60
bot 0 23 8
coin 35 21
coin 45 4
round 61
bot 0 23 9
round 62
bot 0 24 10
round 63
bot 0 23 9
round 64
bot 0 24 10
round 65
bot 0 23 9
coin 47 6
coin 31 19
round 66
bot 0 22 8
round 67
bot 0 23 7
round 68
bot 0 23 8
round 69
bot 0 23 9
round 70
bot 0 24 10
coin 6 24
coin 72 25
round 71
bot 0 23 9
round 72
bot 0 22 8
round 73
bot 0 23 8
round 74
bot 0 23 9
round 75
bot 0 24 10
coin 23 10
coin 55 15
round 76
bot 0 23 10
coin_collected 23 10 0
bot_coins 0 4
round 77
bot 0 24 10
round 78
bot 0 23 9
round 79
bot 0 22 8
round 80
bot 0 23 8
coin 52 7
coin 26 19
round 81
bot 0 23 9
round 82
bot 0 24 10
round 83
bot 0 23 9
round 84
bot 0 24 10
round 85
bot 0 23 9
coin 6 21
coin 72 6
round 86
bot 0 22 8
round 87
bot 0 23 8
round 88
bot 0 23 9
round 89
bot 0 24 10
round 90
bot 0 23 9
coin 30 10
coin 48 15
round 91
bot 0 24 10
round 92
bot 0 23 9
round 93
bot 0 22 8
round 94
bot 0 23 8
round 95
bot 0 23 9
coin 69 10
coin 9 15
round 96
bot 0 24 10
round 97
bot 0 23 9
round 98
bot 0 24 10
round 99
bot 0 23 9
round 100
bot 0 22 8
coin 47 5
coin 31 20
round 101
bot 0 23 8
round 102
bot 0 23 9
round 103
bot 0 24 10
round 104
bot 0 23 9
round 105
bot 0 24 10
coin 45 3
coin 33 22
round 106
bot 0 23 9
round 107
bot 0 22 8
round 108
bot 0 23 8
round 109
bot 0 23 9
round 110
bot 0 24 10
coin 27 2
coin 53 23
round 111
bot 0 23 9
round 112
bot 0 24 10
round 113
bot 0 23 9
round 114
bot 0 24 10
round 115
bot 0 23 9
coin 58 21
coin 20 3
round 116
bot 0 24 10
round 117
bot 0 23 9
round 118
bot 0 24 10
round 119
bot 0 23 9
round 120
bot 0 24 10
coin 49 21
coin 29 4
round 121
bot 0 23 9
round 122
bot 0 22 8
round 123
bot 0 21 7
round 124
bot 0 22 6
round 125
bot 0 21 6
coin 11 18
coin 67 7
round 126
bot 0 22 7
round 127
bot 0 21 6
round 128
bot 0 22 7
round 129
bot 0 21 6
round 130
bot 0 22 7
coin 8 2
coin 70 23
round 131
bot 0 21 6
round 132
bot 0 22 7
round 133
bot 0 21 6
round 134
bot 0 22 7
round 135
bot 0 21 6
coin 21 16
coin 57 9
round 136
bot 0 22 7
round 137
bot 0 21 6
round 138
bot 0 22 7
round 139
bot 0 21 6
round 140
bot 0 22 7
coin 53 15
coin 24 10
round 141
bot 0 23 8
round 142
bot 0 23 9
round 143
bot 0 24 10
coin_collected 24 10 0
bot_coins 0 5
round 144
bot 0 23 9
round 145
bot 0 24 10
coin 63 1
coin 15 24
round 146
bot 0 23 9
round 147
bot 0 24 10
round 148
bot 0 23 9
round 149
bot 0 24 10
round 150
bot 0 23 9
coin 75 9
coin 3 16
round 151
bot 0 22 8
round 152
bot 0 21 7
round 153
bot 0 22 6
round 154
bot 0 21 6
round 155
bot 0 22 7
coin 68 9
coin 10 16
round 156
bot 0 21 6
round 157
bot 0 22 7
round 158
bot 0 21 6
round 159
bot 0 22 7
round 160
bot 0 21 6
coin 22 6
coin 56 19
round 161
bot 0 22 6
coin_collected 22 6 0
bot_coins 0 6
round 162
bot 0 21 6
round 163
bot 0 22 7
round 164
bot 0 21 6
round 165
bot 0 22 7
coin 23 15
coin 55 10
round 166
bot 0 21 6
round 167
bot 0 22 7
round 168
bot 0 21 6
round 169
bot 0 22 7
round 170
bot 0 21 6
coin 58 7
coin 20 18
round 171
bot 0 22 7
round 172
bot 0 21 6
round 173
bot 0 22 7
round 174
bot 0 21 6
round 175
bot 0 22 7
coin 24 21
coin 54 4
round 176
bot 0 21 6
round 177
bot 0 22 7
round 178
bot 0 21 6
round 179
bot 0 22 7
round 180
bot 0 21 6
coin 62 11
coin 16 14
round 181
bot 0 22 7
round 182
bot 0 21 6
round 183
bot 0 22 7
round 184
bot 0 21 6
round 185
bot 0 22 7
coin 71 7
coin 7 18
round 186
bot 0 21 6
round 187
bot 0 22 7
round 188
bot 0 21 6
round 189
bot 0 22 7
round 190
bot 0 21 6
coin 70 20
coin 8 5
round 191
bot 0 22 7
round 192
bot 0 21 6
round 193
bot 0 22 7
round 194
bot 0 21 6
round 195
bot 0 22 7
coin 33 21
coin 45 5
round 196
bot 0 21 6
round 197
bot 0 22 7
round 198
bot 0 21 6
round 199
bot 0 22 7
round 200
bot 0 21 6
coin 37 24
coin 41 1
match_over 0
