match
match_id 1639525294411_be
match_time 1639525294416
num_bots 1
##MatchConfig
mode FRIENDLY
num_rounds 200
random_seed 42
move_time_limit 1000
coin_spawn_period 5
coin_spawn_volume 2
##MapConfig
map_size 51 27
view_radius 5
mining_radius 1
attack_radius 3
block 4 0
block 5 0
block 45 0
block 46 0
block 47 0
block 48 0
block 49 0
block 50 0
block 4 1
block 5 1
block 45 1
block 46 1
block 47 1
block 48 1
block 49 1
block 50 1
block 4 2
block 5 2
block 6 2
block 7 2
block 45 2
block 46 2
block 47 2
block 48 2
block 49 2
block 50 2
block 5 3
block 6 3
block 7 3
block 45 3
block 46 3
block 47 3
block 48 3
block 49 3
block 50 3
block 5 4
block 6 4
block 7 4
block 45 4
block 46 4
block 47 4
block 48 4
block 49 4
block 5 5
block 6 5
block 7 5
block 42 5
block 43 5
block 44 5
block 45 5
block 46 5
block 47 5
block 48 5
block 49 5
block 5 6
block 6 6
block 7 6
block 21 6
block 22 6
block 23 6
block 24 6
block 42 6
block 43 6
block 44 6
block 45 6
block 46 6
block 5 7
block 6 7
block 7 7
block 21 7
block 22 7
block 23 7
block 24 7
block 42 7
block 43 7
block 44 7
block 45 7
block 46 7
block 47 7
block 48 7
block 49 7
block 50 7
block 5 8
block 6 8
block 7 8
block 13 8
block 14 8
block 15 8
block 16 8
block 17 8
block 21 8
block 22 8
block 23 8
block 24 8
block 29 8
block 30 8
block 31 8
block 32 8
block 33 8
block 34 8
block 35 8
block 42 8
block 43 8
block 44 8
block 45 8
block 46 8
block 47 8
block 48 8
block 49 8
block 50 8
block 13 9
block 14 9
block 15 9
block 16 9
block 17 9
block 21 9
block 22 9
block 23 9
block 24 9
block 29 9
block 30 9
block 31 9
block 32 9
block 33 9
block 34 9
block 35 9
block 41 9
block 42 9
block 43 9
block 44 9
block 45 9
block 46 9
block 13 10
block 14 10
block 15 10
block 16 10
block 17 10
block 21 10
block 22 10
block 23 10
block 24 10
block 29 10
block 30 10
block 31 10
block 32 10
block 33 10
block 34 10
block 35 10
block 41 10
block 42 10
block 43 10
block 44 10
block 45 10
block 46 10
block 13 11
block 14 11
block 15 11
block 16 11
block 17 11
block 28 11
block 29 11
block 30 11
block 31 11
block 32 11
block 33 11
block 34 11
block 35 11
block 41 11
block 42 11
block 43 11
block 44 11
block 45 11
block 46 11
block 4 12
block 5 12
block 6 12
block 7 12
block 8 12
block 9 12
block 10 12
block 28 12
block 29 12
block 30 12
block 31 12
block 32 12
block 33 12
block 34 12
block 35 12
block 41 12
block 42 12
block 43 12
block 44 12
block 45 12
block 46 12
block 4 13
block 5 13
block 6 13
block 7 13
block 8 13
block 9 13
block 10 13
block 20 13
block 21 13
block 22 13
block 23 13
block 24 13
block 25 13
block 29 13
block 30 13
block 31 13
block 32 13
block 33 13
block 34 13
block 35 13
block 41 13
block 42 13
block 43 13
block 44 13
block 45 13
block 46 13
block 4 14
block 5 14
block 6 14
block 7 14
block 8 14
block 9 14
block 10 14
block 20 14
block 21 14
block 22 14
block 23 14
block 24 14
block 25 14
block 29 14
block 30 14
block 31 14
block 32 14
block 33 14
block 34 14
block 35 14
block 41 14
block 42 14
block 43 14
block 44 14
block 45 14
block 46 14
block 4 15
block 5 15
block 6 15
block 7 15
block 8 15
block 9 15
block 10 15
block 20 15
block 21 15
block 22 15
block 23 15
block 24 15
block 25 15
block 4 16
block 5 16
block 6 16
block 7 16
block 8 16
block 9 16
block 10 16
block 20 16
block 21 16
block 22 16
block 23 16
block 24 16
block 25 16
block 4 17
block 5 17
block 6 17
block 7 17
block 8 17
block 9 17
block 10 17
block 20 17
block 21 17
block 22 17
block 23 17
block 24 17
block 25 17
block 31 17
block 32 17
block 33 17
block 34 17
block 20 18
block 21 18
block 22 18
block 23 18
block 24 18
block 25 18
block 31 18
block 32 18
block 33 18
block 34 18
block 35 18
block 36 18
block 37 18
block 38 18
block 6 19
block 7 19
block 8 19
block 9 19
block 20 19
block 21 19
block 22 19
block 23 19
block 24 19
block 25 19
block 34 19
block 35 19
block 36 19
block 37 19
block 38 19
block 6 20
block 7 20
block 8 20
block 9 20
block 22 20
block 23 20
block 24 20
block 25 20
block 34 20
block 35 20
block 36 20
block 37 20
block 38 20
block 6 21
block 7 21
block 8 21
block 9 21
block 13 21
block 14 21
block 15 21
block 16 21
block 17 21
block 22 21
block 23 21
block 24 21
block 25 21
block 34 21
block 35 21
block 36 21
block 37 21
block 38 21
block 6 22
block 7 22
block 8 22
block 9 22
block 10 22
block 11 22
block 12 22
block 13 22
block 14 22
block 15 22
block 16 22
block 17 22
block 21 22
block 22 22
block 23 22
block 24 22
block 25 22
block 26 22
block 27 22
block 34 22
block 35 22
block 36 22
block 37 22
block 38 22
block 6 23
block 7 23
block 8 23
block 9 23
block 10 23
block 11 23
block 12 23
block 13 23
block 14 23
block 15 23
block 21 23
block 22 23
block 23 23
block 24 23
block 25 23
block 26 23
block 27 23
block 6 24
block 7 24
block 8 24
block 9 24
block 10 24
block 11 24
block 12 24
block 13 24
block 14 24
block 15 24
block 21 24
block 22 24
block 23 24
block 24 24
block 25 24
block 26 24
block 27 24
block 9 25
block 10 25
block 11 25
block 12 25
block 13 25
block 14 25
block 15 25
block 21 25
block 22 25
block 23 25
block 24 25
block 25 25
block 26 25
block 27 25
block 9 26
block 10 26
block 11 26
block 12 26
block 13 26
block 14 26
block 15 26
block 21 26
block 22 26
block 23 26
block 24 26
block 25 26
block 26 26
block 27 26
##BotsAndCoinsInfo
bot_name 0 theBest
bot 0 41 5
bot_coins 0 0
coin 26 3
coin 26 21
round 1
round 2
round 3
match_over 0
round 4
