match
match_id 1639525159438_bc
match_time 1639525159448
num_bots 1
##MatchConfig
mode FRIENDLY
num_rounds 200
random_seed 42
move_time_limit 1000
coin_spawn_period 5
coin_spawn_volume 2
##MapConfig
map_size 57 32
view_radius 5
mining_radius 2
attack_radius 3
block 11 0
block 12 0
block 13 0
block 14 0
block 15 0
block 16 0
block 17 0
block 28 0
block 29 0
block 30 0
block 31 0
block 32 0
block 33 0
block 11 1
block 12 1
block 13 1
block 14 1
block 15 1
block 16 1
block 17 1
block 28 1
block 29 1
block 30 1
block 31 1
block 32 1
block 33 1
block 8 2
block 9 2
block 10 2
block 11 2
block 12 2
block 13 2
block 14 2
block 15 2
block 16 2
block 17 2
block 28 2
block 29 2
block 30 2
block 31 2
block 32 2
block 33 2
block 8 3
block 9 3
block 10 3
block 11 3
block 12 3
block 13 3
block 14 3
block 15 3
block 16 3
block 17 3
block 28 3
block 29 3
block 30 3
block 31 3
block 32 3
block 33 3
block 8 4
block 9 4
block 10 4
block 11 4
block 12 4
block 13 4
block 14 4
block 15 4
block 16 4
block 17 4
block 8 5
block 9 5
block 10 5
block 11 5
block 12 5
block 13 5
block 14 5
block 15 5
block 16 5
block 17 5
block 4 11
block 5 11
block 6 11
block 4 12
block 5 12
block 6 12
block 4 13
block 5 13
block 6 13
block 4 14
block 5 14
block 6 14
block 46 17
block 47 17
block 48 17
block 46 18
block 47 18
block 48 18
block 46 19
block 47 19
block 48 19
block 15 20
block 16 20
block 17 20
block 18 20
block 15 21
block 16 21
block 17 21
block 18 21
block 15 22
block 16 22
block 17 22
block 18 22
block 15 23
block 16 23
block 17 23
block 18 23
block 15 24
block 16 24
block 17 24
block 18 24
block 15 25
block 16 25
block 17 25
block 18 25
block 15 26
block 16 26
block 17 26
block 18 26
block 28 31
block 29 31
block 30 31
block 31 31
block 32 31
block 33 31
##BotsAndCoinsInfo
bot_name 0 theBest
bot 0 39 6
bot_coins 0 0
coin 26 1
coin 30 30
round 1
round 2
round 3
match_over 0
round 4
