match
match_id 1639510912797_bd
match_time 1639510912807
num_bots 1
##MatchConfig
mode FRIENDLY
num_rounds 200
random_seed 42
move_time_limit 1000
coin_spawn_period 5
coin_spawn_volume 2
##MapConfig
map_size 64 33
view_radius 5
mining_radius 1
attack_radius 3
block 4 0
block 5 0
block 6 0
block 27 0
block 28 0
block 29 0
block 30 0
block 4 1
block 5 1
block 6 1
block 58 1
block 59 1
block 60 1
block 61 1
block 62 1
block 4 2
block 5 2
block 6 2
block 58 2
block 59 2
block 60 2
block 61 2
block 62 2
block 45 5
block 46 5
block 47 5
block 27 6
block 28 6
block 29 6
block 30 6
block 31 6
block 32 6
block 33 6
block 45 6
block 46 6
block 47 6
block 27 7
block 28 7
block 29 7
block 30 7
block 31 7
block 32 7
block 33 7
block 27 8
block 28 8
block 29 8
block 30 8
block 31 8
block 32 8
block 33 8
block 27 9
block 28 9
block 29 9
block 30 9
block 31 9
block 32 9
block 33 9
block 27 10
block 28 10
block 29 10
block 30 10
block 31 10
block 32 10
block 33 10
block 60 10
block 61 10
block 27 11
block 28 11
block 29 11
block 30 11
block 31 11
block 32 11
block 33 11
block 60 11
block 61 11
block 60 12
block 61 12
block 57 28
block 58 28
block 59 28
block 60 28
block 57 29
block 58 29
block 59 29
block 60 29
block 4 31
block 5 31
block 6 31
block 27 31
block 28 31
block 29 31
block 30 31
block 4 32
block 5 32
block 6 32
block 27 32
block 28 32
block 29 32
block 30 32
##BotsAndCoinsInfo
bot_name 0 theBest
bot 0 41 29
bot_coins 0 0
coin 46 15
coin 17 17
round 1
round 2
round 3
match_over 0
round 4
