match
match_id 1639504977767_am
match_time 1639504977774
num_bots 1
##MatchConfig
mode FRIENDLY
num_rounds 200
random_seed 42
move_time_limit 1000
coin_spawn_period 5
coin_spawn_volume 2
##MapConfig
map_size 54 25
view_radius 6
mining_radius 1
attack_radius 3
block 12 0
block 13 0
block 14 0
block 35 0
block 36 0
block 37 0
block 38 0
block 39 0
block 40 0
block 43 0
block 44 0
block 45 0
block 46 0
block 47 0
block 12 1
block 13 1
block 14 1
block 35 1
block 36 1
block 37 1
block 38 1
block 39 1
block 40 1
block 43 1
block 44 1
block 45 1
block 46 1
block 47 1
block 12 2
block 13 2
block 14 2
block 35 2
block 36 2
block 37 2
block 38 2
block 39 2
block 40 2
block 43 2
block 44 2
block 45 2
block 46 2
block 47 2
block 12 3
block 13 3
block 14 3
block 43 3
block 44 3
block 45 3
block 46 3
block 47 3
block 10 4
block 11 4
block 12 4
block 13 4
block 14 4
block 15 4
block 16 4
block 17 4
block 43 4
block 44 4
block 45 4
block 46 4
block 47 4
block 10 5
block 11 5
block 12 5
block 13 5
block 14 5
block 15 5
block 16 5
block 17 5
block 46 5
block 47 5
block 10 6
block 11 6
block 12 6
block 13 6
block 14 6
block 15 6
block 16 6
block 17 6
block 25 6
block 26 6
block 27 6
block 28 6
block 46 6
block 47 6
block 10 7
block 11 7
block 12 7
block 13 7
block 14 7
block 15 7
block 16 7
block 17 7
block 25 7
block 26 7
block 27 7
block 28 7
block 10 8
block 11 8
block 12 8
block 10 9
block 11 9
block 12 9
block 15 9
block 16 9
block 17 9
block 18 9
block 19 9
block 20 9
block 21 9
block 15 10
block 16 10
block 17 10
block 18 10
block 19 10
block 20 10
block 21 10
block 15 11
block 16 11
block 17 11
block 18 11
block 19 11
block 20 11
block 21 11
block 36 11
block 37 11
block 38 11
block 39 11
block 40 11
block 41 11
block 42 11
block 36 12
block 37 12
block 38 12
block 39 12
block 40 12
block 41 12
block 42 12
block 0 13
block 1 13
block 36 13
block 37 13
block 38 13
block 39 13
block 40 13
block 41 13
block 42 13
block 53 13
block 0 14
block 1 14
block 36 14
block 37 14
block 38 14
block 39 14
block 40 14
block 41 14
block 42 14
block 53 14
block 11 16
block 12 16
block 13 16
block 14 16
block 15 16
block 11 17
block 12 17
block 13 17
block 14 17
block 15 17
block 23 17
block 24 17
block 0 18
block 1 18
block 11 18
block 12 18
block 13 18
block 14 18
block 15 18
block 23 18
block 24 18
block 27 18
block 28 18
block 29 18
block 30 18
block 31 18
block 32 18
block 52 18
block 53 18
block 0 19
block 1 19
block 11 19
block 12 19
block 13 19
block 14 19
block 15 19
block 27 19
block 28 19
block 29 19
block 30 19
block 31 19
block 32 19
block 52 19
block 53 19
block 0 20
block 1 20
block 27 20
block 28 20
block 29 20
block 30 20
block 31 20
block 32 20
block 52 20
block 53 20
block 0 21
block 1 21
block 11 21
block 12 21
block 13 21
block 14 21
block 15 21
block 16 21
block 27 21
block 28 21
block 29 21
block 30 21
block 31 21
block 32 21
block 35 21
block 36 21
block 37 21
block 38 21
block 39 21
block 40 21
block 52 21
block 53 21
block 0 22
block 1 22
block 11 22
block 12 22
block 13 22
block 14 22
block 15 22
block 16 22
block 27 22
block 28 22
block 29 22
block 30 22
block 31 22
block 32 22
block 35 22
block 36 22
block 37 22
block 38 22
block 39 22
block 40 22
block 43 22
block 44 22
block 45 22
block 46 22
block 47 22
block 52 22
block 53 22
block 0 23
block 1 23
block 12 23
block 13 23
block 14 23
block 27 23
block 28 23
block 29 23
block 30 23
block 31 23
block 32 23
block 35 23
block 36 23
block 37 23
block 38 23
block 39 23
block 40 23
block 43 23
block 44 23
block 45 23
block 46 23
block 47 23
block 52 23
block 53 23
block 0 24
block 1 24
block 12 24
block 13 24
block 14 24
block 27 24
block 28 24
block 29 24
block 30 24
block 31 24
block 32 24
block 35 24
block 36 24
block 37 24
block 38 24
block 39 24
block 40 24
block 43 24
block 44 24
block 45 24
block 46 24
block 47 24
block 52 24
block 53 24
##BotsAndCoinsInfo
bot_name 0 theBest
bot 0 6 3
bot_coins 0 0
coin 44 13
coin 9 11
round 1
bot 0 6 4
round 2
bot 0 6 5
round 3
bot 0 6 6
round 4
bot 0 6 5
round 5
bot 0 6 4
coin 36 9
coin 17 15
round 6
bot 0 6 3
round 7
bot 0 6 2
round 8
round 9
round 10
match_over 0
coin 34 0
coin 19 24
round 11
