match
match_id 1639487570402_aa
match_time 1639487570443
num_bots 1
##MatchConfig
mode FRIENDLY
num_rounds 200
random_seed 42
move_time_limit 1000
coin_spawn_period 5
coin_spawn_volume 2
##MapConfig
map_size 51 23
view_radius 6
mining_radius 1
attack_radius 4
block 10 0
block 11 0
block 15 0
block 16 0
block 17 0
block 18 0
block 19 0
block 20 0
block 30 0
block 31 0
block 32 0
block 33 0
block 34 0
block 35 0
block 36 0
block 38 0
block 39 0
block 40 0
block 41 0
block 42 0
block 10 1
block 11 1
block 15 1
block 16 1
block 17 1
block 18 1
block 19 1
block 20 1
block 38 1
block 39 1
block 40 1
block 41 1
block 42 1
block 43 1
block 44 1
block 10 2
block 11 2
block 15 2
block 16 2
block 17 2
block 18 2
block 19 2
block 20 2
block 38 2
block 39 2
block 40 2
block 41 2
block 42 2
block 43 2
block 44 2
block 15 3
block 16 3
block 17 3
block 18 3
block 19 3
block 20 3
block 38 3
block 39 3
block 40 3
block 41 3
block 42 3
block 43 3
block 44 3
block 11 4
block 12 4
block 13 4
block 14 4
block 15 4
block 16 4
block 17 4
block 38 4
block 39 4
block 40 4
block 41 4
block 42 4
block 43 4
block 44 4
block 11 5
block 12 5
block 13 5
block 14 5
block 15 5
block 16 5
block 17 5
block 38 5
block 39 5
block 40 5
block 41 5
block 42 5
block 43 5
block 13 6
block 14 6
block 15 6
block 16 6
block 30 6
block 31 6
block 32 6
block 40 6
block 41 6
block 42 6
block 43 6
block 13 7
block 14 7
block 15 7
block 16 7
block 30 7
block 31 7
block 32 7
block 40 7
block 41 7
block 42 7
block 43 7
block 44 7
block 45 7
block 46 7
block 47 7
block 48 7
block 13 8
block 14 8
block 15 8
block 16 8
block 30 8
block 31 8
block 32 8
block 40 8
block 41 8
block 42 8
block 43 8
block 44 8
block 45 8
block 46 8
block 47 8
block 48 8
block 11 9
block 12 9
block 13 9
block 14 9
block 15 9
block 16 9
block 30 9
block 31 9
block 32 9
block 44 9
block 45 9
block 46 9
block 47 9
block 48 9
block 11 10
block 12 10
block 13 10
block 30 10
block 31 10
block 32 10
block 11 11
block 12 11
block 13 11
block 30 11
block 31 11
block 32 11
block 11 12
block 12 12
block 13 12
block 30 12
block 31 12
block 32 12
block 0 13
block 11 13
block 12 13
block 13 13
block 20 13
block 21 13
block 22 13
block 23 13
block 24 13
block 25 13
block 35 13
block 36 13
block 37 13
block 38 13
block 39 13
block 48 13
block 49 13
block 50 13
block 0 14
block 11 14
block 12 14
block 13 14
block 20 14
block 21 14
block 22 14
block 23 14
block 24 14
block 25 14
block 35 14
block 36 14
block 37 14
block 38 14
block 39 14
block 48 14
block 49 14
block 50 14
block 0 15
block 11 15
block 12 15
block 13 15
block 20 15
block 21 15
block 22 15
block 23 15
block 24 15
block 25 15
block 28 15
block 29 15
block 30 15
block 31 15
block 35 15
block 36 15
block 37 15
block 38 15
block 39 15
block 48 15
block 49 15
block 50 15
block 0 16
block 7 16
block 8 16
block 9 16
block 10 16
block 11 16
block 12 16
block 24 16
block 25 16
block 28 16
block 29 16
block 30 16
block 31 16
block 35 16
block 36 16
block 37 16
block 38 16
block 39 16
block 48 16
block 49 16
block 50 16
block 7 17
block 8 17
block 9 17
block 10 17
block 11 17
block 12 17
block 28 17
block 29 17
block 30 17
block 31 17
block 35 17
block 36 17
block 37 17
block 38 17
block 39 17
block 0 18
block 7 18
block 8 18
block 9 18
block 10 18
block 11 18
block 12 18
block 23 18
block 24 18
block 25 18
block 26 18
block 27 18
block 28 18
block 29 18
block 30 18
block 31 18
block 49 18
block 50 18
block 0 19
block 7 19
block 8 19
block 9 19
block 10 19
block 11 19
block 12 19
block 23 19
block 24 19
block 25 19
block 26 19
block 27 19
block 28 19
block 29 19
block 30 19
block 31 19
block 32 19
block 49 19
block 50 19
block 0 20
block 7 20
block 8 20
block 9 20
block 10 20
block 11 20
block 12 20
block 23 20
block 24 20
block 25 20
block 26 20
block 27 20
block 28 20
block 29 20
block 30 20
block 31 20
block 32 20
block 40 20
block 41 20
block 49 20
block 50 20
block 0 21
block 7 21
block 8 21
block 9 21
block 10 21
block 11 21
block 12 21
block 15 21
block 16 21
block 17 21
block 18 21
block 19 21
block 20 21
block 23 21
block 24 21
block 25 21
block 26 21
block 27 21
block 28 21
block 29 21
block 30 21
block 31 21
block 32 21
block 33 21
block 34 21
block 35 21
block 36 21
block 40 21
block 41 21
block 49 21
block 50 21
block 7 22
block 8 22
block 9 22
block 10 22
block 11 22
block 12 22
block 15 22
block 16 22
block 17 22
block 18 22
block 19 22
block 20 22
block 23 22
block 24 22
block 25 22
block 26 22
block 27 22
block 28 22
block 29 22
block 30 22
block 31 22
block 32 22
block 33 22
block 34 22
block 35 22
block 36 22
block 40 22
block 41 22
##BotsAndCoinsInfo
bot_name 0 theBest
bot 0 49 6
bot_coins 0 0
coin 26 4
coin 24 17
round 1
round 2
round 3
match_over 0
round 4
