match
match_id 1639501985976_ab
match_time 1639501985993
num_bots 1
##MatchConfig
mode FRIENDLY
num_rounds 200
random_seed 42
move_time_limit 1000
coin_spawn_period 5
coin_spawn_volume 2
##MapConfig
map_size 78 31
view_radius 5
mining_radius 1
attack_radius 4
block 53 0
block 54 0
block 55 0
block 56 0
block 57 0
block 53 1
block 54 1
block 55 1
block 56 1
block 57 1
block 37 8
block 38 8
block 39 8
block 40 8
block 41 8
block 42 8
block 43 8
block 30 9
block 31 9
block 32 9
block 37 9
block 38 9
block 39 9
block 40 9
block 41 9
block 42 9
block 43 9
block 30 10
block 31 10
block 32 10
block 30 11
block 31 11
block 32 11
block 27 12
block 28 12
block 29 12
block 30 12
block 31 12
block 32 12
block 47 12
block 48 12
block 49 12
block 50 12
block 51 12
block 52 12
block 27 13
block 28 13
block 29 13
block 30 13
block 31 13
block 32 13
block 47 13
block 48 13
block 49 13
block 50 13
block 51 13
block 52 13
block 10 14
block 11 14
block 12 14
block 13 14
block 14 14
block 15 14
block 42 14
block 43 14
block 44 14
block 45 14
block 46 14
block 47 14
block 48 14
block 49 14
block 50 14
block 51 14
block 52 14
block 10 15
block 11 15
block 12 15
block 13 15
block 14 15
block 15 15
block 42 15
block 43 15
block 44 15
block 45 15
block 46 15
block 47 15
block 48 15
block 49 15
block 50 15
block 51 15
block 52 15
block 10 16
block 11 16
block 12 16
block 13 16
block 14 16
block 15 16
block 42 16
block 43 16
block 44 16
block 45 16
block 46 16
block 47 16
block 48 16
block 49 16
block 50 16
block 51 16
block 52 16
block 10 17
block 11 17
block 12 17
block 13 17
block 14 17
block 15 17
block 42 17
block 43 17
block 44 17
block 45 17
block 46 17
block 47 17
block 10 18
block 11 18
block 12 18
block 13 18
block 14 18
block 15 18
block 26 18
block 27 18
block 42 18
block 43 18
block 44 18
block 45 18
block 46 18
block 47 18
block 13 19
block 14 19
block 15 19
block 26 19
block 27 19
block 46 19
block 47 19
block 13 20
block 14 20
block 15 20
block 26 20
block 27 20
block 46 20
block 47 20
block 46 21
block 47 21
block 67 21
block 68 21
block 69 21
block 67 22
block 68 22
block 69 22
block 41 23
block 42 23
block 43 23
block 67 23
block 68 23
block 69 23
block 37 24
block 38 24
block 39 24
block 40 24
block 41 24
block 42 24
block 43 24
block 67 24
block 68 24
block 69 24
block 37 25
block 38 25
block 39 25
block 40 25
block 41 25
block 42 25
block 43 25
block 67 25
block 68 25
block 69 25
block 37 26
block 38 26
block 39 26
block 40 26
block 41 26
block 42 26
block 43 26
block 41 27
block 42 27
block 43 27
block 53 27
block 54 27
block 55 27
block 56 27
block 57 27
block 41 28
block 42 28
block 43 28
block 53 28
block 54 28
block 55 28
block 56 28
block 57 28
block 41 29
block 42 29
block 43 29
block 53 29
block 54 29
block 55 29
block 56 29
block 57 29
block 72 29
block 73 29
block 74 29
block 75 29
block 76 29
block 77 29
block 53 30
block 54 30
block 55 30
block 56 30
block 57 30
block 72 30
block 73 30
block 74 30
block 75 30
block 76 30
block 77 30
##BotsAndCoinsInfo
bot_name 0 theBest
bot 0 1 30
bot_coins 0 0
coin 26 10
coin 51 20
round 1
round 2
round 3
match_over 0
round 4
