match
match_id 1639569043136_bp
match_time 1639569043141
num_bots 1
##MatchConfig
mode FRIENDLY
num_rounds 200
random_seed 42
move_time_limit 1000
coin_spawn_period 5
coin_spawn_volume 2
##MapConfig
map_size 51 28
view_radius 5
mining_radius 2
attack_radius 3
block 30 3
block 31 3
block 32 3
block 33 3
block 30 4
block 31 4
block 32 4
block 33 4
block 34 4
block 35 4
block 36 4
block 37 4
block 38 4
block 39 4
block 40 4
block 30 5
block 31 5
block 32 5
block 33 5
block 34 5
block 35 5
block 36 5
block 37 5
block 38 5
block 39 5
block 40 5
block 30 6
block 31 6
block 32 6
block 33 6
block 34 6
block 35 6
block 36 6
block 37 6
block 38 6
block 39 6
block 40 6
block 30 7
block 31 7
block 32 7
block 33 7
block 34 7
block 35 7
block 36 7
block 37 7
block 38 7
block 39 7
block 40 7
block 12 8
block 13 8
block 14 8
block 30 8
block 31 8
block 32 8
block 33 8
block 34 8
block 35 8
block 36 8
block 37 8
block 38 8
block 39 8
block 40 8
block 0 9
block 1 9
block 12 9
block 13 9
block 14 9
block 30 9
block 31 9
block 32 9
block 33 9
block 34 9
block 35 9
block 36 9
block 37 9
block 38 9
block 39 9
block 40 9
block 44 9
block 45 9
block 47 9
block 48 9
block 49 9
block 50 9
block 0 10
block 1 10
block 34 10
block 35 10
block 36 10
block 37 10
block 38 10
block 39 10
block 40 10
block 44 10
block 45 10
block 47 10
block 48 10
block 49 10
block 50 10
block 0 11
block 1 11
block 44 11
block 45 11
block 47 11
block 48 11
block 49 11
block 50 11
block 0 12
block 1 12
block 44 12
block 45 12
block 47 12
block 48 12
block 49 12
block 50 12
block 0 13
block 1 13
block 44 13
block 45 13
block 47 13
block 48 13
block 49 13
block 50 13
block 0 14
block 1 14
block 44 14
block 45 14
block 47 14
block 48 14
block 49 14
block 50 14
block 0 15
block 1 15
block 2 15
block 3 15
block 4 15
block 5 15
block 12 15
block 13 15
block 47 15
block 48 15
block 49 15
block 50 15
block 2 16
block 3 16
block 4 16
block 5 16
block 12 16
block 13 16
block 2 17
block 3 17
block 4 17
block 5 17
block 12 17
block 13 17
block 24 17
block 25 17
block 27 17
block 28 17
block 29 17
block 30 17
block 31 17
block 2 18
block 3 18
block 4 18
block 5 18
block 9 18
block 10 18
block 11 18
block 12 18
block 13 18
block 24 18
block 25 18
block 27 18
block 28 18
block 29 18
block 30 18
block 31 18
block 0 19
block 1 19
block 2 19
block 3 19
block 4 19
block 5 19
block 9 19
block 10 19
block 11 19
block 12 19
block 13 19
block 27 19
block 28 19
block 29 19
block 30 19
block 31 19
block 50 19
block 0 20
block 1 20
block 2 20
block 3 20
block 4 20
block 5 20
block 9 20
block 10 20
block 11 20
block 12 20
block 21 20
block 22 20
block 23 20
block 24 20
block 27 20
block 28 20
block 29 20
block 30 20
block 31 20
block 50 20
block 0 21
block 1 21
block 2 21
block 3 21
block 4 21
block 5 21
block 9 21
block 10 21
block 11 21
block 12 21
block 21 21
block 22 21
block 23 21
block 24 21
block 43 21
block 44 21
block 45 21
block 50 21
block 0 22
block 1 22
block 2 22
block 3 22
block 4 22
block 5 22
block 9 22
block 10 22
block 11 22
block 12 22
block 21 22
block 22 22
block 23 22
block 24 22
block 43 22
block 44 22
block 45 22
block 50 22
block 0 23
block 1 23
block 2 23
block 3 23
block 4 23
block 5 23
block 21 23
block 22 23
block 23 23
block 24 23
block 43 23
block 44 23
block 45 23
block 50 23
block 0 24
block 1 24
block 2 24
block 3 24
block 4 24
block 5 24
block 20 24
block 21 24
block 22 24
block 23 24
block 24 24
block 43 24
block 44 24
block 45 24
block 50 24
block 0 25
block 1 25
block 2 25
block 3 25
block 4 25
block 5 25
block 20 25
block 21 25
block 22 25
block 23 25
block 24 25
block 43 25
block 44 25
block 45 25
block 50 25
block 20 26
block 21 26
block 22 26
block 23 26
block 24 26
block 43 26
block 44 26
block 45 26
block 20 27
block 21 27
block 22 27
block 23 27
block 24 27
block 43 27
block 44 27
block 45 27
##BotsAndCoinsInfo
bot_name 0 theBest
bot 0 25 14
bot_coins 0 0
coin 26 19
coin 24 8
round 1
bot 0 26 14
round 2
bot 0 26 15
round 3
bot 0 26 16
round 4
bot 0 26 17
coin_collected 26 19 0
bot_coins 0 1
round 5
bot 0 26 18
coin 0 26
coin 50 1
round 6
bot 0 26 19
round 7
bot 0 26 20
round 8
bot 0 27 21
round 9
bot 0 28 21
round 10
bot 0 29 21
coin 9 25
coin 41 2
round 11
bot 0 30 22
round 12
bot 0 31 22
round 13
bot 0 32 22
round 14
bot 0 33 22
round 15
bot 0 34 21
coin 17 10
coin 33 17
round 16
bot 0 33 20
round 17
bot 0 33 19
coin_collected 33 17 0
bot_coins 0 2
round 18
bot 0 34 19
round 19
bot 0 35 19
round 20
bot 0 36 19
coin 1 17
coin 49 8
round 21
bot 0 37 18
round 22
bot 0 38 18
round 23
bot 0 39 18
round 24
bot 0 40 18
round 25
bot 0 41 17
coin 14 18
coin 36 11
round 26
bot 0 42 17
round 27
bot 0 43 17
round 28
bot 0 44 17
round 29
bot 0 45 16
round 30
bot 0 46 16
coin 42 0
coin 8 27
round 31
bot 0 47 16
round 32
bot 0 48 16
round 33
bot 0 47 17
round 34
bot 0 46 17
round 35
bot 0 47 16
coin 8 24
coin 42 3
round 36
bot 0 48 16
round 37
bot 0 47 17
round 38
bot 0 46 17
round 39
bot 0 47 17
round 40
bot 0 46 17
coin 3 26
coin 47 1
round 41
bot 0 47 17
round 42
bot 0 46 17
round 43
bot 0 47 16
round 44
bot 0 48 16
round 45
bot 0 47 17
coin 41 9
coin 9 17
round 46
bot 0 46 17
round 47
bot 0 47 17
round 48
bot 0 46 17
round 49
bot 0 47 17
round 50
bot 0 46 17
coin 35 15
coin 15 12
round 51
bot 0 47 16
round 52
bot 0 48 16
round 53
bot 0 47 17
round 54
bot 0 46 17
round 55
bot 0 47 17
coin 23 9
coin 26 18
round 56
bot 0 46 17
round 57
bot 0 47 17
round 58
bot 0 46 17
round 59
bot 0 47 16
round 60
bot 0 48 16
coin 2 9
coin 48 18
round 61
bot 0 48 17
coin_collected 48 18 0
bot_coins 0 3
round 62
bot 0 47 17
round 63
bot 0 46 17
round 64
bot 0 47 17
round 65
bot 0 46 17
coin 7 10
coin 43 17
round 66
bot 0 45 17
coin_collected 43 17 0
bot_coins 0 4
round 67
bot 0 46 17
round 68
bot 0 47 16
round 69
bot 0 48 16
round 70
bot 0 47 17
coin 19 26
coin 31 1
round 71
bot 0 46 17
round 72
bot 0 47 17
round 73
bot 0 46 17
round 74
bot 0 47 17
round 75
bot 0 46 17
coin 28 21
coin 22 6
round 76
bot 0 47 16
round 77
bot 0 48 16
round 78
bot 0 47 17
round 79
bot 0 46 17
round 80
bot 0 47 17
coin 38 17
coin 12 10
round 81
bot 0 46 17
round 82
bot 0 47 17
round 83
bot 0 46 17
round 84
bot 0 47 16
round 85
bot 0 48 16
coin 41 11
coin 9 16
round 86
bot 0 47 17
round 87
bot 0 46 17
round 88
bot 0 47 17
round 89
bot 0 46 17
round 90
bot 0 47 17
coin 42 5
coin 8 22
round 91
bot 0 46 17
round 92
bot 0 47 16
round 93
bot 0 48 16
round 94
bot 0 47 17
round 95
bot 0 46 17
coin 1 18
coin 48 8
round 96
bot 0 47 17
round 97
bot 0 46 17
round 98
bot 0 47 17
round 99
bot 0 46 17
round 100
bot 0 47 16
coin 23 5
coin 27 22
round 101
bot 0 48 16
round 102
bot 0 47 17
round 103
bot 0 46 17
round 104
bot 0 47 17
round 105
bot 0 46 17
coin 29 21
coin 21 6
round 106
bot 0 47 17
round 107
bot 0 46 17
round 108
bot 0 47 16
round 109
bot 0 48 16
round 110
bot 0 47 17
coin 14 14
coin 36 13
round 111
bot 0 46 17
round 112
bot 0 47 17
round 113
bot 0 46 17
round 114
bot 0 47 17
round 115
bot 0 46 17
coin 28 23
coin 22 4
round 116
bot 0 47 16
round 117
bot 0 48 16
round 118
bot 0 47 17
round 119
bot 0 46 17
round 120
bot 0 47 17
coin 13 3
coin 37 24
round 121
bot 0 46 17
round 122
bot 0 47 17
round 123
bot 0 46 17
round 124
bot 0 47 16
round 125
bot 0 48 16
coin 22 0
coin 28 27
round 126
bot 0 47 17
round 127
bot 0 46 17
round 128
bot 0 47 17
round 129
bot 0 46 17
round 130
bot 0 47 17
coin 5 8
coin 45 19
round 131
bot 0 46 18
coin_collected 45 19 0
bot_coins 0 5
round 132
bot 0 47 17
round 133
bot 0 46 17
round 134
bot 0 47 17
round 135
bot 0 46 17
coin 23 14
coin 27 13
round 136
bot 0 47 17
round 137
bot 0 46 17
round 138
bot 0 47 17
round 139
bot 0 46 17
round 140
bot 0 47 16
coin 33 10
coin 17 17
round 141
bot 0 48 16
round 142
bot 0 47 17
round 143
bot 0 46 17
round 144
bot 0 47 17
round 145
bot 0 46 17
coin 42 4
coin 8 23
round 146
bot 0 47 17
round 147
bot 0 46 17
round 148
bot 0 47 16
round 149
bot 0 48 16
round 150
bot 0 47 17
coin 46 19
coin 4 8
round 151
bot 0 46 18
coin_collected 46 19 0
bot_coins 0 6
round 152
bot 0 47 18
round 153
bot 0 46 18
round 154
bot 0 47 18
round 155
bot 0 46 18
coin 20 9
coin 32 18
round 156
bot 0 47 17
round 157
bot 0 46 17
round 158
bot 0 47 17
round 159
bot 0 46 17
round 160
bot 0 47 17
coin 38 2
coin 12 25
round 161
bot 0 46 17
round 162
bot 0 47 17
round 163
bot 0 46 17
round 164
bot 0 47 16
round 165
bot 0 48 16
coin 20 11
coin 30 16
round 166
bot 0 47 17
round 167
bot 0 46 17
round 168
bot 0 47 17
round 169
bot 0 46 17
round 170
bot 0 47 17
coin 0 18
coin 50 8
round 171
bot 0 46 18
round 172
bot 0 45 18
round 173
bot 0 46 17
round 174
bot 0 47 17
round 175
bot 0 46 18
coin 49 1
coin 1 26
round 176
bot 0 45 18
round 177
bot 0 46 18
round 178
bot 0 45 18
round 179
bot 0 46 18
round 180
bot 0 45 18
coin 13 21
coin 37 3
round 181
bot 0 46 17
round 182
bot 0 47 17
round 183
bot 0 46 18
round 184
bot 0 45 18
round 185
bot 0 46 18
coin 22 5
coin 28 22
round 186
bot 0 45 18
round 187
bot 0 46 18
round 188
bot 0 45 18
round 189
bot 0 46 17
round 190
bot 0 47 17
coin 47 0
coin 3 27
round 191
bot 0 46 18
round 192
bot 0 45 18
round 193
bot 0 46 18
round 194
bot 0 45 18
round 195
bot 0 46 18
coin 38 21
coin 12 6
round 196
bot 0 45 18
round 197
bot 0 46 17
round 198
bot 0 47 17
round 199
bot 0 46 18
round 200
bot 0 45 18
coin 25 22
coin 25 5
match_over 0
