match
match_id 1639566949808_bo
match_time 1639566949811
num_bots 1
##MatchConfig
mode FRIENDLY
num_rounds 200
random_seed 42
move_time_limit 1000
coin_spawn_period 5
coin_spawn_volume 2
##MapConfig
map_size 73 28
view_radius 5
mining_radius 2
attack_radius 3
block 5 0
block 6 0
block 7 0
block 8 0
block 5 1
block 6 1
block 7 1
block 8 1
block 5 2
block 6 2
block 7 2
block 8 2
block 27 2
block 28 2
block 27 3
block 28 3
block 59 3
block 60 3
block 61 3
block 62 3
block 63 3
block 64 3
block 27 4
block 28 4
block 59 4
block 60 4
block 61 4
block 62 4
block 63 4
block 64 4
block 59 5
block 60 5
block 61 5
block 62 5
block 63 5
block 64 5
block 5 6
block 6 6
block 7 6
block 8 6
block 9 6
block 10 6
block 5 7
block 6 7
block 7 7
block 8 7
block 9 7
block 10 7
block 5 8
block 6 8
block 7 8
block 8 8
block 9 8
block 10 8
block 66 8
block 67 8
block 68 8
block 69 8
block 70 8
block 71 8
block 5 9
block 6 9
block 7 9
block 8 9
block 9 9
block 10 9
block 66 9
block 67 9
block 68 9
block 69 9
block 70 9
block 71 9
block 19 13
block 20 13
block 34 13
block 35 13
block 36 13
block 37 13
block 0 14
block 1 14
block 2 14
block 3 14
block 19 14
block 20 14
block 34 14
block 35 14
block 36 14
block 37 14
block 72 14
block 0 15
block 1 15
block 2 15
block 3 15
block 19 15
block 20 15
block 34 15
block 35 15
block 36 15
block 37 15
block 72 15
block 0 16
block 1 16
block 2 16
block 3 16
block 19 16
block 20 16
block 34 16
block 35 16
block 36 16
block 37 16
block 40 16
block 41 16
block 42 16
block 43 16
block 72 16
block 40 17
block 41 17
block 42 17
block 43 17
block 40 18
block 41 18
block 42 18
block 43 18
block 40 19
block 41 19
block 42 19
block 43 19
block 40 20
block 41 20
block 42 20
block 43 20
block 50 20
block 51 20
block 40 21
block 41 21
block 42 21
block 43 21
block 50 21
block 51 21
block 63 21
block 64 21
block 65 21
block 66 21
block 67 21
block 68 21
block 69 21
block 40 22
block 41 22
block 42 22
block 43 22
block 50 22
block 51 22
block 62 22
block 63 22
block 64 22
block 65 22
block 66 22
block 67 22
block 68 22
block 69 22
block 50 23
block 51 23
block 62 23
block 63 23
block 64 23
block 65 23
block 66 23
block 67 23
block 68 23
block 69 23
block 62 24
block 63 24
block 64 24
block 65 24
block 66 24
block 67 24
block 68 24
block 69 24
block 62 25
block 63 25
block 62 26
block 63 26
block 5 27
block 6 27
block 7 27
block 8 27
block 62 27
block 63 27
##BotsAndCoinsInfo
bot_name 0 theBest
bot 0 39 25
bot_coins 0 0
coin 12 19
coin 60 8
round 1
bot 0 40 25
round 2
bot 0 41 25
round 3
bot 0 42 25
round 4
bot 0 43 24
round 5
bot 0 44 24
coin 16 24
coin 56 3
round 6
bot 0 45 24
round 7
bot 0 46 24
round 8
bot 0 47 23
round 9
bot 0 48 23
round 10
bot 0 49 23
coin 30 25
coin 42 2
round 11
bot 0 50 24
round 12
bot 0 51 25
round 13
bot 0 52 25
round 14
bot 0 53 25
round 15
bot 0 54 25
coin 38 10
coin 34 17
round 16
bot 0 55 24
round 17
bot 0 56 24
round 18
bot 0 57 24
round 19
bot 0 58 24
round 20
bot 0 59 23
coin 53 17
coin 19 10
round 21
bot 0 60 23
round 22
bot 0 61 23
round 23
bot 0 61 24
round 24
bot 0 61 25
round 25
bot 0 61 26
coin 65 18
coin 7 10
round 26
bot 0 61 27
round 27
bot 0 62 0
round 28
bot 0 63 1
round 29
bot 0 64 1
round 30
bot 0 65 1
coin 30 0
coin 42 27
round 31
bot 0 66 1
round 32
bot 0 67 0
round 33
bot 0 68 0
round 34
bot 0 69 0
round 35
bot 0 70 0
coin 10 24
coin 62 2
round 36
bot 0 71 1
round 37
bot 0 72 1
round 38
bot 0 71 1
round 39
bot 0 72 1
round 40
bot 0 71 0
coin 65 26
coin 9 1
round 41
bot 0 72 0
round 42
bot 0 71 0
round 43
bot 0 72 0
round 44
bot 0 71 1
round 45
bot 0 72 1
coin 49 9
coin 23 18
round 46
bot 0 71 1
round 47
bot 0 72 1
round 48
bot 0 71 0
round 49
bot 0 72 0
round 50
bot 0 71 0
coin 54 15
coin 18 12
round 51
bot 0 72 0
round 52
bot 0 71 1
round 53
bot 0 72 1
round 54
bot 0 71 1
round 55
bot 0 72 1
coin 69 10
coin 3 17
round 56
bot 0 71 0
round 57
bot 0 72 0
round 58
bot 0 71 0
round 59
bot 0 72 0
round 60
bot 0 71 1
coin 72 9
coin 0 18
round 61
bot 0 72 1
round 62
bot 0 71 1
round 63
bot 0 72 1
round 64
bot 0 71 0
round 65
bot 0 72 0
coin 31 10
coin 41 15
round 66
bot 0 71 0
round 67
bot 0 72 0
round 68
bot 0 71 1
round 69
bot 0 72 1
round 70
bot 0 71 1
coin 29 26
coin 43 1
round 71
bot 0 72 1
round 72
bot 0 71 0
round 73
bot 0 72 0
round 74
bot 0 71 0
round 75
bot 0 72 0
coin 56 20
coin 16 7
round 76
bot 0 71 1
round 77
bot 0 72 1
round 78
bot 0 71 1
round 79
bot 0 72 1
round 80
bot 0 71 0
coin 15 17
coin 57 10
round 81
bot 0 72 0
round 82
bot 0 71 0
round 83
bot 0 72 0
round 84
bot 0 71 1
round 85
bot 0 72 1
coin 57 11
coin 15 16
round 86
bot 0 71 1
round 87
bot 0 72 1
round 88
bot 0 71 0
round 89
bot 0 72 0
round 90
bot 0 71 0
coin 57 5
coin 15 22
round 91
bot 0 72 0
round 92
bot 0 71 1
round 93
bot 0 72 1
round 94
bot 0 71 1
round 95
bot 0 72 1
coin 51 19
coin 21 8
round 96
bot 0 71 0
round 97
bot 0 72 0
round 98
bot 0 71 0
round 99
bot 0 72 0
round 100
bot 0 71 1
coin 37 5
coin 35 22
round 101
bot 0 72 1
round 102
bot 0 71 1
round 103
bot 0 72 1
round 104
bot 0 71 0
round 105
bot 0 72 0
coin 52 21
coin 20 6
round 106
bot 0 71 0
round 107
bot 0 72 0
round 108
bot 0 71 1
round 109
bot 0 72 1
round 110
bot 0 71 1
coin 12 14
coin 60 13
round 111
bot 0 72 1
round 112
bot 0 71 0
round 113
bot 0 72 0
round 114
bot 0 71 0
round 115
bot 0 72 0
coin 55 23
coin 17 4
round 116
bot 0 71 1
round 117
bot 0 72 1
round 118
bot 0 71 1
round 119
bot 0 72 1
round 120
bot 0 71 0
coin 53 3
coin 19 24
round 121
bot 0 72 0
round 122
bot 0 71 0
round 123
bot 0 72 0
round 124
bot 0 71 1
round 125
bot 0 72 1
coin 46 0
coin 26 27
round 126
bot 0 71 1
round 127
bot 0 72 1
round 128
bot 0 71 0
round 129
bot 0 72 0
round 130
bot 0 71 0
coin 28 8
coin 44 19
round 131
bot 0 72 0
round 132
bot 0 71 1
round 133
bot 0 72 1
round 134
bot 0 71 1
round 135
bot 0 72 1
coin 26 14
coin 46 13
round 136
bot 0 71 0
round 137
bot 0 72 0
round 138
bot 0 71 0
round 139
bot 0 72 0
round 140
bot 0 71 1
coin 65 7
coin 7 20
round 141
bot 0 72 1
round 142
bot 0 71 1
round 143
bot 0 72 1
round 144
bot 0 71 0
round 145
bot 0 72 0
coin 37 3
coin 35 24
round 146
bot 0 71 0
round 147
bot 0 72 0
round 148
bot 0 71 1
round 149
bot 0 72 1
round 150
bot 0 71 1
coin 4 19
coin 68 7
round 151
bot 0 72 1
round 152
bot 0 71 0
round 153
bot 0 72 0
round 154
bot 0 71 0
round 155
bot 0 72 0
coin 35 9
coin 37 18
round 156
bot 0 71 1
round 157
bot 0 72 1
round 158
bot 0 71 1
round 159
bot 0 72 1
round 160
bot 0 71 0
coin 24 2
coin 48 25
round 161
bot 0 72 0
round 162
bot 0 71 0
round 163
bot 0 72 0
round 164
bot 0 71 1
round 165
bot 0 72 1
coin 47 11
coin 25 16
round 166
bot 0 71 1
round 167
bot 0 72 1
round 168
bot 0 71 0
round 169
bot 0 72 0
round 170
bot 0 71 0
coin 63 19
coin 11 8
round 171
bot 0 72 0
round 172
bot 0 71 1
round 173
bot 0 72 1
round 174
bot 0 71 1
round 175
bot 0 72 1
coin 64 1
coin 8 26
round 176
bot 0 71 0
round 177
bot 0 72 0
round 178
bot 0 71 0
round 179
bot 0 72 0
round 180
bot 0 71 1
coin 9 21
coin 63 6
round 181
bot 0 72 1
round 182
bot 0 71 1
round 183
bot 0 72 1
round 184
bot 0 71 0
round 185
bot 0 72 0
coin 6 5
coin 66 20
round 186
bot 0 71 0
round 187
bot 0 72 0
round 188
bot 0 71 1
round 189
bot 0 72 1
round 190
bot 0 71 1
coin 14 0
coin 58 27
round 191
bot 0 72 1
round 192
bot 0 71 0
round 193
bot 0 72 0
round 194
bot 0 71 0
round 195
bot 0 72 0
coin 2 21
coin 70 6
round 196
bot 0 71 1
round 197
bot 0 72 1
round 198
bot 0 71 1
round 199
bot 0 72 1
round 200
bot 0 71 0
coin 43 23
coin 29 4
match_over 0
