match
match_id 1639510982184_be
match_time 1639510982190
num_bots 1
##MatchConfig
mode FRIENDLY
num_rounds 200
random_seed 42
move_time_limit 1000
coin_spawn_period 5
coin_spawn_volume 2
##MapConfig
map_size 67 31
view_radius 6
mining_radius 1
attack_radius 4
block 51 0
block 52 0
block 53 0
block 54 0
block 55 0
block 56 0
block 51 1
block 52 1
block 53 1
block 54 1
block 55 1
block 56 1
block 38 2
block 39 2
block 40 2
block 41 2
block 42 2
block 38 3
block 39 3
block 40 3
block 41 3
block 42 3
block 38 4
block 39 4
block 40 4
block 41 4
block 42 4
block 61 4
block 62 4
block 63 4
block 64 4
block 38 5
block 39 5
block 40 5
block 41 5
block 42 5
block 61 5
block 62 5
block 63 5
block 64 5
block 65 5
block 66 5
block 38 6
block 39 6
block 40 6
block 41 6
block 42 6
block 61 6
block 62 6
block 63 6
block 64 6
block 65 6
block 66 6
block 7 7
block 8 7
block 37 7
block 38 7
block 39 7
block 40 7
block 41 7
block 42 7
block 7 8
block 8 8
block 37 8
block 38 8
block 39 8
block 40 8
block 41 8
block 0 9
block 1 9
block 2 9
block 3 9
block 4 9
block 5 9
block 6 9
block 7 9
block 8 9
block 22 9
block 23 9
block 37 9
block 38 9
block 39 9
block 40 9
block 41 9
block 0 10
block 1 10
block 2 10
block 3 10
block 4 10
block 5 10
block 6 10
block 7 10
block 8 10
block 22 10
block 23 10
block 37 10
block 38 10
block 39 10
block 40 10
block 41 10
block 0 11
block 1 11
block 2 11
block 3 11
block 4 11
block 5 11
block 6 11
block 7 11
block 8 11
block 22 11
block 23 11
block 37 11
block 38 11
block 39 11
block 40 11
block 41 11
block 0 12
block 1 12
block 2 12
block 3 12
block 4 12
block 5 12
block 6 12
block 7 12
block 8 12
block 22 12
block 23 12
block 38 12
block 39 12
block 0 13
block 1 13
block 2 13
block 3 13
block 4 13
block 5 13
block 6 13
block 7 13
block 8 13
block 14 13
block 15 13
block 16 13
block 22 13
block 23 13
block 38 13
block 39 13
block 66 13
block 0 14
block 1 14
block 2 14
block 3 14
block 4 14
block 5 14
block 6 14
block 14 14
block 15 14
block 16 14
block 38 14
block 39 14
block 66 14
block 0 15
block 1 15
block 2 15
block 3 15
block 4 15
block 5 15
block 14 15
block 15 15
block 16 15
block 38 15
block 39 15
block 41 15
block 42 15
block 43 15
block 44 15
block 45 15
block 46 15
block 47 15
block 66 15
block 0 16
block 1 16
block 2 16
block 3 16
block 4 16
block 5 16
block 14 16
block 15 16
block 16 16
block 38 16
block 39 16
block 41 16
block 42 16
block 43 16
block 44 16
block 45 16
block 46 16
block 47 16
block 66 16
block 41 17
block 42 17
block 43 17
block 44 17
block 45 17
block 46 17
block 47 17
block 41 18
block 42 18
block 43 18
block 44 18
block 45 18
block 46 18
block 47 18
block 41 19
block 42 19
block 43 19
block 44 19
block 45 19
block 46 19
block 47 19
block 17 20
block 18 20
block 19 20
block 17 21
block 18 21
block 19 21
block 17 22
block 18 22
block 19 22
block 17 23
block 18 23
block 19 23
block 17 24
block 18 24
block 19 24
block 53 24
block 54 24
block 55 24
block 56 24
block 57 24
block 17 25
block 18 25
block 19 25
block 53 25
block 54 25
block 55 25
block 56 25
block 57 25
block 17 26
block 18 26
block 19 26
block 51 27
block 52 27
block 53 27
block 54 27
block 55 27
block 56 27
block 51 28
block 52 28
block 53 28
block 54 28
block 55 28
block 56 28
block 61 28
block 62 28
block 63 28
block 64 28
block 65 28
block 66 28
block 51 29
block 52 29
block 53 29
block 54 29
block 55 29
block 56 29
block 61 29
block 62 29
block 63 29
block 64 29
block 65 29
block 66 29
block 51 30
block 52 30
block 53 30
block 54 30
block 55 30
block 56 30
##BotsAndCoinsInfo
bot_name 0 theBest
bot 0 63 30
bot_coins 0 0
coin 42 10
coin 24 20
round 1
round 2
round 3
match_over 0
round 4
