match
match_id 1639522072986_ad
match_time 1639522072994
num_bots 1
##MatchConfig
mode FRIENDLY
num_rounds 200
random_seed 42
move_time_limit 1000
coin_spawn_period 5
coin_spawn_volume 2
##MapConfig
map_size 59 38
view_radius 5
mining_radius 2
attack_radius 3
block 24 0
block 25 0
block 26 0
block 42 0
block 43 0
block 44 0
block 45 0
block 46 0
block 47 0
block 48 0
block 24 1
block 25 1
block 26 1
block 42 1
block 43 1
block 44 1
block 45 1
block 46 1
block 47 1
block 48 1
block 52 1
block 53 1
block 54 1
block 24 2
block 25 2
block 42 2
block 43 2
block 44 2
block 45 2
block 46 2
block 47 2
block 48 2
block 52 2
block 53 2
block 54 2
block 13 3
block 14 3
block 15 3
block 16 3
block 17 3
block 18 3
block 19 3
block 20 3
block 21 3
block 24 3
block 25 3
block 52 3
block 53 3
block 54 3
block 13 4
block 14 4
block 15 4
block 16 4
block 17 4
block 18 4
block 19 4
block 20 4
block 21 4
block 52 4
block 53 4
block 54 4
block 11 5
block 12 5
block 13 5
block 14 5
block 15 5
block 16 5
block 17 5
block 18 5
block 19 5
block 52 5
block 53 5
block 54 5
block 11 6
block 12 6
block 13 6
block 14 6
block 15 6
block 16 6
block 17 6
block 52 6
block 53 6
block 54 6
block 11 7
block 12 7
block 13 7
block 14 7
block 15 7
block 16 7
block 17 7
block 45 7
block 46 7
block 45 8
block 46 8
block 41 9
block 42 9
block 43 9
block 44 9
block 45 9
block 46 9
block 41 10
block 42 10
block 43 10
block 44 10
block 45 10
block 46 10
block 41 11
block 42 11
block 43 11
block 44 11
block 45 11
block 46 11
block 41 12
block 42 12
block 43 12
block 44 12
block 45 12
block 46 12
block 41 13
block 42 13
block 43 13
block 44 13
block 41 14
block 42 14
block 43 14
block 44 14
block 11 17
block 12 17
block 13 17
block 11 18
block 12 18
block 13 18
block 11 19
block 12 19
block 13 19
block 11 20
block 12 20
block 13 20
block 22 20
block 23 20
block 1 21
block 2 21
block 3 21
block 4 21
block 5 21
block 6 21
block 7 21
block 11 21
block 12 21
block 13 21
block 22 21
block 23 21
block 40 21
block 41 21
block 42 21
block 43 21
block 1 22
block 2 22
block 3 22
block 4 22
block 5 22
block 6 22
block 7 22
block 11 22
block 12 22
block 13 22
block 22 22
block 23 22
block 40 22
block 41 22
block 42 22
block 43 22
block 1 23
block 2 23
block 3 23
block 4 23
block 5 23
block 6 23
block 7 23
block 35 23
block 36 23
block 37 23
block 1 24
block 2 24
block 3 24
block 4 24
block 5 24
block 6 24
block 7 24
block 32 24
block 33 24
block 34 24
block 35 24
block 36 24
block 37 24
block 1 25
block 2 25
block 3 25
block 4 25
block 5 25
block 6 25
block 7 25
block 32 25
block 33 25
block 34 25
block 35 25
block 36 25
block 37 25
block 56 25
block 57 25
block 58 25
block 1 26
block 2 26
block 3 26
block 4 26
block 5 26
block 6 26
block 7 26
block 32 26
block 33 26
block 34 26
block 56 26
block 57 26
block 58 26
block 1 27
block 2 27
block 3 27
block 4 27
block 5 27
block 6 27
block 7 27
block 56 27
block 57 27
block 58 27
block 0 28
block 1 28
block 2 28
block 3 28
block 4 28
block 23 28
block 24 28
block 25 28
block 26 28
block 27 28
block 28 28
block 29 28
block 41 28
block 42 28
block 43 28
block 44 28
block 45 28
block 46 28
block 56 28
block 57 28
block 58 28
block 0 29
block 1 29
block 2 29
block 3 29
block 4 29
block 23 29
block 24 29
block 25 29
block 26 29
block 27 29
block 28 29
block 29 29
block 41 29
block 42 29
block 43 29
block 44 29
block 45 29
block 46 29
block 56 29
block 57 29
block 58 29
block 0 30
block 1 30
block 2 30
block 3 30
block 4 30
block 24 30
block 25 30
block 42 30
block 43 30
block 44 30
block 45 30
block 0 31
block 1 31
block 2 31
block 3 31
block 4 31
block 24 31
block 25 31
block 42 31
block 43 31
block 44 31
block 45 31
block 6 32
block 7 32
block 8 32
block 24 32
block 25 32
block 26 32
block 27 32
block 42 32
block 43 32
block 44 32
block 45 32
block 6 33
block 7 33
block 8 33
block 26 33
block 27 33
block 42 33
block 43 33
block 44 33
block 45 33
block 46 33
block 47 33
block 48 33
block 49 33
block 50 33
block 51 33
block 6 34
block 7 34
block 8 34
block 31 34
block 32 34
block 33 34
block 34 34
block 35 34
block 36 34
block 37 34
block 42 34
block 43 34
block 44 34
block 45 34
block 46 34
block 47 34
block 48 34
block 49 34
block 50 34
block 51 34
block 6 35
block 7 35
block 8 35
block 16 35
block 17 35
block 18 35
block 19 35
block 24 35
block 25 35
block 26 35
block 31 35
block 32 35
block 33 35
block 34 35
block 35 35
block 36 35
block 37 35
block 42 35
block 43 35
block 44 35
block 45 35
block 46 35
block 47 35
block 48 35
block 49 35
block 50 35
block 51 35
block 16 36
block 17 36
block 18 36
block 19 36
block 24 36
block 25 36
block 26 36
block 31 36
block 32 36
block 33 36
block 34 36
block 35 36
block 36 36
block 37 36
block 42 36
block 43 36
block 44 36
block 45 36
block 46 36
block 47 36
block 48 36
block 16 37
block 17 37
block 18 37
block 19 37
block 24 37
block 25 37
block 26 37
block 42 37
block 43 37
block 44 37
block 45 37
block 46 37
block 47 37
block 48 37
##BotsAndCoinsInfo
bot_name 0 theBest
bot 0 52 16
bot_coins 0 0
coin 33 9
coin 25 27
round 1
bot 0 53 17
round 2
bot 0 54 18
round 3
bot 0 55 19
round 4
bot 0 56 20
round 5
bot 0 57 21
coin 15 8
coin 43 27
round 6
bot 0 58 22
round 7
round 8
round 9
match_over 0
round 10
