match
match_id 1639560694546_ag
match_time 1639560694552
num_bots 1
##MatchConfig
mode FRIENDLY
num_rounds 200
random_seed 42
move_time_limit 1000
coin_spawn_period 5
coin_spawn_volume 2
##MapConfig
map_size 49 37
view_radius 6
mining_radius 2
attack_radius 3
block 19 0
block 20 0
block 21 0
block 22 0
block 23 0
block 24 0
block 25 0
block 32 0
block 33 0
block 34 0
block 35 0
block 36 0
block 37 0
block 38 0
block 39 0
block 40 0
block 19 1
block 20 1
block 21 1
block 22 1
block 23 1
block 24 1
block 25 1
block 36 1
block 37 1
block 38 1
block 39 1
block 40 1
block 8 2
block 9 2
block 10 2
block 11 2
block 12 2
block 13 2
block 36 2
block 37 2
block 38 2
block 39 2
block 40 2
block 41 2
block 42 2
block 43 2
block 44 2
block 8 3
block 9 3
block 10 3
block 11 3
block 12 3
block 13 3
block 30 3
block 31 3
block 32 3
block 33 3
block 34 3
block 35 3
block 36 3
block 37 3
block 38 3
block 39 3
block 40 3
block 41 3
block 42 3
block 43 3
block 44 3
block 8 4
block 9 4
block 10 4
block 11 4
block 12 4
block 13 4
block 30 4
block 31 4
block 32 4
block 33 4
block 34 4
block 35 4
block 36 4
block 37 4
block 38 4
block 39 4
block 40 4
block 41 4
block 42 4
block 43 4
block 44 4
block 8 5
block 9 5
block 10 5
block 11 5
block 12 5
block 13 5
block 30 5
block 31 5
block 32 5
block 33 5
block 34 5
block 35 5
block 36 5
block 40 5
block 41 5
block 42 5
block 43 5
block 44 5
block 3 6
block 4 6
block 5 6
block 6 6
block 7 6
block 8 6
block 40 6
block 41 6
block 42 6
block 43 6
block 44 6
block 3 7
block 4 7
block 5 7
block 6 7
block 7 7
block 8 7
block 14 7
block 15 7
block 16 7
block 17 7
block 40 7
block 41 7
block 42 7
block 43 7
block 44 7
block 14 8
block 15 8
block 16 8
block 17 8
block 12 9
block 13 9
block 14 9
block 15 9
block 16 9
block 17 9
block 12 10
block 13 10
block 14 10
block 15 10
block 16 10
block 17 10
block 12 11
block 13 11
block 14 11
block 15 11
block 16 11
block 17 11
block 14 12
block 15 12
block 16 12
block 17 12
block 42 12
block 43 12
block 45 12
block 46 12
block 47 12
block 48 12
block 42 13
block 43 13
block 45 13
block 46 13
block 47 13
block 48 13
block 12 14
block 13 14
block 14 14
block 15 14
block 16 14
block 17 14
block 18 14
block 42 14
block 43 14
block 45 14
block 46 14
block 47 14
block 48 14
block 12 15
block 13 15
block 14 15
block 15 15
block 16 15
block 17 15
block 18 15
block 42 15
block 43 15
block 45 15
block 46 15
block 47 15
block 48 15
block 45 16
block 46 16
block 47 16
block 48 16
block 0 17
block 6 17
block 7 17
block 8 17
block 45 17
block 46 17
block 47 17
block 48 17
block 0 18
block 4 18
block 5 18
block 6 18
block 7 18
block 8 18
block 48 18
block 0 19
block 4 19
block 5 19
block 6 19
block 7 19
block 8 19
block 48 19
block 0 20
block 4 20
block 5 20
block 6 20
block 7 20
block 8 20
block 9 20
block 10 20
block 11 20
block 12 20
block 48 20
block 0 21
block 4 21
block 5 21
block 6 21
block 7 21
block 8 21
block 9 21
block 10 21
block 11 21
block 12 21
block 48 21
block 4 22
block 5 22
block 6 22
block 12 22
block 13 22
block 14 22
block 4 23
block 5 23
block 6 23
block 12 23
block 13 23
block 14 23
block 3 24
block 4 24
block 5 24
block 6 24
block 7 24
block 8 24
block 9 24
block 12 24
block 13 24
block 14 24
block 42 24
block 43 24
block 44 24
block 45 24
block 46 24
block 3 25
block 4 25
block 5 25
block 6 25
block 7 25
block 8 25
block 9 25
block 12 25
block 13 25
block 14 25
block 41 25
block 42 25
block 43 25
block 44 25
block 45 25
block 46 25
block 3 26
block 4 26
block 5 26
block 6 26
block 7 26
block 8 26
block 9 26
block 12 26
block 13 26
block 14 26
block 41 26
block 42 26
block 43 26
block 44 26
block 45 26
block 46 26
block 3 27
block 4 27
block 5 27
block 6 27
block 7 27
block 8 27
block 9 27
block 12 27
block 13 27
block 14 27
block 41 27
block 42 27
block 43 27
block 44 27
block 45 27
block 46 27
block 3 28
block 4 28
block 5 28
block 6 28
block 7 28
block 8 28
block 9 28
block 12 28
block 13 28
block 14 28
block 41 28
block 42 28
block 43 28
block 44 28
block 45 28
block 46 28
block 3 29
block 4 29
block 5 29
block 6 29
block 7 29
block 8 29
block 9 29
block 41 29
block 42 29
block 43 29
block 44 29
block 45 29
block 46 29
block 3 30
block 4 30
block 5 30
block 6 30
block 7 30
block 8 30
block 9 30
block 19 32
block 20 32
block 21 32
block 22 32
block 23 32
block 24 32
block 25 32
block 19 33
block 20 33
block 21 33
block 22 33
block 23 33
block 24 33
block 25 33
block 19 34
block 20 34
block 21 34
block 22 34
block 23 34
block 24 34
block 25 34
block 19 35
block 20 35
block 21 35
block 22 35
block 23 35
block 24 35
block 25 35
block 32 35
block 33 35
block 34 35
block 35 35
block 36 35
block 19 36
block 20 36
block 21 36
block 22 36
block 23 36
block 24 36
block 25 36
block 32 36
block 33 36
block 34 36
block 35 36
block 36 36
block 37 36
block 38 36
block 39 36
block 40 36
##BotsAndCoinsInfo
bot_name 0 theBest
bot 0 23 13
bot_coins 0 0
coin 29 14
coin 19 22
round 1
bot 0 24 14
round 2
bot 0 25 14
round 3
bot 0 26 14
round 4
bot 0 27 14
coin_collected 29 14 0
bot_coins 0 1
round 5
bot 0 28 15
coin 34 10
coin 15 26
round 6
bot 0 29 16
round 7
bot 0 30 17
round 8
bot 0 31 18
round 9
bot 0 32 19
round 10
bot 0 33 20
coin 19 8
coin 29 28
round 11
bot 0 34 21
round 12
bot 0 35 22
round 13
bot 0 36 23
round 14
bot 0 37 24
round 15
bot 0 38 25
coin 1 14
coin 47 22
round 16
bot 0 39 26
round 17
bot 0 40 27
round 18
bot 0 40 28
round 19
bot 0 40 29
round 20
bot 0 41 30
coin 48 0
coin 0 36
round 21
bot 0 42 31
round 22
bot 0 43 32
round 23
bot 0 42 33
round 24
bot 0 43 34
round 25
bot 0 44 33
coin 3 21
coin 44 15
round 26
bot 0 45 32
round 27
bot 0 44 33
round 28
bot 0 45 32
round 29
bot 0 44 33
round 30
bot 0 45 32
coin 28 18
coin 20 18
round 31
bot 0 44 33
round 32
bot 0 45 32
round 33
bot 0 44 33
round 34
bot 0 45 32
round 35
bot 0 44 33
coin 13 8
coin 35 28
round 36
bot 0 45 32
round 37
bot 0 44 33
round 38
bot 0 45 32
round 39
bot 0 44 33
round 40
bot 0 45 32
coin 28 14
coin 20 22
round 41
bot 0 44 33
round 42
bot 0 45 32
round 43
bot 0 44 33
round 44
bot 0 45 32
round 45
bot 0 44 33
coin 0 1
coin 48 35
round 46
bot 0 45 34
round 47
bot 0 46 35
coin_collected 48 35 0
bot_coins 0 2
round 48
bot 0 47 34
round 49
bot 0 46 35
round 50
bot 0 47 34
coin 40 35
coin 8 1
round 51
bot 0 46 35
round 52
bot 0 47 34
round 53
bot 0 46 35
round 54
bot 0 47 34
round 55
bot 0 46 35
coin 15 25
coin 33 11
round 56
bot 0 47 34
round 57
bot 0 46 35
round 58
bot 0 47 34
round 59
bot 0 46 35
round 60
bot 0 47 34
coin 28 16
coin 20 20
round 61
bot 0 46 35
round 62
bot 0 47 34
round 63
bot 0 46 35
round 64
bot 0 47 34
round 65
bot 0 46 35
coin 35 1
coin 13 35
round 66
bot 0 47 34
round 67
bot 0 46 35
round 68
bot 0 47 34
round 69
bot 0 46 35
round 70
bot 0 47 34
coin 11 16
coin 37 20
round 71
bot 0 46 35
round 72
bot 0 47 34
round 73
bot 0 46 35
round 74
bot 0 47 34
round 75
bot 0 46 35
coin 26 31
coin 22 5
round 76
bot 0 47 34
round 77
bot 0 46 35
round 78
bot 0 47 34
round 79
bot 0 46 35
round 80
bot 0 47 34
coin 47 26
coin 1 10
round 81
bot 0 46 35
round 82
bot 0 47 34
round 83
bot 0 46 35
round 84
bot 0 47 34
round 85
bot 0 46 35
coin 10 23
coin 38 13
round 86
bot 0 47 34
round 87
bot 0 46 35
round 88
bot 0 47 34
round 89
bot 0 46 35
round 90
bot 0 47 34
coin 19 31
coin 29 5
round 91
bot 0 46 35
round 92
bot 0 47 34
round 93
bot 0 46 35
round 94
bot 0 47 34
round 95
bot 0 46 35
coin 21 16
coin 27 20
round 96
bot 0 47 34
round 97
bot 0 46 35
round 98
bot 0 47 34
round 99
bot 0 46 35
round 100
bot 0 47 34
coin 41 24
coin 7 12
round 101
bot 0 46 35
round 102
bot 0 47 34
round 103
bot 0 46 35
round 104
bot 0 47 34
round 105
bot 0 46 35
coin 0 26
coin 48 10
round 106
bot 0 47 34
round 107
bot 0 46 35
round 108
bot 0 47 34
round 109
bot 0 46 35
round 110
bot 0 47 34
coin 10 22
coin 38 14
round 111
bot 0 46 35
round 112
bot 0 47 34
round 113
bot 0 46 35
round 114
bot 0 47 34
round 115
bot 0 46 35
coin 6 2
coin 42 34
round 116
bot 0 47 34
round 117
bot 0 46 35
round 118
bot 0 47 34
round 119
bot 0 46 35
round 120
bot 0 47 34
coin 47 20
coin 1 16
round 121
bot 0 46 35
round 122
bot 0 47 34
round 123
bot 0 46 35
round 124
bot 0 47 34
round 125
bot 0 46 35
coin 11 22
coin 37 14
round 126
bot 0 47 34
round 127
bot 0 46 35
round 128
bot 0 47 34
round 129
bot 0 46 35
round 130
bot 0 47 34
coin 37 26
coin 11 10
round 131
bot 0 46 35
round 132
bot 0 47 34
round 133
bot 0 46 35
round 134
bot 0 47 34
round 135
bot 0 46 35
coin 16 36
coin 32 1
round 136
bot 0 47 34
round 137
bot 0 46 35
round 138
bot 0 47 34
round 139
bot 0 46 35
round 140
bot 0 47 34
coin 42 30
coin 6 5
round 141
bot 0 46 35
round 142
bot 0 47 34
round 143
bot 0 46 35
round 144
bot 0 47 34
round 145
bot 0 46 35
coin 43 34
coin 5 2
round 146
bot 0 47 34
round 147
bot 0 46 35
round 148
bot 0 47 34
round 149
bot 0 46 35
round 150
bot 0 47 34
coin 0 12
coin 48 24
round 151
bot 0 46 35
round 152
bot 0 47 34
round 153
bot 0 46 35
round 154
bot 0 47 34
round 155
bot 0 46 35
coin 46 18
coin 2 18
round 156
bot 0 47 34
round 157
bot 0 46 35
round 158
bot 0 47 34
round 159
bot 0 46 35
round 160
bot 0 47 34
coin 1 22
coin 0 14
round 161
bot 0 46 35
round 162
bot 0 47 34
round 163
bot 0 46 35
round 164
bot 0 47 34
round 165
bot 0 46 35
coin 34 11
coin 15 24
round 166
bot 0 47 34
round 167
bot 0 46 35
round 168
bot 0 47 34
round 169
bot 0 46 35
round 170
bot 0 47 34
coin 34 19
coin 14 17
round 171
bot 0 46 35
round 172
bot 0 47 34
round 173
bot 0 46 35
round 174
bot 0 47 34
round 175
bot 0 46 35
coin 31 21
coin 17 16
round 176
bot 0 47 34
round 177
bot 0 46 35
round 178
bot 0 47 34
round 179
bot 0 46 35
round 180
bot 0 47 34
coin 3 18
coin 45 18
round 181
bot 0 46 35
round 182
bot 0 47 34
round 183
bot 0 46 35
round 184
bot 0 47 34
round 185
bot 0 46 35
coin 15 31
coin 33 6
round 186
bot 0 47 34
round 187
bot 0 46 35
round 188
bot 0 47 34
round 189
bot 0 46 35
round 190
bot 0 47 34
coin 3 20
coin 44 16
round 191
bot 0 46 35
round 192
bot 0 47 34
round 193
bot 0 46 35
round 194
bot 0 47 34
round 195
bot 0 46 35
coin 10 27
coin 38 9
round 196
bot 0 47 34
round 197
bot 0 46 35
round 198
bot 0 47 34
round 199
bot 0 46 35
round 200
bot 0 47 34
coin 23 31
coin 25 5
match_over 0
