match
match_id 1639561528085_am
match_time 1639561528095
num_bots 1
##MatchConfig
mode FRIENDLY
num_rounds 200
random_seed 42
move_time_limit 1000
coin_spawn_period 5
coin_spawn_volume 2
##MapConfig
map_size 52 38
view_radius 6
mining_radius 2
attack_radius 3
block 14 0
block 15 0
block 16 0
block 17 0
block 18 0
block 19 0
block 20 0
block 25 0
block 26 0
block 14 1
block 15 1
block 16 1
block 17 1
block 18 1
block 19 1
block 20 1
block 14 2
block 15 2
block 16 2
block 17 2
block 18 2
block 19 2
block 20 2
block 7 3
block 8 3
block 9 3
block 10 3
block 11 3
block 7 4
block 8 4
block 9 4
block 10 4
block 11 4
block 41 4
block 42 4
block 43 4
block 7 5
block 8 5
block 9 5
block 10 5
block 11 5
block 15 5
block 16 5
block 17 5
block 18 5
block 19 5
block 20 5
block 29 5
block 30 5
block 31 5
block 32 5
block 41 5
block 42 5
block 43 5
block 7 6
block 8 6
block 9 6
block 10 6
block 11 6
block 15 6
block 16 6
block 17 6
block 18 6
block 19 6
block 20 6
block 29 6
block 30 6
block 31 6
block 32 6
block 41 6
block 42 6
block 43 6
block 29 7
block 30 7
block 31 7
block 32 7
block 41 7
block 42 7
block 43 7
block 16 8
block 17 8
block 18 8
block 19 8
block 20 8
block 21 8
block 22 8
block 30 8
block 31 8
block 32 8
block 41 8
block 42 8
block 43 8
block 16 9
block 17 9
block 18 9
block 19 9
block 20 9
block 21 9
block 22 9
block 27 9
block 28 9
block 29 9
block 30 9
block 31 9
block 32 9
block 33 9
block 41 9
block 42 9
block 43 9
block 16 10
block 17 10
block 18 10
block 19 10
block 20 10
block 21 10
block 22 10
block 23 10
block 24 10
block 27 10
block 28 10
block 29 10
block 30 10
block 31 10
block 32 10
block 33 10
block 41 10
block 42 10
block 43 10
block 21 11
block 22 11
block 23 11
block 24 11
block 27 11
block 28 11
block 29 11
block 30 11
block 31 11
block 32 11
block 33 11
block 21 12
block 22 12
block 23 12
block 24 12
block 27 12
block 28 12
block 29 12
block 30 12
block 31 12
block 32 12
block 33 12
block 16 15
block 17 15
block 18 15
block 19 15
block 20 15
block 21 15
block 16 16
block 17 16
block 18 16
block 19 16
block 20 16
block 21 16
block 45 23
block 46 23
block 47 23
block 48 23
block 49 23
block 45 24
block 46 24
block 47 24
block 48 24
block 49 24
block 45 25
block 46 25
block 47 25
block 48 25
block 49 25
block 44 26
block 45 26
block 46 26
block 47 26
block 48 26
block 49 26
block 44 27
block 45 27
block 46 27
block 47 27
block 48 27
block 49 27
block 44 28
block 45 28
block 46 28
block 47 28
block 48 28
block 49 28
block 44 29
block 45 29
block 46 29
block 47 29
block 48 29
block 14 30
block 15 30
block 16 30
block 17 30
block 18 30
block 19 30
block 20 30
block 44 30
block 45 30
block 46 30
block 47 30
block 48 30
block 14 31
block 15 31
block 16 31
block 17 31
block 18 31
block 19 31
block 20 31
block 36 31
block 37 31
block 38 31
block 39 31
block 40 31
block 41 31
block 42 31
block 43 31
block 44 31
block 45 31
block 46 31
block 47 31
block 48 31
block 36 32
block 37 32
block 38 32
block 39 32
block 40 32
block 41 32
block 42 32
block 43 32
block 44 32
block 45 32
block 46 32
block 47 32
block 48 32
block 21 33
block 22 33
block 23 33
block 36 33
block 37 33
block 38 33
block 39 33
block 40 33
block 41 33
block 42 33
block 43 33
block 21 34
block 22 34
block 23 34
block 36 34
block 37 34
block 38 34
block 39 34
block 40 34
block 41 34
block 42 34
block 43 34
block 25 35
block 26 35
block 36 35
block 37 35
block 38 35
block 39 35
block 40 35
block 41 35
block 42 35
block 43 35
block 14 36
block 15 36
block 16 36
block 17 36
block 18 36
block 19 36
block 20 36
block 25 36
block 26 36
block 40 36
block 41 36
block 42 36
block 43 36
block 14 37
block 15 37
block 16 37
block 17 37
block 18 37
block 19 37
block 20 37
block 25 37
block 26 37
##BotsAndCoinsInfo
bot_name 0 theBest
bot 0 35 26
bot_coins 0 0
coin 26 9
coin 25 28
round 1
bot 0 36 26
round 2
bot 0 37 26
round 3
bot 0 38 26
round 4
bot 0 39 26
round 5
bot 0 40 26
coin 48 6
coin 3 31
round 6
bot 0 41 26
round 7
bot 0 42 26
round 8
bot 0 43 26
round 9
round 10
coin 26 15
coin 25 22
round 11
round 12
round 13
round 14
round 15
coin 13 28
coin 38 9
round 16
round 17
round 18
round 19
round 20
coin 3 17
coin 48 20
round 21
round 22
round 23
round 24
round 25
coin 26 14
coin 25 23
round 26
round 27
round 28
round 29
round 30
coin 8 34
coin 43 3
round 31
round 32
round 33
round 34
round 35
coin 21 36
coin 30 1
round 36
round 37
round 38
round 39
round 40
coin 48 36
coin 3 1
round 41
round 42
round 43
round 44
round 45
coin 11 37
coin 40 0
round 46
round 47
round 48
round 49
round 50
coin 40 13
coin 11 24
round 51
round 52
round 53
round 54
round 55
coin 26 7
coin 25 30
round 56
round 57
round 58
round 59
round 60
coin 51 13
coin 0 24
round 61
round 62
round 63
round 64
round 65
coin 38 6
coin 13 31
round 66
round 67
round 68
round 69
round 70
coin 19 22
coin 32 15
round 71
round 72
round 73
round 74
round 75
coin 38 4
coin 13 33
round 76
round 77
round 78
round 79
round 80
coin 18 33
coin 33 4
round 81
round 82
round 83
round 84
round 85
coin 33 37
coin 18 3
round 86
round 87
round 88
round 89
round 90
coin 32 17
coin 19 20
round 91
round 92
round 93
round 94
round 95
coin 40 6
coin 11 31
round 96
round 97
round 98
round 99
round 100
coin 31 31
coin 21 6
round 101
round 102
round 103
round 104
round 105
coin 47 11
coin 4 26
round 106
round 107
round 108
round 109
round 110
coin 15 10
coin 36 27
round 111
round 112
round 113
round 114
round 115
coin 3 23
coin 48 14
round 116
round 117
round 118
round 119
round 120
coin 1 35
coin 50 2
round 121
round 122
round 123
round 124
round 125
coin 9 7
coin 42 30
round 126
bot 0 42 27
round 127
bot 0 42 28
coin_collected 42 30 0
bot_coins 0 1
round 128
bot 0 43 28
round 129
round 130
coin 42 12
coin 9 25
round 131
round 132
round 133
round 134
round 135
coin 40 4
coin 11 33
round 136
round 137
round 138
round 139
round 140
coin 25 21
coin 26 16
round 141
round 142
round 143
round 144
round 145
coin 49 35
coin 2 2
round 146
round 147
round 148
round 149
round 150
coin 45 33
coin 6 4
round 151
bot 0 43 29
round 152
bot 0 43 30
round 153
round 154
round 155
coin 33 7
coin 18 29
round 156
round 157
round 158
round 159
round 160
coin 50 34
coin 1 3
round 161
round 162
round 163
round 164
round 165
coin 46 21
coin 5 16
round 166
round 167
round 168
round 169
round 170
coin 35 17
coin 16 20
round 171
round 172
round 173
round 174
round 175
coin 6 3
coin 45 34
round 176
round 177
round 178
round 179
round 180
coin 13 23
coin 38 14
round 181
round 182
round 183
round 184
round 185
coin 13 9
coin 38 28
round 186
round 187
round 188
round 189
round 190
coin 42 14
coin 9 23
round 191
round 192
round 193
round 194
round 195
coin 29 35
coin 22 2
round 196
round 197
round 198
round 199
round 200
coin 40 2
coin 11 35
match_over 0
