match
match_id 1639511673905_ad
match_time 1639511673921
num_bots 1
##MatchConfig
mode FRIENDLY
num_rounds 200
random_seed 42
move_time_limit 1000
coin_spawn_period 5
coin_spawn_volume 2
##MapConfig
map_size 48 38
view_radius 5
mining_radius 1
attack_radius 3
block 0 0
block 1 0
block 2 0
block 3 0
block 4 0
block 5 0
block 6 0
block 24 0
block 25 0
block 26 0
block 27 0
block 42 0
block 43 0
block 0 1
block 1 1
block 2 1
block 3 1
block 4 1
block 5 1
block 6 1
block 24 1
block 25 1
block 26 1
block 27 1
block 42 1
block 43 1
block 0 2
block 1 2
block 2 2
block 3 2
block 4 2
block 5 2
block 6 2
block 15 2
block 16 2
block 17 2
block 18 2
block 19 2
block 20 2
block 42 2
block 43 2
block 47 2
block 0 3
block 1 3
block 2 3
block 3 3
block 4 3
block 5 3
block 6 3
block 15 3
block 16 3
block 17 3
block 18 3
block 19 3
block 20 3
block 42 3
block 43 3
block 47 3
block 0 4
block 1 4
block 2 4
block 3 4
block 4 4
block 5 4
block 6 4
block 15 4
block 16 4
block 17 4
block 18 4
block 19 4
block 20 4
block 47 4
block 0 5
block 1 5
block 2 5
block 3 5
block 4 5
block 5 5
block 6 5
block 32 5
block 33 5
block 34 5
block 47 5
block 0 6
block 1 6
block 2 6
block 3 6
block 4 6
block 5 6
block 6 6
block 32 6
block 33 6
block 34 6
block 47 6
block 0 7
block 1 7
block 2 7
block 3 7
block 4 7
block 5 7
block 6 7
block 32 7
block 33 7
block 34 7
block 47 7
block 32 8
block 33 8
block 34 8
block 20 9
block 21 9
block 32 9
block 33 9
block 34 9
block 20 10
block 21 10
block 22 10
block 23 10
block 20 11
block 21 11
block 22 11
block 23 11
block 20 12
block 21 12
block 22 12
block 23 12
block 27 12
block 28 12
block 29 12
block 20 13
block 21 13
block 22 13
block 23 13
block 27 13
block 28 13
block 29 13
block 20 14
block 21 14
block 27 14
block 28 14
block 29 14
block 27 15
block 28 15
block 29 15
block 10 16
block 11 16
block 12 16
block 13 16
block 14 16
block 15 16
block 27 16
block 28 16
block 29 16
block 38 16
block 39 16
block 40 16
block 10 17
block 11 17
block 12 17
block 13 17
block 14 17
block 15 17
block 16 17
block 17 17
block 18 17
block 19 17
block 20 17
block 27 17
block 28 17
block 29 17
block 38 17
block 39 17
block 40 17
block 10 18
block 11 18
block 12 18
block 13 18
block 14 18
block 15 18
block 16 18
block 17 18
block 18 18
block 19 18
block 20 18
block 27 18
block 28 18
block 29 18
block 38 18
block 39 18
block 40 18
block 41 18
block 42 18
block 43 18
block 44 18
block 45 18
block 1 19
block 2 19
block 3 19
block 10 19
block 11 19
block 12 19
block 13 19
block 14 19
block 15 19
block 16 19
block 17 19
block 18 19
block 19 19
block 20 19
block 38 19
block 39 19
block 40 19
block 41 19
block 42 19
block 43 19
block 44 19
block 45 19
block 1 20
block 2 20
block 3 20
block 10 20
block 11 20
block 12 20
block 13 20
block 14 20
block 15 20
block 36 20
block 37 20
block 38 20
block 39 20
block 40 20
block 41 20
block 42 20
block 43 20
block 44 20
block 45 20
block 1 21
block 2 21
block 3 21
block 8 21
block 9 21
block 10 21
block 11 21
block 12 21
block 13 21
block 14 21
block 15 21
block 21 21
block 22 21
block 23 21
block 24 21
block 25 21
block 36 21
block 37 21
block 38 21
block 39 21
block 40 21
block 41 21
block 42 21
block 43 21
block 44 21
block 45 21
block 1 22
block 2 22
block 3 22
block 8 22
block 9 22
block 10 22
block 21 22
block 22 22
block 23 22
block 24 22
block 25 22
block 36 22
block 37 22
block 38 22
block 39 22
block 40 22
block 41 22
block 42 22
block 43 22
block 44 22
block 45 22
block 1 23
block 2 23
block 3 23
block 8 23
block 9 23
block 10 23
block 36 23
block 37 23
block 38 23
block 39 23
block 40 23
block 41 23
block 42 23
block 43 23
block 44 23
block 45 23
block 1 24
block 2 24
block 3 24
block 8 24
block 9 24
block 10 24
block 36 24
block 37 24
block 38 24
block 39 24
block 40 24
block 41 24
block 42 24
block 43 24
block 44 24
block 45 24
block 33 25
block 34 25
block 35 25
block 36 25
block 37 25
block 38 25
block 40 25
block 41 25
block 42 25
block 43 25
block 44 25
block 45 25
block 33 26
block 34 26
block 35 26
block 36 26
block 37 26
block 38 26
block 40 26
block 41 26
block 42 26
block 43 26
block 44 26
block 45 26
block 33 27
block 34 27
block 35 27
block 36 27
block 37 27
block 38 27
block 40 27
block 41 27
block 42 27
block 43 27
block 44 27
block 45 27
block 23 28
block 24 28
block 25 28
block 33 28
block 34 28
block 40 28
block 41 28
block 42 28
block 43 28
block 44 28
block 45 28
block 23 29
block 24 29
block 25 29
block 33 29
block 34 29
block 40 29
block 41 29
block 42 29
block 43 29
block 44 29
block 45 29
block 46 29
block 47 29
block 23 30
block 24 30
block 25 30
block 40 30
block 41 30
block 42 30
block 43 30
block 44 30
block 45 30
block 46 30
block 47 30
block 23 31
block 24 31
block 25 31
block 40 31
block 41 31
block 42 31
block 43 31
block 44 31
block 45 31
block 46 31
block 47 31
block 40 32
block 41 32
block 42 32
block 43 32
block 44 32
block 45 32
block 40 33
block 41 33
block 42 33
block 43 33
block 44 33
block 45 33
block 40 34
block 41 34
block 42 34
block 43 34
block 44 34
block 45 34
block 24 36
block 25 36
block 26 36
block 27 36
block 0 37
block 1 37
block 2 37
block 3 37
block 4 37
block 5 37
block 6 37
block 24 37
block 25 37
block 26 37
block 27 37
block 42 37
block 43 37
##BotsAndCoinsInfo
bot_name 0 theBest
bot 0 42 8
bot_coins 0 0
coin 26 9
coin 21 28
round 1
round 2
bot 0 41 8
round 3
bot 0 41 9
round 4
bot 0 41 10
round 5
bot 0 41 11
coin 46 6
coin 1 31
round 6
bot 0 42 10
round 7
bot 0 42 11
round 8
bot 0 43 11
round 9
bot 0 44 11
round 10
bot 0 45 11
coin 18 15
coin 29 22
round 11
bot 0 44 10
round 12
bot 0 43 9
round 13
bot 0 43 8
round 14
round 15
bot 0 43 9
coin 17 28
coin 30 9
round 16
bot 0 42 8
round 17
bot 0 43 7
round 18
bot 0 42 7
round 19
bot 0 43 6
round 20
bot 0 42 6
coin 31 17
coin 16 20
round 21
bot 0 42 5
round 22
bot 0 43 4
round 23
bot 0 43 5
round 24
bot 0 42 6
round 25
bot 0 41 5
coin 14 14
coin 33 23
round 26
bot 0 40 6
round 27
bot 0 40 5
round 28
bot 0 39 5
round 29
bot 0 39 6
round 30
bot 0 40 5
coin 12 34
coin 35 3
round 31
bot 0 39 5
round 32
bot 0 39 4
round 33
bot 0 39 5
round 34
bot 0 38 6
round 35
bot 0 38 7
coin 44 36
coin 3 36
round 36
bot 0 37 8
round 37
round 38
round 39
round 40
coin 24 35
coin 23 2
round 41
round 42
round 43
round 44
round 45
coin 7 37
coin 40 0
round 46
round 47
round 48
round 49
round 50
coin 8 13
coin 39 25
round 51
round 52
round 53
round 54
round 55
coin 26 7
coin 21 30
round 56
round 57
round 58
round 59
round 60
coin 11 13
coin 35 24
round 61
round 62
round 63
round 64
round 65
coin 46 7
coin 1 30
round 66
round 67
round 68
round 69
round 70
coin 46 22
coin 1 15
round 71
round 72
round 73
round 74
round 75
coin 10 4
coin 37 33
round 76
round 77
round 78
round 79
round 80
coin 14 33
coin 33 4
round 81
round 82
round 83
round 84
round 85
coin 41 37
coin 7 0
round 86
round 87
round 88
round 89
round 90
coin 12 15
coin 35 22
round 91
round 92
round 93
round 94
round 95
coin 25 6
coin 22 31
round 96
round 97
round 98
round 99
round 100
coin 11 31
coin 36 6
round 101
round 102
round 103
round 104
round 105
coin 47 11
coin 0 26
round 106
round 107
round 108
round 109
round 110
coin 24 10
coin 23 27
round 111
round 112
round 113
round 114
round 115
coin 7 23
coin 40 14
round 116
round 117
round 118
round 119
round 120
coin 13 35
coin 34 2
round 121
round 122
round 123
round 124
round 125
coin 25 7
coin 22 30
round 126
round 127
round 128
round 129
round 130
coin 38 12
coin 9 25
round 131
round 132
round 133
round 134
round 135
coin 8 4
coin 39 33
round 136
round 137
round 138
round 139
round 140
coin 0 21
coin 47 16
round 141
round 142
round 143
round 144
round 145
coin 21 35
coin 26 2
round 146
round 147
round 148
round 149
round 150
coin 25 32
coin 22 5
round 151
round 152
round 153
round 154
round 155
coin 31 7
coin 16 30
round 156
round 157
round 158
round 159
round 160
coin 38 34
coin 9 3
round 161
round 162
round 163
round 164
round 165
coin 14 22
coin 33 15
round 166
round 167
round 168
round 169
round 170
coin 16 16
coin 31 21
round 171
round 172
round 173
round 174
round 175
coin 22 3
coin 25 34
round 176
round 177
round 178
round 179
round 180
coin 13 23
coin 34 14
round 181
round 182
round 183
round 184
round 185
coin 37 9
coin 10 28
round 186
coin_collected 37 9 0
bot_coins 0 1
round 187
round 188
round 189
round 190
coin 26 14
coin 21 23
round 191
round 192
round 193
round 194
round 195
coin 17 35
coin 30 2
round 196
round 197
round 198
round 199
round 200
coin 24 2
coin 23 35
match_over 0
