match
match_id 1639525505188_bh
match_time 1639525505191
num_bots 1
##MatchConfig
mode FRIENDLY
num_rounds 200
random_seed 42
move_time_limit 1000
coin_spawn_period 5
coin_spawn_volume 2
##MapConfig
map_size 67 38
view_radius 6
mining_radius 1
attack_radius 4
block 18 0
block 19 0
block 20 0
block 21 0
block 22 0
block 23 0
block 24 0
block 33 0
block 34 0
block 35 0
block 36 0
block 37 0
block 53 0
block 54 0
block 18 1
block 19 1
block 20 1
block 21 1
block 22 1
block 23 1
block 24 1
block 33 1
block 34 1
block 35 1
block 36 1
block 37 1
block 18 2
block 19 2
block 33 2
block 34 2
block 35 2
block 36 2
block 37 2
block 50 9
block 51 9
block 50 10
block 51 10
block 50 11
block 51 11
block 30 12
block 31 12
block 32 12
block 50 12
block 51 12
block 30 13
block 31 13
block 32 13
block 44 16
block 45 16
block 46 16
block 47 16
block 48 16
block 44 17
block 45 17
block 46 17
block 47 17
block 48 17
block 44 18
block 45 18
block 46 18
block 47 18
block 48 18
block 44 19
block 45 19
block 46 19
block 47 19
block 48 19
block 44 20
block 45 20
block 46 20
block 47 20
block 48 20
block 44 21
block 45 21
block 46 21
block 47 21
block 48 21
block 44 22
block 45 22
block 46 22
block 47 22
block 48 22
block 25 25
block 26 25
block 25 26
block 26 26
block 25 27
block 26 27
block 25 28
block 26 28
block 61 31
block 62 31
block 63 31
block 15 32
block 16 32
block 61 32
block 62 32
block 63 32
block 15 33
block 16 33
block 61 33
block 62 33
block 63 33
block 15 34
block 16 34
block 61 34
block 62 34
block 63 34
block 11 35
block 12 35
block 19 35
block 20 35
block 21 35
block 22 35
block 23 35
block 24 35
block 11 36
block 12 36
block 19 36
block 20 36
block 21 36
block 22 36
block 23 36
block 24 36
block 11 37
block 12 37
block 19 37
block 20 37
block 21 37
block 22 37
block 23 37
block 24 37
block 53 37
block 54 37
##BotsAndCoinsInfo
bot_name 0 theBest
bot 0 17 34
bot_coins 0 0
coin 41 9
coin 25 29
round 1
bot 0 17 35
round 2
bot 0 17 36
round 3
bot 0 17 37
round 4
bot 0 18 37
round 5
coin 23 6
coin 43 31
round 6
round 7
round 8
round 9
round 10
coin 12 15
coin 54 22
round 11
round 12
round 13
round 14
round 15
coin 66 28
coin 0 9
round 16
round 17
round 18
round 19
round 20
coin 62 17
coin 4 20
round 21
round 22
round 23
round 24
round 25
coin 21 14
coin 45 23
round 26
round 27
round 28
round 29
round 30
coin 0 34
coin 66 3
round 31
round 32
round 33
round 34
round 35
coin 51 36
coin 15 1
round 36
bot 0 17 36
round 37
bot 0 16 35
round 38
bot 0 15 35
round 39
round 40
coin 49 36
coin 17 1
round 41
round 42
round 43
round 44
round 45
coin 22 34
coin 44 3
round 46
round 47
round 48
round 49
round 50
coin 37 13
coin 29 24
round 51
round 52
round 53
round 54
round 55
coin 24 7
coin 42 30
round 56
round 57
round 58
round 59
round 60
coin 47 13
coin 19 24
round 61
round 62
round 63
round 64
round 65
coin 17 6
coin 49 31
round 66
round 67
round 68
round 69
round 70
coin 9 22
coin 57 15
round 71
round 72
round 73
round 74
round 75
coin 30 4
coin 36 33
round 76
round 77
round 78
round 79
round 80
coin 7 33
coin 59 4
round 81
round 82
round 83
round 84
round 85
coin 66 37
coin 0 0
round 86
round 87
round 88
round 89
round 90
coin 36 17
coin 30 20
round 91
round 92
round 93
round 94
round 95
coin 40 6
coin 26 31
round 96
round 97
round 98
round 99
round 100
coin 34 31
coin 32 6
round 101
round 102
round 103
round 104
round 105
coin 29 11
coin 37 26
round 106
round 107
round 108
round 109
round 110
coin 57 10
coin 9 27
round 111
round 112
round 113
round 114
round 115
coin 59 23
coin 7 14
round 116
round 117
round 118
round 119
round 120
coin 18 35
coin 48 2
round 121
bot 0 16 35
round 122
bot 0 17 35
coin_collected 18 35 0
bot_coins 0 1
round 123
bot 0 17 34
round 124
bot 0 17 33
round 125
bot 0 18 34
coin 44 6
coin 22 31
round 126
bot 0 19 34
round 127
bot 0 20 34
round 128
bot 0 21 34
coin_collected 22 34 0
bot_coins 0 2
round 129
bot 0 22 33
round 130
bot 0 22 32
coin_collected 22 31 0
bot_coins 0 3
coin 17 12
coin 49 25
round 131
bot 0 23 31
round 132
bot 0 24 30
round 133
bot 0 25 29
coin_collected 25 29 0
bot_coins 0 4
round 134
bot 0 26 30
coin_collected 26 31 0
bot_coins 0 5
round 135
bot 0 26 31
coin 54 4
coin 12 33
round 136
bot 0 26 32
round 137
bot 0 26 33
round 138
bot 0 26 34
round 139
bot 0 26 35
round 140
bot 0 26 36
coin 51 21
coin 15 16
round 141
bot 0 26 37
round 142
bot 0 27 37
round 143
bot 0 28 36
round 144
bot 0 28 37
round 145
bot 0 29 36
coin 30 35
coin 36 3
round 146
bot 0 30 35
coin_collected 30 35 0
bot_coins 0 6
round 147
bot 0 31 34
round 148
bot 0 32 33
round 149
bot 0 33 32
round 150
bot 0 34 31
coin_collected 34 31 0
bot_coins 0 7
coin 40 31
coin 26 6
round 151
bot 0 35 32
round 152
bot 0 36 33
coin_collected 36 33 0
bot_coins 0 8
round 153
bot 0 37 32
round 154
bot 0 38 31
round 155
bot 0 39 31
coin_collected 40 31 0
bot_coins 0 9
coin 28 7
coin 38 30
round 156
bot 0 38 30
coin_collected 38 30 0
bot_coins 0 10
round 157
bot 0 39 30
round 158
bot 0 40 30
round 159
bot 0 41 30
coin_collected 42 30 0
bot_coins 0 11
round 160
bot 0 42 31
coin_collected 43 31 0
bot_coins 0 12
coin 57 34
coin 9 3
round 161
bot 0 42 32
round 162
bot 0 42 33
round 163
bot 0 42 34
round 164
bot 0 42 35
round 165
bot 0 42 36
coin 65 21
coin 1 16
round 166
bot 0 43 35
round 167
bot 0 43 36
round 168
bot 0 44 35
round 169
bot 0 45 36
round 170
bot 0 46 36
coin 66 17
coin 0 20
round 171
bot 0 47 36
round 172
bot 0 48 36
coin_collected 49 36 0
bot_coins 0 13
round 173
bot 0 49 36
round 174
bot 0 50 36
coin_collected 51 36 0
bot_coins 0 14
round 175
bot 0 49 35
coin 30 3
coin 36 34
round 176
bot 0 49 34
round 177
bot 0 49 33
round 178
bot 0 49 32
coin_collected 49 31 0
bot_coins 0 15
round 179
bot 0 49 33
round 180
bot 0 49 34
coin 24 23
coin 42 14
round 181
bot 0 49 35
round 182
bot 0 48 34
round 183
bot 0 48 33
round 184
bot 0 48 34
round 185
bot 0 48 33
coin 55 9
coin 11 28
round 186
bot 0 48 34
round 187
bot 0 48 33
round 188
bot 0 48 34
round 189
bot 0 48 33
round 190
bot 0 48 34
coin 11 14
coin 55 23
round 191
bot 0 48 33
round 192
bot 0 48 34
round 193
bot 0 48 33
round 194
bot 0 48 34
round 195
bot 0 48 33
coin 23 34
coin 43 3
round 196
bot 0 48 34
round 197
bot 0 48 33
round 198
bot 0 48 34
round 199
bot 0 48 33
round 200
bot 0 48 34
coin 31 2
coin 35 35
match_over 0
