match
match_id 1639506075868_as
match_time 1639506075874
num_bots 1
##MatchConfig
mode FRIENDLY
num_rounds 200
random_seed 42
move_time_limit 1000
coin_spawn_period 5
coin_spawn_volume 2
##MapConfig
map_size 60 21
view_radius 5
mining_radius 2
attack_radius 3
block 18 0
block 19 0
block 20 0
block 21 0
block 22 0
block 23 0
block 29 0
block 30 0
block 34 0
block 35 0
block 18 1
block 19 1
block 20 1
block 21 1
block 22 1
block 23 1
block 29 1
block 30 1
block 43 1
block 44 1
block 4 2
block 5 2
block 6 2
block 18 2
block 19 2
block 20 2
block 21 2
block 22 2
block 23 2
block 29 2
block 30 2
block 43 2
block 44 2
block 4 3
block 5 3
block 6 3
block 7 3
block 18 3
block 19 3
block 20 3
block 21 3
block 22 3
block 23 3
block 29 3
block 30 3
block 4 4
block 5 4
block 6 4
block 7 4
block 18 4
block 19 4
block 20 4
block 21 4
block 22 4
block 23 4
block 29 4
block 30 4
block 32 4
block 33 4
block 34 4
block 4 5
block 5 5
block 6 5
block 12 5
block 13 5
block 32 5
block 33 5
block 34 5
block 4 6
block 5 6
block 6 6
block 12 6
block 13 6
block 32 6
block 33 6
block 34 6
block 3 7
block 4 7
block 5 7
block 6 7
block 12 7
block 13 7
block 32 7
block 33 7
block 34 7
block 3 8
block 4 8
block 5 8
block 6 8
block 32 8
block 33 8
block 34 8
block 3 9
block 4 9
block 5 9
block 6 9
block 18 9
block 19 9
block 20 9
block 21 9
block 22 9
block 23 9
block 24 9
block 46 9
block 47 9
block 48 9
block 49 9
block 3 10
block 4 10
block 5 10
block 6 10
block 18 10
block 19 10
block 20 10
block 21 10
block 22 10
block 23 10
block 24 10
block 46 10
block 47 10
block 48 10
block 49 10
block 3 11
block 4 11
block 5 11
block 6 11
block 14 11
block 15 11
block 16 11
block 17 11
block 18 11
block 19 11
block 20 11
block 21 11
block 22 11
block 23 11
block 24 11
block 46 11
block 47 11
block 48 11
block 49 11
block 0 12
block 3 12
block 4 12
block 5 12
block 6 12
block 7 12
block 14 12
block 15 12
block 16 12
block 17 12
block 18 12
block 19 12
block 20 12
block 21 12
block 22 12
block 23 12
block 24 12
block 46 12
block 47 12
block 48 12
block 49 12
block 55 12
block 56 12
block 57 12
block 58 12
block 59 12
block 0 13
block 3 13
block 4 13
block 5 13
block 6 13
block 7 13
block 14 13
block 15 13
block 16 13
block 17 13
block 18 13
block 19 13
block 20 13
block 21 13
block 22 13
block 23 13
block 24 13
block 34 13
block 35 13
block 36 13
block 37 13
block 38 13
block 46 13
block 47 13
block 48 13
block 49 13
block 55 13
block 56 13
block 57 13
block 58 13
block 59 13
block 0 14
block 6 14
block 7 14
block 14 14
block 15 14
block 16 14
block 17 14
block 18 14
block 19 14
block 34 14
block 35 14
block 36 14
block 37 14
block 38 14
block 41 14
block 42 14
block 43 14
block 44 14
block 45 14
block 46 14
block 47 14
block 48 14
block 49 14
block 55 14
block 56 14
block 57 14
block 58 14
block 59 14
block 0 15
block 6 15
block 7 15
block 34 15
block 35 15
block 36 15
block 37 15
block 38 15
block 41 15
block 42 15
block 43 15
block 44 15
block 45 15
block 55 15
block 56 15
block 57 15
block 58 15
block 59 15
block 6 16
block 7 16
block 34 16
block 35 16
block 36 16
block 37 16
block 38 16
block 41 16
block 42 16
block 43 16
block 44 16
block 45 16
block 34 17
block 35 17
block 36 17
block 37 17
block 38 17
block 41 17
block 42 17
block 43 17
block 44 17
block 45 17
block 34 18
block 35 18
block 36 18
block 37 18
block 38 18
block 41 18
block 42 18
block 43 18
block 44 18
block 45 18
block 18 19
block 19 19
block 20 19
block 21 19
block 22 19
block 23 19
block 29 19
block 30 19
block 34 19
block 35 19
block 36 19
block 37 19
block 38 19
block 41 19
block 42 19
block 43 19
block 44 19
block 45 19
block 18 20
block 19 20
block 20 20
block 21 20
block 22 20
block 23 20
block 29 20
block 30 20
block 34 20
block 35 20
block 41 20
block 42 20
block 43 20
block 44 20
block 45 20
##BotsAndCoinsInfo
bot_name 0 theBest
bot 0 29 7
bot_coins 0 0
coin 50 12
coin 9 8
round 1
round 2
round 3
match_over 0
round 4
