match
match_id 1639564009525_ba
match_time 1639564009532
num_bots 1
##MatchConfig
mode FRIENDLY
num_rounds 200
random_seed 42
move_time_limit 1000
coin_spawn_period 5
coin_spawn_volume 2
##MapConfig
map_size 73 24
view_radius 5
mining_radius 2
attack_radius 3
block 20 0
block 21 0
block 25 0
block 26 0
block 46 0
block 47 0
block 48 0
block 49 0
block 55 0
block 56 0
block 57 0
block 58 0
block 59 0
block 60 0
block 61 0
block 65 0
block 66 0
block 18 1
block 19 1
block 20 1
block 21 1
block 25 1
block 26 1
block 46 1
block 47 1
block 48 1
block 49 1
block 60 1
block 61 1
block 65 1
block 66 1
block 18 2
block 19 2
block 20 2
block 21 2
block 25 2
block 26 2
block 31 2
block 32 2
block 33 2
block 34 2
block 35 2
block 36 2
block 37 2
block 46 2
block 47 2
block 48 2
block 49 2
block 60 2
block 61 2
block 65 2
block 66 2
block 18 3
block 19 3
block 20 3
block 31 3
block 32 3
block 33 3
block 34 3
block 35 3
block 36 3
block 37 3
block 60 3
block 61 3
block 65 3
block 66 3
block 25 4
block 26 4
block 27 4
block 28 4
block 31 4
block 32 4
block 33 4
block 34 4
block 35 4
block 36 4
block 37 4
block 65 4
block 66 4
block 25 5
block 26 5
block 27 5
block 28 5
block 31 5
block 32 5
block 33 5
block 34 5
block 35 5
block 36 5
block 37 5
block 59 5
block 60 5
block 61 5
block 62 5
block 63 5
block 64 5
block 65 5
block 66 5
block 25 6
block 26 6
block 27 6
block 28 6
block 31 6
block 32 6
block 33 6
block 34 6
block 35 6
block 36 6
block 37 6
block 59 6
block 60 6
block 61 6
block 62 6
block 63 6
block 64 6
block 65 6
block 31 7
block 32 7
block 33 7
block 34 7
block 35 7
block 36 7
block 37 7
block 59 7
block 60 7
block 61 7
block 62 7
block 63 7
block 64 7
block 65 7
block 66 7
block 67 7
block 68 7
block 69 7
block 70 7
block 71 7
block 72 7
block 21 8
block 22 8
block 23 8
block 66 8
block 67 8
block 68 8
block 69 8
block 70 8
block 71 8
block 72 8
block 21 9
block 22 9
block 23 9
block 66 9
block 67 9
block 68 9
block 69 9
block 70 9
block 71 9
block 72 9
block 21 10
block 22 10
block 23 10
block 66 10
block 67 10
block 68 10
block 69 10
block 70 10
block 71 10
block 72 10
block 66 11
block 67 11
block 68 11
block 69 11
block 70 11
block 71 11
block 72 11
block 14 13
block 15 13
block 16 13
block 17 13
block 18 13
block 19 13
block 20 13
block 21 13
block 14 14
block 15 14
block 16 14
block 17 14
block 18 14
block 19 14
block 20 14
block 21 14
block 28 14
block 29 14
block 30 14
block 49 14
block 50 14
block 51 14
block 65 14
block 66 14
block 67 14
block 68 14
block 69 14
block 17 15
block 18 15
block 19 15
block 20 15
block 21 15
block 28 15
block 29 15
block 30 15
block 49 15
block 50 15
block 51 15
block 65 15
block 66 15
block 67 15
block 68 15
block 69 15
block 18 16
block 19 16
block 20 16
block 49 16
block 50 16
block 51 16
block 65 16
block 66 16
block 67 16
block 68 16
block 69 16
block 18 17
block 19 17
block 20 17
block 49 17
block 50 17
block 51 17
block 63 17
block 64 17
block 65 17
block 66 17
block 67 17
block 68 17
block 69 17
block 18 18
block 19 18
block 20 18
block 55 18
block 56 18
block 57 18
block 58 18
block 59 18
block 60 18
block 61 18
block 63 18
block 64 18
block 65 18
block 66 18
block 14 19
block 15 19
block 18 19
block 19 19
block 20 19
block 55 19
block 56 19
block 57 19
block 58 19
block 59 19
block 60 19
block 61 19
block 63 19
block 64 19
block 65 19
block 66 19
block 14 20
block 15 20
block 55 20
block 56 20
block 57 20
block 58 20
block 59 20
block 60 20
block 61 20
block 63 20
block 64 20
block 65 20
block 66 20
block 14 21
block 15 21
block 55 21
block 56 21
block 57 21
block 58 21
block 59 21
block 60 21
block 61 21
block 63 21
block 64 21
block 65 21
block 66 21
block 55 22
block 56 22
block 57 22
block 58 22
block 59 22
block 60 22
block 61 22
block 20 23
block 21 23
block 55 23
block 56 23
block 57 23
block 58 23
block 59 23
block 60 23
block 61 23
##BotsAndCoinsInfo
bot_name 0 theBest
bot 0 2 0
bot_coins 0 0
coin 12 3
coin 62 20
round 1
bot 0 3 0
round 2
bot 0 4 0
round 3
bot 0 5 0
round 4
bot 0 6 0
round 5
bot 0 7 0
coin 16 20
coin 56 3
round 6
bot 0 8 0
round 7
bot 0 9 1
round 8
bot 0 10 2
round 9
bot 0 11 3
coin_collected 12 3 0
bot_coins 0 1
round 10
bot 0 12 3
coin 30 13
coin 42 10
round 11
bot 0 13 3
round 12
bot 0 14 2
round 13
bot 0 15 2
round 14
bot 0 16 2
round 15
bot 0 17 2
coin 38 14
coin 34 9
round 16
bot 0 17 3
round 17
bot 0 18 4
round 18
bot 0 19 4
round 19
bot 0 20 4
round 20
bot 0 21 4
coin 53 5
coin 19 20
round 21
bot 0 22 3
round 22
bot 0 23 3
round 23
bot 0 24 3
round 24
bot 0 25 3
round 25
bot 0 26 3
coin 64 14
coin 8 9
round 26
bot 0 27 3
round 27
bot 0 28 3
round 28
bot 0 29 3
round 29
bot 0 30 3
round 30
bot 0 30 4
coin 30 12
coin 42 11
round 31
bot 0 30 5
round 32
bot 0 30 6
round 33
bot 0 30 7
round 34
bot 0 31 8
round 35
bot 0 32 9
coin_collected 34 9 0
bot_coins 0 2
coin 10 8
coin 62 15
round 36
bot 0 31 10
round 37
bot 0 30 11
coin_collected 30 12 0
bot_coins 0 3
coin_collected 30 13 0
bot_coins 0 4
round 38
bot 0 31 11
round 39
bot 0 32 11
round 40
bot 0 33 11
coin 67 18
coin 5 5
round 41
bot 0 34 11
round 42
bot 0 35 12
round 43
bot 0 36 13
round 44
bot 0 37 14
coin_collected 38 14 0
bot_coins 0 5
round 45
bot 0 38 14
coin 49 18
coin 23 5
round 46
bot 0 39 13
round 47
bot 0 40 12
round 48
bot 0 41 11
coin_collected 42 10 0
bot_coins 0 6
coin_collected 42 11 0
bot_coins 0 7
round 49
bot 0 42 11
round 50
bot 0 43 10
coin 54 7
coin 17 16
round 51
bot 0 44 10
round 52
bot 0 45 10
round 53
bot 0 46 10
round 54
bot 0 47 10
round 55
bot 0 48 10
coin 69 6
coin 3 17
round 56
bot 0 49 10
round 57
bot 0 50 10
round 58
bot 0 51 9
round 59
bot 0 52 8
round 60
bot 0 53 7
coin_collected 53 5 0
bot_coins 0 8
coin_collected 54 7 0
bot_coins 0 9
coin 0 9
coin 72 14
round 61
bot 0 54 6
round 62
bot 0 55 5
round 63
bot 0 56 4
coin_collected 56 3 0
bot_coins 0 10
round 64
bot 0 57 4
round 65
bot 0 58 3
coin 31 10
coin 41 13
round 66
bot 0 59 3
round 67
bot 0 60 4
round 68
bot 0 61 4
round 69
bot 0 62 4
round 70
bot 0 63 4
coin 29 6
coin 43 17
round 71
bot 0 64 4
round 72
bot 0 64 3
round 73
bot 0 64 4
round 74
bot 0 64 3
round 75
bot 0 64 4
coin 56 12
coin 16 11
round 76
bot 0 64 3
round 77
bot 0 64 4
round 78
bot 0 64 3
round 79
bot 0 64 4
round 80
bot 0 64 3
coin 15 5
coin 57 17
round 81
bot 0 64 4
round 82
bot 0 64 3
round 83
bot 0 64 4
round 84
bot 0 64 3
round 85
bot 0 64 4
coin 57 1
coin 15 22
round 86
bot 0 64 3
round 87
bot 0 64 4
round 88
bot 0 64 3
round 89
bot 0 64 4
round 90
bot 0 64 3
coin 57 13
coin 15 10
round 91
bot 0 64 4
round 92
bot 0 64 3
round 93
bot 0 64 4
round 94
bot 0 64 3
round 95
bot 0 64 4
coin 51 12
coin 21 11
round 96
bot 0 64 3
round 97
bot 0 64 4
round 98
bot 0 64 3
round 99
bot 0 64 4
round 100
bot 0 64 3
coin 37 1
coin 35 22
round 101
bot 0 64 4
round 102
bot 0 64 3
round 103
bot 0 64 4
round 104
bot 0 64 3
round 105
bot 0 64 4
coin 52 1
coin 20 22
round 106
bot 0 64 3
round 107
bot 0 64 4
round 108
bot 0 64 3
round 109
bot 0 64 4
round 110
bot 0 64 3
coin 12 6
coin 60 17
round 111
bot 0 64 4
round 112
bot 0 64 3
round 113
bot 0 64 4
round 114
bot 0 64 3
round 115
bot 0 64 4
coin 54 23
coin 18 0
round 116
bot 0 64 3
round 117
bot 0 64 4
round 118
bot 0 64 3
round 119
bot 0 64 4
round 120
bot 0 64 3
coin 53 19
coin 19 4
round 121
bot 0 64 4
round 122
bot 0 64 3
round 123
bot 0 64 4
round 124
bot 0 64 3
round 125
bot 0 64 4
coin 46 8
coin 26 15
round 126
bot 0 64 3
round 127
bot 0 64 4
round 128
bot 0 64 3
round 129
bot 0 64 4
round 130
bot 0 64 3
coin 28 3
coin 44 20
round 131
bot 0 64 4
round 132
bot 0 64 3
round 133
bot 0 64 4
round 134
bot 0 64 3
round 135
bot 0 64 4
coin 26 10
coin 46 13
round 136
bot 0 64 3
round 137
bot 0 64 4
round 138
bot 0 64 3
round 139
bot 0 64 4
round 140
bot 0 64 3
coin 67 19
coin 5 4
round 141
bot 0 64 4
round 142
bot 0 64 3
round 143
bot 0 64 4
round 144
bot 0 64 3
round 145
bot 0 64 4
coin 38 3
coin 34 20
round 146
bot 0 64 3
round 147
bot 0 64 4
round 148
bot 0 64 3
round 149
bot 0 64 4
round 150
bot 0 64 3
coin 4 11
coin 68 12
round 151
bot 0 64 4
round 152
bot 0 64 3
round 153
bot 0 64 4
round 154
bot 0 64 3
round 155
bot 0 64 4
coin 35 1
coin 37 22
round 156
bot 0 64 3
round 157
bot 0 64 4
round 158
bot 0 64 3
round 159
bot 0 64 4
round 160
bot 0 64 3
coin 24 2
coin 48 21
round 161
bot 0 64 4
round 162
bot 0 64 3
round 163
bot 0 64 4
round 164
bot 0 64 3
round 165
bot 0 64 4
coin 47 7
coin 25 16
round 166
bot 0 64 3
round 167
bot 0 64 4
round 168
bot 0 64 3
round 169
bot 0 64 4
round 170
bot 0 64 3
coin 63 3
coin 9 20
round 171
bot 0 63 3
coin_collected 63 3 0
bot_coins 0 11
round 172
bot 0 64 3
round 173
bot 0 64 4
round 174
bot 0 64 3
round 175
bot 0 64 4
coin 63 4
coin 9 19
round 176
bot 0 63 4
coin_collected 63 4 0
bot_coins 0 12
round 177
bot 0 64 4
round 178
bot 0 64 3
round 179
bot 0 64 4
round 180
bot 0 64 3
coin 9 13
coin 63 10
round 181
bot 0 64 4
round 182
bot 0 64 3
round 183
bot 0 64 4
round 184
bot 0 64 3
round 185
bot 0 64 4
coin 6 5
coin 68 18
round 186
bot 0 64 3
round 187
bot 0 64 4
round 188
bot 0 64 3
round 189
bot 0 64 4
round 190
bot 0 64 3
coin 14 4
coin 58 17
round 191
bot 0 64 4
round 192
bot 0 64 3
round 193
bot 0 64 4
round 194
bot 0 64 3
round 195
bot 0 64 4
coin 2 21
coin 70 2
round 196
bot 0 64 3
round 197
bot 0 64 4
round 198
bot 0 64 3
round 199
bot 0 64 4
round 200
bot 0 64 3
coin 43 10
coin 29 13
match_over 0
