match
match_id 1639563118959_at
match_time 1639563118965
num_bots 1
##MatchConfig
mode FRIENDLY
num_rounds 200
random_seed 42
move_time_limit 1000
coin_spawn_period 5
coin_spawn_volume 2
##MapConfig
map_size 57 33
view_radius 6
mining_radius 1
attack_radius 3
block 12 0
block 13 0
block 14 0
block 15 0
block 16 0
block 17 0
block 18 0
block 19 0
block 20 0
block 21 0
block 22 0
block 23 0
block 31 0
block 32 0
block 33 0
block 34 0
block 35 0
block 43 0
block 44 0
block 12 1
block 13 1
block 14 1
block 15 1
block 16 1
block 17 1
block 18 1
block 19 1
block 20 1
block 21 1
block 22 1
block 23 1
block 31 1
block 32 1
block 33 1
block 34 1
block 35 1
block 43 1
block 44 1
block 17 2
block 18 2
block 19 2
block 20 2
block 21 2
block 22 2
block 23 2
block 31 2
block 32 2
block 33 2
block 34 2
block 35 2
block 43 2
block 44 2
block 31 3
block 32 3
block 33 3
block 34 3
block 35 3
block 11 4
block 12 4
block 13 4
block 14 4
block 15 4
block 16 4
block 11 5
block 12 5
block 13 5
block 14 5
block 15 5
block 16 5
block 11 6
block 12 6
block 13 6
block 14 6
block 15 6
block 16 6
block 17 6
block 18 6
block 19 6
block 11 7
block 12 7
block 13 7
block 14 7
block 15 7
block 16 7
block 17 7
block 18 7
block 19 7
block 33 7
block 34 7
block 35 7
block 36 7
block 37 7
block 38 7
block 11 8
block 12 8
block 13 8
block 14 8
block 15 8
block 16 8
block 17 8
block 18 8
block 19 8
block 33 8
block 34 8
block 35 8
block 36 8
block 37 8
block 38 8
block 51 8
block 52 8
block 53 8
block 54 8
block 55 8
block 56 8
block 11 9
block 12 9
block 13 9
block 14 9
block 15 9
block 16 9
block 17 9
block 18 9
block 19 9
block 32 9
block 33 9
block 34 9
block 35 9
block 36 9
block 37 9
block 38 9
block 51 9
block 52 9
block 53 9
block 54 9
block 55 9
block 56 9
block 13 10
block 14 10
block 15 10
block 16 10
block 17 10
block 18 10
block 19 10
block 32 10
block 33 10
block 34 10
block 35 10
block 36 10
block 37 10
block 38 10
block 51 10
block 52 10
block 53 10
block 54 10
block 55 10
block 56 10
block 13 11
block 14 11
block 15 11
block 16 11
block 17 11
block 18 11
block 32 11
block 33 11
block 34 11
block 35 11
block 36 11
block 37 11
block 38 11
block 32 12
block 33 12
block 34 12
block 35 12
block 36 12
block 37 12
block 38 12
block 11 13
block 12 13
block 13 13
block 25 13
block 26 13
block 27 13
block 28 13
block 29 13
block 30 13
block 31 13
block 32 13
block 33 13
block 34 13
block 35 13
block 36 13
block 37 13
block 38 13
block 11 14
block 12 14
block 13 14
block 25 14
block 26 14
block 27 14
block 28 14
block 29 14
block 30 14
block 31 14
block 11 15
block 12 15
block 13 15
block 25 15
block 26 15
block 27 15
block 28 15
block 29 15
block 30 15
block 31 15
block 4 16
block 5 16
block 11 16
block 12 16
block 13 16
block 4 17
block 5 17
block 4 18
block 5 18
block 45 18
block 46 18
block 47 18
block 48 18
block 45 19
block 46 19
block 47 19
block 48 19
block 45 20
block 46 20
block 47 20
block 48 20
block 45 21
block 46 21
block 47 21
block 48 21
block 45 22
block 46 22
block 47 22
block 48 22
block 45 23
block 46 23
block 47 23
block 48 23
block 22 24
block 23 24
block 45 24
block 46 24
block 47 24
block 49 24
block 50 24
block 51 24
block 52 24
block 10 25
block 11 25
block 12 25
block 13 25
block 14 25
block 15 25
block 16 25
block 22 25
block 23 25
block 45 25
block 46 25
block 47 25
block 49 25
block 50 25
block 51 25
block 52 25
block 10 26
block 11 26
block 12 26
block 13 26
block 14 26
block 15 26
block 16 26
block 22 26
block 23 26
block 45 26
block 46 26
block 47 26
block 49 26
block 50 26
block 51 26
block 52 26
block 10 27
block 11 27
block 12 27
block 13 27
block 14 27
block 15 27
block 16 27
block 22 27
block 23 27
block 45 27
block 46 27
block 47 27
block 49 27
block 50 27
block 51 27
block 52 27
block 10 28
block 11 28
block 12 28
block 13 28
block 14 28
block 15 28
block 16 28
block 22 28
block 23 28
block 45 28
block 46 28
block 47 28
block 45 29
block 46 29
block 47 29
block 12 31
block 13 31
block 14 31
block 15 31
block 16 31
block 17 31
block 18 31
block 19 31
block 20 31
block 21 31
block 22 31
block 23 31
block 12 32
block 13 32
block 14 32
block 15 32
block 16 32
block 17 32
block 18 32
block 19 32
block 20 32
block 21 32
block 22 32
block 23 32
block 43 32
block 44 32
##BotsAndCoinsInfo
bot_name 0 theBest
bot 0 8 14
bot_coins 0 0
coin 26 16
coin 30 16
round 1
bot 0 9 15
round 2
bot 0 10 16
round 3
bot 0 11 17
round 4
bot 0 12 18
round 5
bot 0 13 19
coin 12 3
coin 44 29
round 6
bot 0 14 20
round 7
bot 0 15 21
round 8
bot 0 16 22
round 9
bot 0 17 23
round 10
bot 0 18 24
coin 6 19
coin 50 13
round 11
bot 0 19 25
round 12
bot 0 20 26
round 13
bot 0 21 27
round 14
bot 0 21 28
round 15
bot 0 22 29
coin 44 3
coin 12 29
round 16
bot 0 23 30
round 17
bot 0 24 31
round 18
bot 0 25 32
round 19
bot 0 26 0
round 20
bot 0 27 32
coin 13 17
coin 43 15
round 21
bot 0 28 0
round 22
bot 0 29 32
round 23
bot 0 30 0
round 24
bot 0 31 32
round 25
bot 0 32 32
coin 23 29
coin 33 4
round 26
bot 0 33 31
round 27
bot 0 33 30
round 28
bot 0 34 31
round 29
bot 0 35 32
round 30
bot 0 34 31
coin 11 0
coin 45 32
round 31
bot 0 35 32
round 32
bot 0 34 31
round 33
bot 0 35 32
round 34
bot 0 34 31
round 35
bot 0 35 32
coin 26 11
coin 30 21
round 36
bot 0 34 31
round 37
bot 0 35 32
round 38
bot 0 34 31
round 39
bot 0 35 32
round 40
bot 0 34 31
coin 30 9
coin 26 23
round 41
bot 0 35 32
round 42
bot 0 34 31
round 43
bot 0 35 32
round 44
bot 0 34 31
round 45
bot 0 35 32
coin 49 20
coin 7 12
round 46
bot 0 34 31
round 47
bot 0 35 32
round 48
bot 0 34 31
round 49
bot 0 35 32
round 50
bot 0 34 31
coin 2 4
coin 54 28
round 51
bot 0 35 32
round 52
bot 0 34 31
round 53
bot 0 35 32
round 54
bot 0 34 31
round 55
bot 0 35 32
coin 35 6
coin 21 26
round 56
bot 0 34 31
round 57
bot 0 35 32
round 58
bot 0 34 31
round 59
bot 0 35 32
round 60
bot 0 34 31
coin 47 30
coin 9 2
round 61
bot 0 35 32
round 62
bot 0 34 31
round 63
bot 0 35 32
round 64
bot 0 34 31
round 65
bot 0 35 32
coin 25 28
coin 31 4
round 66
bot 0 34 31
round 67
bot 0 35 32
round 68
bot 0 34 31
round 69
bot 0 35 32
round 70
bot 0 34 31
coin 10 18
coin 46 14
round 71
bot 0 35 32
round 72
bot 0 34 31
round 73
bot 0 35 32
round 74
bot 0 34 31
round 75
bot 0 35 32
coin 19 15
coin 37 17
round 76
bot 0 34 31
round 77
bot 0 35 32
round 78
bot 0 34 31
round 79
bot 0 35 32
round 80
bot 0 34 31
coin 5 2
coin 51 30
round 81
bot 0 35 32
round 82
bot 0 34 31
round 83
bot 0 35 32
round 84
bot 0 34 31
round 85
bot 0 35 32
coin 44 14
coin 12 18
round 86
bot 0 34 31
round 87
bot 0 35 32
round 88
bot 0 34 31
round 89
bot 0 35 32
round 90
bot 0 34 31
coin 3 22
coin 53 11
round 91
bot 0 35 32
round 92
bot 0 34 31
round 93
bot 0 35 32
round 94
bot 0 34 31
round 95
bot 0 35 32
coin 1 15
coin 55 17
round 96
bot 0 34 31
round 97
bot 0 35 32
round 98
bot 0 34 31
round 99
bot 0 35 32
round 100
bot 0 34 31
coin 8 25
coin 48 7
round 101
bot 0 35 32
round 102
bot 0 34 31
round 103
bot 0 35 32
round 104
bot 0 34 31
round 105
bot 0 35 32
coin 56 13
coin 0 19
round 106
bot 0 34 31
round 107
bot 0 35 32
round 108
bot 0 34 31
round 109
bot 0 35 32
round 110
bot 0 34 31
coin 50 6
coin 6 26
round 111
bot 0 35 32
round 112
bot 0 34 31
round 113
bot 0 35 32
round 114
bot 0 34 31
round 115
bot 0 35 32
coin 25 5
coin 31 27
round 116
bot 0 34 31
round 117
bot 0 33 30
round 118
bot 0 32 29
round 119
bot 0 31 28
coin_collected 31 27 0
bot_coins 0 1
round 120
bot 0 30 28
coin 55 22
coin 1 10
round 121
bot 0 29 28
round 122
bot 0 28 28
round 123
bot 0 27 28
round 124
bot 0 26 28
coin_collected 25 28 0
bot_coins 0 2
round 125
bot 0 25 29
coin 34 4
coin 22 29
round 126
bot 0 24 29
coin_collected 23 29 0
bot_coins 0 3
round 127
bot 0 23 29
coin_collected 22 29 0
bot_coins 0 4
round 128
bot 0 24 28
round 129
bot 0 25 27
round 130
bot 0 24 26
coin 47 4
coin 9 28
round 131
bot 0 25 25
round 132
bot 0 26 24
coin_collected 26 23 0
bot_coins 0 5
round 133
bot 0 27 23
round 134
bot 0 28 22
round 135
bot 0 29 21
coin_collected 30 21 0
bot_coins 0 6
coin 23 13
coin 33 19
round 136
bot 0 30 20
round 137
bot 0 31 19
round 138
bot 0 32 19
coin_collected 33 19 0
bot_coins 0 7
round 139
bot 0 31 18
round 140
bot 0 30 17
coin_collected 30 16 0
bot_coins 0 8
coin 19 28
coin 37 4
round 141
bot 0 29 16
round 142
bot 0 28 16
round 143
bot 0 27 16
coin_collected 26 16 0
bot_coins 0 9
round 144
bot 0 26 16
round 145
bot 0 25 16
coin 45 15
coin 11 17
round 146
bot 0 24 15
round 147
bot 0 23 14
coin_collected 23 13 0
bot_coins 0 10
round 148
bot 0 22 15
round 149
bot 0 21 15
round 150
bot 0 20 15
coin_collected 19 15 0
bot_coins 0 11
coin 28 12
coin 28 20
round 151
bot 0 21 16
round 152
bot 0 22 17
round 153
bot 0 23 18
round 154
bot 0 24 19
round 155
bot 0 25 20
coin 38 19
coin 18 13
round 156
bot 0 26 20
round 157
bot 0 27 20
coin_collected 28 20 0
bot_coins 0 12
round 158
bot 0 28 21
round 159
bot 0 29 22
round 160
bot 0 30 23
coin 26 26
coin 30 6
round 161
bot 0 29 24
round 162
bot 0 28 25
round 163
bot 0 27 26
coin_collected 26 26 0
bot_coins 0 13
round 164
bot 0 26 26
round 165
bot 0 25 26
coin 20 25
coin 36 6
round 166
bot 0 24 26
round 167
bot 0 25 25
round 168
bot 0 24 26
round 169
bot 0 25 25
round 170
bot 0 24 26
coin 15 15
coin 41 17
round 171
bot 0 25 25
round 172
bot 0 24 26
round 173
bot 0 25 25
round 174
bot 0 24 26
round 175
bot 0 25 25
coin 36 2
coin 20 30
round 176
bot 0 24 26
round 177
bot 0 25 25
round 178
bot 0 24 26
round 179
bot 0 25 25
round 180
bot 0 24 26
coin 4 4
coin 52 28
round 181
bot 0 25 25
round 182
bot 0 24 26
round 183
bot 0 25 25
round 184
bot 0 24 26
round 185
bot 0 25 25
coin 19 5
coin 37 27
round 186
bot 0 24 26
round 187
bot 0 25 25
round 188
bot 0 24 26
round 189
bot 0 25 25
round 190
bot 0 24 26
coin 56 19
coin 0 13
round 191
bot 0 25 25
round 192
bot 0 24 26
round 193
bot 0 25 25
round 194
bot 0 24 26
round 195
bot 0 25 25
coin 26 21
coin 30 11
round 196
bot 0 24 26
round 197
bot 0 25 25
round 198
bot 0 24 26
round 199
bot 0 25 25
round 200
bot 0 24 26
coin 42 25
coin 12 10
match_over 0
