match
match_id 1639524140611_an
match_time 1639524140621
num_bots 1
##MatchConfig
mode FRIENDLY
num_rounds 200
random_seed 42
move_time_limit 1000
coin_spawn_period 5
coin_spawn_volume 2
##MapConfig
map_size 78 25
view_radius 6
mining_radius 2
attack_radius 4
block 65 0
block 66 0
block 67 0
block 73 0
block 74 0
block 75 0
block 65 1
block 66 1
block 67 1
block 73 1
block 74 1
block 75 1
block 65 2
block 66 2
block 67 2
block 74 2
block 75 2
block 76 2
block 2 3
block 3 3
block 4 3
block 5 3
block 6 3
block 65 3
block 66 3
block 67 3
block 74 3
block 75 3
block 76 3
block 2 4
block 3 4
block 4 4
block 5 4
block 6 4
block 65 4
block 66 4
block 67 4
block 2 5
block 3 5
block 4 5
block 5 5
block 6 5
block 2 6
block 3 6
block 4 6
block 5 6
block 6 6
block 13 6
block 14 6
block 60 6
block 61 6
block 13 7
block 14 7
block 59 7
block 60 7
block 61 7
block 62 7
block 63 7
block 64 7
block 13 8
block 14 8
block 59 8
block 60 8
block 61 8
block 62 8
block 63 8
block 64 8
block 13 9
block 14 9
block 32 9
block 33 9
block 34 9
block 35 9
block 36 9
block 37 9
block 59 9
block 60 9
block 61 9
block 62 9
block 63 9
block 64 9
block 2 10
block 3 10
block 4 10
block 5 10
block 6 10
block 7 10
block 8 10
block 32 10
block 33 10
block 34 10
block 35 10
block 36 10
block 37 10
block 59 10
block 60 10
block 61 10
block 62 10
block 63 10
block 64 10
block 2 11
block 3 11
block 4 11
block 5 11
block 6 11
block 7 11
block 8 11
block 32 11
block 33 11
block 34 11
block 35 11
block 36 11
block 37 11
block 59 11
block 60 11
block 61 11
block 62 11
block 63 11
block 64 11
block 2 12
block 3 12
block 4 12
block 5 12
block 6 12
block 7 12
block 8 12
block 32 12
block 33 12
block 34 12
block 35 12
block 36 12
block 37 12
block 2 13
block 3 13
block 4 13
block 5 13
block 6 13
block 7 13
block 8 13
block 32 13
block 33 13
block 34 13
block 35 13
block 36 13
block 37 13
block 49 13
block 50 13
block 51 13
block 52 13
block 53 13
block 0 14
block 1 14
block 2 14
block 3 14
block 4 14
block 5 14
block 6 14
block 7 14
block 8 14
block 30 14
block 31 14
block 32 14
block 33 14
block 34 14
block 35 14
block 36 14
block 37 14
block 39 14
block 40 14
block 41 14
block 42 14
block 43 14
block 44 14
block 49 14
block 50 14
block 51 14
block 52 14
block 53 14
block 64 14
block 65 14
block 66 14
block 67 14
block 75 14
block 76 14
block 77 14
block 0 15
block 1 15
block 2 15
block 3 15
block 30 15
block 31 15
block 32 15
block 33 15
block 34 15
block 35 15
block 36 15
block 37 15
block 39 15
block 40 15
block 41 15
block 42 15
block 43 15
block 44 15
block 49 15
block 50 15
block 51 15
block 52 15
block 53 15
block 64 15
block 65 15
block 66 15
block 67 15
block 75 15
block 76 15
block 77 15
block 0 16
block 1 16
block 2 16
block 3 16
block 24 16
block 25 16
block 26 16
block 27 16
block 28 16
block 29 16
block 30 16
block 31 16
block 32 16
block 33 16
block 39 16
block 40 16
block 41 16
block 42 16
block 43 16
block 44 16
block 64 16
block 65 16
block 66 16
block 67 16
block 75 16
block 76 16
block 77 16
block 0 17
block 1 17
block 2 17
block 3 17
block 4 17
block 5 17
block 6 17
block 7 17
block 24 17
block 25 17
block 26 17
block 27 17
block 28 17
block 29 17
block 39 17
block 40 17
block 41 17
block 42 17
block 43 17
block 44 17
block 64 17
block 65 17
block 66 17
block 67 17
block 75 17
block 76 17
block 77 17
block 0 18
block 1 18
block 2 18
block 3 18
block 4 18
block 5 18
block 6 18
block 7 18
block 24 18
block 25 18
block 26 18
block 27 18
block 28 18
block 29 18
block 64 18
block 65 18
block 66 18
block 67 18
block 68 18
block 69 18
block 70 18
block 75 18
block 76 18
block 77 18
block 0 19
block 1 19
block 2 19
block 3 19
block 24 19
block 25 19
block 26 19
block 27 19
block 28 19
block 29 19
block 50 19
block 51 19
block 52 19
block 65 19
block 66 19
block 67 19
block 68 19
block 69 19
block 70 19
block 75 19
block 76 19
block 77 19
block 0 20
block 1 20
block 2 20
block 3 20
block 24 20
block 25 20
block 26 20
block 27 20
block 28 20
block 29 20
block 50 20
block 51 20
block 52 20
block 66 20
block 67 20
block 68 20
block 69 20
block 70 20
block 75 20
block 76 20
block 77 20
block 0 21
block 1 21
block 2 21
block 3 21
block 24 21
block 25 21
block 26 21
block 27 21
block 28 21
block 29 21
block 50 21
block 51 21
block 52 21
block 66 21
block 67 21
block 68 21
block 69 21
block 70 21
block 0 22
block 1 22
block 2 22
block 3 22
block 24 22
block 25 22
block 26 22
block 27 22
block 28 22
block 29 22
block 66 22
block 67 22
block 68 22
block 69 22
block 70 22
block 73 22
block 74 22
block 75 22
block 66 23
block 67 23
block 68 23
block 69 23
block 70 23
block 72 23
block 73 23
block 74 23
block 75 23
block 76 23
block 77 23
block 66 24
block 67 24
block 68 24
block 69 24
block 70 24
block 72 24
block 73 24
block 74 24
block 75 24
block 76 24
block 77 24
##BotsAndCoinsInfo
bot_name 0 theBest
bot 0 14 13
bot_coins 0 0
coin 26 13
coin 51 11
round 1
bot 0 14 14
round 2
bot 0 14 15
round 3
bot 0 14 16
round 4
bot 0 14 17
round 5
bot 0 14 18
coin 48 9
coin 29 15
round 6
bot 0 14 19
round 7
bot 0 14 20
round 8
bot 0 14 21
round 9
bot 0 14 22
round 10
bot 0 14 23
coin 0 0
coin 0 24
round 11
bot 0 14 24
round 12
bot 0 15 24
round 13
bot 0 16 24
round 14
bot 0 17 24
round 15
bot 0 18 24
coin 64 19
coin 13 5
round 16
bot 0 19 24
round 17
bot 0 20 24
round 18
bot 0 21 24
round 19
bot 0 22 24
round 20
bot 0 23 24
coin 55 18
coin 22 6
round 21
bot 0 24 24
round 22
bot 0 25 24
round 23
bot 0 26 24
round 24
bot 0 27 24
round 25
bot 0 28 24
coin 26 2
coin 51 22
round 26
bot 0 29 24
round 27
bot 0 30 24
round 28
bot 0 31 24
round 29
bot 0 32 24
round 30
bot 0 33 24
coin 60 17
coin 17 7
round 31
bot 0 34 24
round 32
bot 0 35 24
round 33
bot 0 36 24
round 34
bot 0 37 24
round 35
bot 0 38 24
coin 20 7
coin 57 17
round 36
bot 0 39 24
round 37
bot 0 40 24
round 38
bot 0 41 24
round 39
bot 0 42 24
round 40
bot 0 43 24
coin 48 20
coin 29 4
round 41
bot 0 44 24
round 42
bot 0 45 24
round 43
bot 0 46 24
round 44
bot 0 47 24
round 45
bot 0 48 24
coin 37 8
coin 40 18
round 46
bot 0 49 24
round 47
bot 0 50 24
round 48
round 49
round 50
match_over 0
coin 14 13
coin 63 12
round 51
