match
match_id 1639566678016_bn
match_time 1639566678023
num_bots 1
##MatchConfig
mode FRIENDLY
num_rounds 200
random_seed 42
move_time_limit 1000
coin_spawn_period 5
coin_spawn_volume 2
##MapConfig
map_size 75 37
view_radius 6
mining_radius 1
attack_radius 3
block 10 1
block 11 1
block 12 1
block 13 1
block 14 1
block 15 1
block 10 2
block 11 2
block 12 2
block 13 2
block 14 2
block 15 2
block 10 3
block 11 3
block 12 3
block 13 3
block 14 3
block 15 3
block 10 4
block 11 4
block 12 4
block 13 4
block 14 4
block 15 4
block 33 4
block 34 4
block 35 4
block 36 4
block 37 4
block 33 5
block 34 5
block 35 5
block 36 5
block 37 5
block 33 6
block 34 6
block 35 6
block 36 6
block 37 6
block 33 7
block 34 7
block 35 7
block 36 7
block 37 7
block 33 8
block 34 8
block 33 9
block 34 9
block 33 10
block 34 10
block 62 11
block 63 11
block 64 11
block 65 11
block 62 12
block 63 12
block 64 12
block 65 12
block 13 13
block 14 13
block 15 13
block 62 13
block 63 13
block 64 13
block 65 13
block 13 14
block 14 14
block 15 14
block 62 14
block 63 14
block 64 14
block 65 14
block 13 15
block 14 15
block 15 15
block 62 15
block 63 15
block 64 15
block 65 15
block 13 16
block 14 16
block 15 16
block 6 17
block 7 17
block 8 17
block 9 17
block 10 17
block 11 17
block 12 17
block 13 17
block 14 17
block 15 17
block 6 18
block 7 18
block 8 18
block 9 18
block 10 18
block 11 18
block 12 18
block 36 18
block 37 18
block 38 18
block 39 18
block 40 18
block 41 18
block 42 18
block 6 19
block 7 19
block 8 19
block 9 19
block 10 19
block 11 19
block 12 19
block 36 19
block 37 19
block 38 19
block 39 19
block 40 19
block 41 19
block 42 19
block 62 19
block 63 19
block 6 20
block 7 20
block 8 20
block 9 20
block 10 20
block 11 20
block 12 20
block 21 20
block 22 20
block 23 20
block 36 20
block 37 20
block 38 20
block 39 20
block 40 20
block 41 20
block 42 20
block 62 20
block 63 20
block 6 21
block 7 21
block 8 21
block 9 21
block 10 21
block 11 21
block 12 21
block 21 21
block 22 21
block 23 21
block 36 21
block 37 21
block 38 21
block 39 21
block 40 21
block 41 21
block 42 21
block 62 21
block 63 21
block 6 22
block 7 22
block 8 22
block 9 22
block 10 22
block 11 22
block 12 22
block 21 22
block 22 22
block 23 22
block 62 22
block 63 22
block 6 23
block 7 23
block 8 23
block 9 23
block 10 23
block 11 23
block 12 23
block 21 23
block 22 23
block 23 23
block 62 23
block 63 23
block 64 23
block 65 23
block 21 24
block 22 24
block 23 24
block 62 24
block 63 24
block 64 24
block 65 24
block 21 25
block 22 25
block 23 25
block 62 25
block 63 25
block 64 25
block 65 25
block 21 26
block 22 26
block 23 26
block 64 26
block 65 26
block 16 27
block 17 27
block 18 27
block 19 27
block 20 27
block 64 27
block 65 27
block 0 28
block 1 28
block 2 28
block 16 28
block 17 28
block 18 28
block 19 28
block 20 28
block 0 29
block 1 29
block 2 29
block 68 29
block 69 29
block 70 29
block 71 29
block 72 29
block 0 30
block 1 30
block 2 30
block 68 30
block 69 30
block 70 30
block 71 30
block 72 30
block 0 31
block 1 31
block 2 31
block 68 31
block 69 31
block 70 31
block 71 31
block 72 31
block 0 32
block 1 32
block 2 32
block 68 32
block 69 32
block 70 32
block 71 32
block 72 32
block 0 33
block 1 33
block 2 33
block 68 33
block 69 33
block 70 33
block 71 33
block 72 33
block 0 34
block 1 34
block 2 34
block 68 34
block 69 34
block 70 34
block 71 34
block 72 34
block 68 35
block 69 35
block 70 35
block 71 35
block 72 35
##BotsAndCoinsInfo
bot_name 0 theBest
bot 0 73 26
bot_coins 0 0
coin 5 14
coin 69 22
round 1
bot 0 72 25
round 2
bot 0 71 24
round 3
bot 0 70 23
round 4
bot 0 69 22
coin_collected 69 22 0
bot_coins 0 1
round 5
bot 0 70 22
coin 48 10
coin 26 26
round 6
bot 0 71 22
round 7
bot 0 72 22
round 8
bot 0 73 21
round 9
bot 0 74 21
round 10
bot 0 73 21
coin 45 8
coin 29 28
round 11
bot 0 74 21
round 12
bot 0 73 20
round 13
bot 0 74 20
round 14
bot 0 73 20
round 15
bot 0 74 20
coin 5 15
coin 69 21
round 16
bot 0 73 21
round 17
bot 0 72 21
round 18
bot 0 71 21
round 19
bot 0 70 21
coin_collected 69 21 0
bot_coins 0 2
round 20
bot 0 71 20
coin 19 0
coin 55 36
round 21
bot 0 72 20
round 22
bot 0 73 20
round 23
bot 0 74 20
round 24
bot 0 73 19
round 25
bot 0 74 19
coin 32 21
coin 42 15
round 26
bot 0 73 19
round 27
bot 0 74 19
round 28
bot 0 73 18
round 29
bot 0 74 18
round 30
bot 0 73 18
coin 51 18
coin 23 18
round 31
bot 0 74 18
round 32
bot 0 73 17
round 33
bot 0 74 17
round 34
bot 0 73 17
round 35
bot 0 74 17
coin 26 9
coin 48 27
round 36
bot 0 73 16
round 37
bot 0 74 16
round 38
bot 0 73 16
round 39
bot 0 74 16
round 40
bot 0 73 15
coin 6 14
coin 68 22
round 41
bot 0 74 15
round 42
bot 0 73 15
round 43
bot 0 74 15
round 44
bot 0 73 15
round 45
bot 0 74 15
coin 43 1
coin 31 35
round 46
bot 0 73 15
round 47
bot 0 74 14
round 48
bot 0 73 14
round 49
bot 0 74 14
round 50
bot 0 73 14
coin 50 36
coin 24 0
round 51
bot 0 74 14
round 52
bot 0 73 14
round 53
bot 0 74 14
round 54
bot 0 73 14
round 55
bot 0 74 13
coin 26 25
coin 48 11
round 56
bot 0 73 13
round 57
bot 0 74 13
round 58
bot 0 73 13
round 59
bot 0 74 12
round 60
bot 0 73 12
coin 68 16
coin 5 20
round 61
bot 0 74 12
round 62
bot 0 73 12
round 63
bot 0 74 11
round 64
bot 0 73 11
round 65
bot 0 74 11
coin 55 0
coin 19 36
round 66
bot 0 73 11
round 67
bot 0 74 10
round 68
bot 0 73 10
round 69
bot 0 74 10
round 70
bot 0 73 10
coin 37 16
coin 35 20
round 71
bot 0 74 9
round 72
bot 0 73 9
round 73
bot 0 74 9
round 74
bot 0 73 9
round 75
bot 0 74 8
coin 55 31
coin 19 5
round 76
bot 0 73 8
round 77
bot 0 74 8
round 78
bot 0 73 8
round 79
bot 0 74 7
round 80
bot 0 73 7
coin 5 26
coin 69 10
round 81
bot 0 72 8
round 82
bot 0 71 9
round 83
bot 0 70 10
coin_collected 69 10 0
bot_coins 0 3
round 84
bot 0 71 10
round 85
bot 0 72 10
coin 17 23
coin 57 13
round 86
bot 0 73 9
round 87
bot 0 74 9
round 88
bot 0 73 9
round 89
bot 0 74 9
round 90
bot 0 73 8
coin 12 31
coin 62 5
round 91
bot 0 74 8
round 92
bot 0 73 8
round 93
bot 0 74 8
round 94
bot 0 73 7
round 95
bot 0 74 7
coin 12 16
coin 61 20
round 96
bot 0 73 7
round 97
bot 0 74 7
round 98
bot 0 73 6
round 99
bot 0 74 6
round 100
bot 0 73 6
coin 29 24
coin 45 12
round 101
bot 0 74 6
round 102
bot 0 73 5
round 103
bot 0 74 5
round 104
bot 0 73 5
round 105
bot 0 74 5
coin 24 26
coin 50 10
round 106
bot 0 73 4
round 107
bot 0 74 4
round 108
bot 0 73 4
round 109
bot 0 74 4
round 110
bot 0 73 3
coin 50 22
coin 24 14
round 111
bot 0 74 3
round 112
bot 0 73 3
round 113
bot 0 74 3
round 114
bot 0 73 2
round 115
bot 0 74 2
coin 7 2
coin 67 34
round 116
bot 0 73 2
round 117
bot 0 74 2
round 118
bot 0 73 1
round 119
bot 0 74 1
round 120
bot 0 73 1
coin 5 21
coin 69 15
round 121
bot 0 74 1
round 122
bot 0 73 0
round 123
bot 0 74 0
round 124
bot 0 73 0
round 125
bot 0 74 0
coin 43 22
coin 31 14
round 126
bot 0 73 1
round 127
bot 0 74 1
round 128
bot 0 73 1
round 129
bot 0 74 1
round 130
bot 0 73 0
coin 8 26
coin 66 10
round 131
bot 0 74 0
round 132
bot 0 73 0
round 133
bot 0 74 0
round 134
bot 0 73 1
round 135
bot 0 74 1
coin 35 36
coin 39 0
round 136
bot 0 73 1
round 137
bot 0 74 1
round 138
bot 0 73 0
round 139
bot 0 74 0
round 140
bot 0 73 0
coin 13 29
coin 61 7
round 141
bot 0 74 0
round 142
bot 0 73 1
round 143
bot 0 74 1
round 144
bot 0 73 1
round 145
bot 0 74 1
coin 36 34
coin 38 2
round 146
bot 0 73 0
round 147
bot 0 74 0
round 148
bot 0 73 0
round 149
bot 0 74 0
round 150
bot 0 73 1
coin 22 12
coin 52 24
round 151
bot 0 74 1
round 152
bot 0 73 1
round 153
bot 0 74 1
round 154
bot 0 73 0
round 155
bot 0 74 0
coin 2 18
coin 72 18
round 156
bot 0 73 0
round 157
bot 0 74 0
round 158
bot 0 73 1
round 159
bot 0 74 1
round 160
bot 0 73 1
coin 44 22
coin 30 14
round 161
bot 0 74 1
round 162
bot 0 73 0
round 163
bot 0 74 0
round 164
bot 0 73 0
round 165
bot 0 74 0
coin 23 10
coin 51 26
round 166
bot 0 73 1
round 167
bot 0 74 1
round 168
bot 0 73 1
round 169
bot 0 74 1
round 170
bot 0 73 0
coin 0 19
coin 74 17
round 171
bot 0 74 0
round 172
bot 0 73 0
round 173
bot 0 74 0
round 174
bot 0 73 1
round 175
bot 0 74 1
coin 40 22
coin 34 14
round 176
bot 0 73 1
round 177
bot 0 74 1
round 178
bot 0 73 0
round 179
bot 0 74 0
round 180
bot 0 73 0
coin 28 18
coin 46 18
round 181
bot 0 74 0
round 182
bot 0 73 1
round 183
bot 0 74 1
round 184
bot 0 73 1
round 185
bot 0 74 1
coin 73 31
coin 1 5
round 186
bot 0 73 2
round 187
bot 0 72 3
round 188
bot 0 71 4
round 189
bot 0 70 5
round 190
bot 0 69 5
coin 13 20
coin 61 16
round 191
bot 0 68 6
round 192
bot 0 67 7
round 193
bot 0 66 8
round 194
bot 0 66 9
coin_collected 66 10 0
bot_coins 0 4
round 195
bot 0 65 8
coin 50 27
coin 24 9
round 196
bot 0 64 7
round 197
bot 0 63 6
round 198
bot 0 62 5
coin_collected 62 5 0
bot_coins 0 5
round 199
bot 0 61 6
coin_collected 61 7 0
bot_coins 0 6
round 200
bot 0 62 5
coin 74 31
coin 0 5
match_over 0
