match
match_id 1639549473973_bi
match_time 1639549473980
num_bots 1
##MatchConfig
mode FRIENDLY
num_rounds 200
random_seed 42
move_time_limit 1000
coin_spawn_period 5
coin_spawn_volume 2
##MapConfig
map_size 63 36
view_radius 6
mining_radius 2
attack_radius 4
block 35 0
block 36 0
block 37 0
block 38 0
block 39 0
block 40 0
block 35 1
block 36 1
block 37 1
block 38 1
block 39 1
block 40 1
block 54 2
block 55 2
block 56 2
block 57 2
block 58 2
block 54 3
block 55 3
block 56 3
block 57 3
block 58 3
block 2 4
block 3 4
block 4 4
block 5 4
block 54 4
block 55 4
block 56 4
block 57 4
block 58 4
block 2 5
block 3 5
block 4 5
block 5 5
block 54 5
block 55 5
block 56 5
block 57 5
block 58 5
block 2 6
block 3 6
block 4 6
block 5 6
block 54 6
block 55 6
block 56 6
block 57 6
block 58 6
block 2 7
block 3 7
block 4 7
block 5 7
block 54 7
block 55 7
block 56 7
block 57 7
block 58 7
block 2 8
block 3 8
block 4 8
block 5 8
block 2 9
block 3 9
block 4 9
block 5 9
block 2 10
block 3 10
block 4 10
block 5 10
block 32 10
block 33 10
block 34 10
block 7 11
block 8 11
block 9 11
block 10 11
block 32 11
block 33 11
block 34 11
block 7 12
block 8 12
block 9 12
block 10 12
block 32 12
block 33 12
block 34 12
block 32 13
block 33 13
block 34 13
block 56 16
block 57 16
block 58 16
block 59 16
block 60 16
block 56 17
block 57 17
block 58 17
block 59 17
block 60 17
block 1 18
block 2 18
block 3 18
block 4 18
block 5 18
block 6 18
block 27 18
block 28 18
block 29 18
block 30 18
block 31 18
block 32 18
block 33 18
block 1 19
block 2 19
block 3 19
block 4 19
block 5 19
block 6 19
block 27 19
block 28 19
block 29 19
block 30 19
block 31 19
block 32 19
block 33 19
block 1 20
block 2 20
block 3 20
block 4 20
block 5 20
block 6 20
block 27 20
block 28 20
block 29 20
block 30 20
block 31 20
block 32 20
block 33 20
block 1 21
block 2 21
block 3 21
block 27 21
block 28 21
block 29 21
block 30 21
block 31 21
block 32 21
block 33 21
block 1 22
block 2 22
block 3 22
block 1 23
block 2 23
block 3 23
block 25 23
block 26 23
block 27 23
block 28 23
block 29 23
block 1 24
block 2 24
block 3 24
block 25 24
block 26 24
block 27 24
block 28 24
block 29 24
block 1 25
block 2 25
block 3 25
block 25 25
block 26 25
block 27 25
block 28 25
block 29 25
block 1 26
block 2 26
block 3 26
block 18 26
block 19 26
block 20 26
block 21 26
block 25 26
block 26 26
block 27 26
block 28 26
block 29 26
block 1 27
block 2 27
block 3 27
block 18 27
block 19 27
block 20 27
block 21 27
block 25 27
block 26 27
block 27 27
block 28 27
block 29 27
block 18 28
block 19 28
block 20 28
block 21 28
block 25 28
block 26 28
block 27 28
block 28 28
block 29 28
block 18 29
block 19 29
block 20 29
block 21 29
block 0 30
block 18 30
block 19 30
block 20 30
block 21 30
block 55 30
block 56 30
block 61 30
block 62 30
block 0 31
block 18 31
block 19 31
block 20 31
block 21 31
block 55 31
block 56 31
block 61 31
block 62 31
block 0 32
block 55 32
block 56 32
block 61 32
block 62 32
block 55 33
block 56 33
block 34 34
block 35 34
block 36 34
block 37 34
block 34 35
block 35 35
block 36 35
block 37 35
##BotsAndCoinsInfo
bot_name 0 theBest
bot 0 53 5
bot_coins 0 0
coin 8 3
coin 54 32
round 1
bot 0 53 6
round 2
bot 0 53 7
round 3
bot 0 53 8
round 4
bot 0 53 9
round 5
bot 0 53 10
coin 27 8
coin 35 27
round 6
bot 0 53 11
round 7
bot 0 53 12
round 8
bot 0 53 13
round 9
bot 0 53 14
round 10
bot 0 53 15
coin 54 25
coin 8 10
round 11
bot 0 53 16
round 12
bot 0 53 17
round 13
bot 0 53 18
round 14
bot 0 53 19
round 15
bot 0 53 20
coin 50 2
coin 12 33
round 16
bot 0 54 21
round 17
bot 0 54 22
round 18
bot 0 54 23
coin_collected 54 25 0
bot_coins 0 1
round 19
bot 0 54 24
round 20
bot 0 54 25
coin 34 29
coin 28 6
round 21
bot 0 54 26
round 22
bot 0 54 27
round 23
bot 0 54 28
round 24
bot 0 54 29
round 25
bot 0 54 30
coin_collected 54 32 0
bot_coins 0 2
coin 38 26
coin 24 9
round 26
bot 0 54 31
round 27
bot 0 54 32
round 28
bot 0 54 33
round 29
bot 0 54 34
round 30
bot 0 53 33
coin 42 0
coin 20 35
round 31
bot 0 52 32
round 32
bot 0 52 33
round 33
bot 0 51 32
round 34
bot 0 51 33
round 35
bot 0 50 32
coin 8 32
coin 53 3
round 36
bot 0 50 31
round 37
bot 0 50 32
round 38
bot 0 50 31
round 39
bot 0 50 32
round 40
bot 0 50 31
coin 42 6
coin 22 29
round 41
bot 0 50 32
round 42
bot 0 50 31
round 43
bot 0 50 32
round 44
bot 0 50 31
round 45
bot 0 50 32
coin 28 17
coin 34 18
round 46
bot 0 50 31
round 47
bot 0 50 32
round 48
bot 0 50 31
round 49
bot 0 50 32
round 50
bot 0 50 31
coin 5 31
coin 59 4
round 51
bot 0 50 32
round 52
bot 0 50 31
round 53
bot 0 50 32
round 54
bot 0 50 31
round 55
bot 0 50 32
coin 8 33
coin 54 1
round 56
bot 0 50 31
round 57
bot 0 50 32
round 58
bot 0 50 31
round 59
bot 0 50 32
round 60
bot 0 50 31
coin 14 9
coin 48 26
round 61
bot 0 49 30
round 62
bot 0 48 29
round 63
bot 0 48 28
coin_collected 48 26 0
bot_coins 0 3
round 64
bot 0 48 29
round 65
bot 0 48 30
coin 7 22
coin 55 13
round 66
bot 0 48 31
round 67
bot 0 48 32
round 68
bot 0 48 33
round 69
bot 0 49 32
round 70
bot 0 49 33
coin 46 30
coin 16 5
round 71
bot 0 48 32
round 72
bot 0 47 31
coin_collected 46 30 0
bot_coins 0 4
round 73
bot 0 47 32
round 74
bot 0 47 33
round 75
bot 0 48 32
coin 40 12
coin 22 23
round 76
bot 0 48 33
round 77
bot 0 49 32
round 78
bot 0 49 33
round 79
bot 0 50 32
round 80
bot 0 50 31
coin 1 5
coin 61 29
round 81
bot 0 50 32
round 82
bot 0 50 31
round 83
bot 0 50 32
round 84
bot 0 50 31
round 85
bot 0 50 32
coin 38 23
coin 24 12
round 86
bot 0 50 31
round 87
bot 0 50 32
round 88
bot 0 50 31
round 89
bot 0 50 32
round 90
bot 0 50 31
coin 12 25
coin 50 10
round 91
bot 0 50 32
round 92
bot 0 50 31
round 93
bot 0 50 32
round 94
bot 0 50 31
round 95
bot 0 50 32
coin 7 13
coin 55 22
round 96
bot 0 50 31
round 97
bot 0 50 32
round 98
bot 0 50 31
round 99
bot 0 50 32
round 100
bot 0 50 31
coin 41 13
coin 21 22
round 101
bot 0 50 32
round 102
bot 0 50 31
round 103
bot 0 50 32
round 104
bot 0 50 31
round 105
bot 0 50 32
coin 35 25
coin 27 10
round 106
bot 0 50 31
round 107
bot 0 50 32
round 108
bot 0 50 31
round 109
bot 0 50 32
round 110
bot 0 50 31
coin 59 6
coin 3 29
round 111
bot 0 50 32
round 112
bot 0 50 31
round 113
bot 0 50 32
round 114
bot 0 50 31
round 115
bot 0 50 32
coin 13 11
coin 49 24
round 116
bot 0 50 31
round 117
bot 0 50 32
round 118
bot 0 50 31
round 119
bot 0 50 32
round 120
bot 0 50 31
coin 55 8
coin 7 27
round 121
bot 0 50 32
round 122
bot 0 50 31
round 123
bot 0 50 32
round 124
bot 0 50 31
round 125
bot 0 50 32
coin 40 32
coin 22 3
round 126
bot 0 50 31
round 127
bot 0 50 32
round 128
bot 0 50 31
round 129
bot 0 50 32
round 130
bot 0 50 31
coin 44 4
coin 18 32
round 131
bot 0 50 32
round 132
bot 0 50 31
round 133
bot 0 50 32
round 134
bot 0 50 31
round 135
bot 0 50 32
coin 44 34
coin 18 1
round 136
bot 0 50 31
round 137
bot 0 50 32
round 138
bot 0 50 31
round 139
bot 0 50 32
round 140
bot 0 50 31
coin 28 31
coin 34 4
round 141
bot 0 50 32
round 142
bot 0 50 31
round 143
bot 0 50 32
round 144
bot 0 50 31
round 145
bot 0 50 32
coin 57 27
coin 6 8
round 146
bot 0 50 31
round 147
bot 0 50 32
round 148
bot 0 50 31
round 149
bot 0 50 32
round 150
bot 0 50 31
coin 28 22
coin 35 13
round 151
bot 0 50 32
round 152
bot 0 50 31
round 153
bot 0 50 32
round 154
bot 0 50 31
round 155
bot 0 50 32
coin 11 13
coin 51 22
round 156
bot 0 50 31
round 157
bot 0 50 32
round 158
bot 0 50 31
round 159
bot 0 50 32
round 160
bot 0 50 31
coin 8 14
coin 54 21
round 161
bot 0 50 32
round 162
bot 0 50 31
round 163
bot 0 50 32
round 164
bot 0 50 31
round 165
bot 0 50 32
coin 41 31
coin 21 4
round 166
bot 0 50 31
round 167
bot 0 50 32
round 168
bot 0 50 31
round 169
bot 0 50 32
round 170
bot 0 50 31
coin 48 27
coin 14 8
round 171
bot 0 49 30
round 172
bot 0 48 29
coin_collected 48 27 0
bot_coins 0 5
round 173
bot 0 49 28
round 174
bot 0 49 27
round 175
bot 0 49 26
coin_collected 49 24 0
bot_coins 0 6
coin 10 5
coin 52 30
round 176
bot 0 50 25
round 177
bot 0 51 24
coin_collected 51 22 0
bot_coins 0 7
round 178
bot 0 52 23
round 179
bot 0 53 22
coin_collected 55 22 0
bot_coins 0 8
coin_collected 54 21 0
bot_coins 0 9
round 180
bot 0 53 23
coin 4 25
coin 58 10
round 181
bot 0 54 24
round 182
bot 0 55 25
round 183
bot 0 56 26
coin_collected 57 27 0
bot_coins 0 10
round 184
bot 0 55 27
round 185
bot 0 54 28
coin 43 5
coin 19 32
round 186
bot 0 53 29
coin_collected 52 30 0
bot_coins 0 11
round 187
bot 0 53 30
round 188
bot 0 53 31
round 189
bot 0 53 32
round 190
bot 0 54 31
coin 5 16
coin 57 19
round 191
bot 0 54 30
round 192
bot 0 54 31
round 193
bot 0 54 30
round 194
bot 0 54 31
round 195
bot 0 54 30
coin 38 33
coin 24 2
round 196
bot 0 54 31
round 197
bot 0 54 30
round 198
bot 0 54 31
round 199
bot 0 54 30
round 200
bot 0 54 31
coin 30 10
coin 32 25
match_over 0
