match
match_id 1639506190655_au
match_time 1639506190665
num_bots 1
##MatchConfig
mode FRIENDLY
num_rounds 200
random_seed 42
move_time_limit 1000
coin_spawn_period 5
coin_spawn_volume 2
##MapConfig
map_size 67 26
view_radius 6
mining_radius 2
attack_radius 3
block 52 0
block 53 0
block 54 0
block 55 0
block 56 0
block 57 0
block 58 0
block 59 0
block 60 0
block 48 1
block 49 1
block 50 1
block 51 1
block 52 1
block 53 1
block 54 1
block 55 1
block 56 1
block 57 1
block 58 1
block 59 1
block 60 1
block 48 2
block 49 2
block 50 2
block 51 2
block 58 2
block 59 2
block 60 2
block 48 3
block 49 3
block 50 3
block 51 3
block 8 4
block 9 4
block 48 4
block 49 4
block 50 4
block 51 4
block 8 5
block 9 5
block 48 5
block 49 5
block 50 5
block 51 5
block 8 6
block 9 6
block 48 6
block 49 6
block 50 6
block 51 6
block 56 6
block 57 6
block 58 6
block 59 6
block 60 6
block 61 6
block 62 6
block 0 7
block 1 7
block 2 7
block 3 7
block 8 7
block 9 7
block 56 7
block 57 7
block 58 7
block 59 7
block 60 7
block 61 7
block 62 7
block 64 7
block 65 7
block 66 7
block 0 8
block 1 8
block 2 8
block 3 8
block 8 8
block 9 8
block 53 8
block 54 8
block 55 8
block 56 8
block 57 8
block 58 8
block 59 8
block 60 8
block 61 8
block 62 8
block 64 8
block 65 8
block 66 8
block 0 9
block 1 9
block 2 9
block 3 9
block 8 9
block 9 9
block 50 9
block 51 9
block 53 9
block 54 9
block 55 9
block 56 9
block 64 9
block 65 9
block 66 9
block 0 10
block 1 10
block 2 10
block 3 10
block 8 10
block 9 10
block 50 10
block 51 10
block 64 10
block 65 10
block 66 10
block 0 11
block 1 11
block 2 11
block 3 11
block 50 11
block 51 11
block 61 11
block 62 11
block 64 11
block 65 11
block 66 11
block 1 12
block 2 12
block 44 12
block 45 12
block 46 12
block 47 12
block 48 12
block 49 12
block 61 12
block 62 12
block 0 13
block 1 13
block 2 13
block 3 13
block 44 13
block 45 13
block 46 13
block 47 13
block 48 13
block 49 13
block 57 13
block 58 13
block 59 13
block 60 13
block 61 13
block 62 13
block 63 13
block 64 13
block 65 13
block 66 13
block 0 14
block 1 14
block 2 14
block 3 14
block 44 14
block 45 14
block 46 14
block 47 14
block 48 14
block 49 14
block 57 14
block 58 14
block 59 14
block 60 14
block 61 14
block 62 14
block 63 14
block 64 14
block 65 14
block 66 14
block 0 15
block 1 15
block 2 15
block 3 15
block 44 15
block 45 15
block 46 15
block 47 15
block 48 15
block 49 15
block 57 15
block 58 15
block 59 15
block 65 15
block 66 15
block 0 16
block 1 16
block 2 16
block 3 16
block 4 16
block 5 16
block 6 16
block 7 16
block 8 16
block 16 16
block 17 16
block 18 16
block 44 16
block 45 16
block 46 16
block 47 16
block 48 16
block 49 16
block 51 16
block 52 16
block 53 16
block 54 16
block 57 16
block 58 16
block 59 16
block 60 16
block 63 16
block 64 16
block 65 16
block 66 16
block 0 17
block 1 17
block 2 17
block 3 17
block 4 17
block 5 17
block 6 17
block 7 17
block 8 17
block 16 17
block 17 17
block 18 17
block 44 17
block 45 17
block 46 17
block 47 17
block 48 17
block 49 17
block 51 17
block 52 17
block 53 17
block 54 17
block 57 17
block 58 17
block 59 17
block 60 17
block 63 17
block 64 17
block 65 17
block 66 17
block 0 18
block 1 18
block 2 18
block 3 18
block 4 18
block 5 18
block 6 18
block 7 18
block 8 18
block 44 18
block 45 18
block 46 18
block 47 18
block 48 18
block 49 18
block 52 18
block 53 18
block 54 18
block 55 18
block 57 18
block 58 18
block 59 18
block 60 18
block 63 18
block 64 18
block 65 18
block 66 18
block 0 19
block 1 19
block 2 19
block 3 19
block 4 19
block 5 19
block 6 19
block 7 19
block 8 19
block 52 19
block 53 19
block 54 19
block 55 19
block 65 19
block 66 19
block 1 20
block 2 20
block 3 20
block 4 20
block 5 20
block 6 20
block 7 20
block 8 20
block 24 20
block 25 20
block 26 20
block 27 20
block 4 21
block 5 21
block 6 21
block 7 21
block 8 21
block 9 21
block 10 21
block 24 21
block 25 21
block 26 21
block 27 21
block 30 21
block 31 21
block 32 21
block 33 21
block 34 21
block 5 22
block 6 22
block 7 22
block 8 22
block 9 22
block 10 22
block 24 22
block 25 22
block 26 22
block 27 22
block 30 22
block 31 22
block 32 22
block 33 22
block 34 22
block 5 23
block 6 23
block 7 23
block 8 23
block 9 23
block 10 23
block 24 23
block 25 23
block 26 23
block 27 23
block 35 23
block 36 23
block 37 23
block 38 23
block 39 23
block 40 23
block 55 23
block 56 23
block 57 23
block 35 24
block 36 24
block 37 24
block 38 24
block 39 24
block 40 24
block 55 24
block 56 24
block 57 24
block 52 25
block 53 25
block 54 25
block 55 25
block 56 25
block 57 25
block 58 25
##BotsAndCoinsInfo
bot_name 0 theBest
bot 0 23 21
bot_coins 0 0
coin 41 7
coin 25 18
round 1
round 2
round 3
match_over 0
round 4
