match
match_id 1639523542378_bd
match_time 1639523542386
num_bots 1
##MatchConfig
mode FRIENDLY
num_rounds 200
random_seed 42
move_time_limit 1000
coin_spawn_period 5
coin_spawn_volume 2
##MapConfig
map_size 71 38
view_radius 5
mining_radius 1
attack_radius 3
block 6 0
block 7 0
block 8 0
block 9 0
block 10 0
block 6 1
block 7 1
block 8 1
block 9 1
block 10 1
block 19 1
block 20 1
block 21 1
block 22 1
block 23 1
block 24 1
block 5 2
block 6 2
block 7 2
block 8 2
block 9 2
block 10 2
block 19 2
block 20 2
block 21 2
block 22 2
block 23 2
block 24 2
block 5 3
block 6 3
block 7 3
block 8 3
block 19 3
block 20 3
block 21 3
block 22 3
block 23 3
block 24 3
block 28 3
block 29 3
block 30 3
block 5 4
block 6 4
block 7 4
block 8 4
block 19 4
block 20 4
block 21 4
block 22 4
block 23 4
block 24 4
block 28 4
block 29 4
block 30 4
block 48 4
block 49 4
block 50 4
block 5 5
block 6 5
block 7 5
block 8 5
block 19 5
block 20 5
block 21 5
block 22 5
block 23 5
block 24 5
block 28 5
block 29 5
block 30 5
block 48 5
block 49 5
block 50 5
block 5 6
block 6 6
block 7 6
block 8 6
block 19 6
block 20 6
block 21 6
block 22 6
block 23 6
block 24 6
block 28 6
block 29 6
block 30 6
block 48 6
block 49 6
block 50 6
block 55 6
block 56 6
block 57 6
block 58 6
block 59 6
block 60 6
block 61 6
block 66 6
block 67 6
block 68 6
block 69 6
block 70 6
block 5 7
block 6 7
block 7 7
block 8 7
block 19 7
block 20 7
block 21 7
block 22 7
block 23 7
block 24 7
block 48 7
block 49 7
block 50 7
block 55 7
block 56 7
block 57 7
block 58 7
block 59 7
block 60 7
block 61 7
block 66 7
block 67 7
block 68 7
block 69 7
block 70 7
block 55 8
block 56 8
block 57 8
block 58 8
block 59 8
block 60 8
block 61 8
block 66 8
block 67 8
block 68 8
block 69 8
block 70 8
block 55 9
block 56 9
block 57 9
block 58 9
block 59 9
block 60 9
block 61 9
block 36 10
block 37 10
block 55 10
block 56 10
block 57 10
block 58 10
block 59 10
block 60 10
block 61 10
block 69 10
block 70 10
block 36 11
block 37 11
block 44 11
block 45 11
block 46 11
block 47 11
block 48 11
block 49 11
block 69 11
block 70 11
block 36 12
block 37 12
block 44 12
block 45 12
block 46 12
block 47 12
block 48 12
block 49 12
block 56 12
block 57 12
block 58 12
block 59 12
block 60 12
block 69 12
block 70 12
block 2 13
block 3 13
block 4 13
block 5 13
block 6 13
block 44 13
block 45 13
block 46 13
block 47 13
block 48 13
block 49 13
block 56 13
block 57 13
block 58 13
block 59 13
block 60 13
block 69 13
block 70 13
block 2 14
block 3 14
block 4 14
block 5 14
block 6 14
block 36 14
block 37 14
block 38 14
block 39 14
block 40 14
block 41 14
block 44 14
block 45 14
block 46 14
block 47 14
block 48 14
block 49 14
block 56 14
block 57 14
block 58 14
block 69 14
block 70 14
block 2 15
block 3 15
block 4 15
block 5 15
block 6 15
block 35 15
block 36 15
block 37 15
block 38 15
block 39 15
block 40 15
block 41 15
block 44 15
block 45 15
block 46 15
block 47 15
block 48 15
block 49 15
block 56 15
block 57 15
block 58 15
block 69 15
block 70 15
block 2 16
block 3 16
block 4 16
block 5 16
block 6 16
block 35 16
block 36 16
block 37 16
block 38 16
block 39 16
block 40 16
block 41 16
block 44 16
block 45 16
block 46 16
block 47 16
block 48 16
block 49 16
block 56 16
block 57 16
block 58 16
block 69 16
block 70 16
block 2 17
block 3 17
block 4 17
block 5 17
block 6 17
block 35 17
block 36 17
block 37 17
block 56 17
block 57 17
block 58 17
block 2 18
block 3 18
block 4 18
block 5 18
block 6 18
block 35 18
block 36 18
block 37 18
block 56 18
block 57 18
block 58 18
block 60 18
block 61 18
block 62 18
block 63 18
block 64 18
block 65 18
block 22 19
block 23 19
block 35 19
block 36 19
block 37 19
block 56 19
block 57 19
block 58 19
block 60 19
block 61 19
block 62 19
block 63 19
block 64 19
block 65 19
block 22 20
block 23 20
block 35 20
block 36 20
block 37 20
block 60 20
block 61 20
block 62 20
block 63 20
block 64 20
block 65 20
block 12 21
block 13 21
block 14 21
block 15 21
block 22 21
block 23 21
block 35 21
block 36 21
block 37 21
block 12 22
block 13 22
block 14 22
block 15 22
block 22 22
block 23 22
block 12 23
block 13 23
block 14 23
block 15 23
block 22 23
block 23 23
block 32 23
block 33 23
block 34 23
block 35 23
block 12 24
block 13 24
block 14 24
block 15 24
block 21 24
block 22 24
block 23 24
block 24 24
block 25 24
block 26 24
block 32 24
block 33 24
block 34 24
block 35 24
block 21 25
block 22 25
block 23 25
block 24 25
block 25 25
block 26 25
block 32 25
block 33 25
block 34 25
block 35 25
block 21 26
block 22 26
block 23 26
block 24 26
block 25 26
block 26 26
block 28 31
block 29 31
block 30 31
block 28 32
block 29 32
block 30 32
block 37 32
block 38 32
block 39 32
block 40 32
block 41 32
block 42 32
block 14 33
block 15 33
block 16 33
block 17 33
block 18 33
block 28 33
block 29 33
block 30 33
block 37 33
block 38 33
block 39 33
block 40 33
block 41 33
block 42 33
block 14 34
block 15 34
block 16 34
block 17 34
block 18 34
block 28 34
block 29 34
block 30 34
block 37 34
block 38 34
block 39 34
block 40 34
block 41 34
block 42 34
block 14 35
block 15 35
block 16 35
block 17 35
block 18 35
block 37 35
block 38 35
block 39 35
block 40 35
block 41 35
block 42 35
block 60 35
block 61 35
block 62 35
block 63 35
block 64 35
block 65 35
block 6 36
block 7 36
block 8 36
block 9 36
block 10 36
block 14 36
block 15 36
block 16 36
block 17 36
block 18 36
block 37 36
block 38 36
block 39 36
block 40 36
block 41 36
block 42 36
block 60 36
block 61 36
block 62 36
block 63 36
block 64 36
block 65 36
block 6 37
block 7 37
block 8 37
block 9 37
block 10 37
block 16 37
block 17 37
block 18 37
block 60 37
block 61 37
block 62 37
block 63 37
block 64 37
block 65 37
##BotsAndCoinsInfo
bot_name 0 theBest
bot 0 7 35
bot_coins 0 0
coin 18 9
coin 52 28
round 1
bot 0 8 35
round 2
bot 0 9 35
round 3
bot 0 10 35
round 4
bot 0 11 35
round 5
bot 0 11 36
coin 11 6
coin 59 31
round 6
bot 0 11 37
round 7
bot 0 12 37
round 8
bot 0 13 37
round 9
bot 0 14 37
round 10
bot 0 15 37
coin 15 15
coin 55 22
round 11
round 12
round 13
round 14
round 15
coin 41 28
coin 29 9
round 16
round 17
round 18
round 19
round 20
coin 30 17
coin 40 20
round 21
round 22
round 23
round 24
round 25
coin 20 14
coin 50 23
round 26
round 27
round 28
round 29
round 30
coin 47 34
coin 25 3
round 31
round 32
round 33
round 34
round 35
coin 52 36
coin 18 1
round 36
round 37
round 38
round 39
round 40
coin 5 36
coin 65 1
round 41
round 42
round 43
round 44
round 45
coin 32 37
coin 38 0
round 46
round 47
round 48
round 49
round 50
coin 64 13
coin 6 24
round 51
round 52
round 53
round 54
round 55
coin 32 7
coin 38 30
round 56
round 57
round 58
round 59
round 60
coin 35 13
coin 36 24
round 61
round 62
round 63
round 64
round 65
coin 43 6
coin 27 31
round 66
round 67
round 68
round 69
round 70
coin 44 22
coin 26 15
round 71
round 72
round 73
round 74
round 75
coin 25 4
coin 45 33
round 76
round 77
round 78
round 79
round 80
coin 8 33
coin 62 4
round 81
round 82
round 83
round 84
round 85
coin 19 37
coin 51 0
round 86
round 87
round 88
round 89
round 90
coin 46 17
coin 24 20
round 91
round 92
round 93
round 94
round 95
coin 59 5
coin 11 32
round 96
round 97
round 98
round 99
round 100
coin 56 31
coin 14 6
round 101
round 102
round 103
round 104
round 105
coin 35 11
coin 35 26
round 106
round 107
round 108
round 109
round 110
coin 8 10
coin 62 27
round 111
round 112
round 113
round 114
round 115
coin 65 23
coin 7 14
round 116
round 117
round 118
round 119
round 120
coin 64 34
coin 4 3
round 121
round 122
round 123
round 124
round 125
coin 9 6
coin 61 31
round 126
round 127
round 128
round 129
round 130
coin 39 12
coin 31 25
round 131
round 132
round 133
round 134
round 135
coin 9 4
coin 61 33
round 136
round 137
round 138
round 139
round 140
coin 38 21
coin 32 16
round 141
round 142
round 143
round 144
round 145
coin 59 35
coin 11 2
round 146
round 147
round 148
round 149
round 150
coin 1 31
coin 69 5
round 151
round 152
round 153
round 154
round 155
coin 58 5
coin 12 32
round 156
round 157
round 158
round 159
round 160
coin 39 31
coin 31 6
round 161
round 162
round 163
round 164
round 165
coin 69 21
coin 1 16
round 166
round 167
round 168
round 169
round 170
coin 38 17
coin 32 20
round 171
round 172
round 173
round 174
round 175
coin 50 3
coin 20 34
round 176
round 177
round 178
round 179
round 180
coin 35 22
coin 35 14
round 181
round 182
round 183
round 184
round 185
coin 16 9
coin 54 28
round 186
round 187
round 188
round 189
round 190
coin 40 13
coin 30 24
round 191
round 192
round 193
round 194
round 195
coin 4 35
coin 66 2
round 196
round 197
round 198
round 199
round 200
coin 59 2
coin 11 35
match_over 0
