match
match_id 1639566337083_bk
match_time 1639566337088
num_bots 1
##MatchConfig
mode FRIENDLY
num_rounds 200
random_seed 42
move_time_limit 1000
coin_spawn_period 5
coin_spawn_volume 2
##MapConfig
map_size 75 24
view_radius 5
mining_radius 2
attack_radius 4
block 0 0
block 12 0
block 13 0
block 16 0
block 17 0
block 18 0
block 19 0
block 22 0
block 23 0
block 24 0
block 25 0
block 26 0
block 27 0
block 28 0
block 29 0
block 30 0
block 46 0
block 47 0
block 48 0
block 52 0
block 53 0
block 54 0
block 55 0
block 56 0
block 57 0
block 72 0
block 73 0
block 74 0
block 0 1
block 12 1
block 13 1
block 16 1
block 17 1
block 18 1
block 19 1
block 27 1
block 28 1
block 29 1
block 30 1
block 52 1
block 53 1
block 54 1
block 55 1
block 56 1
block 57 1
block 72 1
block 73 1
block 74 1
block 0 2
block 16 2
block 17 2
block 18 2
block 19 2
block 52 2
block 53 2
block 54 2
block 55 2
block 56 2
block 57 2
block 58 2
block 72 2
block 73 2
block 74 2
block 0 3
block 8 3
block 9 3
block 11 3
block 12 3
block 13 3
block 14 3
block 37 3
block 38 3
block 39 3
block 40 3
block 41 3
block 42 3
block 43 3
block 56 3
block 57 3
block 58 3
block 72 3
block 73 3
block 74 3
block 8 4
block 9 4
block 11 4
block 12 4
block 13 4
block 14 4
block 37 4
block 38 4
block 39 4
block 40 4
block 41 4
block 42 4
block 43 4
block 61 4
block 62 4
block 2 5
block 3 5
block 4 5
block 5 5
block 37 5
block 38 5
block 39 5
block 40 5
block 41 5
block 42 5
block 43 5
block 49 5
block 50 5
block 61 5
block 62 5
block 2 6
block 3 6
block 4 6
block 5 6
block 37 6
block 38 6
block 39 6
block 40 6
block 41 6
block 42 6
block 43 6
block 49 6
block 50 6
block 61 6
block 62 6
block 63 6
block 30 7
block 31 7
block 32 7
block 33 7
block 34 7
block 35 7
block 37 7
block 38 7
block 39 7
block 40 7
block 41 7
block 42 7
block 43 7
block 49 7
block 50 7
block 61 7
block 62 7
block 63 7
block 30 8
block 31 8
block 32 8
block 33 8
block 34 8
block 35 8
block 37 8
block 38 8
block 39 8
block 40 8
block 41 8
block 42 8
block 43 8
block 49 8
block 50 8
block 61 8
block 62 8
block 63 8
block 30 9
block 31 9
block 32 9
block 33 9
block 34 9
block 35 9
block 49 9
block 50 9
block 61 9
block 62 9
block 63 9
block 0 10
block 49 10
block 50 10
block 54 10
block 55 10
block 61 10
block 62 10
block 63 10
block 74 10
block 0 11
block 49 11
block 50 11
block 54 11
block 55 11
block 61 11
block 62 11
block 63 11
block 74 11
block 40 12
block 41 12
block 54 12
block 55 12
block 61 12
block 62 12
block 63 12
block 6 13
block 7 13
block 8 13
block 9 13
block 10 13
block 11 13
block 40 13
block 41 13
block 47 13
block 48 13
block 49 13
block 50 13
block 51 13
block 54 13
block 55 13
block 0 14
block 1 14
block 6 14
block 7 14
block 8 14
block 9 14
block 10 14
block 11 14
block 40 14
block 41 14
block 47 14
block 48 14
block 49 14
block 50 14
block 51 14
block 54 14
block 55 14
block 0 15
block 1 15
block 6 15
block 7 15
block 8 15
block 9 15
block 10 15
block 11 15
block 21 15
block 22 15
block 23 15
block 24 15
block 25 15
block 47 15
block 48 15
block 49 15
block 50 15
block 51 15
block 54 15
block 55 15
block 0 16
block 1 16
block 6 16
block 7 16
block 8 16
block 21 16
block 22 16
block 23 16
block 24 16
block 25 16
block 47 16
block 48 16
block 49 16
block 50 16
block 51 16
block 54 16
block 55 16
block 0 17
block 1 17
block 6 17
block 7 17
block 8 17
block 21 17
block 22 17
block 23 17
block 24 17
block 25 17
block 33 17
block 34 17
block 35 17
block 36 17
block 37 17
block 38 17
block 6 18
block 7 18
block 8 18
block 9 18
block 10 18
block 11 18
block 12 18
block 13 18
block 22 18
block 23 18
block 24 18
block 25 18
block 26 18
block 27 18
block 28 18
block 33 18
block 34 18
block 35 18
block 36 18
block 37 18
block 38 18
block 0 19
block 6 19
block 7 19
block 8 19
block 9 19
block 10 19
block 11 19
block 12 19
block 13 19
block 22 19
block 23 19
block 24 19
block 25 19
block 26 19
block 27 19
block 28 19
block 29 19
block 30 19
block 33 19
block 34 19
block 35 19
block 36 19
block 37 19
block 38 19
block 74 19
block 0 20
block 9 20
block 10 20
block 11 20
block 12 20
block 13 20
block 22 20
block 23 20
block 24 20
block 25 20
block 26 20
block 27 20
block 28 20
block 29 20
block 30 20
block 33 20
block 34 20
block 35 20
block 36 20
block 37 20
block 38 20
block 74 20
block 0 21
block 5 21
block 6 21
block 9 21
block 10 21
block 11 21
block 12 21
block 13 21
block 22 21
block 23 21
block 24 21
block 25 21
block 26 21
block 27 21
block 28 21
block 29 21
block 30 21
block 74 21
block 0 22
block 5 22
block 6 22
block 9 22
block 10 22
block 11 22
block 12 22
block 13 22
block 16 22
block 17 22
block 18 22
block 19 22
block 22 22
block 23 22
block 24 22
block 25 22
block 26 22
block 27 22
block 28 22
block 29 22
block 30 22
block 46 22
block 47 22
block 48 22
block 72 22
block 73 22
block 74 22
block 0 23
block 12 23
block 13 23
block 16 23
block 17 23
block 18 23
block 19 23
block 22 23
block 23 23
block 24 23
block 25 23
block 26 23
block 27 23
block 28 23
block 29 23
block 30 23
block 46 23
block 47 23
block 48 23
block 72 23
block 73 23
block 74 23
##BotsAndCoinsInfo
bot_name 0 theBest
bot 0 20 21
bot_coins 0 0
coin 5 3
coin 69 20
round 1
bot 0 21 21
round 2
bot 0 21 22
round 3
bot 0 21 23
round 4
bot 0 21 0
round 5
bot 0 22 1
coin 48 20
coin 26 3
round 6
bot 0 23 2
round 7
bot 0 24 3
coin_collected 26 3 0
bot_coins 0 1
round 8
bot 0 25 3
round 9
bot 0 26 3
round 10
bot 0 27 2
coin 45 13
coin 29 10
round 11
bot 0 28 2
round 12
bot 0 29 2
round 13
bot 0 30 2
round 14
bot 0 31 1
round 15
bot 0 32 1
coin 5 14
coin 69 9
round 16
bot 0 33 1
round 17
bot 0 34 1
round 18
bot 0 35 0
round 19
bot 0 36 0
round 20
bot 0 37 0
coin 19 5
coin 55 18
round 21
bot 0 38 0
round 22
bot 0 39 23
round 23
bot 0 40 23
round 24
bot 0 41 23
round 25
bot 0 42 23
coin 32 14
coin 42 9
round 26
bot 0 43 22
round 27
bot 0 44 22
round 28
bot 0 45 21
round 29
bot 0 46 20
coin_collected 48 20 0
bot_coins 0 2
round 30
bot 0 47 20
coin 51 12
coin 23 11
round 31
bot 0 48 20
round 32
bot 0 49 19
round 33
bot 0 50 19
round 34
bot 0 51 19
round 35
bot 0 52 18
coin 26 8
coin 48 17
round 36
bot 0 53 18
coin_collected 55 18 0
bot_coins 0 3
round 37
bot 0 54 18
round 38
bot 0 55 17
round 39
bot 0 56 17
round 40
bot 0 57 17
coin 5 18
coin 69 5
round 41
bot 0 58 17
round 42
bot 0 59 16
round 43
bot 0 60 16
round 44
bot 0 61 16
round 45
bot 0 62 16
coin 43 17
coin 31 6
round 46
bot 0 63 15
round 47
bot 0 64 15
round 48
bot 0 65 15
round 49
bot 0 66 15
round 50
bot 0 67 14
coin 51 7
coin 23 14
round 51
bot 0 68 14
round 52
bot 0 69 14
round 53
bot 0 69 13
round 54
bot 0 69 12
round 55
bot 0 69 11
coin_collected 69 9 0
bot_coins 0 4
coin 26 9
coin 46 14
round 56
bot 0 70 11
round 57
bot 0 71 10
round 58
bot 0 72 10
round 59
bot 0 73 10
round 60
bot 0 73 11
coin 68 9
coin 5 15
round 61
bot 0 74 12
round 62
bot 0 0 12
round 63
bot 0 1 12
round 64
bot 0 2 13
round 65
bot 0 3 14
coin_collected 5 14 0
bot_coins 0 5
coin 56 10
coin 18 13
round 66
bot 0 4 15
coin_collected 5 15 0
bot_coins 0 6
round 67
bot 0 5 16
coin_collected 5 18 0
bot_coins 0 7
round 68
bot 0 5 17
round 69
bot 0 5 18
round 70
bot 0 5 19
coin 36 6
coin 39 17
round 71
bot 0 6 20
round 72
bot 0 7 20
round 73
bot 0 8 21
round 74
bot 0 8 22
round 75
bot 0 9 23
coin 56 12
coin 18 11
round 76
bot 0 10 23
round 77
bot 0 11 0
round 78
bot 0 11 1
round 79
bot 0 12 2
round 80
bot 0 13 2
coin 6 5
coin 68 18
round 81
bot 0 14 1
round 82
bot 0 15 1
round 83
bot 0 15 2
round 84
bot 0 16 3
round 85
bot 0 17 4
coin 15 23
coin 59 0
round 86
bot 0 18 5
coin_collected 19 5 0
bot_coins 0 8
round 87
bot 0 19 5
round 88
bot 0 20 4
round 89
bot 0 21 4
round 90
bot 0 22 4
coin 12 13
coin 60 10
round 91
bot 0 23 4
round 92
bot 0 24 5
round 93
bot 0 25 6
round 94
bot 0 26 7
coin_collected 26 8 0
bot_coins 0 9
coin_collected 26 9 0
bot_coins 0 10
round 95
bot 0 27 8
coin 13 12
coin 60 11
round 96
bot 0 28 9
coin_collected 29 10 0
bot_coins 0 11
round 97
bot 0 29 8
round 98
bot 0 29 9
round 99
bot 0 30 10
round 100
bot 0 31 11
coin 29 2
coin 45 21
round 101
bot 0 32 12
coin_collected 32 14 0
bot_coins 0 12
round 102
bot 0 33 11
round 103
bot 0 34 11
round 104
bot 0 35 11
round 105
bot 0 36 11
coin 23 1
coin 51 22
round 106
bot 0 36 10
round 107
bot 0 36 9
round 108
bot 0 36 8
coin_collected 36 6 0
bot_coins 0 13
round 109
bot 0 37 9
round 110
bot 0 38 9
coin 51 6
coin 21 18
round 111
bot 0 39 9
round 112
bot 0 40 9
coin_collected 42 9 0
bot_coins 0 14
round 113
bot 0 41 9
round 114
bot 0 42 9
round 115
bot 0 43 10
coin 7 23
coin 67 0
round 116
bot 0 44 11
round 117
bot 0 45 12
coin_collected 45 13 0
bot_coins 0 15
round 118
bot 0 46 13
coin_collected 46 14 0
bot_coins 0 16
round 119
bot 0 46 14
round 120
bot 0 46 15
coin 7 20
coin 67 3
round 121
bot 0 46 16
round 122
bot 0 47 17
coin_collected 48 17 0
bot_coins 0 17
round 123
bot 0 46 17
round 124
bot 0 45 17
coin_collected 43 17 0
bot_coins 0 18
round 125
bot 0 45 18
coin 44 8
coin 30 15
round 126
bot 0 45 19
coin_collected 45 21 0
bot_coins 0 19
round 127
bot 0 46 19
round 128
bot 0 47 18
round 129
bot 0 48 18
round 130
bot 0 49 19
coin 7 4
coin 67 19
round 131
bot 0 50 20
round 132
bot 0 51 21
coin_collected 51 22 0
bot_coins 0 20
round 133
bot 0 52 21
round 134
bot 0 53 21
round 135
bot 0 54 20
coin 35 10
coin 39 13
round 136
bot 0 55 20
round 137
bot 0 56 20
round 138
bot 0 57 19
round 139
bot 0 58 19
round 140
bot 0 59 18
coin 14 19
coin 60 4
round 141
bot 0 60 18
round 142
bot 0 61 18
round 143
bot 0 62 18
round 144
bot 0 63 17
round 145
bot 0 64 18
coin 36 3
coin 39 20
round 146
bot 0 65 19
coin_collected 67 19 0
bot_coins 0 21
round 147
bot 0 66 18
coin_collected 68 18 0
bot_coins 0 22
round 148
bot 0 67 19
round 149
bot 0 68 20
coin_collected 69 20 0
bot_coins 0 23
round 150
bot 0 67 19
coin 22 11
coin 52 12
round 151
bot 0 67 18
round 152
bot 0 68 18
round 153
bot 0 69 18
round 154
bot 0 70 18
round 155
bot 0 71 17
coin 2 1
coin 71 22
round 156
bot 0 71 18
round 157
bot 0 71 19
round 158
bot 0 71 20
coin_collected 71 22 0
bot_coins 0 24
round 159
bot 0 72 20
round 160
bot 0 73 20
coin 44 2
coin 31 21
round 161
bot 0 73 21
round 162
bot 0 73 20
round 163
bot 0 73 21
round 164
bot 0 73 20
round 165
bot 0 73 21
coin 23 7
coin 51 17
round 166
bot 0 73 20
round 167
bot 0 73 21
round 168
bot 0 73 20
round 169
bot 0 73 21
round 170
bot 0 73 20
coin 0 4
coin 74 18
round 171
bot 0 73 21
round 172
bot 0 73 20
round 173
bot 0 73 21
round 174
bot 0 73 20
round 175
bot 0 73 21
coin 40 2
coin 34 21
round 176
bot 0 73 20
round 177
bot 0 73 21
round 178
bot 0 73 20
round 179
bot 0 73 21
round 180
bot 0 73 20
coin 28 13
coin 46 10
round 181
bot 0 73 21
round 182
bot 0 73 20
round 183
bot 0 73 21
round 184
bot 0 73 20
round 185
bot 0 73 21
coin 73 5
coin 1 18
round 186
bot 0 73 20
round 187
bot 0 73 21
round 188
bot 0 73 20
round 189
bot 0 73 21
round 190
bot 0 73 20
coin 10 4
coin 64 19
round 191
bot 0 73 21
round 192
bot 0 73 20
round 193
bot 0 73 21
round 194
bot 0 73 20
round 195
bot 0 73 21
coin 50 21
coin 24 2
round 196
bot 0 73 20
round 197
bot 0 73 21
round 198
bot 0 73 20
round 199
bot 0 73 21
round 200
bot 0 73 20
coin 0 9
coin 74 14
match_over 0
