match
match_id 1639524688485_aw
match_time 1639524688494
num_bots 1
##MatchConfig
mode FRIENDLY
num_rounds 200
random_seed 42
move_time_limit 1000
coin_spawn_period 5
coin_spawn_volume 2
##MapConfig
map_size 49 38
view_radius 5
mining_radius 1
attack_radius 4
block 12 0
block 13 0
block 14 0
block 15 0
block 12 1
block 13 1
block 14 1
block 15 1
block 38 1
block 39 1
block 40 1
block 14 2
block 15 2
block 38 2
block 39 2
block 40 2
block 14 3
block 15 3
block 38 3
block 39 3
block 40 3
block 3 4
block 4 4
block 5 4
block 14 4
block 15 4
block 38 4
block 39 4
block 40 4
block 0 5
block 1 5
block 2 5
block 3 5
block 4 5
block 5 5
block 14 5
block 15 5
block 46 5
block 47 5
block 48 5
block 0 6
block 1 6
block 2 6
block 3 6
block 4 6
block 5 6
block 9 6
block 10 6
block 11 6
block 12 6
block 14 6
block 15 6
block 46 6
block 47 6
block 48 6
block 0 7
block 1 7
block 2 7
block 9 7
block 10 7
block 11 7
block 12 7
block 46 7
block 47 7
block 48 7
block 0 8
block 1 8
block 2 8
block 46 8
block 47 8
block 48 8
block 0 9
block 1 9
block 2 9
block 46 9
block 47 9
block 48 9
block 0 10
block 1 10
block 2 10
block 18 10
block 19 10
block 20 10
block 21 10
block 46 10
block 47 10
block 48 10
block 18 11
block 19 11
block 20 11
block 21 11
block 18 12
block 19 12
block 20 12
block 21 12
block 18 13
block 19 13
block 20 13
block 21 13
block 18 14
block 19 14
block 20 14
block 21 14
block 18 15
block 19 15
block 20 15
block 21 15
block 42 16
block 43 16
block 44 16
block 45 16
block 46 16
block 47 16
block 42 17
block 43 17
block 44 17
block 45 17
block 46 17
block 47 17
block 0 18
block 1 18
block 2 18
block 3 18
block 4 18
block 42 18
block 43 18
block 44 18
block 45 18
block 46 18
block 47 18
block 0 19
block 1 19
block 2 19
block 3 19
block 4 19
block 32 19
block 33 19
block 34 19
block 35 19
block 36 19
block 37 19
block 38 19
block 42 19
block 43 19
block 44 19
block 45 19
block 46 19
block 47 19
block 32 20
block 33 20
block 34 20
block 35 20
block 36 20
block 37 20
block 38 20
block 20 21
block 21 21
block 22 21
block 23 21
block 24 21
block 32 21
block 33 21
block 34 21
block 35 21
block 36 21
block 37 21
block 38 21
block 20 22
block 21 22
block 22 22
block 23 22
block 24 22
block 32 22
block 33 22
block 34 22
block 35 22
block 36 22
block 37 22
block 38 22
block 19 23
block 20 23
block 21 23
block 22 23
block 23 23
block 24 23
block 25 23
block 26 23
block 27 23
block 28 23
block 29 23
block 32 23
block 33 23
block 34 23
block 35 23
block 36 23
block 37 23
block 38 23
block 13 24
block 14 24
block 15 24
block 19 24
block 20 24
block 21 24
block 22 24
block 23 24
block 24 24
block 25 24
block 26 24
block 27 24
block 28 24
block 29 24
block 35 24
block 36 24
block 38 24
block 39 24
block 13 25
block 14 25
block 15 25
block 19 25
block 20 25
block 21 25
block 22 25
block 23 25
block 24 25
block 25 25
block 26 25
block 27 25
block 28 25
block 29 25
block 35 25
block 36 25
block 38 25
block 39 25
block 13 26
block 14 26
block 15 26
block 19 26
block 20 26
block 21 26
block 22 26
block 23 26
block 24 26
block 25 26
block 26 26
block 27 26
block 28 26
block 29 26
block 35 26
block 36 26
block 38 26
block 39 26
block 5 27
block 6 27
block 7 27
block 13 27
block 14 27
block 15 27
block 18 27
block 19 27
block 20 27
block 21 27
block 22 27
block 23 27
block 24 27
block 25 27
block 26 27
block 27 27
block 28 27
block 29 27
block 5 28
block 6 28
block 7 28
block 13 28
block 14 28
block 15 28
block 16 28
block 17 28
block 18 28
block 19 28
block 20 28
block 21 28
block 22 28
block 26 28
block 27 28
block 28 28
block 29 28
block 3 29
block 4 29
block 5 29
block 6 29
block 7 29
block 8 29
block 9 29
block 13 29
block 14 29
block 15 29
block 16 29
block 17 29
block 18 29
block 3 30
block 4 30
block 5 30
block 6 30
block 7 30
block 8 30
block 9 30
block 13 30
block 14 30
block 15 30
block 16 30
block 17 30
block 18 30
block 24 30
block 25 30
block 26 30
block 27 30
block 3 31
block 4 31
block 5 31
block 15 31
block 16 31
block 17 31
block 18 31
block 24 31
block 25 31
block 26 31
block 27 31
block 3 32
block 4 32
block 5 32
block 15 32
block 16 32
block 17 32
block 18 32
block 24 32
block 25 32
block 26 32
block 27 32
block 3 33
block 4 33
block 5 33
block 24 33
block 25 33
block 26 33
block 27 33
block 3 34
block 4 34
block 5 34
block 12 34
block 13 34
block 14 34
block 15 34
block 24 34
block 25 34
block 26 34
block 27 34
block 12 35
block 13 35
block 14 35
block 15 35
block 24 35
block 25 35
block 26 35
block 27 35
block 12 36
block 13 36
block 14 36
block 15 36
block 24 36
block 25 36
block 26 36
block 27 36
block 12 37
block 13 37
block 14 37
block 15 37
##BotsAndCoinsInfo
bot_name 0 theBest
bot 0 43 22
bot_coins 0 0
coin 29 9
coin 19 29
round 1
bot 0 43 23
round 2
bot 0 43 24
round 3
bot 0 43 25
round 4
bot 0 43 26
round 5
bot 0 43 27
coin 34 6
coin 14 31
round 6
bot 0 43 28
round 7
bot 0 43 29
round 8
bot 0 43 30
round 9
bot 0 43 31
round 10
bot 0 43 32
coin 19 16
coin 29 21
round 11
bot 0 43 33
round 12
bot 0 43 34
round 13
bot 0 43 35
round 14
bot 0 43 36
round 15
bot 0 43 37
coin 1 28
coin 45 9
round 16
bot 0 44 37
round 17
bot 0 45 37
round 18
bot 0 46 37
round 19
bot 0 47 37
round 20
bot 0 48 37
coin 48 17
coin 0 20
round 21
round 22
round 23
match_over 0
round 24
