match
match_id 1639523515344_az
match_time 1639523515349
num_bots 1
##MatchConfig
mode FRIENDLY
num_rounds 200
random_seed 42
move_time_limit 1000
coin_spawn_period 5
coin_spawn_volume 2
##MapConfig
map_size 67 38
view_radius 6
mining_radius 1
attack_radius 3
block 9 0
block 10 0
block 11 0
block 12 0
block 13 0
block 14 0
block 50 0
block 51 0
block 52 0
block 53 0
block 57 0
block 58 0
block 59 0
block 60 0
block 61 0
block 9 1
block 10 1
block 11 1
block 12 1
block 13 1
block 14 1
block 50 1
block 51 1
block 52 1
block 53 1
block 57 1
block 58 1
block 59 1
block 60 1
block 61 1
block 9 2
block 10 2
block 11 2
block 12 2
block 13 2
block 14 2
block 50 2
block 51 2
block 52 2
block 53 2
block 57 2
block 58 2
block 59 2
block 60 2
block 61 2
block 9 3
block 10 3
block 11 3
block 12 3
block 13 3
block 14 3
block 15 3
block 16 3
block 17 3
block 18 3
block 50 3
block 51 3
block 52 3
block 53 3
block 57 3
block 58 3
block 59 3
block 60 3
block 61 3
block 9 4
block 10 4
block 11 4
block 12 4
block 13 4
block 14 4
block 15 4
block 16 4
block 17 4
block 18 4
block 50 4
block 51 4
block 52 4
block 53 4
block 9 5
block 10 5
block 11 5
block 12 5
block 13 5
block 14 5
block 15 5
block 16 5
block 17 5
block 18 5
block 31 5
block 32 5
block 33 5
block 34 5
block 35 5
block 36 5
block 31 6
block 32 6
block 33 6
block 34 6
block 35 6
block 36 6
block 31 7
block 32 7
block 33 7
block 34 7
block 35 7
block 36 7
block 31 8
block 32 8
block 33 8
block 34 8
block 35 8
block 36 8
block 31 9
block 32 9
block 33 9
block 34 9
block 35 9
block 36 9
block 31 10
block 32 10
block 33 10
block 34 10
block 35 10
block 36 10
block 31 11
block 32 11
block 33 11
block 34 11
block 35 11
block 36 11
block 61 18
block 62 18
block 63 18
block 29 19
block 30 19
block 31 19
block 32 19
block 33 19
block 34 19
block 38 19
block 39 19
block 40 19
block 41 19
block 42 19
block 43 19
block 61 19
block 62 19
block 63 19
block 29 20
block 30 20
block 31 20
block 32 20
block 33 20
block 34 20
block 38 20
block 39 20
block 40 20
block 41 20
block 42 20
block 43 20
block 61 20
block 62 20
block 63 20
block 29 21
block 30 21
block 31 21
block 32 21
block 33 21
block 34 21
block 38 21
block 39 21
block 40 21
block 41 21
block 42 21
block 43 21
block 61 21
block 62 21
block 63 21
block 29 22
block 30 22
block 31 22
block 32 22
block 33 22
block 34 22
block 38 22
block 39 22
block 40 22
block 41 22
block 42 22
block 43 22
block 61 22
block 62 22
block 63 22
block 29 23
block 30 23
block 31 23
block 32 23
block 33 23
block 34 23
block 38 23
block 39 23
block 40 23
block 41 23
block 42 23
block 43 23
block 61 23
block 62 23
block 63 23
block 29 24
block 30 24
block 31 24
block 32 24
block 33 24
block 34 24
block 38 24
block 39 24
block 40 24
block 41 24
block 42 24
block 43 24
block 61 24
block 62 24
block 63 24
block 40 25
block 41 25
block 42 25
block 43 25
block 44 25
block 45 25
block 23 26
block 24 26
block 39 26
block 40 26
block 41 26
block 42 26
block 43 26
block 44 26
block 45 26
block 23 27
block 24 27
block 39 27
block 40 27
block 41 27
block 42 27
block 43 27
block 44 27
block 45 27
block 39 28
block 40 28
block 41 28
block 39 29
block 40 29
block 41 29
block 57 35
block 58 35
block 59 35
block 60 35
block 57 36
block 58 36
block 59 36
block 60 36
block 9 37
block 10 37
block 11 37
block 12 37
block 13 37
block 14 37
block 57 37
block 58 37
block 59 37
block 60 37
block 61 37
##BotsAndCoinsInfo
bot_name 0 theBest
bot 0 24 29
bot_coins 0 0
coin 41 9
coin 25 28
round 1
bot 0 24 30
round 2
bot 0 24 31
round 3
bot 0 24 32
round 4
bot 0 24 33
round 5
bot 0 24 34
coin 23 6
coin 43 31
round 6
bot 0 24 35
round 7
bot 0 24 36
round 8
bot 0 24 37
round 9
bot 0 25 37
round 10
bot 0 26 37
coin 12 15
coin 54 22
round 11
bot 0 27 37
round 12
bot 0 28 37
round 13
bot 0 29 37
round 14
bot 0 30 37
round 15
bot 0 31 37
coin 66 28
coin 0 9
round 16
bot 0 32 37
round 17
bot 0 33 37
round 18
bot 0 34 37
round 19
bot 0 35 37
round 20
bot 0 36 37
coin 62 17
coin 4 20
round 21
bot 0 37 37
round 22
bot 0 38 37
round 23
bot 0 39 37
round 24
bot 0 40 37
round 25
bot 0 41 37
coin 21 14
coin 45 23
round 26
bot 0 42 37
round 27
bot 0 43 37
round 28
bot 0 44 37
round 29
bot 0 45 37
round 30
bot 0 46 37
coin 0 34
coin 66 3
round 31
bot 0 47 37
round 32
bot 0 48 37
round 33
bot 0 49 37
round 34
bot 0 50 37
round 35
bot 0 51 37
coin 51 36
coin 15 1
round 36
bot 0 52 37
round 37
bot 0 53 37
round 38
bot 0 54 37
round 39
bot 0 55 37
round 40
bot 0 56 37
coin 49 36
coin 17 1
round 41
round 42
round 43
round 44
round 45
coin 22 37
coin 44 0
round 46
round 47
round 48
round 49
round 50
coin 37 13
coin 29 25
round 51
round 52
round 53
round 54
round 55
coin 24 7
coin 42 30
round 56
round 57
round 58
round 59
round 60
coin 47 13
coin 19 24
round 61
round 62
round 63
round 64
round 65
coin 17 6
coin 49 31
round 66
round 67
round 68
round 69
round 70
coin 9 22
coin 57 15
round 71
round 72
round 73
round 74
round 75
coin 30 4
coin 36 33
round 76
round 77
round 78
round 79
round 80
coin 7 33
coin 59 4
round 81
round 82
round 83
round 84
round 85
coin 66 37
coin 0 0
round 86
round 87
round 88
round 89
round 90
coin 36 17
coin 28 20
round 91
round 92
round 93
round 94
round 95
coin 40 6
coin 26 31
round 96
round 97
round 98
round 99
round 100
coin 34 31
coin 30 6
round 101
round 102
round 103
round 104
round 105
coin 29 11
coin 37 26
round 106
round 107
round 108
round 109
round 110
coin 57 10
coin 9 27
round 111
round 112
round 113
round 114
round 115
coin 59 23
coin 7 14
round 116
round 117
round 118
round 119
round 120
coin 18 35
coin 48 2
round 121
round 122
round 123
round 124
round 125
coin 44 6
coin 22 31
round 126
round 127
round 128
round 129
round 130
coin 17 12
coin 49 25
round 131
round 132
round 133
round 134
round 135
coin 54 4
coin 12 33
round 136
round 137
round 138
round 139
round 140
coin 51 21
coin 15 16
round 141
round 142
round 143
round 144
round 145
coin 30 35
coin 36 2
round 146
round 147
round 148
round 149
round 150
coin 40 31
coin 26 6
round 151
round 152
round 153
round 154
round 155
coin 28 7
coin 38 30
round 156
round 157
round 158
round 159
round 160
coin 57 34
coin 8 3
round 161
round 162
round 163
round 164
round 165
coin 65 21
coin 1 16
round 166
round 167
round 168
round 169
round 170
coin 66 17
coin 0 20
round 171
round 172
round 173
round 174
round 175
coin 30 3
coin 36 34
round 176
round 177
round 178
round 179
round 180
coin 24 23
coin 42 14
round 181
round 182
round 183
round 184
round 185
coin 55 9
coin 11 28
round 186
round 187
round 188
round 189
round 190
coin 11 14
coin 55 23
round 191
round 192
round 193
round 194
round 195
coin 23 35
coin 43 2
round 196
round 197
round 198
round 199
round 200
coin 31 2
coin 35 35
match_over 0
