match
match_id 1639505350597_ao
match_time 1639505350599
num_bots 1
##MatchConfig
mode FRIENDLY
num_rounds 200
random_seed 42
move_time_limit 1000
coin_spawn_period 5
coin_spawn_volume 2
##MapConfig
map_size 55 20
view_radius 6
mining_radius 2
attack_radius 4
block 1 0
block 2 0
block 3 0
block 4 0
block 5 0
block 23 0
block 24 0
block 25 0
block 26 0
block 27 0
block 28 0
block 29 0
block 30 0
block 31 0
block 32 0
block 46 0
block 47 0
block 48 0
block 49 0
block 50 0
block 51 0
block 23 1
block 24 1
block 25 1
block 26 1
block 27 1
block 28 1
block 29 1
block 30 1
block 31 1
block 32 1
block 33 1
block 34 1
block 46 1
block 47 1
block 48 1
block 49 1
block 50 1
block 51 1
block 22 2
block 23 2
block 24 2
block 25 2
block 26 2
block 27 2
block 28 2
block 29 2
block 30 2
block 31 2
block 32 2
block 33 2
block 34 2
block 46 2
block 47 2
block 48 2
block 49 2
block 50 2
block 51 2
block 22 3
block 23 3
block 24 3
block 27 3
block 28 3
block 29 3
block 30 3
block 31 3
block 32 3
block 33 3
block 34 3
block 36 3
block 37 3
block 47 3
block 48 3
block 49 3
block 50 3
block 51 3
block 16 4
block 17 4
block 22 4
block 23 4
block 24 4
block 33 4
block 34 4
block 36 4
block 37 4
block 47 4
block 48 4
block 49 4
block 50 4
block 51 4
block 16 5
block 17 5
block 22 5
block 23 5
block 24 5
block 33 5
block 34 5
block 44 5
block 45 5
block 46 5
block 15 6
block 16 6
block 17 6
block 22 6
block 23 6
block 24 6
block 44 6
block 45 6
block 46 6
block 15 7
block 16 7
block 17 7
block 31 7
block 32 7
block 33 7
block 34 7
block 44 7
block 45 7
block 46 7
block 48 7
block 49 7
block 50 7
block 51 7
block 52 7
block 31 8
block 32 8
block 33 8
block 34 8
block 44 8
block 45 8
block 46 8
block 47 8
block 48 8
block 49 8
block 50 8
block 51 8
block 52 8
block 44 9
block 45 9
block 46 9
block 47 9
block 48 9
block 49 9
block 50 9
block 51 9
block 52 9
block 46 10
block 47 10
block 48 10
block 49 10
block 50 10
block 51 10
block 52 10
block 46 11
block 47 11
block 48 11
block 49 11
block 50 11
block 51 11
block 52 11
block 46 12
block 47 12
block 48 12
block 49 12
block 50 12
block 51 12
block 52 12
block 5 13
block 6 13
block 7 13
block 8 13
block 48 13
block 49 13
block 50 13
block 51 13
block 52 13
block 5 14
block 6 14
block 7 14
block 8 14
block 1 15
block 2 15
block 3 15
block 4 15
block 5 15
block 6 15
block 7 15
block 8 15
block 1 16
block 2 16
block 3 16
block 4 16
block 5 16
block 6 16
block 7 16
block 8 16
block 1 17
block 2 17
block 3 17
block 4 17
block 5 17
block 1 18
block 2 18
block 3 18
block 4 18
block 5 18
block 46 18
block 47 18
block 48 18
block 49 18
block 50 18
block 51 18
block 1 19
block 2 19
block 3 19
block 4 19
block 5 19
block 23 19
block 24 19
block 25 19
block 26 19
block 27 19
block 28 19
block 29 19
block 30 19
block 31 19
block 46 19
block 47 19
block 48 19
block 49 19
block 50 19
block 51 19
##BotsAndCoinsInfo
bot_name 0 theBest
bot 0 31 6
bot_coins 0 0
coin 40 3
coin 14 16
round 1
round 2
round 3
match_over 0
round 4
