match
match_id 1639522909857_ak
match_time 1639522909865
num_bots 1
##MatchConfig
mode FRIENDLY
num_rounds 200
random_seed 42
move_time_limit 1000
coin_spawn_period 5
coin_spawn_volume 2
##MapConfig
map_size 74 32
view_radius 5
mining_radius 1
attack_radius 3
block 37 0
block 38 0
block 39 0
block 51 0
block 52 0
block 23 1
block 24 1
block 25 1
block 51 1
block 52 1
block 23 2
block 24 2
block 25 2
block 23 3
block 24 3
block 25 3
block 18 4
block 19 4
block 23 4
block 24 4
block 25 4
block 37 4
block 38 4
block 39 4
block 40 4
block 41 4
block 43 4
block 44 4
block 45 4
block 18 5
block 19 5
block 23 5
block 24 5
block 25 5
block 37 5
block 38 5
block 39 5
block 40 5
block 41 5
block 43 5
block 44 5
block 45 5
block 66 5
block 67 5
block 68 5
block 69 5
block 70 5
block 71 5
block 72 5
block 18 6
block 19 6
block 23 6
block 24 6
block 25 6
block 31 6
block 32 6
block 37 6
block 38 6
block 39 6
block 40 6
block 41 6
block 43 6
block 44 6
block 45 6
block 66 6
block 67 6
block 68 6
block 69 6
block 70 6
block 71 6
block 72 6
block 18 7
block 19 7
block 23 7
block 24 7
block 25 7
block 31 7
block 32 7
block 37 7
block 38 7
block 39 7
block 40 7
block 41 7
block 43 7
block 44 7
block 45 7
block 62 7
block 63 7
block 64 7
block 65 7
block 67 7
block 68 7
block 69 7
block 70 7
block 71 7
block 72 7
block 16 8
block 17 8
block 18 8
block 19 8
block 31 8
block 32 8
block 37 8
block 38 8
block 39 8
block 40 8
block 41 8
block 62 8
block 63 8
block 64 8
block 65 8
block 67 8
block 68 8
block 69 8
block 70 8
block 71 8
block 72 8
block 16 9
block 17 9
block 18 9
block 19 9
block 30 9
block 31 9
block 32 9
block 62 9
block 63 9
block 64 9
block 65 9
block 7 10
block 8 10
block 9 10
block 10 10
block 11 10
block 12 10
block 13 10
block 16 10
block 17 10
block 18 10
block 19 10
block 20 10
block 30 10
block 31 10
block 32 10
block 62 10
block 63 10
block 64 10
block 65 10
block 7 11
block 8 11
block 9 11
block 10 11
block 11 11
block 12 11
block 13 11
block 16 11
block 17 11
block 18 11
block 19 11
block 20 11
block 21 11
block 22 11
block 23 11
block 24 11
block 25 11
block 26 11
block 30 11
block 31 11
block 32 11
block 49 11
block 50 11
block 51 11
block 52 11
block 53 11
block 62 11
block 63 11
block 64 11
block 65 11
block 7 12
block 8 12
block 9 12
block 10 12
block 11 12
block 12 12
block 13 12
block 16 12
block 17 12
block 18 12
block 19 12
block 20 12
block 21 12
block 22 12
block 23 12
block 24 12
block 25 12
block 26 12
block 30 12
block 31 12
block 32 12
block 49 12
block 50 12
block 51 12
block 52 12
block 53 12
block 62 12
block 63 12
block 64 12
block 65 12
block 7 13
block 8 13
block 9 13
block 10 13
block 11 13
block 12 13
block 13 13
block 16 13
block 17 13
block 18 13
block 19 13
block 20 13
block 21 13
block 22 13
block 23 13
block 24 13
block 25 13
block 26 13
block 30 13
block 31 13
block 32 13
block 49 13
block 50 13
block 51 13
block 52 13
block 53 13
block 62 13
block 63 13
block 64 13
block 65 13
block 7 14
block 8 14
block 9 14
block 10 14
block 11 14
block 12 14
block 13 14
block 18 14
block 19 14
block 20 14
block 21 14
block 22 14
block 23 14
block 24 14
block 25 14
block 26 14
block 5 15
block 6 15
block 7 15
block 8 15
block 9 15
block 10 15
block 11 15
block 12 15
block 13 15
block 18 15
block 19 15
block 20 15
block 5 16
block 6 16
block 7 16
block 8 16
block 9 16
block 10 16
block 11 16
block 12 16
block 13 16
block 18 16
block 19 16
block 20 16
block 5 17
block 6 17
block 7 17
block 8 17
block 9 17
block 10 17
block 11 17
block 5 18
block 6 18
block 7 18
block 8 18
block 9 18
block 10 18
block 11 18
block 43 20
block 44 20
block 45 20
block 0 21
block 1 21
block 43 21
block 44 21
block 45 21
block 0 22
block 1 22
block 43 22
block 44 22
block 45 22
block 63 22
block 64 22
block 65 22
block 66 22
block 67 22
block 68 22
block 0 23
block 1 23
block 6 23
block 7 23
block 8 23
block 9 23
block 10 23
block 43 23
block 44 23
block 45 23
block 63 23
block 64 23
block 65 23
block 66 23
block 67 23
block 68 23
block 6 24
block 7 24
block 8 24
block 9 24
block 10 24
block 22 24
block 23 24
block 24 24
block 25 24
block 26 24
block 27 24
block 28 24
block 32 24
block 33 24
block 34 24
block 35 24
block 36 24
block 37 24
block 38 24
block 63 24
block 64 24
block 65 24
block 66 24
block 67 24
block 68 24
block 0 25
block 6 25
block 7 25
block 8 25
block 9 25
block 10 25
block 22 25
block 23 25
block 24 25
block 25 25
block 26 25
block 27 25
block 28 25
block 29 25
block 30 25
block 31 25
block 32 25
block 33 25
block 34 25
block 35 25
block 36 25
block 37 25
block 38 25
block 72 25
block 73 25
block 0 26
block 6 26
block 7 26
block 8 26
block 9 26
block 10 26
block 22 26
block 23 26
block 24 26
block 25 26
block 26 26
block 27 26
block 28 26
block 29 26
block 30 26
block 31 26
block 32 26
block 33 26
block 34 26
block 35 26
block 36 26
block 37 26
block 38 26
block 72 26
block 73 26
block 0 27
block 28 27
block 29 27
block 30 27
block 31 27
block 32 27
block 33 27
block 34 27
block 35 27
block 36 27
block 37 27
block 38 27
block 51 27
block 52 27
block 72 27
block 73 27
block 0 28
block 28 28
block 29 28
block 30 28
block 31 28
block 32 28
block 33 28
block 34 28
block 35 28
block 36 28
block 37 28
block 38 28
block 51 28
block 52 28
block 63 28
block 64 28
block 65 28
block 72 28
block 73 28
block 0 29
block 28 29
block 29 29
block 30 29
block 31 29
block 32 29
block 33 29
block 34 29
block 35 29
block 36 29
block 37 29
block 38 29
block 39 29
block 51 29
block 52 29
block 63 29
block 64 29
block 65 29
block 72 29
block 73 29
block 28 30
block 29 30
block 30 30
block 31 30
block 37 30
block 38 30
block 39 30
block 51 30
block 52 30
block 63 30
block 64 30
block 65 30
block 28 31
block 29 31
block 30 31
block 31 31
block 37 31
block 38 31
block 39 31
block 51 31
block 52 31
block 63 31
block 64 31
block 65 31
##BotsAndCoinsInfo
bot_name 0 theBest
bot 0 58 12
bot_coins 0 0
coin 14 1
coin 59 30
round 1
bot 0 59 13
round 2
bot 0 60 14
round 3
bot 0 61 15
round 4
bot 0 62 16
round 5
bot 0 63 17
coin 2 1
coin 71 30
round 6
bot 0 64 18
round 7
bot 0 65 19
round 8
bot 0 66 20
round 9
bot 0 67 21
round 10
bot 0 68 21
coin 48 30
coin 26 1
round 11
bot 0 69 22
round 12
bot 0 70 23
round 13
bot 0 71 24
round 14
bot 0 72 24
round 15
bot 0 73 24
coin 11 22
coin 61 9
round 16
round 17
round 18
match_over 0
round 19
