match
match_id 1639504950423_al
match_time 1639504950427
num_bots 1
##MatchConfig
mode FRIENDLY
num_rounds 200
random_seed 42
move_time_limit 1000
coin_spawn_period 5
coin_spawn_volume 2
##MapConfig
map_size 54 37
view_radius 6
mining_radius 1
attack_radius 4
block 2 0
block 3 0
block 16 0
block 17 0
block 18 0
block 19 0
block 20 0
block 21 0
block 2 1
block 3 1
block 16 1
block 17 1
block 18 1
block 19 1
block 20 1
block 21 1
block 16 2
block 17 2
block 18 2
block 19 2
block 20 2
block 21 2
block 16 3
block 17 3
block 18 3
block 19 3
block 20 3
block 21 3
block 14 4
block 15 4
block 16 4
block 17 4
block 18 4
block 19 4
block 20 4
block 21 4
block 14 5
block 15 5
block 16 5
block 26 5
block 27 5
block 28 5
block 29 5
block 30 5
block 31 5
block 32 5
block 26 6
block 27 6
block 28 6
block 29 6
block 30 6
block 31 6
block 32 6
block 26 7
block 27 7
block 28 7
block 29 7
block 30 7
block 31 7
block 32 7
block 26 8
block 27 8
block 28 8
block 29 8
block 30 8
block 31 8
block 32 8
block 44 9
block 45 9
block 46 9
block 47 9
block 48 9
block 49 9
block 18 10
block 19 10
block 44 10
block 45 10
block 46 10
block 47 10
block 48 10
block 49 10
block 18 11
block 19 11
block 44 11
block 45 11
block 46 11
block 47 11
block 48 11
block 49 11
block 18 12
block 19 12
block 44 12
block 45 12
block 46 12
block 47 12
block 48 12
block 49 12
block 15 13
block 16 13
block 17 13
block 18 13
block 19 13
block 44 13
block 45 13
block 46 13
block 47 13
block 48 13
block 49 13
block 15 14
block 16 14
block 17 14
block 18 14
block 19 14
block 15 15
block 16 15
block 17 15
block 18 15
block 19 15
block 15 16
block 16 16
block 17 16
block 18 16
block 19 16
block 1 19
block 2 19
block 3 19
block 4 19
block 5 19
block 1 20
block 2 20
block 3 20
block 4 20
block 5 20
block 1 21
block 2 21
block 3 21
block 4 21
block 5 21
block 1 22
block 2 22
block 3 22
block 4 22
block 5 22
block 34 22
block 35 22
block 36 22
block 37 22
block 38 22
block 39 22
block 40 22
block 34 23
block 35 23
block 36 23
block 37 23
block 38 23
block 39 23
block 40 23
block 34 24
block 35 24
block 36 24
block 37 24
block 38 24
block 39 24
block 40 24
block 40 25
block 41 25
block 42 25
block 43 25
block 44 25
block 45 25
block 46 25
block 40 26
block 41 26
block 42 26
block 43 26
block 44 26
block 45 26
block 46 26
block 40 27
block 41 27
block 42 27
block 43 27
block 44 27
block 45 27
block 46 27
block 40 28
block 41 28
block 42 28
block 43 28
block 44 28
block 45 28
block 46 28
block 40 29
block 41 29
block 42 29
block 43 29
block 44 29
block 45 29
block 46 29
block 2 32
block 3 32
block 2 33
block 3 33
block 2 34
block 3 34
block 2 35
block 3 35
block 2 36
block 3 36
block 16 36
block 17 36
block 18 36
block 19 36
block 20 36
block 21 36
##BotsAndCoinsInfo
bot_name 0 theBest
bot 0 48 8
bot_coins 0 0
coin 44 14
coin 9 22
round 1
round 2
round 3
match_over 0
round 4
