match
match_id 1639503650553_ab
match_time 1639503650571
num_bots 1
##MatchConfig
mode FRIENDLY
num_rounds 200
random_seed 42
move_time_limit 1000
coin_spawn_period 5
coin_spawn_volume 2
##MapConfig
map_size 72 35
view_radius 5
mining_radius 2
attack_radius 3
block 17 0
block 18 0
block 19 0
block 34 0
block 35 0
block 36 0
block 37 0
block 17 1
block 18 1
block 19 1
block 34 1
block 35 1
block 36 1
block 37 1
block 17 2
block 18 2
block 19 2
block 34 2
block 35 2
block 36 2
block 37 2
block 17 3
block 18 3
block 19 3
block 34 3
block 35 3
block 36 3
block 37 3
block 34 4
block 35 4
block 36 4
block 37 4
block 34 5
block 35 5
block 36 5
block 37 5
block 19 11
block 20 11
block 21 11
block 22 11
block 23 11
block 19 12
block 20 12
block 21 12
block 22 12
block 23 12
block 3 13
block 4 13
block 5 13
block 6 13
block 7 13
block 8 13
block 9 13
block 19 13
block 20 13
block 21 13
block 22 13
block 23 13
block 3 14
block 4 14
block 5 14
block 6 14
block 7 14
block 8 14
block 9 14
block 19 14
block 20 14
block 21 14
block 22 14
block 23 14
block 3 15
block 4 15
block 5 15
block 6 15
block 7 15
block 8 15
block 9 15
block 19 15
block 20 15
block 21 15
block 22 15
block 23 15
block 3 16
block 4 16
block 5 16
block 6 16
block 7 16
block 8 16
block 9 16
block 19 16
block 20 16
block 21 16
block 22 16
block 23 16
block 32 17
block 33 17
block 34 17
block 35 17
block 36 17
block 37 17
block 38 17
block 45 17
block 46 17
block 47 17
block 48 17
block 32 18
block 33 18
block 34 18
block 35 18
block 36 18
block 37 18
block 38 18
block 45 18
block 46 18
block 47 18
block 48 18
block 32 19
block 33 19
block 34 19
block 35 19
block 36 19
block 37 19
block 38 19
block 45 19
block 46 19
block 47 19
block 48 19
block 45 20
block 46 20
block 47 20
block 48 20
block 45 21
block 46 21
block 47 21
block 48 21
block 16 22
block 17 22
block 45 22
block 46 22
block 47 22
block 48 22
block 16 23
block 17 23
block 45 23
block 46 23
block 47 23
block 48 23
block 16 24
block 17 24
block 16 25
block 17 25
block 32 25
block 33 25
block 34 25
block 35 25
block 36 25
block 16 26
block 17 26
block 32 26
block 33 26
block 34 26
block 35 26
block 36 26
block 16 27
block 17 27
block 32 27
block 33 27
block 34 27
block 35 27
block 36 27
block 32 28
block 33 28
block 34 28
block 35 28
block 36 28
block 61 28
block 62 28
block 63 28
block 64 28
block 65 28
block 66 28
block 67 28
block 32 29
block 33 29
block 34 29
block 35 29
block 36 29
block 61 29
block 62 29
block 63 29
block 64 29
block 65 29
block 66 29
block 67 29
block 32 30
block 33 30
block 34 30
block 35 30
block 36 30
block 61 30
block 62 30
block 63 30
block 64 30
block 65 30
block 66 30
block 67 30
block 61 31
block 62 31
block 63 31
block 64 31
block 65 31
block 66 31
block 67 31
block 34 34
block 35 34
block 36 34
block 37 34
##BotsAndCoinsInfo
bot_name 0 theBest
bot 0 26 12
bot_coins 0 0
coin 26 33
coin 45 1
round 1
round 2
round 3
match_over 0
round 4
