match
match_id 1639523546161_be
match_time 1639523546166
num_bots 1
##MatchConfig
mode FRIENDLY
num_rounds 200
random_seed 42
move_time_limit 1000
coin_spawn_period 5
coin_spawn_volume 2
##MapConfig
map_size 79 37
view_radius 6
mining_radius 2
attack_radius 4
block 35 0
block 36 0
block 37 0
block 38 0
block 39 0
block 40 0
block 41 0
block 49 0
block 50 0
block 51 0
block 52 0
block 53 0
block 70 0
block 71 0
block 72 0
block 73 0
block 74 0
block 75 0
block 76 0
block 49 1
block 50 1
block 51 1
block 52 1
block 53 1
block 70 1
block 71 1
block 72 1
block 73 1
block 74 1
block 75 1
block 76 1
block 49 2
block 50 2
block 51 2
block 52 2
block 53 2
block 70 2
block 71 2
block 72 2
block 73 2
block 74 2
block 75 2
block 76 2
block 0 3
block 1 3
block 2 3
block 3 3
block 4 3
block 70 3
block 71 3
block 72 3
block 73 3
block 74 3
block 75 3
block 76 3
block 0 4
block 1 4
block 2 4
block 3 4
block 4 4
block 70 4
block 71 4
block 72 4
block 73 4
block 74 4
block 75 4
block 76 4
block 0 5
block 1 5
block 2 5
block 3 5
block 4 5
block 70 5
block 71 5
block 72 5
block 73 5
block 74 5
block 75 5
block 76 5
block 0 6
block 1 6
block 2 6
block 3 6
block 4 6
block 18 6
block 19 6
block 20 6
block 21 6
block 18 7
block 19 7
block 20 7
block 21 7
block 41 7
block 42 7
block 18 8
block 19 8
block 20 8
block 21 8
block 22 8
block 23 8
block 24 8
block 25 8
block 41 8
block 42 8
block 68 8
block 69 8
block 70 8
block 71 8
block 72 8
block 73 8
block 18 9
block 19 9
block 20 9
block 21 9
block 22 9
block 23 9
block 24 9
block 25 9
block 41 9
block 42 9
block 49 9
block 50 9
block 51 9
block 52 9
block 53 9
block 68 9
block 69 9
block 70 9
block 71 9
block 72 9
block 73 9
block 18 10
block 19 10
block 20 10
block 21 10
block 22 10
block 23 10
block 24 10
block 25 10
block 41 10
block 42 10
block 44 10
block 45 10
block 46 10
block 47 10
block 48 10
block 49 10
block 50 10
block 51 10
block 52 10
block 53 10
block 68 10
block 69 10
block 70 10
block 71 10
block 72 10
block 73 10
block 18 11
block 19 11
block 20 11
block 21 11
block 41 11
block 42 11
block 44 11
block 45 11
block 46 11
block 47 11
block 48 11
block 56 11
block 57 11
block 58 11
block 59 11
block 60 11
block 61 11
block 68 11
block 69 11
block 70 11
block 71 11
block 72 11
block 73 11
block 18 12
block 19 12
block 20 12
block 21 12
block 41 12
block 42 12
block 44 12
block 45 12
block 46 12
block 47 12
block 48 12
block 56 12
block 57 12
block 58 12
block 59 12
block 60 12
block 61 12
block 68 12
block 69 12
block 70 12
block 71 12
block 72 12
block 73 12
block 40 13
block 41 13
block 42 13
block 43 13
block 44 13
block 45 13
block 46 13
block 47 13
block 48 13
block 56 13
block 57 13
block 58 13
block 59 13
block 60 13
block 61 13
block 68 13
block 69 13
block 70 13
block 71 13
block 72 13
block 73 13
block 40 14
block 41 14
block 42 14
block 43 14
block 44 14
block 45 14
block 46 14
block 47 14
block 48 14
block 49 14
block 56 14
block 57 14
block 58 14
block 59 14
block 60 14
block 61 14
block 30 15
block 31 15
block 32 15
block 33 15
block 34 15
block 40 15
block 41 15
block 42 15
block 43 15
block 44 15
block 45 15
block 46 15
block 47 15
block 48 15
block 49 15
block 56 15
block 57 15
block 58 15
block 59 15
block 60 15
block 61 15
block 30 16
block 31 16
block 32 16
block 33 16
block 34 16
block 40 16
block 41 16
block 42 16
block 43 16
block 44 16
block 45 16
block 46 16
block 47 16
block 48 16
block 49 16
block 30 17
block 31 17
block 32 17
block 33 17
block 34 17
block 43 17
block 44 17
block 45 17
block 46 17
block 47 17
block 48 17
block 49 17
block 30 18
block 31 18
block 32 18
block 33 18
block 34 18
block 43 18
block 44 18
block 45 18
block 46 18
block 47 18
block 48 18
block 49 18
block 5 19
block 6 19
block 7 19
block 8 19
block 9 19
block 30 19
block 31 19
block 32 19
block 33 19
block 34 19
block 37 19
block 38 19
block 39 19
block 40 19
block 41 19
block 42 19
block 5 20
block 6 20
block 7 20
block 8 20
block 9 20
block 37 20
block 38 20
block 39 20
block 40 20
block 41 20
block 42 20
block 5 21
block 6 21
block 7 21
block 8 21
block 9 21
block 37 21
block 38 21
block 39 21
block 40 21
block 41 21
block 42 21
block 5 22
block 6 22
block 7 22
block 8 22
block 9 22
block 0 25
block 1 25
block 2 25
block 75 25
block 76 25
block 77 25
block 78 25
block 0 26
block 1 26
block 2 26
block 71 26
block 72 26
block 73 26
block 75 26
block 76 26
block 77 26
block 78 26
block 0 27
block 1 27
block 2 27
block 71 27
block 72 27
block 73 27
block 75 27
block 76 27
block 77 27
block 78 27
block 0 28
block 1 28
block 2 28
block 60 28
block 61 28
block 62 28
block 63 28
block 75 28
block 76 28
block 77 28
block 78 28
block 0 29
block 1 29
block 2 29
block 60 29
block 61 29
block 62 29
block 63 29
block 75 29
block 76 29
block 77 29
block 78 29
block 60 30
block 61 30
block 62 30
block 63 30
block 31 31
block 32 31
block 33 31
block 34 31
block 35 31
block 60 31
block 61 31
block 62 31
block 63 31
block 64 31
block 65 31
block 66 31
block 31 32
block 32 32
block 33 32
block 34 32
block 35 32
block 36 32
block 37 32
block 38 32
block 39 32
block 40 32
block 41 32
block 55 32
block 56 32
block 57 32
block 58 32
block 60 32
block 61 32
block 62 32
block 63 32
block 64 32
block 65 32
block 66 32
block 31 33
block 32 33
block 33 33
block 34 33
block 35 33
block 36 33
block 37 33
block 38 33
block 39 33
block 40 33
block 41 33
block 55 33
block 56 33
block 57 33
block 58 33
block 60 33
block 61 33
block 62 33
block 63 33
block 64 33
block 65 33
block 66 33
block 31 34
block 32 34
block 33 34
block 34 34
block 35 34
block 36 34
block 37 34
block 38 34
block 39 34
block 40 34
block 41 34
block 49 34
block 50 34
block 51 34
block 52 34
block 53 34
block 55 34
block 56 34
block 57 34
block 58 34
block 63 34
block 64 34
block 65 34
block 66 34
block 31 35
block 32 35
block 33 35
block 34 35
block 35 35
block 36 35
block 37 35
block 38 35
block 39 35
block 40 35
block 41 35
block 49 35
block 50 35
block 51 35
block 52 35
block 53 35
block 63 35
block 64 35
block 65 35
block 66 35
block 31 36
block 32 36
block 33 36
block 34 36
block 35 36
block 36 36
block 37 36
block 38 36
block 39 36
block 40 36
block 41 36
block 49 36
block 50 36
block 51 36
block 52 36
block 53 36
block 70 36
block 71 36
block 72 36
block 73 36
block 74 36
block 75 36
block 76 36
##BotsAndCoinsInfo
bot_name 0 theBest
bot 0 16 15
bot_coins 0 0
coin 19 14
coin 59 22
round 1
bot 0 16 16
round 2
bot 0 16 17
round 3
bot 0 16 18
round 4
bot 0 16 19
round 5
bot 0 16 20
coin 22 11
coin 56 25
round 6
bot 0 16 21
round 7
bot 0 16 22
round 8
bot 0 16 23
round 9
bot 0 16 24
round 10
bot 0 16 25
coin 74 8
coin 4 28
round 11
bot 0 16 26
round 12
bot 0 16 27
round 13
bot 0 16 28
round 14
bot 0 16 29
round 15
bot 0 16 30
coin 62 14
coin 16 22
round 16
bot 0 16 31
round 17
bot 0 16 32
round 18
bot 0 16 33
round 19
bot 0 16 34
round 20
bot 0 16 35
coin 1 0
coin 77 36
round 21
bot 0 16 36
round 22
bot 0 17 36
round 23
bot 0 18 36
round 24
bot 0 19 36
round 25
bot 0 20 36
coin 15 21
coin 63 15
round 26
bot 0 21 36
round 27
bot 0 22 36
round 28
bot 0 23 36
round 29
bot 0 24 36
round 30
bot 0 25 36
coin 26 18
coin 52 18
round 31
bot 0 26 36
round 32
bot 0 27 36
round 33
bot 0 28 36
round 34
bot 0 29 36
round 35
bot 0 30 36
coin 67 9
coin 11 27
round 36
round 37
round 38
round 39
round 40
coin 27 14
coin 51 22
round 41
round 42
round 43
round 44
round 45
coin 65 1
coin 13 35
round 46
round 47
round 48
round 49
round 50
coin 37 1
coin 42 35
round 51
round 52
round 53
round 54
round 55
coin 27 25
coin 51 11
round 56
round 57
round 58
round 59
round 60
coin 35 16
coin 43 20
round 61
round 62
round 63
round 64
round 65
coin 47 0
coin 31 0
round 66
coin_collected 31 0 0
bot_coins 0 1
round 67
round 68
round 69
round 70
coin 6 16
coin 72 20
round 71
round 72
round 73
round 74
round 75
coin 24 31
coin 54 5
round 76
round 77
round 78
round 79
round 80
coin 52 26
coin 26 10
round 81
round 82
round 83
round 84
round 85
coin 6 23
coin 72 14
round 86
round 87
round 88
round 89
round 90
coin 30 31
coin 48 5
round 91
round 92
round 93
round 94
round 95
coin 69 16
coin 10 20
round 96
round 97
round 98
round 99
round 100
coin 47 24
coin 31 12
round 101
round 102
round 103
round 104
round 105
coin 45 26
coin 33 10
round 106
round 107
round 108
round 109
round 110
coin 27 22
coin 51 14
round 111
round 112
round 113
round 114
round 115
coin 58 2
coin 20 34
round 116
round 117
round 118
round 119
round 120
coin 49 20
coin 29 16
round 121
round 122
round 123
round 124
round 125
coin 11 22
coin 67 14
round 126
round 127
round 128
round 129
round 130
coin 8 26
coin 70 7
round 131
round 132
round 133
round 134
round 135
coin 21 36
coin 57 0
round 136
round 137
round 138
round 139
round 140
coin 53 29
coin 25 7
round 141
round 142
round 143
round 144
round 145
coin 62 34
coin 16 2
round 146
round 147
round 148
round 149
round 150
coin 75 12
coin 3 24
round 151
round 152
round 153
round 154
round 155
coin 68 18
coin 10 18
round 156
round 157
round 158
round 159
round 160
coin 22 22
coin 55 14
round 161
round 162
round 163
round 164
round 165
coin 24 11
coin 54 25
round 166
round 167
round 168
round 169
round 170
coin 58 19
coin 20 17
round 171
round 172
round 173
round 174
round 175
coin 24 21
coin 54 15
round 176
round 177
round 178
round 179
round 180
coin 62 18
coin 16 18
round 181
round 182
round 183
round 184
round 185
coin 71 31
coin 7 5
round 186
round 187
round 188
round 189
round 190
coin 70 20
coin 8 16
round 191
round 192
round 193
round 194
round 195
coin 33 27
coin 45 9
round 196
round 197
round 198
round 199
round 200
coin 37 31
coin 41 5
match_over 0
