match
match_id 1639511002556_bf
match_time 1639511002560
num_bots 1
##MatchConfig
mode FRIENDLY
num_rounds 200
random_seed 42
move_time_limit 1000
coin_spawn_period 5
coin_spawn_volume 2
##MapConfig
map_size 51 22
view_radius 5
mining_radius 2
attack_radius 4
block 24 0
block 25 0
block 31 0
block 32 0
block 33 0
block 35 0
block 36 0
block 37 0
block 38 0
block 24 1
block 25 1
block 8 2
block 9 2
block 10 2
block 11 2
block 12 2
block 13 2
block 17 2
block 18 2
block 19 2
block 24 2
block 25 2
block 44 2
block 45 2
block 5 3
block 6 3
block 7 3
block 8 3
block 9 3
block 10 3
block 11 3
block 12 3
block 13 3
block 17 3
block 18 3
block 19 3
block 44 3
block 45 3
block 5 4
block 6 4
block 7 4
block 8 4
block 9 4
block 10 4
block 11 4
block 12 4
block 13 4
block 17 4
block 18 4
block 19 4
block 44 4
block 45 4
block 5 5
block 6 5
block 7 5
block 8 5
block 9 5
block 10 5
block 11 5
block 12 5
block 13 5
block 40 5
block 41 5
block 42 5
block 43 5
block 44 5
block 45 5
block 46 5
block 5 6
block 6 6
block 7 6
block 8 6
block 9 6
block 10 6
block 11 6
block 12 6
block 13 6
block 14 6
block 15 6
block 40 6
block 41 6
block 42 6
block 43 6
block 44 6
block 45 6
block 46 6
block 5 7
block 6 7
block 7 7
block 8 7
block 9 7
block 10 7
block 11 7
block 12 7
block 13 7
block 14 7
block 15 7
block 30 7
block 31 7
block 32 7
block 33 7
block 34 7
block 40 7
block 41 7
block 42 7
block 43 7
block 44 7
block 45 7
block 46 7
block 5 8
block 6 8
block 7 8
block 8 8
block 9 8
block 10 8
block 11 8
block 12 8
block 13 8
block 14 8
block 15 8
block 30 8
block 31 8
block 32 8
block 33 8
block 34 8
block 40 8
block 41 8
block 42 8
block 43 8
block 44 8
block 45 8
block 46 8
block 47 8
block 5 9
block 6 9
block 7 9
block 8 9
block 9 9
block 10 9
block 11 9
block 12 9
block 13 9
block 14 9
block 15 9
block 30 9
block 31 9
block 32 9
block 33 9
block 34 9
block 40 9
block 41 9
block 42 9
block 43 9
block 44 9
block 45 9
block 46 9
block 47 9
block 11 10
block 12 10
block 13 10
block 14 10
block 15 10
block 30 10
block 31 10
block 32 10
block 33 10
block 34 10
block 41 10
block 42 10
block 43 10
block 44 10
block 45 10
block 46 10
block 47 10
block 0 11
block 11 11
block 12 11
block 13 11
block 14 11
block 15 11
block 41 11
block 42 11
block 43 11
block 44 11
block 45 11
block 46 11
block 47 11
block 48 11
block 49 11
block 50 11
block 0 12
block 11 12
block 12 12
block 13 12
block 14 12
block 15 12
block 40 12
block 41 12
block 42 12
block 43 12
block 44 12
block 45 12
block 46 12
block 47 12
block 48 12
block 49 12
block 50 12
block 0 13
block 9 13
block 10 13
block 40 13
block 41 13
block 42 13
block 43 13
block 44 13
block 46 13
block 47 13
block 48 13
block 49 13
block 50 13
block 0 14
block 9 14
block 10 14
block 40 14
block 41 14
block 42 14
block 43 14
block 44 14
block 46 14
block 47 14
block 48 14
block 49 14
block 50 14
block 0 15
block 9 15
block 10 15
block 46 15
block 47 15
block 48 15
block 49 15
block 50 15
block 0 16
block 2 16
block 3 16
block 4 16
block 5 16
block 6 16
block 7 16
block 9 16
block 10 16
block 22 16
block 23 16
block 46 16
block 47 16
block 48 16
block 49 16
block 50 16
block 2 17
block 3 17
block 4 17
block 5 17
block 6 17
block 7 17
block 9 17
block 10 17
block 22 17
block 23 17
block 2 18
block 3 18
block 4 18
block 5 18
block 6 18
block 7 18
block 9 18
block 10 18
block 2 19
block 3 19
block 4 19
block 5 19
block 6 19
block 7 19
block 9 19
block 10 19
block 2 20
block 3 20
block 4 20
block 5 20
block 6 20
block 7 20
block 24 20
block 25 20
block 24 21
block 25 21
block 31 21
block 32 21
block 33 21
block 35 21
block 36 21
block 37 21
block 38 21
##BotsAndCoinsInfo
bot_name 0 theBest
bot 0 43 20
bot_coins 0 0
coin 26 15
coin 24 6
round 1
round 2
round 3
match_over 0
round 4
