match
match_id 1639523482389_ax
match_time 1639523482395
num_bots 1
##MatchConfig
mode FRIENDLY
num_rounds 200
random_seed 42
move_time_limit 1000
coin_spawn_period 5
coin_spawn_volume 2
##MapConfig
map_size 58 29
view_radius 5
mining_radius 1
attack_radius 4
block 11 0
block 12 0
block 37 0
block 38 0
block 39 0
block 40 0
block 41 0
block 42 0
block 6 1
block 7 1
block 8 1
block 9 1
block 10 1
block 11 1
block 12 1
block 37 1
block 38 1
block 39 1
block 40 1
block 41 1
block 42 1
block 6 2
block 7 2
block 8 2
block 9 2
block 10 2
block 11 2
block 12 2
block 37 2
block 38 2
block 39 2
block 40 2
block 41 2
block 42 2
block 6 3
block 7 3
block 8 3
block 9 3
block 10 3
block 11 3
block 12 3
block 37 3
block 38 3
block 39 3
block 40 3
block 41 3
block 42 3
block 44 3
block 45 3
block 46 3
block 47 3
block 48 3
block 49 3
block 6 4
block 7 4
block 8 4
block 9 4
block 10 4
block 11 4
block 12 4
block 37 4
block 38 4
block 39 4
block 40 4
block 41 4
block 42 4
block 44 4
block 45 4
block 46 4
block 47 4
block 48 4
block 49 4
block 6 5
block 7 5
block 8 5
block 9 5
block 10 5
block 11 5
block 12 5
block 4 6
block 5 6
block 6 6
block 7 6
block 8 6
block 9 6
block 10 6
block 11 6
block 12 6
block 51 6
block 52 6
block 53 6
block 54 6
block 55 6
block 4 7
block 5 7
block 6 7
block 17 7
block 18 7
block 19 7
block 20 7
block 21 7
block 22 7
block 23 7
block 51 7
block 52 7
block 53 7
block 54 7
block 55 7
block 4 8
block 5 8
block 6 8
block 17 8
block 18 8
block 19 8
block 20 8
block 21 8
block 22 8
block 23 8
block 4 9
block 5 9
block 6 9
block 17 9
block 18 9
block 19 9
block 20 9
block 21 9
block 22 9
block 23 9
block 29 9
block 30 9
block 54 9
block 55 9
block 4 10
block 5 10
block 6 10
block 17 10
block 18 10
block 19 10
block 20 10
block 21 10
block 22 10
block 23 10
block 29 10
block 30 10
block 54 10
block 55 10
block 17 11
block 18 11
block 19 11
block 20 11
block 21 11
block 22 11
block 23 11
block 44 11
block 45 11
block 46 11
block 54 11
block 55 11
block 0 12
block 1 12
block 2 12
block 3 12
block 4 12
block 17 12
block 18 12
block 19 12
block 20 12
block 21 12
block 22 12
block 23 12
block 44 12
block 45 12
block 46 12
block 54 12
block 55 12
block 57 12
block 0 13
block 1 13
block 2 13
block 3 13
block 4 13
block 17 13
block 18 13
block 19 13
block 20 13
block 21 13
block 22 13
block 23 13
block 44 13
block 45 13
block 46 13
block 54 13
block 55 13
block 57 13
block 0 14
block 1 14
block 2 14
block 3 14
block 4 14
block 44 14
block 45 14
block 46 14
block 47 14
block 48 14
block 49 14
block 57 14
block 0 15
block 1 15
block 2 15
block 3 15
block 4 15
block 44 15
block 45 15
block 46 15
block 47 15
block 48 15
block 49 15
block 57 15
block 0 16
block 1 16
block 2 16
block 3 16
block 4 16
block 44 16
block 45 16
block 46 16
block 47 16
block 48 16
block 49 16
block 55 16
block 56 16
block 57 16
block 0 17
block 1 17
block 2 17
block 3 17
block 4 17
block 5 17
block 55 17
block 56 17
block 57 17
block 0 18
block 1 18
block 2 18
block 3 18
block 4 18
block 5 18
block 23 18
block 24 18
block 25 18
block 55 18
block 56 18
block 57 18
block 0 19
block 1 19
block 2 19
block 3 19
block 4 19
block 5 19
block 23 19
block 24 19
block 25 19
block 28 19
block 29 19
block 30 19
block 31 19
block 32 19
block 33 19
block 34 19
block 55 19
block 56 19
block 57 19
block 0 20
block 1 20
block 2 20
block 23 20
block 24 20
block 25 20
block 28 20
block 29 20
block 30 20
block 31 20
block 32 20
block 33 20
block 34 20
block 55 20
block 56 20
block 57 20
block 0 21
block 1 21
block 2 21
block 23 21
block 24 21
block 25 21
block 28 21
block 29 21
block 30 21
block 31 21
block 32 21
block 33 21
block 34 21
block 55 21
block 56 21
block 57 21
block 28 22
block 29 22
block 30 22
block 31 22
block 32 22
block 33 22
block 34 22
block 50 22
block 51 22
block 52 22
block 53 22
block 54 22
block 30 23
block 31 23
block 32 23
block 50 23
block 51 23
block 52 23
block 53 23
block 54 23
block 30 24
block 31 24
block 32 24
block 30 25
block 31 25
block 32 25
block 40 25
block 41 25
block 46 25
block 47 25
block 48 25
block 49 25
block 50 25
block 51 25
block 30 26
block 31 26
block 32 26
block 40 26
block 41 26
block 46 26
block 47 26
block 48 26
block 49 26
block 50 26
block 51 26
block 37 27
block 38 27
block 39 27
block 40 27
block 41 27
block 42 27
block 46 27
block 47 27
block 48 27
block 49 27
block 50 27
block 51 27
block 37 28
block 38 28
block 39 28
block 40 28
block 41 28
block 42 28
block 46 28
block 47 28
block 48 28
block 49 28
block 50 28
block 51 28
##BotsAndCoinsInfo
bot_name 0 theBest
bot 0 14 21
bot_coins 0 0
coin 44 9
coin 13 19
round 1
bot 0 14 22
round 2
bot 0 14 23
round 3
bot 0 14 24
round 4
bot 0 14 25
round 5
bot 0 14 26
coin 38 15
coin 19 14
round 6
bot 0 14 27
round 7
bot 0 14 28
round 8
bot 0 15 28
round 9
bot 0 16 28
round 10
bot 0 17 28
coin 42 23
coin 15 5
round 11
bot 0 18 28
round 12
bot 0 19 28
round 13
bot 0 20 28
round 14
bot 0 21 28
round 15
bot 0 22 28
coin 27 8
coin 30 18
round 16
bot 0 23 28
round 17
bot 0 24 28
round 18
bot 0 25 28
round 19
bot 0 26 28
round 20
bot 0 27 28
coin 29 25
coin 28 3
round 21
bot 0 28 28
round 22
bot 0 29 28
round 23
bot 0 30 28
round 24
bot 0 31 28
round 25
bot 0 32 28
coin 26 22
coin 31 6
round 26
bot 0 33 28
round 27
bot 0 34 28
round 28
bot 0 35 28
round 29
bot 0 36 28
round 30
coin 18 15
coin 39 13
round 31
round 32
round 33
round 34
round 35
coin 20 20
coin 37 8
round 36
round 37
round 38
round 39
round 40
coin 20 1
coin 36 27
round 41
coin_collected 36 27 0
bot_coins 0 1
round 42
round 43
round 44
round 45
coin 5 2
coin 52 26
round 46
round 47
round 48
round 49
round 50
coin 48 0
coin 9 28
round 51
round 52
round 53
round 54
round 55
coin 28 18
coin 28 10
round 56
round 57
round 58
round 59
round 60
coin 6 19
coin 51 9
round 61
round 62
round 63
round 64
round 65
coin 34 8
coin 22 20
round 66
round 67
round 68
round 69
round 70
coin 9 11
coin 48 17
round 71
round 72
round 73
round 74
round 75
coin 30 1
coin 27 27
round 76
round 77
round 78
round 79
round 80
coin 5 16
coin 52 12
round 81
round 82
round 83
round 84
round 85
coin 47 8
coin 10 20
round 86
round 87
round 88
round 89
round 90
coin 10 27
coin 47 1
round 91
round 92
round 93
round 94
round 95
coin 51 21
coin 7 7
round 96
round 97
round 98
round 99
round 100
coin 43 22
coin 14 6
round 101
round 102
round 103
round 104
round 105
coin 23 23
coin 34 5
round 106
round 107
round 108
round 109
round 110
coin 11 15
coin 47 13
round 111
round 112
round 113
round 114
round 115
coin 21 0
coin 36 27
round 116
coin_collected 36 27 0
bot_coins 0 2
round 117
round 118
round 119
round 120
coin 33 14
coin 24 14
round 121
round 122
round 123
round 124
round 125
coin 57 2
coin 0 26
round 126
round 127
round 128
round 129
round 130
coin 10 10
coin 47 18
round 131
round 132
round 133
round 134
round 135
coin 26 19
coin 31 9
round 136
round 137
round 138
round 139
round 140
coin 25 22
coin 32 6
round 141
round 142
round 143
round 144
round 145
coin 21 5
coin 36 23
round 146
round 147
round 148
round 149
round 150
coin 56 6
coin 1 22
round 151
round 152
round 153
round 154
round 155
coin 52 20
coin 3 8
round 156
round 157
round 158
round 159
round 160
coin 18 14
coin 39 14
round 161
round 162
round 163
round 164
round 165
coin 10 25
coin 47 2
round 166
round 167
round 168
round 169
round 170
coin 3 5
coin 55 23
round 171
round 172
round 173
round 174
round 175
coin 44 18
coin 13 10
round 176
round 177
round 178
round 179
round 180
coin 43 5
coin 14 23
round 181
round 182
round 183
round 184
round 185
coin 49 24
coin 8 7
round 186
round 187
round 188
round 189
round 190
coin 46 6
coin 11 22
round 191
round 192
round 193
round 194
round 195
coin 29 11
coin 28 17
round 196
round 197
round 198
round 199
round 200
coin 2 4
coin 55 24
match_over 0
