match
match_id 1639523521115_ba
match_time 1639523521119
num_bots 1
##MatchConfig
mode FRIENDLY
num_rounds 200
random_seed 42
move_time_limit 1000
coin_spawn_period 5
coin_spawn_volume 2
##MapConfig
map_size 75 38
view_radius 5
mining_radius 2
attack_radius 3
block 33 0
block 34 0
block 35 0
block 36 0
block 33 1
block 34 1
block 35 1
block 36 1
block 25 2
block 26 2
block 27 2
block 28 2
block 29 2
block 30 2
block 31 2
block 33 2
block 34 2
block 35 2
block 36 2
block 17 3
block 18 3
block 19 3
block 20 3
block 21 3
block 25 3
block 26 3
block 27 3
block 28 3
block 29 3
block 30 3
block 31 3
block 33 3
block 34 3
block 35 3
block 36 3
block 17 4
block 18 4
block 19 4
block 20 4
block 21 4
block 11 5
block 12 5
block 17 5
block 18 5
block 19 5
block 20 5
block 21 5
block 61 5
block 62 5
block 63 5
block 64 5
block 65 5
block 66 5
block 11 6
block 12 6
block 17 6
block 18 6
block 19 6
block 20 6
block 21 6
block 61 6
block 62 6
block 63 6
block 64 6
block 65 6
block 66 6
block 2 7
block 3 7
block 4 7
block 5 7
block 11 7
block 12 7
block 17 7
block 18 7
block 19 7
block 20 7
block 21 7
block 61 7
block 62 7
block 63 7
block 64 7
block 65 7
block 66 7
block 2 8
block 3 8
block 4 8
block 5 8
block 10 8
block 11 8
block 12 8
block 48 8
block 49 8
block 50 8
block 51 8
block 52 8
block 61 8
block 62 8
block 63 8
block 64 8
block 65 8
block 66 8
block 2 9
block 3 9
block 4 9
block 5 9
block 10 9
block 11 9
block 12 9
block 48 9
block 49 9
block 50 9
block 51 9
block 52 9
block 65 9
block 66 9
block 2 10
block 3 10
block 4 10
block 5 10
block 10 10
block 11 10
block 48 10
block 49 10
block 50 10
block 51 10
block 52 10
block 65 10
block 66 10
block 2 11
block 3 11
block 4 11
block 5 11
block 48 11
block 49 11
block 50 11
block 51 11
block 52 11
block 65 11
block 66 11
block 2 12
block 3 12
block 4 12
block 5 12
block 65 12
block 66 12
block 40 13
block 41 13
block 42 13
block 65 13
block 66 13
block 40 14
block 41 14
block 42 14
block 65 14
block 66 14
block 40 15
block 41 15
block 42 15
block 40 16
block 41 16
block 42 16
block 16 17
block 17 17
block 18 17
block 19 17
block 20 17
block 21 17
block 40 17
block 41 17
block 42 17
block 16 18
block 17 18
block 18 18
block 19 18
block 20 18
block 21 18
block 40 18
block 41 18
block 42 18
block 16 19
block 17 19
block 18 19
block 19 19
block 20 19
block 21 19
block 40 19
block 41 19
block 42 19
block 16 20
block 17 20
block 18 20
block 19 20
block 20 20
block 21 20
block 10 21
block 11 21
block 12 21
block 13 21
block 14 21
block 15 21
block 16 21
block 17 21
block 18 21
block 19 21
block 20 21
block 21 21
block 10 22
block 11 22
block 12 22
block 13 22
block 14 22
block 15 22
block 16 22
block 17 22
block 18 22
block 19 22
block 20 22
block 21 22
block 10 23
block 11 23
block 12 23
block 13 23
block 14 23
block 15 23
block 16 23
block 17 23
block 18 23
block 19 23
block 20 23
block 69 23
block 70 23
block 71 23
block 72 23
block 73 23
block 10 24
block 11 24
block 12 24
block 13 24
block 14 24
block 65 24
block 66 24
block 69 24
block 70 24
block 71 24
block 72 24
block 73 24
block 59 25
block 60 25
block 61 25
block 65 25
block 66 25
block 69 25
block 70 25
block 71 25
block 72 25
block 73 25
block 59 26
block 60 26
block 61 26
block 65 26
block 66 26
block 69 26
block 70 26
block 71 26
block 72 26
block 73 26
block 59 27
block 60 27
block 61 27
block 69 27
block 70 27
block 71 27
block 72 27
block 73 27
block 0 28
block 3 28
block 4 28
block 5 28
block 6 28
block 7 28
block 59 28
block 60 28
block 61 28
block 62 28
block 63 28
block 64 28
block 65 28
block 69 28
block 70 28
block 71 28
block 72 28
block 73 28
block 74 28
block 0 29
block 3 29
block 4 29
block 5 29
block 6 29
block 7 29
block 33 29
block 34 29
block 35 29
block 36 29
block 59 29
block 60 29
block 61 29
block 62 29
block 63 29
block 64 29
block 65 29
block 70 29
block 71 29
block 72 29
block 73 29
block 74 29
block 0 30
block 3 30
block 4 30
block 5 30
block 6 30
block 7 30
block 23 30
block 24 30
block 33 30
block 34 30
block 35 30
block 36 30
block 37 30
block 51 30
block 52 30
block 53 30
block 54 30
block 55 30
block 56 30
block 59 30
block 60 30
block 61 30
block 62 30
block 63 30
block 64 30
block 70 30
block 71 30
block 72 30
block 73 30
block 74 30
block 0 31
block 3 31
block 4 31
block 5 31
block 6 31
block 7 31
block 23 31
block 24 31
block 33 31
block 34 31
block 35 31
block 36 31
block 37 31
block 51 31
block 52 31
block 53 31
block 54 31
block 55 31
block 56 31
block 59 31
block 60 31
block 61 31
block 62 31
block 63 31
block 64 31
block 70 31
block 71 31
block 72 31
block 73 31
block 74 31
block 0 32
block 3 32
block 4 32
block 5 32
block 6 32
block 7 32
block 18 32
block 19 32
block 20 32
block 21 32
block 22 32
block 23 32
block 36 32
block 37 32
block 51 32
block 52 32
block 53 32
block 54 32
block 55 32
block 56 32
block 59 32
block 60 32
block 61 32
block 62 32
block 63 32
block 64 32
block 65 32
block 70 32
block 71 32
block 72 32
block 73 32
block 74 32
block 0 33
block 3 33
block 4 33
block 5 33
block 6 33
block 7 33
block 18 33
block 19 33
block 20 33
block 21 33
block 22 33
block 23 33
block 36 33
block 37 33
block 51 33
block 52 33
block 53 33
block 54 33
block 55 33
block 56 33
block 59 33
block 60 33
block 61 33
block 62 33
block 63 33
block 64 33
block 65 33
block 70 33
block 71 33
block 72 33
block 73 33
block 74 33
block 0 34
block 3 34
block 4 34
block 5 34
block 6 34
block 7 34
block 18 34
block 19 34
block 20 34
block 21 34
block 22 34
block 23 34
block 51 34
block 52 34
block 53 34
block 54 34
block 55 34
block 56 34
block 59 34
block 60 34
block 61 34
block 62 34
block 63 34
block 64 34
block 65 34
block 70 34
block 71 34
block 72 34
block 73 34
block 74 34
block 6 35
block 7 35
block 59 35
block 60 35
block 61 35
block 62 35
block 63 35
block 64 35
block 6 36
block 7 36
block 33 37
block 34 37
block 35 37
block 36 37
##BotsAndCoinsInfo
bot_name 0 theBest
bot 0 29 36
bot_coins 0 0
coin 6 9
coin 68 28
round 1
bot 0 29 37
round 2
bot 0 30 37
round 3
bot 0 31 37
round 4
bot 0 32 37
round 5
coin 48 6
coin 26 31
round 6
round 7
round 8
round 9
round 10
coin 45 15
coin 29 22
round 11
round 12
round 13
round 14
round 15
coin 5 27
coin 69 10
round 16
round 17
round 18
round 19
round 20
coin 19 16
coin 55 21
round 21
round 22
round 23
round 24
round 25
coin 32 14
coin 42 23
round 26
round 27
round 28
round 29
round 30
coin 51 35
coin 23 2
round 31
round 32
round 33
round 34
round 35
coin 26 36
coin 48 1
round 36
round 37
round 38
round 39
round 40
coin 5 36
coin 69 1
round 41
round 42
round 43
round 44
round 45
coin 43 37
coin 31 0
round 46
coin_collected 31 0 0
bot_coins 0 1
round 47
round 48
round 49
round 50
coin 50 13
coin 24 24
round 51
round 52
round 53
round 54
round 55
coin 26 7
coin 48 30
round 56
round 57
round 58
round 59
round 60
coin 68 13
coin 6 24
round 61
round 62
round 63
round 64
round 65
coin 55 6
coin 19 31
round 66
round 67
round 68
round 69
round 70
coin 37 22
coin 37 15
round 71
round 72
round 73
round 74
round 75
coin 55 4
coin 17 33
round 76
round 77
round 78
round 79
round 80
coin 5 35
coin 69 2
round 81
round 82
round 83
round 84
round 85
coin 17 37
coin 57 0
round 86
round 87
round 88
round 89
round 90
coin 12 17
coin 62 20
round 91
round 92
round 93
round 94
round 95
coin 13 6
coin 58 31
round 96
round 97
round 98
round 99
round 100
coin 29 31
coin 45 6
round 101
round 102
round 103
round 104
round 105
coin 23 11
coin 51 26
round 106
round 107
round 108
round 109
round 110
coin 50 12
coin 24 25
round 111
round 112
round 113
round 114
round 115
coin 7 23
coin 67 14
round 116
round 117
round 118
round 119
round 120
coin 8 35
coin 66 2
round 121
round 122
round 123
round 124
round 125
coin 43 6
coin 31 31
round 126
round 127
round 128
round 129
round 130
coin 8 12
coin 67 25
round 131
round 132
round 133
round 134
round 135
coin 35 4
coin 39 33
round 136
round 137
round 138
round 139
round 140
coin 13 20
coin 61 17
round 141
round 142
round 143
round 144
round 145
coin 36 35
coin 38 2
round 146
round 147
round 148
round 149
round 150
coin 22 31
coin 52 6
round 151
round 152
round 153
round 154
round 155
coin 1 7
coin 1 30
round 156
round 157
round 158
round 159
round 160
coin 44 34
coin 30 4
round 161
round 162
round 163
round 164
round 165
coin 23 21
coin 51 16
round 166
round 167
round 168
round 169
round 170
coin 0 17
coin 74 20
round 171
round 172
round 173
round 174
round 175
coin 40 3
coin 34 34
round 176
round 177
round 178
round 179
round 180
coin 28 23
coin 46 14
round 181
round 182
round 183
round 184
round 185
coin 73 9
coin 1 28
round 186
round 187
round 188
round 189
round 190
coin 11 14
coin 63 23
round 191
round 192
round 193
round 194
round 195
coin 50 35
coin 24 2
round 196
round 197
round 198
round 199
round 200
coin 0 2
coin 74 35
match_over 0
