match
match_id 1639561350731_ak
match_time 1639561350739
num_bots 1
##MatchConfig
mode FRIENDLY
num_rounds 200
random_seed 42
move_time_limit 1000
coin_spawn_period 5
coin_spawn_volume 2
##MapConfig
map_size 53 34
view_radius 5
mining_radius 2
attack_radius 3
block 0 0
block 1 0
block 26 0
block 27 0
block 28 0
block 29 0
block 30 0
block 31 0
block 32 0
block 47 0
block 48 0
block 49 0
block 50 0
block 51 0
block 52 0
block 26 1
block 27 1
block 28 1
block 29 1
block 30 1
block 31 1
block 32 1
block 47 1
block 48 1
block 26 2
block 27 2
block 28 2
block 29 2
block 30 2
block 31 2
block 32 2
block 47 2
block 48 2
block 26 3
block 27 3
block 28 3
block 29 3
block 30 3
block 31 3
block 32 3
block 33 3
block 34 3
block 35 3
block 36 3
block 0 4
block 26 4
block 27 4
block 28 4
block 29 4
block 30 4
block 31 4
block 32 4
block 33 4
block 34 4
block 35 4
block 36 4
block 37 4
block 38 4
block 49 4
block 50 4
block 51 4
block 52 4
block 0 5
block 6 5
block 7 5
block 8 5
block 9 5
block 10 5
block 11 5
block 12 5
block 36 5
block 37 5
block 38 5
block 49 5
block 50 5
block 51 5
block 52 5
block 0 6
block 6 6
block 7 6
block 8 6
block 9 6
block 10 6
block 11 6
block 12 6
block 36 6
block 37 6
block 38 6
block 48 6
block 49 6
block 50 6
block 51 6
block 52 6
block 0 7
block 6 7
block 7 7
block 8 7
block 9 7
block 10 7
block 11 7
block 12 7
block 28 7
block 29 7
block 30 7
block 31 7
block 36 7
block 37 7
block 38 7
block 48 7
block 49 7
block 50 7
block 51 7
block 52 7
block 0 8
block 6 8
block 7 8
block 8 8
block 9 8
block 10 8
block 11 8
block 12 8
block 28 8
block 29 8
block 30 8
block 31 8
block 32 8
block 33 8
block 34 8
block 35 8
block 36 8
block 37 8
block 38 8
block 48 8
block 49 8
block 50 8
block 51 8
block 52 8
block 0 9
block 1 9
block 2 9
block 3 9
block 4 9
block 5 9
block 6 9
block 7 9
block 8 9
block 9 9
block 10 9
block 11 9
block 12 9
block 28 9
block 29 9
block 30 9
block 31 9
block 32 9
block 33 9
block 34 9
block 35 9
block 36 9
block 37 9
block 38 9
block 48 9
block 49 9
block 50 9
block 51 9
block 52 9
block 0 10
block 1 10
block 2 10
block 3 10
block 4 10
block 5 10
block 6 10
block 7 10
block 8 10
block 9 10
block 10 10
block 11 10
block 12 10
block 13 10
block 32 10
block 33 10
block 34 10
block 35 10
block 36 10
block 37 10
block 38 10
block 48 10
block 49 10
block 50 10
block 51 10
block 52 10
block 0 11
block 1 11
block 2 11
block 3 11
block 4 11
block 5 11
block 6 11
block 7 11
block 8 11
block 9 11
block 10 11
block 11 11
block 12 11
block 13 11
block 37 11
block 38 11
block 48 11
block 49 11
block 50 11
block 51 11
block 52 11
block 0 12
block 1 12
block 2 12
block 4 12
block 5 12
block 6 12
block 7 12
block 8 12
block 9 12
block 37 12
block 38 12
block 48 12
block 49 12
block 50 12
block 51 12
block 52 12
block 0 13
block 1 13
block 2 13
block 4 13
block 5 13
block 6 13
block 7 13
block 8 13
block 9 13
block 37 13
block 38 13
block 49 13
block 50 13
block 51 13
block 52 13
block 0 14
block 1 14
block 2 14
block 6 14
block 7 14
block 17 14
block 18 14
block 19 14
block 20 14
block 49 14
block 50 14
block 51 14
block 52 14
block 0 15
block 1 15
block 2 15
block 6 15
block 7 15
block 17 15
block 18 15
block 19 15
block 20 15
block 24 15
block 25 15
block 26 15
block 27 15
block 28 15
block 29 15
block 30 15
block 49 15
block 50 15
block 51 15
block 52 15
block 6 16
block 7 16
block 17 16
block 18 16
block 19 16
block 20 16
block 21 16
block 24 16
block 25 16
block 26 16
block 27 16
block 28 16
block 29 16
block 30 16
block 49 16
block 50 16
block 51 16
block 6 17
block 7 17
block 17 17
block 18 17
block 19 17
block 20 17
block 21 17
block 24 17
block 25 17
block 26 17
block 27 17
block 28 17
block 29 17
block 30 17
block 49 17
block 50 17
block 51 17
block 6 18
block 7 18
block 17 18
block 18 18
block 19 18
block 20 18
block 21 18
block 24 18
block 25 18
block 26 18
block 27 18
block 28 18
block 29 18
block 30 18
block 31 18
block 32 18
block 49 18
block 50 18
block 51 18
block 17 19
block 18 19
block 19 19
block 20 19
block 21 19
block 24 19
block 25 19
block 26 19
block 27 19
block 28 19
block 29 19
block 30 19
block 31 19
block 32 19
block 27 20
block 28 20
block 29 20
block 30 20
block 31 20
block 32 20
block 6 21
block 7 21
block 27 21
block 28 21
block 29 21
block 30 21
block 31 21
block 32 21
block 5 22
block 6 22
block 7 22
block 8 22
block 5 23
block 6 23
block 7 23
block 8 23
block 35 23
block 36 23
block 37 23
block 38 23
block 39 23
block 5 24
block 6 24
block 7 24
block 8 24
block 35 24
block 36 24
block 37 24
block 38 24
block 39 24
block 5 25
block 6 25
block 7 25
block 8 25
block 35 25
block 36 25
block 37 25
block 38 25
block 39 25
block 5 26
block 6 26
block 7 26
block 8 26
block 35 26
block 36 26
block 37 26
block 38 26
block 39 26
block 5 27
block 6 27
block 7 27
block 8 27
block 35 27
block 36 27
block 37 27
block 38 27
block 39 27
block 0 28
block 1 28
block 11 28
block 12 28
block 13 28
block 14 28
block 15 28
block 16 28
block 48 28
block 49 28
block 50 28
block 51 28
block 52 28
block 0 29
block 1 29
block 11 29
block 12 29
block 13 29
block 14 29
block 15 29
block 16 29
block 17 29
block 18 29
block 48 29
block 49 29
block 50 29
block 51 29
block 52 29
block 0 30
block 1 30
block 11 30
block 12 30
block 13 30
block 14 30
block 15 30
block 16 30
block 17 30
block 18 30
block 48 30
block 49 30
block 50 30
block 51 30
block 52 30
block 0 31
block 1 31
block 11 31
block 12 31
block 13 31
block 14 31
block 15 31
block 16 31
block 17 31
block 18 31
block 48 31
block 49 31
block 50 31
block 51 31
block 52 31
block 0 32
block 1 32
block 11 32
block 12 32
block 13 32
block 14 32
block 15 32
block 16 32
block 26 32
block 27 32
block 28 32
block 29 32
block 30 32
block 31 32
block 32 32
block 48 32
block 49 32
block 50 32
block 51 32
block 52 32
block 0 33
block 1 33
block 26 33
block 27 33
block 28 33
block 29 33
block 30 33
block 31 33
block 32 33
block 47 33
block 48 33
block 49 33
block 50 33
block 51 33
block 52 33
##BotsAndCoinsInfo
bot_name 0 theBest
bot 0 3 29
bot_coins 0 0
coin 34 11
coin 18 22
round 1
bot 0 4 29
round 2
bot 0 5 29
round 3
bot 0 6 29
round 4
bot 0 7 29
round 5
bot 0 8 29
coin 5 14
coin 47 19
round 6
bot 0 9 29
round 7
bot 0 10 29
round 8
round 9
round 10
coin 19 9
coin 33 24
round 11
round 12
round 13
round 14
round 15
coin 45 12
coin 8 21
round 16
round 17
round 18
round 19
round 20
coin 14 7
coin 38 28
round 21
round 22
round 23
round 24
round 25
coin 3 12
coin 49 21
round 26
round 27
round 28
round 29
round 30
coin 20 13
coin 33 20
round 31
round 32
round 33
round 34
round 35
coin 34 14
coin 18 20
round 36
round 37
round 38
round 39
round 40
coin 34 7
coin 18 26
round 41
round 42
round 43
round 44
round 45
coin 40 15
coin 12 18
round 46
round 47
round 48
round 49
round 50
coin 39 11
coin 13 22
round 51
round 52
round 53
round 54
round 55
coin 21 33
coin 33 0
round 56
round 57
round 58
round 59
round 60
coin 42 1
coin 10 32
round 61
bot 0 10 30
coin_collected 10 32 0
bot_coins 0 1
round 62
round 63
round 64
round 65
coin 34 20
coin 18 13
round 66
round 67
round 68
round 69
round 70
coin 27 31
coin 25 2
round 71
round 72
round 73
round 74
round 75
coin 24 14
coin 26 20
round 76
round 77
round 78
round 79
round 80
coin 43 25
coin 9 4
round 81
round 82
round 83
round 84
round 85
coin 26 27
coin 26 6
round 86
round 87
round 88
round 89
round 90
coin 46 9
coin 4 24
round 91
round 92
round 93
round 94
round 95
coin 30 5
coin 22 28
round 96
round 97
round 98
round 99
round 100
coin 32 31
coin 20 2
round 101
round 102
round 103
round 104
round 105
coin 27 29
coin 25 4
round 106
round 107
round 108
round 109
round 110
coin 5 8
coin 47 25
round 111
round 112
round 113
round 114
round 115
coin 0 19
coin 52 16
round 116
round 117
round 118
round 119
round 120
coin 44 9
coin 9 24
round 121
round 122
round 123
round 124
round 125
coin 46 8
coin 4 25
round 126
round 127
round 128
round 129
round 130
coin 48 14
coin 4 19
round 131
round 132
round 133
round 134
round 135
coin 19 20
coin 33 13
round 136
round 137
round 138
round 139
round 140
coin 46 1
coin 6 32
round 141
bot 0 9 31
round 142
bot 0 8 32
coin_collected 6 32 0
bot_coins 0 2
round 143
bot 0 9 32
round 144
bot 0 10 32
round 145
coin 32 23
coin 20 10
round 146
round 147
round 148
round 149
round 150
coin 39 7
coin 13 26
round 151
round 152
round 153
round 154
round 155
coin 1 8
coin 51 25
round 156
round 157
round 158
round 159
round 160
coin 2 2
coin 47 31
round 161
round 162
round 163
round 164
round 165
coin 8 14
coin 44 19
round 166
round 167
round 168
round 169
round 170
coin 15 3
coin 37 30
round 171
round 172
round 173
round 174
round 175
coin 27 7
coin 25 26
round 176
round 177
round 178
round 179
round 180
coin 29 5
coin 23 28
round 181
round 182
round 183
round 184
round 185
coin 1 7
coin 51 26
round 186
round 187
round 188
round 189
round 190
coin 49 22
coin 3 13
round 191
round 192
round 193
round 194
round 195
coin 16 13
coin 36 20
round 196
round 197
round 198
round 199
round 200
coin 52 22
coin 2 8
match_over 0
