match
match_id 1639511617323_ac
match_time 1639511617332
num_bots 1
##MatchConfig
mode FRIENDLY
num_rounds 200
random_seed 42
move_time_limit 1000
coin_spawn_period 5
coin_spawn_volume 2
##MapConfig
map_size 76 20
view_radius 6
mining_radius 1
attack_radius 3
block 63 2
block 64 2
block 42 3
block 43 3
block 44 3
block 45 3
block 63 3
block 64 3
block 42 4
block 43 4
block 44 4
block 45 4
block 63 4
block 64 4
block 63 5
block 64 5
block 72 6
block 73 6
block 74 6
block 72 7
block 73 7
block 74 7
block 21 8
block 22 8
block 23 8
block 24 8
block 25 8
block 72 8
block 73 8
block 74 8
block 21 9
block 22 9
block 23 9
block 24 9
block 25 9
block 72 9
block 73 9
block 74 9
block 21 10
block 22 10
block 23 10
block 24 10
block 25 10
block 44 10
block 45 10
block 46 10
block 47 10
block 48 10
block 49 10
block 64 10
block 65 10
block 66 10
block 67 10
block 68 10
block 69 10
block 72 10
block 73 10
block 74 10
block 21 11
block 22 11
block 23 11
block 24 11
block 25 11
block 44 11
block 45 11
block 46 11
block 47 11
block 48 11
block 49 11
block 64 11
block 65 11
block 66 11
block 67 11
block 68 11
block 69 11
block 72 11
block 73 11
block 74 11
block 21 12
block 22 12
block 23 12
block 24 12
block 25 12
block 44 12
block 45 12
block 46 12
block 47 12
block 48 12
block 49 12
block 64 12
block 65 12
block 66 12
block 67 12
block 68 12
block 69 12
block 72 12
block 73 12
block 74 12
block 21 13
block 22 13
block 23 13
block 24 13
block 25 13
block 44 13
block 45 13
block 46 13
block 47 13
block 48 13
block 49 13
block 64 13
block 65 13
block 66 13
block 67 13
block 68 13
block 69 13
block 44 14
block 45 14
block 46 14
block 47 14
block 48 14
block 49 14
block 64 14
block 65 14
block 66 14
block 67 14
block 68 14
block 69 14
block 44 15
block 45 15
block 46 15
block 47 15
block 48 15
block 49 15
block 64 15
block 65 15
block 66 15
block 67 15
block 68 15
block 69 15
##BotsAndCoinsInfo
bot_name 0 theBest
bot 0 26 12
bot_coins 0 0
coin 26 3
coin 49 16
round 1
round 2
bot 0 26 11
round 3
bot 0 27 11
round 4
bot 0 26 11
round 5
coin 12 4
coin 63 15
round 6
bot 0 27 12
round 7
bot 0 28 13
round 8
bot 0 27 13
round 9
bot 0 28 14
round 10
bot 0 28 15
coin 6 5
coin 70 14
round 11
bot 0 27 16
round 12
bot 0 26 17
round 13
bot 0 25 18
round 14
bot 0 25 17
round 15
bot 0 25 18
coin 25 19
coin 50 0
round 16
bot 0 26 18
round 17
bot 0 27 17
round 18
bot 0 27 16
round 19
bot 0 27 15
round 20
coin 51 13
coin 24 6
round 21
bot 0 26 14
round 22
bot 0 25 15
round 23
bot 0 24 16
round 24
bot 0 23 17
round 25
bot 0 22 16
coin 42 2
coin 33 17
round 26
round 27
bot 0 23 15
round 28
bot 0 24 14
round 29
round 30
bot 0 23 14
coin 12 12
coin 63 7
round 31
round 32
bot 0 24 14
round 33
bot 0 23 15
round 34
bot 0 23 16
round 35
coin 63 12
coin 12 7
round 36
bot 0 24 16
round 37
bot 0 23 15
round 38
bot 0 23 16
round 39
bot 0 24 17
round 40
bot 0 25 16
coin 68 9
coin 7 10
round 41
bot 0 25 15
round 42
bot 0 24 14
round 43
bot 0 25 15
round 44
bot 0 24 14
round 45
bot 0 25 15
coin 11 9
coin 63 10
round 46
bot 0 25 14
round 47
bot 0 24 15
round 48
bot 0 24 16
round 49
bot 0 23 17
round 50
bot 0 24 18
coin 40 3
coin 35 16
round 51
bot 0 24 19
coin_collected 25 19 0
bot_coins 0 1
round 52
bot 0 23 18
round 53
bot 0 23 17
round 54
bot 0 22 16
round 55
bot 0 21 17
coin 54 13
coin 21 6
round 56
round 57
bot 0 22 17
round 58
bot 0 22 18
round 59
bot 0 22 19
round 60
bot 0 23 0
coin 47 1
coin 28 18
round 61
round 62
round 63
match_over 0
round 64
