match
match_id 1639503960030_ac
match_time 1639503960042
num_bots 1
##MatchConfig
mode FRIENDLY
num_rounds 200
random_seed 42
move_time_limit 1000
coin_spawn_period 5
coin_spawn_volume 2
##MapConfig
map_size 66 28
view_radius 6
mining_radius 1
attack_radius 4
block 0 0
block 1 0
block 2 0
block 3 0
block 4 0
block 5 0
block 6 0
block 7 0
block 8 0
block 9 0
block 10 0
block 22 0
block 23 0
block 24 0
block 25 0
block 26 0
block 27 0
block 28 0
block 33 0
block 34 0
block 35 0
block 36 0
block 37 0
block 43 0
block 44 0
block 45 0
block 46 0
block 47 0
block 48 0
block 49 0
block 50 0
block 65 0
block 0 1
block 1 1
block 2 1
block 3 1
block 4 1
block 5 1
block 6 1
block 7 1
block 8 1
block 9 1
block 10 1
block 20 1
block 21 1
block 22 1
block 23 1
block 24 1
block 25 1
block 26 1
block 27 1
block 28 1
block 33 1
block 34 1
block 35 1
block 36 1
block 37 1
block 43 1
block 44 1
block 45 1
block 46 1
block 47 1
block 48 1
block 49 1
block 50 1
block 65 1
block 0 2
block 1 2
block 2 2
block 3 2
block 4 2
block 5 2
block 6 2
block 7 2
block 8 2
block 9 2
block 10 2
block 16 2
block 17 2
block 18 2
block 19 2
block 20 2
block 21 2
block 22 2
block 23 2
block 24 2
block 25 2
block 26 2
block 27 2
block 28 2
block 33 2
block 34 2
block 35 2
block 36 2
block 37 2
block 43 2
block 44 2
block 45 2
block 46 2
block 47 2
block 48 2
block 49 2
block 50 2
block 65 2
block 0 3
block 1 3
block 2 3
block 3 3
block 4 3
block 5 3
block 6 3
block 7 3
block 8 3
block 9 3
block 10 3
block 16 3
block 17 3
block 18 3
block 19 3
block 20 3
block 21 3
block 22 3
block 23 3
block 24 3
block 25 3
block 26 3
block 27 3
block 28 3
block 29 3
block 33 3
block 34 3
block 35 3
block 36 3
block 37 3
block 43 3
block 44 3
block 45 3
block 46 3
block 47 3
block 48 3
block 49 3
block 50 3
block 65 3
block 5 4
block 6 4
block 7 4
block 8 4
block 9 4
block 10 4
block 16 4
block 17 4
block 18 4
block 19 4
block 20 4
block 21 4
block 22 4
block 23 4
block 24 4
block 25 4
block 26 4
block 27 4
block 28 4
block 29 4
block 33 4
block 34 4
block 35 4
block 36 4
block 37 4
block 43 4
block 44 4
block 45 4
block 46 4
block 47 4
block 48 4
block 12 5
block 13 5
block 14 5
block 15 5
block 16 5
block 17 5
block 18 5
block 19 5
block 20 5
block 21 5
block 22 5
block 24 5
block 25 5
block 26 5
block 27 5
block 28 5
block 29 5
block 43 5
block 44 5
block 45 5
block 46 5
block 47 5
block 48 5
block 56 5
block 57 5
block 58 5
block 59 5
block 60 5
block 61 5
block 62 5
block 12 6
block 13 6
block 14 6
block 15 6
block 16 6
block 17 6
block 18 6
block 19 6
block 20 6
block 21 6
block 22 6
block 24 6
block 25 6
block 26 6
block 27 6
block 28 6
block 29 6
block 42 6
block 43 6
block 44 6
block 45 6
block 46 6
block 47 6
block 56 6
block 57 6
block 58 6
block 59 6
block 60 6
block 61 6
block 62 6
block 12 7
block 13 7
block 14 7
block 15 7
block 16 7
block 17 7
block 18 7
block 24 7
block 25 7
block 26 7
block 27 7
block 28 7
block 29 7
block 42 7
block 43 7
block 44 7
block 45 7
block 46 7
block 47 7
block 56 7
block 57 7
block 58 7
block 59 7
block 60 7
block 61 7
block 62 7
block 20 8
block 21 8
block 22 8
block 24 8
block 25 8
block 26 8
block 27 8
block 28 8
block 29 8
block 42 8
block 43 8
block 44 8
block 45 8
block 46 8
block 47 8
block 56 8
block 57 8
block 58 8
block 59 8
block 60 8
block 61 8
block 62 8
block 20 9
block 21 9
block 22 9
block 24 9
block 25 9
block 26 9
block 27 9
block 28 9
block 29 9
block 42 9
block 43 9
block 44 9
block 45 9
block 46 9
block 47 9
block 52 9
block 53 9
block 54 9
block 55 9
block 56 9
block 57 9
block 58 9
block 59 9
block 60 9
block 61 9
block 62 9
block 20 10
block 21 10
block 22 10
block 42 10
block 43 10
block 44 10
block 45 10
block 46 10
block 47 10
block 52 10
block 53 10
block 54 10
block 55 10
block 56 10
block 20 11
block 21 11
block 22 11
block 42 11
block 43 11
block 44 11
block 45 11
block 46 11
block 47 11
block 52 11
block 53 11
block 54 11
block 55 11
block 56 11
block 15 12
block 16 12
block 17 12
block 42 12
block 43 12
block 44 12
block 45 12
block 46 12
block 47 12
block 52 12
block 53 12
block 54 12
block 55 12
block 56 12
block 15 13
block 16 13
block 17 13
block 15 14
block 16 14
block 17 14
block 6 15
block 7 15
block 8 15
block 9 15
block 10 15
block 11 15
block 15 15
block 16 15
block 17 15
block 48 15
block 49 15
block 50 15
block 51 15
block 52 15
block 53 15
block 54 15
block 6 16
block 7 16
block 8 16
block 9 16
block 10 16
block 11 16
block 15 16
block 16 16
block 17 16
block 32 16
block 33 16
block 34 16
block 35 16
block 48 16
block 49 16
block 50 16
block 51 16
block 52 16
block 53 16
block 54 16
block 6 17
block 7 17
block 8 17
block 9 17
block 10 17
block 11 17
block 15 17
block 16 17
block 17 17
block 32 17
block 33 17
block 34 17
block 35 17
block 48 17
block 49 17
block 50 17
block 51 17
block 52 17
block 53 17
block 54 17
block 6 18
block 7 18
block 8 18
block 9 18
block 10 18
block 11 18
block 15 18
block 16 18
block 17 18
block 32 18
block 33 18
block 34 18
block 35 18
block 48 18
block 49 18
block 50 18
block 51 18
block 52 18
block 53 18
block 54 18
block 6 19
block 7 19
block 8 19
block 9 19
block 10 19
block 11 19
block 15 19
block 16 19
block 17 19
block 32 19
block 33 19
block 34 19
block 35 19
block 48 19
block 49 19
block 50 19
block 51 19
block 52 19
block 53 19
block 54 19
block 6 20
block 7 20
block 8 20
block 9 20
block 10 20
block 11 20
block 15 20
block 16 20
block 17 20
block 32 20
block 33 20
block 34 20
block 35 20
block 36 20
block 37 20
block 38 20
block 39 20
block 48 20
block 49 20
block 50 20
block 51 20
block 52 20
block 53 20
block 54 20
block 59 20
block 60 20
block 6 21
block 7 21
block 8 21
block 9 21
block 10 21
block 11 21
block 15 21
block 16 21
block 17 21
block 32 21
block 33 21
block 34 21
block 35 21
block 36 21
block 37 21
block 38 21
block 39 21
block 59 21
block 60 21
block 0 22
block 1 22
block 15 22
block 16 22
block 17 22
block 31 22
block 32 22
block 33 22
block 34 22
block 35 22
block 36 22
block 37 22
block 38 22
block 39 22
block 63 22
block 64 22
block 65 22
block 0 23
block 1 23
block 31 23
block 32 23
block 33 23
block 34 23
block 35 23
block 36 23
block 37 23
block 38 23
block 39 23
block 41 23
block 42 23
block 43 23
block 44 23
block 45 23
block 46 23
block 63 23
block 64 23
block 65 23
block 25 24
block 26 24
block 31 24
block 32 24
block 33 24
block 41 24
block 42 24
block 43 24
block 44 24
block 45 24
block 46 24
block 25 25
block 26 25
block 31 25
block 32 25
block 33 25
block 49 25
block 50 25
block 25 26
block 26 26
block 31 26
block 32 26
block 33 26
block 49 26
block 50 26
block 0 27
block 1 27
block 2 27
block 3 27
block 4 27
block 5 27
block 6 27
block 7 27
block 8 27
block 9 27
block 10 27
block 31 27
block 32 27
block 33 27
block 34 27
block 35 27
block 36 27
block 37 27
block 49 27
block 50 27
block 65 27
##BotsAndCoinsInfo
bot_name 0 theBest
bot 0 12 16
bot_coins 0 0
coin 62 19
coin 3 8
round 1
round 2
round 3
match_over 0
round 4
