match
match_id 1639506306598_ax
match_time 1639506306611
num_bots 1
##MatchConfig
mode FRIENDLY
num_rounds 200
random_seed 42
move_time_limit 1000
coin_spawn_period 5
coin_spawn_volume 2
##MapConfig
map_size 57 27
view_radius 6
mining_radius 1
attack_radius 3
block 9 0
block 10 0
block 11 0
block 12 0
block 13 0
block 16 0
block 17 0
block 18 0
block 19 0
block 20 0
block 21 0
block 22 0
block 9 1
block 10 1
block 11 1
block 12 1
block 13 1
block 16 1
block 17 1
block 18 1
block 19 1
block 20 1
block 21 1
block 22 1
block 9 2
block 10 2
block 11 2
block 12 2
block 13 2
block 16 2
block 17 2
block 18 2
block 19 2
block 20 2
block 21 2
block 22 2
block 9 3
block 10 3
block 11 3
block 12 3
block 13 3
block 16 3
block 17 3
block 18 3
block 19 3
block 20 3
block 21 3
block 22 3
block 9 4
block 10 4
block 11 4
block 12 4
block 13 4
block 0 6
block 1 6
block 54 6
block 55 6
block 56 6
block 0 7
block 1 7
block 54 7
block 55 7
block 56 7
block 0 8
block 1 8
block 54 8
block 55 8
block 56 8
block 1 17
block 2 17
block 3 17
block 4 17
block 5 17
block 6 17
block 7 17
block 1 18
block 2 18
block 3 18
block 4 18
block 5 18
block 6 18
block 7 18
block 3 19
block 4 19
block 5 19
block 6 19
block 7 19
block 3 20
block 4 20
block 5 20
block 6 20
block 7 20
block 42 21
block 43 21
block 44 21
block 45 21
block 46 21
block 42 22
block 43 22
block 44 22
block 45 22
block 46 22
block 42 23
block 43 23
block 44 23
block 45 23
block 46 23
block 16 24
block 17 24
block 18 24
block 19 24
block 20 24
block 21 24
block 22 24
block 42 24
block 43 24
block 44 24
block 45 24
block 46 24
block 16 25
block 17 25
block 18 25
block 19 25
block 20 25
block 21 25
block 22 25
block 42 25
block 43 25
block 44 25
block 45 25
block 46 25
block 16 26
block 17 26
block 18 26
block 19 26
block 20 26
block 21 26
block 22 26
##BotsAndCoinsInfo
bot_name 0 theBest
bot 0 24 21
bot_coins 0 0
coin 26 3
coin 30 23
round 1
bot 0 24 22
round 2
bot 0 24 23
round 3
round 4
round 5
coin 12 17
coin 44 9
round 6
round 7
round 8
round 9
round 10
coin 6 16
coin 50 10
round 11
round 12
round 13
round 14
round 15
coin 44 20
coin 12 6
round 16
round 17
round 18
round 19
round 20
coin 14 2
coin 41 24
round 21
round 22
round 23
round 24
round 25
coin 23 26
coin 33 0
round 26
round 27
round 28
round 29
round 30
coin 12 9
coin 44 17
round 31
round 32
round 33
round 34
round 35
coin 26 5
coin 30 21
round 36
round 37
round 38
round 39
round 40
coin 30 6
coin 26 20
round 41
round 42
round 43
round 44
round 45
coin 49 8
coin 8 18
round 46
round 47
round 48
round 49
round 50
coin 2 4
coin 54 22
round 51
round 52
round 53
round 54
round 55
coin 35 24
coin 21 4
round 56
round 57
round 58
round 59
round 60
coin 47 0
coin 9 26
round 61
round 62
round 63
round 64
round 65
coin 25 22
coin 31 4
round 66
round 67
round 68
round 69
round 70
coin 8 3
coin 48 23
round 71
round 72
round 73
round 74
round 75
coin 19 21
coin 37 5
round 76
round 77
round 78
round 79
round 80
coin 5 23
coin 51 3
round 81
round 82
round 83
round 84
round 85
coin 44 14
coin 12 12
round 86
round 87
round 88
round 89
round 90
coin 3 7
coin 53 19
round 91
round 92
round 93
round 94
round 95
coin 1 21
coin 55 5
round 96
round 97
round 98
round 99
round 100
coin 8 22
coin 48 4
round 101
round 102
round 103
round 104
round 105
coin 56 25
coin 0 1
round 106
round 107
round 108
round 109
round 110
coin 50 24
coin 6 2
round 111
round 112
round 113
round 114
round 115
coin 25 20
coin 31 6
round 116
round 117
round 118
round 119
round 120
coin 53 7
coin 2 19
round 121
round 122
round 123
round 124
round 125
coin 34 14
coin 22 12
round 126
round 127
round 128
round 129
round 130
coin 47 4
coin 9 22
round 131
round 132
round 133
round 134
round 135
coin 23 7
coin 33 19
round 136
round 137
round 138
round 139
round 140
coin 19 4
coin 37 22
round 141
round 142
round 143
round 144
round 145
coin 45 18
coin 11 8
round 146
round 147
round 148
round 149
round 150
coin 28 14
coin 28 12
round 151
round 152
round 153
round 154
round 155
coin 38 13
coin 18 13
round 156
round 157
round 158
round 159
round 160
coin 26 23
coin 30 3
round 161
round 162
round 163
round 164
round 165
coin 20 22
coin 36 4
round 166
round 167
round 168
round 169
round 170
coin 15 9
coin 41 17
round 171
round 172
round 173
round 174
round 175
coin 34 5
coin 22 21
round 176
round 177
round 178
round 179
round 180
coin 4 7
coin 52 19
round 181
round 182
round 183
round 184
round 185
coin 19 23
coin 37 3
round 186
round 187
round 188
round 189
round 190
coin 56 26
coin 0 0
round 191
round 192
round 193
round 194
round 195
coin 26 6
coin 30 20
round 196
round 197
round 198
round 199
round 200
coin 42 19
coin 14 7
match_over 0
