match
match_id 1639562775971_aq
match_time 1639562775977
num_bots 1
##MatchConfig
mode FRIENDLY
num_rounds 200
random_seed 42
move_time_limit 1000
coin_spawn_period 5
coin_spawn_volume 2
##MapConfig
map_size 67 26
view_radius 5
mining_radius 2
attack_radius 3
block 35 0
block 36 0
block 37 0
block 24 1
block 25 1
block 26 1
block 27 1
block 28 1
block 29 1
block 24 2
block 25 2
block 26 2
block 27 2
block 28 2
block 29 2
block 28 5
block 29 5
block 30 5
block 31 5
block 32 5
block 28 6
block 29 6
block 30 6
block 31 6
block 32 6
block 28 7
block 29 7
block 30 7
block 31 7
block 32 7
block 28 8
block 29 8
block 30 8
block 31 8
block 32 8
block 28 9
block 29 9
block 30 9
block 31 9
block 32 9
block 40 9
block 41 9
block 42 9
block 43 9
block 44 9
block 40 10
block 41 10
block 42 10
block 43 10
block 44 10
block 40 11
block 41 11
block 42 11
block 43 11
block 44 11
block 45 11
block 46 11
block 47 11
block 48 11
block 49 11
block 50 11
block 51 11
block 40 12
block 41 12
block 42 12
block 43 12
block 44 12
block 45 12
block 46 12
block 47 12
block 48 12
block 49 12
block 50 12
block 51 12
block 40 13
block 41 13
block 42 13
block 43 13
block 44 13
block 45 13
block 46 13
block 47 13
block 48 13
block 49 13
block 50 13
block 51 13
block 40 14
block 41 14
block 42 14
block 43 14
block 44 14
block 45 14
block 46 14
block 47 14
block 48 14
block 49 14
block 50 14
block 51 14
block 28 15
block 29 15
block 40 15
block 41 15
block 42 15
block 43 15
block 44 15
block 45 15
block 46 15
block 47 15
block 48 15
block 49 15
block 50 15
block 51 15
block 0 16
block 1 16
block 2 16
block 28 16
block 29 16
block 63 16
block 64 16
block 65 16
block 66 16
block 0 17
block 1 17
block 2 17
block 28 17
block 29 17
block 47 17
block 48 17
block 49 17
block 50 17
block 51 17
block 52 17
block 53 17
block 56 17
block 57 17
block 58 17
block 59 17
block 63 17
block 64 17
block 65 17
block 66 17
block 0 18
block 1 18
block 2 18
block 47 18
block 48 18
block 49 18
block 50 18
block 51 18
block 52 18
block 53 18
block 54 18
block 55 18
block 56 18
block 57 18
block 58 18
block 59 18
block 63 18
block 64 18
block 65 18
block 66 18
block 0 19
block 1 19
block 2 19
block 47 19
block 48 19
block 49 19
block 50 19
block 51 19
block 52 19
block 53 19
block 54 19
block 55 19
block 56 19
block 57 19
block 58 19
block 59 19
block 63 19
block 64 19
block 65 19
block 66 19
block 0 20
block 1 20
block 2 20
block 44 20
block 45 20
block 46 20
block 47 20
block 48 20
block 49 20
block 50 20
block 51 20
block 52 20
block 53 20
block 54 20
block 55 20
block 56 20
block 63 20
block 64 20
block 65 20
block 66 20
block 0 21
block 1 21
block 2 21
block 33 21
block 34 21
block 35 21
block 36 21
block 37 21
block 38 21
block 44 21
block 45 21
block 46 21
block 47 21
block 48 21
block 49 21
block 50 21
block 51 21
block 52 21
block 53 21
block 54 21
block 55 21
block 56 21
block 63 21
block 64 21
block 65 21
block 66 21
block 33 22
block 34 22
block 35 22
block 36 22
block 37 22
block 38 22
block 44 22
block 45 22
block 46 22
block 47 22
block 48 22
block 49 22
block 50 22
block 51 22
block 52 22
block 53 22
block 54 22
block 55 22
block 56 22
block 33 23
block 34 23
block 35 23
block 36 23
block 37 23
block 38 23
block 44 23
block 45 23
block 46 23
block 47 23
block 48 23
block 49 23
block 50 23
block 51 23
block 52 23
block 53 23
block 54 23
block 55 23
block 56 23
block 33 24
block 34 24
block 35 24
block 36 24
block 37 24
block 38 24
block 44 24
block 45 24
block 46 24
block 50 24
block 51 24
block 52 24
block 53 24
block 54 24
block 55 24
block 56 24
block 33 25
block 34 25
block 35 25
block 36 25
block 37 25
block 38 25
##BotsAndCoinsInfo
bot_name 0 theBest
bot 0 10 13
bot_coins 0 0
coin 41 7
coin 25 18
round 1
bot 0 11 14
round 2
bot 0 12 15
round 3
bot 0 13 16
round 4
bot 0 14 17
round 5
bot 0 15 18
coin 23 12
coin 43 16
round 6
bot 0 16 19
round 7
bot 0 17 20
round 8
bot 0 18 21
round 9
bot 0 19 22
round 10
bot 0 20 23
coin 12 17
coin 54 8
round 11
bot 0 21 24
round 12
bot 0 22 25
round 13
bot 0 23 24
round 14
bot 0 24 25
round 15
bot 0 25 24
coin 66 15
coin 0 10
round 16
bot 0 26 25
round 17
bot 0 27 24
round 18
bot 0 28 25
round 19
bot 0 29 24
round 20
bot 0 30 25
coin 62 15
coin 4 10
round 21
bot 0 31 24
round 22
bot 0 32 25
round 23
bot 0 33 0
round 24
bot 0 34 1
round 25
bot 0 35 2
coin 21 0
coin 45 25
round 26
bot 0 36 3
round 27
bot 0 37 4
round 28
bot 0 38 5
round 29
bot 0 39 6
round 30
bot 0 40 7
coin_collected 41 7 0
bot_coins 0 1
coin 0 6
coin 66 22
round 31
bot 0 41 8
round 32
bot 0 42 8
round 33
bot 0 43 8
round 34
bot 0 44 8
round 35
bot 0 45 9
coin 51 4
coin 15 21
round 36
bot 0 46 10
round 37
bot 0 47 10
round 38
bot 0 48 10
round 39
bot 0 49 10
round 40
bot 0 50 10
coin 49 8
coin 17 17
round 41
bot 0 49 9
coin_collected 49 8 0
bot_coins 0 2
round 42
bot 0 50 10
round 43
bot 0 51 9
round 44
bot 0 52 8
coin_collected 54 8 0
bot_coins 0 3
round 45
bot 0 51 7
coin 22 25
coin 44 0
round 46
bot 0 51 6
coin_collected 51 4 0
bot_coins 0 4
round 47
bot 0 52 7
round 48
bot 0 53 8
round 49
bot 0 54 9
round 50
bot 0 55 10
coin 37 17
coin 29 10
round 51
bot 0 56 11
round 52
bot 0 57 12
round 53
bot 0 58 13
round 54
bot 0 59 14
round 55
bot 0 60 15
coin_collected 62 15 0
bot_coins 0 5
coin 24 17
coin 42 8
round 56
bot 0 61 16
round 57
bot 0 62 17
round 58
bot 0 62 18
round 59
bot 0 62 19
round 60
bot 0 62 20
coin 46 19
coin 20 6
round 61
bot 0 62 21
round 62
bot 0 63 22
round 63
bot 0 64 22
coin_collected 66 22 0
bot_coins 0 6
round 64
bot 0 65 23
round 65
bot 0 66 24
coin 17 6
coin 49 16
round 66
bot 0 65 25
round 67
bot 0 66 24
round 68
bot 0 65 25
round 69
bot 0 66 24
round 70
bot 0 65 25
coin 9 24
coin 57 1
round 71
bot 0 66 24
round 72
bot 0 65 25
round 73
bot 0 66 24
round 74
bot 0 65 25
round 75
bot 0 66 24
coin 30 10
coin 36 15
round 76
bot 0 65 25
round 77
bot 0 66 24
round 78
bot 0 65 25
round 79
bot 0 66 24
round 80
bot 0 65 25
coin 7 7
coin 60 18
round 81
bot 0 66 24
round 82
bot 0 65 25
round 83
bot 0 66 24
round 84
bot 0 65 25
round 85
bot 0 66 24
coin 66 22
coin 0 3
round 86
bot 0 66 23
coin_collected 66 22 0
bot_coins 0 7
round 87
bot 0 65 24
round 88
bot 0 66 25
round 89
bot 0 65 24
round 90
bot 0 66 25
coin 36 11
coin 30 14
round 91
bot 0 65 24
round 92
bot 0 66 25
round 93
bot 0 65 24
round 94
bot 0 66 25
round 95
bot 0 65 24
coin 39 10
coin 27 15
round 96
bot 0 66 25
round 97
bot 0 65 24
round 98
bot 0 66 25
round 99
bot 0 65 24
round 100
bot 0 66 25
coin 34 5
coin 32 20
round 101
bot 0 65 24
round 102
bot 0 66 25
round 103
bot 0 65 24
round 104
bot 0 66 25
round 105
bot 0 65 24
coin 29 3
coin 37 20
round 106
bot 0 66 25
round 107
bot 0 65 24
round 108
bot 0 66 25
round 109
bot 0 65 24
round 110
bot 0 66 25
coin 57 2
coin 9 23
round 111
bot 0 65 24
round 112
bot 0 66 25
round 113
bot 0 65 24
round 114
bot 0 66 25
round 115
bot 0 65 24
coin 59 21
coin 7 4
round 116
bot 0 66 25
round 117
bot 0 65 24
round 118
bot 0 66 25
round 119
bot 0 65 24
round 120
bot 0 66 25
coin 18 23
coin 48 2
round 121
bot 0 65 24
round 122
bot 0 66 25
round 123
bot 0 65 24
round 124
bot 0 66 25
round 125
bot 0 65 24
coin 44 18
coin 22 7
round 126
bot 0 66 25
round 127
bot 0 65 24
round 128
bot 0 66 25
round 129
bot 0 65 24
round 130
bot 0 66 25
coin 17 2
coin 49 24
round 131
bot 0 65 24
round 132
bot 0 66 25
round 133
bot 0 65 24
round 134
bot 0 66 25
round 135
bot 0 65 24
coin 54 16
coin 12 9
round 136
bot 0 66 25
round 137
bot 0 65 24
round 138
bot 0 66 25
round 139
bot 0 65 24
round 140
bot 0 66 25
coin 52 15
coin 14 10
round 141
bot 0 65 24
round 142
bot 0 66 25
round 143
bot 0 65 24
round 144
bot 0 66 25
round 145
bot 0 65 24
coin 30 1
coin 38 0
round 146
bot 0 66 25
round 147
bot 0 65 24
round 148
bot 0 66 25
round 149
bot 0 65 24
round 150
bot 0 66 25
coin 40 8
coin 26 17
round 151
bot 0 65 24
round 152
bot 0 66 25
round 153
bot 0 65 24
round 154
bot 0 66 25
round 155
bot 0 65 24
coin 27 9
coin 39 16
round 156
bot 0 66 25
round 157
bot 0 65 24
round 158
bot 0 66 25
round 159
bot 0 65 24
round 160
bot 0 66 25
coin 57 6
coin 9 19
round 161
bot 0 65 24
round 162
bot 0 66 25
round 163
bot 0 65 24
round 164
bot 0 66 25
round 165
bot 0 65 24
coin 65 15
coin 1 10
round 166
bot 0 66 25
round 167
bot 0 65 24
round 168
bot 0 66 25
round 169
bot 0 65 24
round 170
bot 0 66 25
coin 66 5
coin 0 22
round 171
bot 0 65 24
round 172
bot 0 64 23
round 173
bot 0 63 22
round 174
bot 0 62 22
round 175
bot 0 61 21
coin_collected 59 21 0
bot_coins 0 8
coin 30 21
coin 36 4
round 176
bot 0 60 20
coin_collected 60 18 0
bot_coins 0 9
round 177
bot 0 61 21
round 178
bot 0 62 22
round 179
bot 0 61 22
round 180
bot 0 62 23
coin 24 13
coin 39 12
round 181
bot 0 63 24
round 182
bot 0 62 23
round 183
bot 0 63 24
round 184
bot 0 62 23
round 185
bot 0 63 24
coin 55 7
coin 11 18
round 186
bot 0 62 23
round 187
bot 0 63 24
round 188
bot 0 62 23
round 189
bot 0 63 24
round 190
bot 0 62 23
coin 11 20
coin 55 5
round 191
bot 0 63 24
round 192
bot 0 62 23
round 193
bot 0 63 24
round 194
bot 0 62 23
round 195
bot 0 63 24
coin 23 21
coin 43 4
round 196
bot 0 62 23
round 197
bot 0 63 24
round 198
bot 0 62 23
round 199
bot 0 63 24
round 200
bot 0 62 23
coin 31 24
coin 35 1
match_over 0
