match
match_id 1639524620466_au
match_time 1639524620469
num_bots 1
##MatchConfig
mode FRIENDLY
num_rounds 200
random_seed 42
move_time_limit 1000
coin_spawn_period 5
coin_spawn_volume 2
##MapConfig
map_size 67 29
view_radius 6
mining_radius 1
attack_radius 4
block 50 0
block 51 0
block 52 0
block 53 0
block 54 0
block 55 0
block 50 1
block 51 1
block 52 1
block 53 1
block 54 1
block 55 1
block 35 5
block 36 5
block 37 5
block 6 6
block 7 6
block 8 6
block 9 6
block 35 6
block 36 6
block 37 6
block 6 7
block 7 7
block 8 7
block 9 7
block 6 8
block 7 8
block 8 8
block 9 8
block 6 9
block 7 9
block 8 9
block 9 9
block 52 9
block 53 9
block 54 9
block 55 9
block 56 9
block 57 9
block 6 10
block 7 10
block 8 10
block 9 10
block 52 10
block 53 10
block 54 10
block 55 10
block 56 10
block 57 10
block 6 11
block 7 11
block 8 11
block 9 11
block 52 11
block 53 11
block 54 11
block 55 11
block 56 11
block 57 11
block 6 12
block 7 12
block 8 12
block 9 12
block 39 12
block 40 12
block 41 12
block 42 12
block 52 12
block 53 12
block 54 12
block 55 12
block 56 12
block 57 12
block 39 13
block 40 13
block 41 13
block 42 13
block 52 13
block 53 13
block 54 13
block 55 13
block 56 13
block 57 13
block 9 14
block 10 14
block 11 14
block 12 14
block 13 14
block 39 14
block 40 14
block 41 14
block 42 14
block 52 14
block 53 14
block 54 14
block 55 14
block 56 14
block 57 14
block 9 15
block 10 15
block 11 15
block 12 15
block 13 15
block 39 15
block 40 15
block 41 15
block 42 15
block 9 16
block 10 16
block 11 16
block 12 16
block 13 16
block 39 16
block 40 16
block 41 16
block 42 16
block 10 17
block 11 17
block 12 17
block 39 17
block 40 17
block 41 17
block 42 17
block 10 18
block 11 18
block 12 18
block 3 24
block 4 24
block 5 24
block 50 24
block 51 24
block 52 24
block 53 24
block 54 24
block 55 24
block 3 25
block 4 25
block 5 25
block 50 25
block 51 25
block 52 25
block 53 25
block 54 25
block 55 25
block 3 26
block 4 26
block 5 26
block 50 26
block 51 26
block 52 26
block 53 26
block 54 26
block 55 26
block 3 27
block 4 27
block 5 27
block 50 27
block 51 27
block 52 27
block 53 27
block 54 27
block 55 27
block 50 28
block 51 28
block 52 28
block 53 28
block 54 28
block 55 28
##BotsAndCoinsInfo
bot_name 0 theBest
bot 0 32 20
bot_coins 0 0
coin 41 9
coin 25 19
round 1
bot 0 32 21
round 2
bot 0 32 22
round 3
bot 0 32 23
round 4
bot 0 32 24
round 5
bot 0 32 25
coin 23 15
coin 43 13
round 6
bot 0 32 26
round 7
bot 0 32 27
round 8
bot 0 32 28
round 9
bot 0 33 28
round 10
bot 0 34 28
coin 12 23
coin 54 5
round 11
bot 0 35 28
round 12
bot 0 36 28
round 13
bot 0 37 28
round 14
bot 0 38 28
round 15
bot 0 39 28
coin 66 8
coin 0 20
round 16
bot 0 40 28
round 17
bot 0 41 28
round 18
bot 0 42 28
round 19
bot 0 43 28
round 20
bot 0 44 28
coin 62 25
coin 4 3
round 21
bot 0 45 28
round 22
bot 0 46 28
round 23
bot 0 47 28
round 24
bot 0 48 28
round 25
bot 0 49 28
coin 21 22
coin 45 6
round 26
round 27
round 28
round 29
round 30
coin 0 15
coin 66 13
round 31
round 32
round 33
round 34
round 35
coin 51 20
coin 15 8
round 36
round 37
round 38
round 39
round 40
coin 49 1
coin 17 27
round 41
round 42
round 43
match_over 0
round 44
