match
match_id 1639563893244_ay
match_time 1639563893248
num_bots 1
##MatchConfig
mode FRIENDLY
num_rounds 200
random_seed 42
move_time_limit 1000
coin_spawn_period 5
coin_spawn_volume 2
##MapConfig
map_size 79 31
view_radius 6
mining_radius 1
attack_radius 3
block 4 0
block 5 0
block 10 0
block 11 0
block 12 0
block 14 0
block 15 0
block 16 0
block 17 0
block 18 0
block 19 0
block 30 0
block 31 0
block 32 0
block 33 0
block 34 0
block 35 0
block 36 0
block 51 0
block 52 0
block 53 0
block 54 0
block 55 0
block 56 0
block 4 1
block 5 1
block 14 1
block 15 1
block 16 1
block 17 1
block 18 1
block 19 1
block 30 1
block 31 1
block 32 1
block 33 1
block 34 1
block 35 1
block 36 1
block 51 1
block 52 1
block 53 1
block 54 1
block 55 1
block 56 1
block 4 2
block 5 2
block 30 2
block 31 2
block 32 2
block 33 2
block 34 2
block 35 2
block 36 2
block 4 3
block 5 3
block 30 3
block 31 3
block 32 3
block 33 3
block 34 3
block 35 3
block 36 3
block 30 4
block 31 4
block 32 4
block 33 4
block 34 4
block 35 4
block 36 4
block 32 10
block 33 10
block 32 11
block 33 11
block 23 15
block 24 15
block 25 15
block 26 15
block 27 15
block 28 15
block 70 15
block 71 15
block 23 16
block 24 16
block 25 16
block 26 16
block 27 16
block 28 16
block 51 16
block 52 16
block 53 16
block 54 16
block 55 16
block 56 16
block 70 16
block 71 16
block 14 17
block 15 17
block 16 17
block 17 17
block 18 17
block 19 17
block 23 17
block 24 17
block 25 17
block 26 17
block 27 17
block 28 17
block 51 17
block 52 17
block 53 17
block 54 17
block 55 17
block 56 17
block 70 17
block 71 17
block 14 18
block 15 18
block 16 18
block 17 18
block 18 18
block 19 18
block 23 18
block 24 18
block 25 18
block 26 18
block 27 18
block 28 18
block 51 18
block 52 18
block 53 18
block 54 18
block 55 18
block 56 18
block 70 18
block 71 18
block 9 19
block 10 19
block 11 19
block 12 19
block 13 19
block 14 19
block 15 19
block 16 19
block 17 19
block 18 19
block 19 19
block 23 19
block 24 19
block 25 19
block 26 19
block 27 19
block 28 19
block 47 19
block 48 19
block 64 19
block 65 19
block 66 19
block 67 19
block 69 19
block 70 19
block 71 19
block 9 20
block 10 20
block 11 20
block 12 20
block 13 20
block 23 20
block 24 20
block 25 20
block 26 20
block 27 20
block 28 20
block 44 20
block 45 20
block 46 20
block 47 20
block 48 20
block 49 20
block 50 20
block 64 20
block 65 20
block 66 20
block 67 20
block 69 20
block 70 20
block 71 20
block 9 21
block 10 21
block 11 21
block 12 21
block 13 21
block 23 21
block 24 21
block 25 21
block 26 21
block 27 21
block 28 21
block 44 21
block 45 21
block 46 21
block 47 21
block 48 21
block 49 21
block 50 21
block 64 21
block 65 21
block 66 21
block 67 21
block 70 21
block 71 21
block 9 22
block 10 22
block 11 22
block 12 22
block 13 22
block 23 22
block 24 22
block 25 22
block 26 22
block 27 22
block 28 22
block 43 22
block 44 22
block 45 22
block 46 22
block 47 22
block 48 22
block 49 22
block 50 22
block 53 22
block 54 22
block 55 22
block 56 22
block 57 22
block 64 22
block 65 22
block 66 22
block 67 22
block 9 23
block 10 23
block 11 23
block 12 23
block 13 23
block 23 23
block 24 23
block 25 23
block 26 23
block 27 23
block 28 23
block 43 23
block 44 23
block 45 23
block 46 23
block 47 23
block 48 23
block 49 23
block 50 23
block 53 23
block 54 23
block 55 23
block 56 23
block 57 23
block 61 23
block 62 23
block 63 23
block 64 23
block 65 23
block 44 24
block 45 24
block 46 24
block 47 24
block 48 24
block 49 24
block 50 24
block 53 24
block 54 24
block 55 24
block 56 24
block 57 24
block 61 24
block 62 24
block 63 24
block 64 24
block 65 24
block 44 25
block 45 25
block 46 25
block 47 25
block 48 25
block 49 25
block 50 25
block 53 25
block 54 25
block 55 25
block 56 25
block 57 25
block 61 25
block 62 25
block 63 25
block 64 25
block 65 25
block 14 26
block 15 26
block 16 26
block 17 26
block 18 26
block 19 26
block 44 26
block 45 26
block 46 26
block 47 26
block 48 26
block 49 26
block 50 26
block 53 26
block 54 26
block 55 26
block 56 26
block 57 26
block 61 26
block 62 26
block 63 26
block 64 26
block 65 26
block 10 27
block 11 27
block 12 27
block 14 27
block 15 27
block 16 27
block 17 27
block 18 27
block 19 27
block 61 27
block 62 27
block 63 27
block 64 27
block 65 27
block 10 28
block 11 28
block 12 28
block 14 28
block 15 28
block 16 28
block 17 28
block 18 28
block 19 28
block 10 29
block 11 29
block 12 29
block 14 29
block 15 29
block 16 29
block 17 29
block 18 29
block 19 29
block 10 30
block 11 30
block 12 30
block 14 30
block 15 30
block 16 30
block 17 30
block 18 30
block 19 30
block 30 30
block 31 30
block 32 30
block 33 30
block 34 30
block 35 30
block 36 30
##BotsAndCoinsInfo
bot_name 0 theBest
bot 0 7 27
bot_coins 0 0
coin 19 10
coin 59 20
round 1
bot 0 8 27
round 2
bot 0 9 27
round 3
bot 0 9 28
round 4
bot 0 9 29
round 5
bot 0 9 30
coin 22 23
coin 56 7
round 6
bot 0 9 0
round 7
bot 0 10 1
round 8
bot 0 11 1
round 9
bot 0 12 2
round 10
bot 0 13 2
coin 74 28
coin 3 2
round 11
bot 0 14 2
round 12
bot 0 15 2
round 13
bot 0 16 2
round 14
bot 0 17 2
round 15
bot 0 18 2
coin 62 1
coin 13 29
round 16
bot 0 19 2
round 17
bot 0 20 2
round 18
bot 0 21 1
round 19
bot 0 22 1
round 20
bot 0 23 1
coin 1 3
coin 77 27
round 21
bot 0 24 1
round 22
bot 0 25 1
round 23
bot 0 26 1
round 24
bot 0 27 1
round 25
bot 0 28 1
coin 13 0
coin 65 30
round 26
bot 0 29 1
round 27
bot 0 29 2
round 28
bot 0 29 3
round 29
bot 0 29 4
round 30
bot 0 30 5
coin 26 27
coin 52 3
round 31
bot 0 31 5
round 32
bot 0 32 5
round 33
bot 0 33 5
round 34
bot 0 34 5
round 35
bot 0 35 5
coin 68 19
coin 10 11
round 36
bot 0 36 6
round 37
bot 0 37 6
round 38
bot 0 38 6
round 39
bot 0 39 6
round 40
bot 0 40 6
coin 29 21
coin 49 9
round 41
bot 0 41 6
round 42
bot 0 42 6
round 43
bot 0 43 6
round 44
bot 0 44 6
round 45
bot 0 45 7
coin 65 18
coin 13 12
round 46
bot 0 46 8
round 47
bot 0 47 9
round 48
bot 0 48 9
coin_collected 49 9 0
bot_coins 0 1
round 49
bot 0 49 8
round 50
bot 0 50 7
coin 37 8
coin 41 22
round 51
bot 0 51 6
round 52
bot 0 52 5
round 53
bot 0 52 4
coin_collected 52 3 0
bot_coins 0 2
round 54
bot 0 53 5
round 55
bot 0 54 6
coin 29 18
coin 49 12
round 56
bot 0 55 7
coin_collected 56 7 0
bot_coins 0 3
round 57
bot 0 56 7
round 58
bot 0 57 7
round 59
bot 0 58 7
round 60
bot 0 59 7
coin 35 18
coin 43 12
round 61
bot 0 60 7
round 62
bot 0 61 7
round 63
bot 0 62 7
round 64
bot 0 62 6
round 65
bot 0 62 5
coin 47 18
coin 31 12
round 66
bot 0 62 4
round 67
bot 0 62 3
round 68
bot 0 62 2
coin_collected 62 1 0
bot_coins 0 4
round 69
bot 0 63 3
round 70
bot 0 64 4
coin 6 21
coin 72 9
round 71
bot 0 65 5
round 72
bot 0 65 6
round 73
bot 0 66 6
round 74
bot 0 67 5
round 75
bot 0 68 5
coin 24 26
coin 54 4
round 76
bot 0 69 6
round 77
bot 0 70 7
round 78
bot 0 71 8
round 79
bot 0 72 9
coin_collected 72 9 0
bot_coins 0 5
round 80
bot 0 73 9
coin 50 17
coin 28 13
round 81
bot 0 74 9
round 82
bot 0 75 9
round 83
bot 0 76 9
round 84
bot 0 77 9
round 85
bot 0 78 9
coin 6 22
coin 72 8
round 86
bot 0 0 9
round 87
bot 0 1 8
round 88
bot 0 1 7
round 89
bot 0 1 6
round 90
bot 0 1 5
coin 30 20
coin 48 10
round 91
bot 0 1 4
coin_collected 1 3 0
bot_coins 0 6
round 92
bot 0 2 3
round 93
bot 0 3 2
coin_collected 3 2 0
bot_coins 0 7
round 94
bot 0 3 3
round 95
bot 0 4 4
coin 69 24
coin 9 6
round 96
bot 0 5 5
round 97
bot 0 6 6
round 98
bot 0 7 6
round 99
bot 0 8 6
coin_collected 9 6 0
bot_coins 0 8
round 100
bot 0 9 7
coin 46 19
coin 32 12
round 101
bot 0 10 8
round 102
bot 0 10 9
round 103
bot 0 10 10
coin_collected 10 11 0
bot_coins 0 9
round 104
bot 0 11 11
round 105
bot 0 12 12
coin_collected 13 12 0
bot_coins 0 10
coin 45 6
coin 33 24
round 106
bot 0 13 12
round 107
bot 0 14 12
round 108
bot 0 15 11
round 109
bot 0 16 10
round 110
bot 0 17 10
coin 27 12
coin 51 19
round 111
bot 0 18 10
coin_collected 19 10 0
bot_coins 0 11
round 112
bot 0 19 10
round 113
bot 0 20 10
round 114
bot 0 21 10
round 115
bot 0 22 10
coin 58 29
coin 20 1
round 116
bot 0 23 11
round 117
bot 0 24 12
round 118
bot 0 25 12
round 119
bot 0 26 12
coin_collected 27 12 0
bot_coins 0 12
round 120
bot 0 27 13
coin_collected 28 13 0
bot_coins 0 13
coin 49 4
coin 29 26
round 121
bot 0 28 12
round 122
bot 0 29 12
round 123
bot 0 30 12
coin_collected 31 12 0
bot_coins 0 14
round 124
bot 0 31 12
coin_collected 32 12 0
bot_coins 0 15
round 125
bot 0 32 13
coin 13 30
coin 65 0
round 126
bot 0 33 14
round 127
bot 0 34 15
round 128
bot 0 35 16
round 129
bot 0 35 17
coin_collected 35 18 0
bot_coins 0 16
round 130
bot 0 34 18
coin 8 1
coin 70 29
round 131
bot 0 33 19
round 132
bot 0 32 20
round 133
bot 0 31 20
coin_collected 30 20 0
bot_coins 0 17
round 134
bot 0 30 21
coin_collected 29 21 0
bot_coins 0 18
round 135
bot 0 29 20
coin 21 11
coin 57 19
round 136
bot 0 29 19
coin_collected 29 18 0
bot_coins 0 19
round 137
bot 0 30 19
round 138
bot 0 31 20
round 139
bot 0 32 21
round 140
bot 0 33 22
coin 53 21
coin 25 9
round 141
bot 0 33 23
coin_collected 33 24 0
bot_coins 0 20
round 142
bot 0 32 24
round 143
bot 0 31 25
round 144
bot 0 30 26
coin_collected 29 26 0
bot_coins 0 21
round 145
bot 0 29 27
coin 63 14
coin 15 16
round 146
bot 0 28 27
round 147
bot 0 27 27
coin_collected 26 27 0
bot_coins 0 22
round 148
bot 0 26 26
round 149
bot 0 25 26
coin_collected 24 26 0
bot_coins 0 23
round 150
bot 0 24 25
coin 75 22
coin 3 8
round 151
bot 0 23 24
round 152
bot 0 22 23
coin_collected 22 23 0
bot_coins 0 24
round 153
bot 0 23 24
round 154
bot 0 24 24
round 155
bot 0 25 24
coin 68 22
coin 10 8
round 156
bot 0 26 24
round 157
bot 0 27 24
round 158
bot 0 28 24
round 159
bot 0 29 24
round 160
bot 0 30 23
coin 22 27
coin 56 3
round 161
bot 0 31 23
round 162
bot 0 32 23
round 163
bot 0 33 23
round 164
bot 0 34 23
round 165
bot 0 35 23
coin 24 7
coin 52 23
round 166
bot 0 36 23
round 167
bot 0 37 22
round 168
bot 0 38 22
round 169
bot 0 39 22
round 170
bot 0 40 22
coin_collected 41 22 0
bot_coins 0 25
coin 58 4
coin 20 26
round 171
bot 0 41 22
round 172
bot 0 42 21
round 173
bot 0 43 20
round 174
bot 0 44 19
round 175
bot 0 45 19
coin_collected 46 19 0
bot_coins 0 26
coin 22 17
coin 56 13
round 176
bot 0 46 18
coin_collected 47 18 0
bot_coins 0 27
round 177
bot 0 47 17
round 178
bot 0 48 17
round 179
bot 0 49 17
coin_collected 50 17 0
bot_coins 0 28
round 180
bot 0 50 18
coin 62 2
coin 13 28
round 181
bot 0 51 19
coin_collected 51 19 0
bot_coins 0 29
round 182
bot 0 52 20
round 183
bot 0 53 21
coin_collected 53 21 0
bot_coins 0 30
round 184
bot 0 52 22
coin_collected 52 23 0
bot_coins 0 31
round 185
bot 0 53 21
coin 71 30
coin 7 0
round 186
bot 0 54 20
round 187
bot 0 55 19
round 188
bot 0 56 19
coin_collected 57 19 0
bot_coins 0 32
round 189
bot 0 57 20
round 190
bot 0 58 20
coin_collected 59 20 0
bot_coins 0 33
coin 70 13
coin 8 17
round 191
bot 0 59 20
round 192
bot 0 60 19
round 193
bot 0 61 18
round 194
bot 0 62 18
round 195
bot 0 63 18
coin 33 20
coin 45 10
round 196
bot 0 64 18
coin_collected 65 18 0
bot_coins 0 34
round 197
bot 0 65 18
round 198
bot 0 66 18
round 199
bot 0 67 18
round 200
bot 0 68 19
coin_collected 68 19 0
bot_coins 0 35
coin 37 22
coin 41 8
match_over 0
