match
match_id 1639524729566_ay
match_time 1639524729571
num_bots 1
##MatchConfig
mode FRIENDLY
num_rounds 200
random_seed 42
move_time_limit 1000
coin_spawn_period 5
coin_spawn_volume 2
##MapConfig
map_size 54 21
view_radius 5
mining_radius 2
attack_radius 3
block 9 0
block 10 0
block 15 0
block 16 0
block 17 0
block 18 0
block 19 0
block 15 1
block 16 1
block 17 1
block 18 1
block 19 1
block 11 2
block 12 2
block 13 2
block 14 2
block 15 2
block 16 2
block 17 2
block 18 2
block 19 2
block 11 3
block 12 3
block 13 3
block 14 3
block 15 3
block 16 3
block 17 3
block 18 3
block 19 3
block 11 4
block 12 4
block 13 4
block 14 4
block 15 4
block 16 4
block 17 4
block 18 4
block 19 4
block 31 4
block 32 4
block 33 4
block 34 4
block 15 5
block 16 5
block 17 5
block 18 5
block 19 5
block 31 5
block 32 5
block 33 5
block 34 5
block 41 5
block 42 5
block 43 5
block 44 5
block 31 6
block 32 6
block 33 6
block 34 6
block 41 6
block 42 6
block 43 6
block 44 6
block 31 7
block 32 7
block 33 7
block 34 7
block 41 7
block 42 7
block 43 7
block 44 7
block 31 8
block 32 8
block 33 8
block 34 8
block 41 8
block 42 8
block 43 8
block 44 8
block 4 9
block 5 9
block 6 9
block 7 9
block 8 9
block 41 9
block 42 9
block 43 9
block 44 9
block 4 10
block 5 10
block 6 10
block 7 10
block 8 10
block 41 10
block 42 10
block 43 10
block 44 10
block 4 11
block 5 11
block 6 11
block 7 11
block 8 11
block 41 11
block 42 11
block 43 11
block 44 11
block 3 12
block 4 12
block 5 12
block 3 13
block 4 13
block 5 13
block 3 14
block 4 14
block 5 14
block 3 15
block 4 15
block 5 15
block 9 16
block 10 16
block 9 17
block 10 17
block 19 17
block 20 17
block 9 18
block 10 18
block 19 18
block 20 18
block 9 19
block 10 19
block 9 20
block 10 20
block 15 20
block 16 20
block 17 20
block 18 20
block 19 20
##BotsAndCoinsInfo
bot_name 0 theBest
bot 0 20 8
bot_coins 0 0
coin 44 12
coin 9 8
round 1
bot 0 20 9
round 2
bot 0 20 10
round 3
bot 0 20 11
round 4
bot 0 20 12
round 5
bot 0 20 13
coin 36 17
coin 17 6
round 6
bot 0 20 14
round 7
bot 0 20 15
round 8
bot 0 20 16
round 9
round 10
coin 36 4
coin 17 16
round 11
round 12
round 13
match_over 0
round 14
