match
match_id 1639570117888_bu
match_time 1639570117890
num_bots 1
##MatchConfig
mode FRIENDLY
num_rounds 200
random_seed 42
move_time_limit 1000
coin_spawn_period 5
coin_spawn_volume 2
##MapConfig
map_size 48 22
view_radius 6
mining_radius 2
attack_radius 3
block 0 0
block 3 0
block 4 0
block 5 0
block 6 0
block 15 0
block 16 0
block 24 0
block 25 0
block 26 0
block 27 0
block 28 0
block 29 0
block 30 0
block 31 0
block 32 0
block 33 0
block 40 0
block 41 0
block 42 0
block 43 0
block 44 0
block 45 0
block 46 0
block 47 0
block 0 1
block 11 1
block 12 1
block 13 1
block 14 1
block 15 1
block 16 1
block 17 1
block 26 1
block 27 1
block 28 1
block 29 1
block 30 1
block 31 1
block 32 1
block 33 1
block 40 1
block 41 1
block 42 1
block 43 1
block 44 1
block 45 1
block 46 1
block 47 1
block 0 2
block 5 2
block 6 2
block 7 2
block 8 2
block 9 2
block 11 2
block 12 2
block 13 2
block 14 2
block 15 2
block 16 2
block 17 2
block 26 2
block 27 2
block 28 2
block 29 2
block 30 2
block 31 2
block 32 2
block 33 2
block 40 2
block 41 2
block 42 2
block 43 2
block 44 2
block 45 2
block 46 2
block 47 2
block 0 3
block 5 3
block 6 3
block 7 3
block 8 3
block 9 3
block 26 3
block 27 3
block 28 3
block 29 3
block 30 3
block 31 3
block 32 3
block 33 3
block 41 3
block 42 3
block 43 3
block 44 3
block 45 3
block 46 3
block 47 3
block 0 4
block 5 4
block 6 4
block 7 4
block 8 4
block 9 4
block 16 4
block 17 4
block 18 4
block 19 4
block 20 4
block 21 4
block 26 4
block 27 4
block 28 4
block 29 4
block 30 4
block 31 4
block 41 4
block 42 4
block 43 4
block 44 4
block 45 4
block 46 4
block 47 4
block 0 5
block 5 5
block 6 5
block 7 5
block 8 5
block 9 5
block 16 5
block 17 5
block 18 5
block 19 5
block 20 5
block 21 5
block 26 5
block 27 5
block 28 5
block 29 5
block 30 5
block 31 5
block 41 5
block 42 5
block 43 5
block 44 5
block 45 5
block 46 5
block 47 5
block 5 6
block 6 6
block 7 6
block 8 6
block 9 6
block 16 6
block 17 6
block 18 6
block 19 6
block 20 6
block 21 6
block 26 6
block 27 6
block 28 6
block 29 6
block 30 6
block 31 6
block 32 6
block 33 6
block 34 6
block 35 6
block 36 6
block 37 6
block 38 6
block 39 6
block 40 6
block 41 6
block 42 6
block 43 6
block 44 6
block 45 6
block 5 7
block 6 7
block 7 7
block 8 7
block 9 7
block 16 7
block 17 7
block 18 7
block 19 7
block 20 7
block 21 7
block 30 7
block 31 7
block 32 7
block 33 7
block 34 7
block 35 7
block 36 7
block 37 7
block 38 7
block 39 7
block 40 7
block 41 7
block 42 7
block 43 7
block 44 7
block 45 7
block 5 8
block 6 8
block 7 8
block 8 8
block 9 8
block 30 8
block 31 8
block 32 8
block 33 8
block 34 8
block 35 8
block 36 8
block 37 8
block 38 8
block 39 8
block 40 8
block 41 8
block 42 8
block 43 8
block 44 8
block 45 8
block 10 9
block 11 9
block 12 9
block 13 9
block 30 9
block 31 9
block 32 9
block 33 9
block 34 9
block 35 9
block 36 9
block 37 9
block 38 9
block 39 9
block 40 9
block 41 9
block 10 10
block 11 10
block 12 10
block 13 10
block 30 10
block 31 10
block 32 10
block 33 10
block 34 10
block 35 10
block 36 10
block 37 10
block 38 10
block 39 10
block 40 10
block 41 10
block 7 11
block 8 11
block 9 11
block 10 11
block 11 11
block 12 11
block 13 11
block 7 12
block 8 12
block 9 12
block 10 12
block 11 12
block 12 12
block 13 12
block 7 13
block 8 13
block 9 13
block 10 13
block 11 13
block 12 13
block 13 13
block 17 13
block 18 13
block 30 13
block 31 13
block 32 13
block 33 13
block 34 13
block 7 14
block 8 14
block 9 14
block 10 14
block 11 14
block 12 14
block 13 14
block 17 14
block 18 14
block 30 14
block 31 14
block 32 14
block 33 14
block 34 14
block 3 15
block 4 15
block 5 15
block 6 15
block 7 15
block 8 15
block 9 15
block 10 15
block 11 15
block 12 15
block 13 15
block 17 15
block 18 15
block 30 15
block 31 15
block 32 15
block 33 15
block 34 15
block 35 15
block 3 16
block 4 16
block 5 16
block 6 16
block 7 16
block 8 16
block 9 16
block 17 16
block 18 16
block 30 16
block 31 16
block 32 16
block 33 16
block 34 16
block 35 16
block 30 17
block 31 17
block 32 17
block 33 17
block 34 17
block 35 17
block 30 18
block 31 18
block 32 18
block 33 18
block 34 18
block 35 18
block 40 18
block 41 18
block 42 18
block 43 18
block 44 18
block 45 18
block 46 18
block 15 19
block 16 19
block 27 19
block 28 19
block 29 19
block 30 19
block 31 19
block 32 19
block 34 19
block 35 19
block 40 19
block 41 19
block 42 19
block 43 19
block 44 19
block 45 19
block 46 19
block 15 20
block 16 20
block 27 20
block 28 20
block 29 20
block 30 20
block 31 20
block 32 20
block 34 20
block 35 20
block 40 20
block 41 20
block 42 20
block 43 20
block 44 20
block 45 20
block 46 20
block 3 21
block 4 21
block 5 21
block 6 21
block 15 21
block 16 21
block 24 21
block 25 21
block 26 21
block 27 21
block 28 21
block 29 21
block 30 21
block 31 21
block 32 21
block 33 21
block 40 21
block 41 21
block 42 21
block 43 21
block 44 21
block 45 21
block 46 21
block 47 21
##BotsAndCoinsInfo
bot_name 0 theBest
bot 0 34 3
bot_coins 0 0
coin 26 15
coin 22 6
round 1
bot 0 34 2
round 2
bot 0 34 1
round 3
bot 0 34 0
round 4
bot 0 35 21
round 5
bot 0 36 0
coin 0 16
coin 47 6
round 6
bot 0 36 21
round 7
bot 0 36 20
round 8
bot 0 37 19
round 9
bot 0 37 18
round 10
bot 0 37 17
coin 18 19
coin 32 4
round 11
bot 0 37 16
round 12
bot 0 38 15
round 13
bot 0 38 14
round 14
bot 0 38 13
round 15
bot 0 38 12
coin 18 2
coin 29 18
round 16
bot 0 39 11
round 17
bot 0 40 12
round 18
bot 0 40 11
round 19
bot 0 41 12
round 20
bot 0 42 11
coin 29 17
coin 18 3
round 21
bot 0 42 10
round 22
bot 0 42 9
round 23
bot 0 43 10
round 24
bot 0 44 9
round 25
bot 0 45 10
coin 14 18
coin 34 3
round 26
bot 0 46 9
round 27
bot 0 47 8
coin_collected 47 6 0
bot_coins 0 1
round 28
bot 0 47 7
round 29
bot 0 0 6
round 30
bot 0 1 7
coin 12 0
coin 35 21
round 31
bot 0 1 6
round 32
bot 0 1 5
round 33
bot 0 2 4
round 34
bot 0 2 3
round 35
bot 0 2 2
coin 47 20
coin 1 1
round 36
bot 0 1 1
coin_collected 1 1 0
bot_coins 0 2
round 37
bot 0 2 2
round 38
bot 0 3 3
round 39
bot 0 3 2
round 40
bot 0 4 3
coin 24 20
coin 23 1
round 41
bot 0 4 4
round 42
bot 0 4 3
round 43
bot 0 4 2
round 44
bot 0 4 1
round 45
bot 0 5 1
coin 7 9
coin 40 12
round 46
bot 0 6 1
round 47
bot 0 7 1
round 48
bot 0 8 0
round 49
bot 0 9 0
round 50
bot 0 10 0
coin_collected 12 0 0
bot_coins 0 3
coin 8 17
coin 39 4
round 51
bot 0 9 1
round 52
bot 0 9 0
round 53
bot 0 8 1
round 54
bot 0 9 1
round 55
bot 0 9 0
coin 26 9
coin 21 12
round 56
bot 0 8 1
round 57
bot 0 9 1
round 58
bot 0 10 0
round 59
bot 0 9 1
round 60
bot 0 9 0
coin 11 19
coin 36 2
round 61
bot 0 10 1
round 62
bot 0 10 2
round 63
bot 0 11 3
round 64
bot 0 11 4
round 65
bot 0 11 3
coin 46 6
coin 1 15
round 66
bot 0 11 4
round 67
bot 0 11 3
round 68
bot 0 11 4
round 69
bot 0 12 3
round 70
bot 0 13 3
coin 43 17
coin 4 4
round 71
bot 0 14 3
round 72
bot 0 15 3
round 73
bot 0 16 3
coin_collected 18 3 0
bot_coins 0 4
round 74
bot 0 17 3
coin_collected 18 2 0
bot_coins 0 5
round 75
bot 0 18 3
coin 10 4
coin 37 17
round 76
bot 0 19 3
round 77
bot 0 20 3
round 78
bot 0 21 3
round 79
bot 0 22 2
coin_collected 23 1 0
bot_coins 0 6
round 80
bot 0 22 3
coin 14 13
coin 33 5
round 81
bot 0 22 4
coin_collected 22 6 0
bot_coins 0 7
round 82
bot 0 22 3
round 83
bot 0 23 4
round 84
bot 0 24 5
round 85
bot 0 25 6
coin 40 3
coin 7 18
round 86
bot 0 26 7
coin_collected 26 9 0
bot_coins 0 8
round 87
bot 0 27 8
round 88
bot 0 27 7
round 89
bot 0 28 8
round 90
bot 0 29 7
coin 14 11
coin 33 11
round 91
bot 0 29 8
round 92
bot 0 29 9
round 93
bot 0 29 10
round 94
bot 0 30 11
round 95
bot 0 31 11
coin_collected 33 11 0
bot_coins 0 9
coin 25 4
coin 22 17
round 96
bot 0 32 12
round 97
bot 0 33 11
round 98
bot 0 34 12
round 99
bot 0 35 13
round 100
bot 0 36 14
coin 11 3
coin 36 18
round 101
bot 0 37 15
coin_collected 37 17 0
bot_coins 0 10
round 102
bot 0 36 16
coin_collected 36 18 0
bot_coins 0 11
round 103
bot 0 37 15
round 104
bot 0 38 14
round 105
bot 0 39 13
coin_collected 40 12 0
bot_coins 0 12
coin 47 13
coin 0 8
round 106
bot 0 40 14
round 107
bot 0 41 15
round 108
bot 0 42 16
coin_collected 43 17 0
bot_coins 0 13
round 109
bot 0 43 15
round 110
bot 0 44 14
coin 23 6
coin 24 15
round 111
bot 0 45 13
coin_collected 47 13 0
bot_coins 0 14
round 112
bot 0 44 14
round 113
bot 0 43 15
round 114
bot 0 42 16
round 115
bot 0 41 16
coin 10 5
coin 37 16
round 116
bot 0 40 16
round 117
bot 0 39 16
coin_collected 37 16 0
bot_coins 0 15
round 118
bot 0 39 15
round 119
bot 0 39 14
round 120
bot 0 39 13
coin 14 12
coin 33 11
round 121
bot 0 40 12
round 122
bot 0 40 11
round 123
bot 0 41 12
round 124
bot 0 41 11
round 125
bot 0 42 10
coin 25 2
coin 22 19
round 126
bot 0 43 9
round 127
bot 0 44 10
round 128
bot 0 43 9
round 129
bot 0 44 10
round 130
bot 0 43 9
coin 38 4
coin 9 17
round 131
bot 0 44 10
round 132
bot 0 43 9
round 133
bot 0 44 10
round 134
bot 0 43 9
round 135
bot 0 44 10
coin 8 1
coin 39 20
round 136
bot 0 43 9
round 137
bot 0 44 10
round 138
bot 0 43 9
round 139
bot 0 44 10
round 140
bot 0 43 9
coin 1 17
coin 47 6
round 141
bot 0 44 10
round 142
bot 0 43 9
round 143
bot 0 44 10
round 144
bot 0 43 9
round 145
bot 0 44 10
coin 21 15
coin 25 6
round 146
bot 0 43 9
round 147
bot 0 44 10
round 148
bot 0 43 9
round 149
bot 0 44 10
round 150
bot 0 43 9
coin 25 3
coin 22 18
round 151
bot 0 44 10
round 152
bot 0 43 9
round 153
bot 0 44 10
round 154
bot 0 43 9
round 155
bot 0 44 10
coin 33 19
coin 14 3
round 156
bot 0 43 9
round 157
bot 0 44 10
round 158
bot 0 43 9
round 159
bot 0 44 10
round 160
bot 0 43 9
coin 38 5
coin 10 16
round 161
bot 0 44 10
round 162
bot 0 43 9
round 163
bot 0 44 10
round 164
bot 0 43 9
round 165
bot 0 44 10
coin 13 3
coin 36 18
round 166
bot 0 43 9
round 167
bot 0 44 10
round 168
bot 0 43 9
round 169
bot 0 44 10
round 170
bot 0 43 9
coin 15 15
coin 32 5
round 171
bot 0 44 10
round 172
bot 0 43 9
round 173
bot 0 44 10
round 174
bot 0 43 9
round 175
bot 0 44 10
coin 22 13
coin 25 8
round 176
bot 0 43 9
round 177
bot 0 44 10
round 178
bot 0 43 9
round 179
bot 0 44 10
round 180
bot 0 43 9
coin 13 16
coin 34 5
round 181
bot 0 44 10
round 182
bot 0 43 9
round 183
bot 0 44 10
round 184
bot 0 43 9
round 185
bot 0 44 10
coin 37 5
coin 10 17
round 186
bot 0 43 9
round 187
bot 0 44 10
round 188
bot 0 43 9
round 189
bot 0 44 10
round 190
bot 0 43 9
coin 26 8
coin 21 13
round 191
bot 0 44 10
round 192
bot 0 43 9
round 193
bot 0 44 10
round 194
bot 0 43 9
round 195
bot 0 44 10
coin 17 21
coin 33 20
round 196
bot 0 43 9
round 197
bot 0 44 10
round 198
bot 0 43 9
round 199
bot 0 44 10
round 200
bot 0 43 9
coin 24 14
coin 23 7
match_over 0
