match
match_id 1639507164328_ba
match_time 1639507164335
num_bots 1
##MatchConfig
mode FRIENDLY
num_rounds 200
random_seed 42
move_time_limit 1000
coin_spawn_period 5
coin_spawn_volume 2
##MapConfig
map_size 77 26
view_radius 5
mining_radius 2
attack_radius 3
block 10 0
block 11 0
block 12 0
block 13 0
block 14 0
block 15 0
block 73 0
block 74 0
block 75 0
block 76 0
block 10 1
block 11 1
block 12 1
block 13 1
block 14 1
block 15 1
block 70 1
block 71 1
block 72 1
block 73 1
block 74 1
block 75 1
block 76 1
block 70 2
block 71 2
block 72 2
block 73 2
block 74 2
block 75 2
block 76 2
block 70 3
block 71 3
block 72 3
block 73 3
block 74 3
block 75 3
block 76 3
block 29 4
block 30 4
block 31 4
block 32 4
block 33 4
block 34 4
block 35 4
block 70 4
block 71 4
block 72 4
block 73 4
block 74 4
block 75 4
block 76 4
block 29 5
block 30 5
block 31 5
block 32 5
block 33 5
block 34 5
block 35 5
block 70 5
block 71 5
block 72 5
block 73 5
block 74 5
block 70 6
block 71 6
block 72 6
block 73 6
block 74 6
block 26 7
block 27 7
block 28 7
block 29 7
block 30 7
block 31 7
block 32 7
block 33 7
block 44 7
block 45 7
block 46 7
block 47 7
block 26 8
block 27 8
block 28 8
block 29 8
block 30 8
block 31 8
block 32 8
block 33 8
block 44 8
block 45 8
block 46 8
block 47 8
block 26 9
block 27 9
block 28 9
block 29 9
block 30 9
block 31 9
block 32 9
block 33 9
block 34 9
block 35 9
block 36 9
block 37 9
block 38 9
block 44 9
block 45 9
block 46 9
block 47 9
block 48 9
block 67 9
block 68 9
block 69 9
block 70 9
block 71 9
block 72 9
block 73 9
block 26 10
block 27 10
block 28 10
block 29 10
block 30 10
block 31 10
block 32 10
block 33 10
block 34 10
block 35 10
block 36 10
block 37 10
block 38 10
block 44 10
block 45 10
block 46 10
block 47 10
block 48 10
block 61 10
block 62 10
block 63 10
block 64 10
block 65 10
block 67 10
block 68 10
block 69 10
block 70 10
block 71 10
block 72 10
block 73 10
block 26 11
block 27 11
block 28 11
block 29 11
block 30 11
block 31 11
block 32 11
block 33 11
block 34 11
block 35 11
block 36 11
block 37 11
block 38 11
block 44 11
block 45 11
block 46 11
block 47 11
block 48 11
block 61 11
block 62 11
block 63 11
block 64 11
block 65 11
block 67 11
block 68 11
block 69 11
block 70 11
block 71 11
block 72 11
block 73 11
block 34 12
block 35 12
block 36 12
block 37 12
block 38 12
block 44 12
block 45 12
block 46 12
block 47 12
block 48 12
block 61 12
block 62 12
block 63 12
block 64 12
block 65 12
block 67 12
block 68 12
block 69 12
block 70 12
block 71 12
block 72 12
block 73 12
block 34 13
block 35 13
block 36 13
block 37 13
block 38 13
block 44 13
block 45 13
block 46 13
block 47 13
block 48 13
block 67 13
block 68 13
block 69 13
block 70 13
block 71 13
block 72 13
block 73 13
block 0 14
block 30 14
block 31 14
block 67 14
block 68 14
block 69 14
block 70 14
block 71 14
block 72 14
block 73 14
block 75 14
block 76 14
block 0 15
block 30 15
block 31 15
block 43 15
block 44 15
block 45 15
block 46 15
block 47 15
block 54 15
block 55 15
block 56 15
block 67 15
block 68 15
block 69 15
block 70 15
block 71 15
block 72 15
block 73 15
block 75 15
block 76 15
block 0 16
block 30 16
block 31 16
block 43 16
block 44 16
block 45 16
block 46 16
block 47 16
block 54 16
block 55 16
block 56 16
block 75 16
block 76 16
block 30 17
block 31 17
block 43 17
block 44 17
block 45 17
block 46 17
block 47 17
block 54 17
block 55 17
block 56 17
block 30 18
block 31 18
block 43 18
block 44 18
block 45 18
block 46 18
block 47 18
block 52 18
block 53 18
block 54 18
block 55 18
block 56 18
block 30 19
block 31 19
block 43 19
block 44 19
block 45 19
block 46 19
block 47 19
block 52 19
block 53 19
block 54 19
block 55 19
block 56 19
block 70 19
block 71 19
block 72 19
block 30 20
block 31 20
block 52 20
block 53 20
block 54 20
block 55 20
block 56 20
block 70 20
block 71 20
block 72 20
block 21 21
block 22 21
block 23 21
block 52 21
block 53 21
block 54 21
block 55 21
block 56 21
block 70 21
block 71 21
block 72 21
block 73 21
block 74 21
block 12 22
block 13 22
block 14 22
block 15 22
block 21 22
block 22 22
block 23 22
block 54 22
block 55 22
block 56 22
block 57 22
block 58 22
block 59 22
block 70 22
block 71 22
block 72 22
block 73 22
block 74 22
block 12 23
block 13 23
block 14 23
block 15 23
block 21 23
block 22 23
block 23 23
block 51 23
block 52 23
block 54 23
block 55 23
block 56 23
block 57 23
block 58 23
block 59 23
block 70 23
block 71 23
block 72 23
block 12 24
block 13 24
block 14 24
block 15 24
block 21 24
block 22 24
block 23 24
block 51 24
block 52 24
block 54 24
block 55 24
block 56 24
block 57 24
block 58 24
block 59 24
block 70 24
block 71 24
block 72 24
block 73 24
block 74 24
block 75 24
block 76 24
block 10 25
block 11 25
block 12 25
block 13 25
block 14 25
block 15 25
block 21 25
block 22 25
block 23 25
block 54 25
block 55 25
block 56 25
block 57 25
block 58 25
block 59 25
block 70 25
block 71 25
block 72 25
block 73 25
block 74 25
block 75 25
block 76 25
##BotsAndCoinsInfo
bot_name 0 theBest
bot 0 53 0
bot_coins 0 0
coin 29 6
coin 47 20
round 1
round 2
round 3
match_over 0
round 4
