match
match_id 1639525499326_bg
match_time 1639525499329
num_bots 1
##MatchConfig
mode FRIENDLY
num_rounds 200
random_seed 42
move_time_limit 1000
coin_spawn_period 5
coin_spawn_volume 2
##MapConfig
map_size 58 38
view_radius 6
mining_radius 2
attack_radius 4
block 31 6
block 32 6
block 33 6
block 34 6
block 31 7
block 32 7
block 33 7
block 34 7
block 31 8
block 32 8
block 33 8
block 34 8
block 0 9
block 1 9
block 31 9
block 32 9
block 33 9
block 34 9
block 56 9
block 57 9
block 0 10
block 1 10
block 31 10
block 32 10
block 33 10
block 34 10
block 56 10
block 57 10
block 0 11
block 1 11
block 31 11
block 32 11
block 33 11
block 34 11
block 35 11
block 56 11
block 57 11
block 32 12
block 33 12
block 34 12
block 35 12
block 43 12
block 44 12
block 45 12
block 46 12
block 43 13
block 44 13
block 45 13
block 46 13
block 13 14
block 14 14
block 15 14
block 43 14
block 44 14
block 45 14
block 46 14
block 13 15
block 14 15
block 15 15
block 43 15
block 44 15
block 45 15
block 46 15
block 12 16
block 13 16
block 14 16
block 15 16
block 16 16
block 17 16
block 43 16
block 44 16
block 45 16
block 46 16
block 12 17
block 13 17
block 14 17
block 15 17
block 16 17
block 17 17
block 39 19
block 40 19
block 39 20
block 40 20
block 39 21
block 40 21
block 39 22
block 40 22
block 39 23
block 40 23
block 39 24
block 40 24
block 18 27
block 19 27
block 20 27
block 18 28
block 19 28
block 20 28
block 18 29
block 19 29
block 20 29
block 18 30
block 19 30
block 20 30
block 4 31
block 5 31
block 6 31
block 7 31
block 8 31
block 18 31
block 19 31
block 20 31
block 4 32
block 5 32
block 6 32
block 7 32
block 8 32
block 18 32
block 19 32
block 20 32
block 4 33
block 5 33
block 6 33
block 7 33
block 8 33
block 4 34
block 5 34
block 6 34
block 7 34
block 8 34
block 4 35
block 5 35
block 6 35
block 7 35
block 8 35
block 4 36
block 5 36
block 6 36
block 7 36
block 8 36
block 4 37
block 5 37
block 6 37
block 7 37
block 8 37
##BotsAndCoinsInfo
bot_name 0 theBest
bot 0 34 13
bot_coins 0 0
coin 44 9
coin 13 28
round 1
bot 0 34 14
round 2
bot 0 34 15
round 3
bot 0 34 16
round 4
bot 0 34 17
round 5
bot 0 34 18
coin 38 6
coin 21 31
round 6
bot 0 34 19
round 7
bot 0 34 20
round 8
bot 0 34 21
round 9
bot 0 34 22
round 10
bot 0 34 23
coin 42 15
coin 15 22
round 11
bot 0 34 24
round 12
bot 0 34 25
round 13
bot 0 34 26
round 14
bot 0 34 27
round 15
bot 0 34 28
coin 27 28
coin 30 9
round 16
bot 0 34 29
round 17
bot 0 34 30
round 18
bot 0 34 31
round 19
bot 0 34 32
round 20
bot 0 34 33
coin 31 17
coin 26 20
round 21
bot 0 34 34
round 22
bot 0 34 35
round 23
bot 0 34 36
round 24
bot 0 34 37
round 25
bot 0 35 37
coin 26 14
coin 31 23
round 26
bot 0 36 37
round 27
bot 0 37 37
round 28
bot 0 38 37
round 29
bot 0 39 37
round 30
bot 0 40 37
coin 18 34
coin 39 3
round 31
bot 0 39 36
round 32
bot 0 39 35
round 33
bot 0 39 34
round 34
bot 0 40 34
round 35
bot 0 40 35
coin 20 36
coin 37 1
round 36
bot 0 39 34
round 37
bot 0 38 33
round 38
bot 0 38 34
round 39
bot 0 37 33
round 40
bot 0 37 32
coin 20 37
coin 37 0
round 41
bot 0 37 31
round 42
bot 0 37 32
round 43
bot 0 37 31
round 44
bot 0 37 32
round 45
bot 0 37 31
coin 7 0
coin 50 37
round 46
bot 0 37 32
round 47
bot 0 37 31
round 48
bot 0 37 32
round 49
bot 0 37 31
round 50
bot 0 37 32
coin 48 13
coin 9 24
round 51
bot 0 37 31
round 52
bot 0 37 32
round 53
bot 0 37 31
round 54
bot 0 37 32
round 55
bot 0 37 31
coin 28 7
coin 29 30
round 56
bot 0 37 32
round 57
bot 0 37 31
round 58
bot 0 37 32
round 59
bot 0 37 31
round 60
bot 0 37 32
coin 5 13
coin 52 24
round 61
bot 0 37 31
round 62
bot 0 37 32
round 63
bot 0 37 31
round 64
bot 0 37 32
round 65
bot 0 37 31
coin 35 6
coin 22 31
round 66
bot 0 37 32
round 67
bot 0 37 31
round 68
bot 0 37 32
round 69
bot 0 37 31
round 70
bot 0 37 32
coin 9 22
coin 48 15
round 71
bot 0 37 31
round 72
bot 0 37 32
round 73
bot 0 37 31
round 74
bot 0 37 32
round 75
bot 0 37 31
coin 30 4
coin 27 33
round 76
bot 0 37 32
round 77
bot 0 37 31
round 78
bot 0 37 32
round 79
bot 0 37 31
round 80
bot 0 37 32
coin 2 33
coin 55 4
round 81
bot 0 37 31
round 82
bot 0 37 32
round 83
bot 0 37 31
round 84
bot 0 37 32
round 85
bot 0 37 31
coin 47 37
coin 10 0
round 86
bot 0 37 32
round 87
bot 0 37 31
round 88
bot 0 37 32
round 89
bot 0 37 31
round 90
bot 0 37 32
coin 10 17
coin 47 20
round 91
bot 0 37 31
round 92
bot 0 37 32
round 93
bot 0 37 31
round 94
bot 0 37 32
round 95
bot 0 37 31
coin 51 6
coin 6 30
round 96
bot 0 37 32
round 97
bot 0 37 31
round 98
bot 0 37 32
round 99
bot 0 37 31
round 100
bot 0 37 32
coin 43 31
coin 14 6
round 101
bot 0 37 31
round 102
bot 0 38 31
round 103
bot 0 39 31
round 104
bot 0 40 31
round 105
bot 0 41 31
coin_collected 43 31 0
bot_coins 0 1
coin 23 11
coin 34 26
round 106
bot 0 41 32
round 107
bot 0 41 33
round 108
bot 0 41 34
round 109
bot 0 40 33
round 110
bot 0 39 32
coin 11 10
coin 46 27
round 111
bot 0 39 33
round 112
bot 0 38 32
round 113
bot 0 38 33
round 114
bot 0 37 32
round 115
bot 0 37 31
coin 21 23
coin 36 14
round 116
bot 0 36 30
round 117
bot 0 35 29
round 118
bot 0 34 28
coin_collected 34 26 0
bot_coins 0 2
round 119
bot 0 33 29
round 120
bot 0 32 30
coin 33 35
coin 24 2
round 121
bot 0 31 30
coin_collected 29 30 0
bot_coins 0 3
round 122
bot 0 30 29
round 123
bot 0 29 28
coin_collected 27 28 0
bot_coins 0 4
round 124
bot 0 28 29
round 125
bot 0 27 30
coin 57 6
coin 0 31
round 126
bot 0 27 31
coin_collected 27 33 0
bot_coins 0 5
round 127
bot 0 26 31
round 128
bot 0 25 31
round 129
bot 0 24 31
coin_collected 22 31 0
bot_coins 0 6
round 130
bot 0 23 31
coin_collected 21 31 0
bot_coins 0 7
coin 10 12
coin 47 25
round 131
bot 0 22 32
round 132
bot 0 21 33
round 133
bot 0 20 34
coin_collected 18 34 0
bot_coins 0 8
coin_collected 20 36 0
bot_coins 0 9
round 134
bot 0 20 35
coin_collected 20 37 0
bot_coins 0 10
round 135
bot 0 21 35
coin 26 4
coin 31 33
round 136
bot 0 22 34
round 137
bot 0 22 35
round 138
bot 0 23 34
round 139
bot 0 23 35
round 140
bot 0 24 34
coin 25 21
coin 32 16
round 141
bot 0 24 33
round 142
bot 0 24 34
round 143
bot 0 24 33
round 144
bot 0 24 34
round 145
bot 0 24 33
coin 21 35
coin 36 2
round 146
bot 0 23 34
round 147
bot 0 22 35
coin_collected 21 35 0
bot_coins 0 11
round 148
bot 0 23 34
round 149
bot 0 23 35
round 150
bot 0 24 34
coin 55 31
coin 2 6
round 151
bot 0 24 33
round 152
bot 0 24 34
round 153
bot 0 24 33
round 154
bot 0 24 34
round 155
bot 0 24 33
coin 52 7
coin 5 30
round 156
bot 0 24 34
round 157
bot 0 24 33
round 158
bot 0 24 34
round 159
bot 0 24 33
round 160
bot 0 24 34
coin 18 34
coin 38 3
round 161
bot 0 23 34
round 162
bot 0 22 34
round 163
bot 0 21 34
round 164
bot 0 20 34
coin_collected 18 34 0
bot_coins 0 12
round 165
bot 0 21 35
coin 10 21
coin 47 16
round 166
bot 0 22 34
round 167
bot 0 22 35
round 168
bot 0 23 34
round 169
bot 0 23 35
round 170
bot 0 24 34
coin 3 17
coin 54 20
round 171
bot 0 24 33
round 172
bot 0 24 34
round 173
bot 0 24 33
round 174
bot 0 24 34
round 175
bot 0 24 33
coin 44 3
coin 13 34
round 176
bot 0 24 34
round 177
bot 0 24 33
round 178
bot 0 24 34
round 179
bot 0 24 33
round 180
bot 0 24 34
coin 43 23
coin 14 13
round 181
bot 0 24 33
round 182
bot 0 24 34
round 183
bot 0 24 33
round 184
bot 0 24 34
round 185
bot 0 24 33
coin 49 9
coin 8 28
round 186
bot 0 24 34
round 187
bot 0 24 33
round 188
bot 0 24 34
round 189
bot 0 24 33
round 190
bot 0 24 34
coin 47 14
coin 10 23
round 191
bot 0 24 33
round 192
bot 0 24 34
round 193
bot 0 24 33
round 194
bot 0 24 34
round 195
bot 0 24 33
coin 29 35
coin 28 2
round 196
bot 0 25 34
round 197
bot 0 26 35
round 198
bot 0 27 35
coin_collected 29 35 0
bot_coins 0 13
round 199
bot 0 28 34
round 200
bot 0 29 33
coin_collected 31 33 0
bot_coins 0 14
coin 2 2
coin 55 35
match_over 0
