match
match_id 1639523190870_ap
match_time 1639523190878
num_bots 1
##MatchConfig
mode FRIENDLY
num_rounds 200
random_seed 42
move_time_limit 1000
coin_spawn_period 5
coin_spawn_volume 2
##MapConfig
map_size 54 30
view_radius 6
mining_radius 2
attack_radius 4
block 1 0
block 2 0
block 3 0
block 20 0
block 21 0
block 26 0
block 27 0
block 28 0
block 29 0
block 30 0
block 31 0
block 47 0
block 48 0
block 49 0
block 50 0
block 51 0
block 3 1
block 4 1
block 5 1
block 6 1
block 7 1
block 8 1
block 9 1
block 20 1
block 21 1
block 26 1
block 27 1
block 28 1
block 29 1
block 30 1
block 31 1
block 39 1
block 40 1
block 41 1
block 42 1
block 43 1
block 3 2
block 4 2
block 5 2
block 6 2
block 7 2
block 8 2
block 9 2
block 20 2
block 21 2
block 26 2
block 27 2
block 28 2
block 29 2
block 30 2
block 31 2
block 39 2
block 40 2
block 41 2
block 42 2
block 43 2
block 3 3
block 4 3
block 5 3
block 6 3
block 7 3
block 8 3
block 9 3
block 26 3
block 27 3
block 28 3
block 29 3
block 30 3
block 31 3
block 39 3
block 40 3
block 41 3
block 42 3
block 43 3
block 3 4
block 4 4
block 5 4
block 6 4
block 7 4
block 8 4
block 9 4
block 26 4
block 27 4
block 28 4
block 29 4
block 30 4
block 31 4
block 3 5
block 4 5
block 5 5
block 6 5
block 7 5
block 8 5
block 9 5
block 3 6
block 4 6
block 5 6
block 6 6
block 7 6
block 8 6
block 9 6
block 44 6
block 45 6
block 46 6
block 47 6
block 44 7
block 45 7
block 46 7
block 47 7
block 21 8
block 22 8
block 23 8
block 32 8
block 33 8
block 34 8
block 35 8
block 36 8
block 37 8
block 44 8
block 45 8
block 46 8
block 47 8
block 21 9
block 22 9
block 23 9
block 32 9
block 33 9
block 34 9
block 35 9
block 36 9
block 37 9
block 44 9
block 45 9
block 46 9
block 47 9
block 21 10
block 22 10
block 23 10
block 32 10
block 33 10
block 34 10
block 35 10
block 36 10
block 37 10
block 21 11
block 22 11
block 23 11
block 46 16
block 47 16
block 48 16
block 49 16
block 26 17
block 27 17
block 46 17
block 47 17
block 48 17
block 49 17
block 50 17
block 51 17
block 13 18
block 14 18
block 15 18
block 16 18
block 17 18
block 18 18
block 26 18
block 27 18
block 46 18
block 47 18
block 48 18
block 49 18
block 50 18
block 51 18
block 13 19
block 14 19
block 15 19
block 16 19
block 17 19
block 18 19
block 26 19
block 27 19
block 46 19
block 47 19
block 48 19
block 49 19
block 50 19
block 51 19
block 13 20
block 14 20
block 15 20
block 16 20
block 17 20
block 18 20
block 19 20
block 20 20
block 26 20
block 27 20
block 46 20
block 47 20
block 48 20
block 49 20
block 50 20
block 51 20
block 0 21
block 1 21
block 2 21
block 3 21
block 13 21
block 14 21
block 15 21
block 16 21
block 17 21
block 18 21
block 19 21
block 20 21
block 26 21
block 27 21
block 46 21
block 47 21
block 48 21
block 49 21
block 50 21
block 51 21
block 52 21
block 53 21
block 0 22
block 1 22
block 2 22
block 3 22
block 13 22
block 14 22
block 15 22
block 16 22
block 17 22
block 18 22
block 19 22
block 20 22
block 26 22
block 27 22
block 46 22
block 47 22
block 48 22
block 49 22
block 50 22
block 51 22
block 52 22
block 53 22
block 13 23
block 14 23
block 15 23
block 16 23
block 17 23
block 18 23
block 19 23
block 20 23
block 26 23
block 27 23
block 0 24
block 1 24
block 2 24
block 3 24
block 13 24
block 14 24
block 15 24
block 16 24
block 17 24
block 18 24
block 19 24
block 20 24
block 51 24
block 52 24
block 53 24
block 0 25
block 1 25
block 2 25
block 3 25
block 18 25
block 19 25
block 20 25
block 40 25
block 41 25
block 42 25
block 43 25
block 44 25
block 47 25
block 48 25
block 49 25
block 50 25
block 51 25
block 52 25
block 53 25
block 0 26
block 1 26
block 2 26
block 3 26
block 10 26
block 11 26
block 12 26
block 13 26
block 14 26
block 15 26
block 16 26
block 18 26
block 19 26
block 20 26
block 21 26
block 36 26
block 37 26
block 38 26
block 39 26
block 40 26
block 41 26
block 42 26
block 43 26
block 44 26
block 47 26
block 48 26
block 49 26
block 50 26
block 51 26
block 52 26
block 53 26
block 0 27
block 1 27
block 2 27
block 3 27
block 4 27
block 10 27
block 11 27
block 12 27
block 13 27
block 14 27
block 15 27
block 16 27
block 20 27
block 21 27
block 36 27
block 37 27
block 38 27
block 39 27
block 40 27
block 41 27
block 42 27
block 43 27
block 44 27
block 47 27
block 48 27
block 49 27
block 50 27
block 51 27
block 52 27
block 53 27
block 1 28
block 2 28
block 3 28
block 4 28
block 10 28
block 11 28
block 12 28
block 13 28
block 14 28
block 15 28
block 16 28
block 20 28
block 21 28
block 36 28
block 37 28
block 38 28
block 39 28
block 40 28
block 41 28
block 42 28
block 43 28
block 44 28
block 47 28
block 48 28
block 49 28
block 50 28
block 51 28
block 1 29
block 2 29
block 3 29
block 10 29
block 11 29
block 12 29
block 13 29
block 14 29
block 15 29
block 16 29
block 20 29
block 21 29
block 26 29
block 27 29
block 28 29
block 29 29
block 30 29
block 31 29
block 36 29
block 37 29
block 38 29
block 39 29
block 47 29
block 48 29
block 49 29
block 50 29
block 51 29
##BotsAndCoinsInfo
bot_name 0 theBest
bot 0 42 14
bot_coins 0 0
coin 44 3
coin 9 26
round 1
bot 0 43 15
round 2
bot 0 44 16
round 3
bot 0 45 17
round 4
bot 0 45 18
round 5
bot 0 45 19
coin 36 14
coin 17 15
round 6
bot 0 45 20
round 7
bot 0 45 21
round 8
bot 0 45 22
round 9
bot 0 46 23
round 10
bot 0 47 24
coin 36 25
coin 17 4
round 11
bot 0 48 24
round 12
bot 0 49 24
round 13
bot 0 50 24
round 14
bot 0 51 23
round 15
bot 0 52 23
coin 41 8
coin 12 21
round 16
bot 0 53 23
round 17
round 18
round 19
match_over 0
round 20
