match
match_id 1639566422644_bl
match_time 1639566422651
num_bots 1
##MatchConfig
mode FRIENDLY
num_rounds 200
random_seed 42
move_time_limit 1000
coin_spawn_period 5
coin_spawn_volume 2
##MapConfig
map_size 79 25
view_radius 6
mining_radius 2
attack_radius 4
block 17 0
block 18 0
block 19 0
block 20 0
block 21 0
block 22 0
block 62 0
block 63 0
block 64 0
block 29 1
block 30 1
block 31 1
block 32 1
block 33 1
block 50 1
block 51 1
block 52 1
block 53 1
block 62 1
block 63 1
block 64 1
block 29 2
block 30 2
block 31 2
block 32 2
block 33 2
block 50 2
block 51 2
block 52 2
block 53 2
block 62 2
block 63 2
block 64 2
block 6 3
block 7 3
block 29 3
block 30 3
block 31 3
block 32 3
block 33 3
block 50 3
block 51 3
block 52 3
block 53 3
block 6 4
block 7 4
block 29 4
block 30 4
block 31 4
block 32 4
block 33 4
block 50 4
block 51 4
block 52 4
block 53 4
block 6 5
block 7 5
block 50 5
block 51 5
block 52 5
block 6 6
block 7 6
block 12 6
block 13 6
block 48 6
block 49 6
block 50 6
block 51 6
block 52 6
block 53 6
block 6 7
block 7 7
block 12 7
block 13 7
block 48 7
block 49 7
block 50 7
block 51 7
block 52 7
block 53 7
block 1 8
block 2 8
block 3 8
block 4 8
block 5 8
block 6 8
block 7 8
block 12 8
block 13 8
block 48 8
block 49 8
block 50 8
block 51 8
block 52 8
block 53 8
block 1 9
block 2 9
block 3 9
block 4 9
block 5 9
block 6 9
block 7 9
block 12 9
block 13 9
block 25 9
block 26 9
block 27 9
block 28 9
block 29 9
block 30 9
block 31 9
block 48 9
block 49 9
block 50 9
block 51 9
block 52 9
block 53 9
block 1 10
block 2 10
block 3 10
block 4 10
block 5 10
block 6 10
block 7 10
block 25 10
block 26 10
block 27 10
block 28 10
block 29 10
block 30 10
block 31 10
block 32 10
block 33 10
block 48 10
block 49 10
block 50 10
block 51 10
block 52 10
block 53 10
block 1 11
block 2 11
block 3 11
block 4 11
block 5 11
block 6 11
block 7 11
block 25 11
block 26 11
block 27 11
block 28 11
block 29 11
block 30 11
block 31 11
block 32 11
block 33 11
block 48 11
block 49 11
block 50 11
block 51 11
block 52 11
block 53 11
block 25 12
block 26 12
block 27 12
block 28 12
block 29 12
block 30 12
block 31 12
block 32 12
block 33 12
block 48 12
block 49 12
block 50 12
block 51 12
block 52 12
block 53 12
block 25 13
block 26 13
block 27 13
block 28 13
block 29 13
block 30 13
block 31 13
block 32 13
block 33 13
block 54 13
block 55 13
block 56 13
block 27 14
block 28 14
block 29 14
block 30 14
block 31 14
block 32 14
block 33 14
block 54 14
block 55 14
block 56 14
block 27 15
block 28 15
block 29 15
block 30 15
block 31 15
block 32 15
block 33 15
block 34 15
block 54 15
block 55 15
block 56 15
block 28 16
block 29 16
block 30 16
block 31 16
block 32 16
block 33 16
block 34 16
block 54 16
block 55 16
block 56 16
block 54 17
block 55 17
block 56 17
block 54 18
block 55 18
block 56 18
block 17 20
block 18 20
block 19 20
block 20 20
block 21 20
block 22 20
block 17 21
block 18 21
block 19 21
block 20 21
block 21 21
block 22 21
block 67 21
block 68 21
block 69 21
block 70 21
block 71 21
block 72 21
block 17 22
block 18 22
block 19 22
block 20 22
block 21 22
block 22 22
block 62 22
block 63 22
block 64 22
block 67 22
block 68 22
block 69 22
block 70 22
block 71 22
block 72 22
block 17 23
block 18 23
block 19 23
block 20 23
block 21 23
block 22 23
block 62 23
block 63 23
block 64 23
block 67 23
block 68 23
block 69 23
block 70 23
block 71 23
block 72 23
block 17 24
block 18 24
block 19 24
block 20 24
block 21 24
block 22 24
block 62 24
block 63 24
block 64 24
block 67 24
block 68 24
block 69 24
block 70 24
block 71 24
block 72 24
##BotsAndCoinsInfo
bot_name 0 theBest
bot 0 8 1
bot_coins 0 0
coin 19 13
coin 59 11
round 1
bot 0 9 1
round 2
bot 0 10 1
round 3
bot 0 11 1
round 4
bot 0 12 0
round 5
bot 0 13 0
coin 22 9
coin 57 15
round 6
bot 0 14 0
round 7
bot 0 15 0
round 8
bot 0 16 24
round 9
bot 0 16 23
round 10
bot 0 16 22
coin 74 0
coin 4 24
round 11
bot 0 16 21
round 12
bot 0 16 20
round 13
bot 0 16 19
round 14
bot 0 17 19
round 15
bot 0 18 19
coin 62 18
coin 16 6
round 16
bot 0 19 18
round 17
bot 0 19 17
round 18
bot 0 19 16
round 19
bot 0 19 15
coin_collected 19 13 0
bot_coins 0 1
round 20
bot 0 20 15
coin 1 18
coin 77 6
round 21
bot 0 21 15
round 22
bot 0 22 15
round 23
bot 0 22 14
round 24
bot 0 22 13
round 25
bot 0 22 12
coin 15 2
coin 63 21
round 26
bot 0 22 11
coin_collected 22 9 0
bot_coins 0 2
round 27
bot 0 23 10
round 28
bot 0 24 10
round 29
bot 0 24 9
round 30
bot 0 24 8
coin 26 17
coin 54 7
round 31
bot 0 25 7
round 32
bot 0 26 7
round 33
bot 0 27 7
round 34
bot 0 28 7
round 35
bot 0 29 6
coin 68 7
coin 10 17
round 36
bot 0 30 6
round 37
bot 0 31 6
round 38
bot 0 32 6
round 39
bot 0 33 5
round 40
bot 0 34 5
coin 27 20
coin 49 4
round 41
bot 0 35 5
round 42
bot 0 36 5
round 43
bot 0 37 4
round 44
bot 0 38 4
round 45
bot 0 39 4
coin 65 9
coin 13 15
round 46
bot 0 40 4
round 47
bot 0 41 3
round 48
bot 0 42 3
round 49
bot 0 43 3
round 50
bot 0 44 3
coin 37 13
coin 41 11
round 51
bot 0 45 4
round 52
bot 0 46 4
round 53
bot 0 47 4
coin_collected 49 4 0
bot_coins 0 3
round 54
bot 0 48 3
round 55
bot 0 49 3
coin 26 14
coin 54 10
round 56
bot 0 49 2
round 57
bot 0 49 1
round 58
bot 0 50 0
round 59
bot 0 51 0
round 60
bot 0 52 0
coin 35 16
coin 43 8
round 61
bot 0 53 0
round 62
bot 0 54 24
round 63
bot 0 55 24
round 64
bot 0 56 24
round 65
bot 0 57 24
coin 47 8
coin 31 17
round 66
bot 0 58 23
round 67
bot 0 59 22
round 68
bot 0 60 21
round 69
bot 0 61 21
coin_collected 63 21 0
bot_coins 0 4
round 70
bot 0 62 20
coin_collected 62 18 0
bot_coins 0 5
coin 6 21
coin 72 3
round 71
bot 0 63 20
round 72
bot 0 64 20
round 73
bot 0 65 20
round 74
bot 0 66 19
round 75
bot 0 67 19
coin 24 6
coin 54 19
round 76
bot 0 68 19
round 77
bot 0 69 19
round 78
bot 0 70 18
round 79
bot 0 71 18
round 80
bot 0 72 18
coin 54 11
coin 24 13
round 81
bot 0 73 18
round 82
bot 0 74 17
round 83
bot 0 75 17
round 84
bot 0 74 18
round 85
bot 0 73 18
coin 6 2
coin 73 22
round 86
bot 0 73 19
round 87
bot 0 73 20
coin_collected 73 22 0
bot_coins 0 6
round 88
bot 0 74 19
round 89
bot 0 74 18
round 90
bot 0 73 18
coin 30 18
coin 47 6
round 91
bot 0 74 18
round 92
bot 0 73 18
round 93
bot 0 74 18
round 94
bot 0 73 18
round 95
bot 0 74 17
coin 69 14
coin 9 10
round 96
bot 0 73 16
round 97
bot 0 72 15
round 98
bot 0 71 14
coin_collected 69 14 0
bot_coins 0 7
round 99
bot 0 72 14
round 100
bot 0 73 14
coin 47 15
coin 31 8
round 101
bot 0 74 14
round 102
bot 0 75 13
round 103
bot 0 76 13
round 104
bot 0 77 13
round 105
bot 0 76 14
coin 45 12
coin 34 12
round 106
bot 0 75 15
round 107
bot 0 74 16
round 108
bot 0 75 16
round 109
bot 0 74 17
round 110
bot 0 75 16
coin 27 8
coin 51 16
round 111
bot 0 74 17
round 112
bot 0 75 17
round 113
bot 0 74 18
round 114
bot 0 73 18
round 115
bot 0 74 18
coin 58 10
coin 20 14
round 116
bot 0 73 18
round 117
bot 0 74 18
round 118
bot 0 73 18
round 119
bot 0 74 17
round 120
bot 0 75 17
coin 49 18
coin 29 6
round 121
bot 0 74 18
round 122
bot 0 73 18
round 123
bot 0 74 18
round 124
bot 0 73 18
round 125
bot 0 74 18
coin 11 15
coin 67 9
round 126
bot 0 73 18
round 127
bot 0 74 17
round 128
bot 0 75 17
round 129
bot 0 74 18
round 130
bot 0 73 18
coin 8 6
coin 70 18
round 131
bot 0 72 18
coin_collected 70 18 0
bot_coins 0 8
round 132
bot 0 73 18
round 133
bot 0 74 18
round 134
bot 0 73 18
round 135
bot 0 74 17
coin 21 10
coin 57 14
round 136
bot 0 75 17
round 137
bot 0 74 18
round 138
bot 0 73 18
round 139
bot 0 74 18
round 140
bot 0 73 18
coin 54 9
coin 24 15
round 141
bot 0 74 18
round 142
bot 0 73 18
round 143
bot 0 74 17
round 144
bot 0 75 17
round 145
bot 0 74 18
coin 63 3
coin 15 21
round 146
bot 0 73 18
round 147
bot 0 74 18
round 148
bot 0 73 18
round 149
bot 0 74 18
round 150
bot 0 73 18
coin 75 19
coin 3 5
round 151
bot 0 74 19
coin_collected 75 19 0
bot_coins 0 9
round 152
bot 0 74 18
round 153
bot 0 73 18
round 154
bot 0 74 17
round 155
bot 0 75 17
coin 68 1
coin 10 23
round 156
bot 0 74 18
round 157
bot 0 73 18
round 158
bot 0 74 18
round 159
bot 0 73 18
round 160
bot 0 74 18
coin 22 19
coin 56 5
round 161
bot 0 73 18
round 162
bot 0 74 17
round 163
bot 0 75 17
round 164
bot 0 74 18
round 165
bot 0 73 18
coin 24 19
coin 54 5
round 166
bot 0 74 18
round 167
bot 0 73 18
round 168
bot 0 74 18
round 169
bot 0 73 18
round 170
bot 0 74 17
coin 58 24
coin 20 1
round 171
bot 0 75 17
round 172
bot 0 74 18
round 173
bot 0 73 18
round 174
bot 0 74 18
round 175
bot 0 73 18
coin 24 1
coin 54 23
round 176
bot 0 74 18
round 177
bot 0 73 18
round 178
bot 0 74 17
round 179
bot 0 75 17
round 180
bot 0 74 18
coin 62 4
coin 16 20
round 181
bot 0 73 18
round 182
bot 0 74 18
round 183
bot 0 73 18
round 184
bot 0 74 18
round 185
bot 0 73 18
coin 71 8
coin 7 16
round 186
bot 0 74 17
round 187
bot 0 75 17
round 188
bot 0 74 18
round 189
bot 0 73 18
round 190
bot 0 74 18
coin 70 10
coin 8 14
round 191
bot 0 73 18
round 192
bot 0 74 18
round 193
bot 0 73 18
round 194
bot 0 74 17
round 195
bot 0 75 17
coin 33 18
coin 45 6
round 196
bot 0 74 18
round 197
bot 0 73 18
round 198
bot 0 74 18
round 199
bot 0 73 18
round 200
bot 0 74 18
coin 37 19
coin 41 5
match_over 0
