match
match_id 1639506895929_ay
match_time 1639506895935
num_bots 1
##MatchConfig
mode FRIENDLY
num_rounds 200
random_seed 42
move_time_limit 1000
coin_spawn_period 5
coin_spawn_volume 2
##MapConfig
map_size 52 24
view_radius 6
mining_radius 2
attack_radius 4
block 7 1
block 8 1
block 9 1
block 7 2
block 8 2
block 9 2
block 28 4
block 29 4
block 28 5
block 29 5
block 28 6
block 29 6
block 37 6
block 38 6
block 39 6
block 40 6
block 41 6
block 14 7
block 15 7
block 16 7
block 17 7
block 18 7
block 19 7
block 20 7
block 28 7
block 29 7
block 37 7
block 38 7
block 39 7
block 40 7
block 41 7
block 14 8
block 15 8
block 16 8
block 17 8
block 18 8
block 19 8
block 20 8
block 28 8
block 29 8
block 14 9
block 15 9
block 16 9
block 17 9
block 18 9
block 19 9
block 20 9
block 28 9
block 29 9
block 14 10
block 15 10
block 16 10
block 17 10
block 18 10
block 19 10
block 20 10
block 24 10
block 25 10
block 26 10
block 27 10
block 28 10
block 0 11
block 8 11
block 9 11
block 10 11
block 11 11
block 12 11
block 14 11
block 15 11
block 16 11
block 17 11
block 18 11
block 19 11
block 20 11
block 24 11
block 25 11
block 26 11
block 27 11
block 28 11
block 50 11
block 51 11
block 0 12
block 8 12
block 9 12
block 10 12
block 11 12
block 12 12
block 14 12
block 15 12
block 16 12
block 17 12
block 18 12
block 19 12
block 20 12
block 26 12
block 27 12
block 28 12
block 50 12
block 51 12
block 0 13
block 8 13
block 9 13
block 10 13
block 11 13
block 12 13
block 14 13
block 15 13
block 16 13
block 17 13
block 18 13
block 19 13
block 20 13
block 26 13
block 27 13
block 28 13
block 50 13
block 51 13
block 0 14
block 8 14
block 9 14
block 10 14
block 11 14
block 12 14
block 26 14
block 27 14
block 28 14
block 50 14
block 51 14
block 0 15
block 8 15
block 9 15
block 10 15
block 11 15
block 12 15
block 26 15
block 27 15
block 28 15
block 50 15
block 51 15
block 0 16
block 5 16
block 6 16
block 7 16
block 8 16
block 9 16
block 10 16
block 11 16
block 12 16
block 26 16
block 27 16
block 28 16
block 50 16
block 51 16
block 0 17
block 5 17
block 6 17
block 7 17
block 8 17
block 26 17
block 27 17
block 28 17
block 50 17
block 51 17
block 5 18
block 6 18
block 7 18
block 8 18
block 0 19
block 1 19
block 5 19
block 6 19
block 7 19
block 8 19
block 22 19
block 23 19
block 0 20
block 1 20
block 5 20
block 6 20
block 7 20
block 8 20
block 22 20
block 23 20
block 0 21
block 1 21
block 5 21
block 6 21
block 7 21
block 8 21
block 22 21
block 23 21
block 0 22
block 1 22
block 0 23
block 1 23
##BotsAndCoinsInfo
bot_name 0 theBest
bot 0 7 23
bot_coins 0 0
coin 26 3
coin 25 20
round 1
round 2
round 3
round 4
round 5
coin 48 20
coin 3 3
round 6
round 7
round 8
round 9
round 10
coin 25 13
coin 26 9
round 11
round 12
round 13
round 14
round 15
coin 13 14
coin 38 9
round 16
round 17
round 18
round 19
round 20
coin 3 5
coin 48 18
round 21
round 22
round 23
round 24
round 25
coin 25 14
coin 25 9
round 26
round 27
round 28
round 29
round 30
coin 7 12
coin 44 11
round 31
round 32
round 33
round 34
round 35
coin 21 8
coin 30 15
round 36
round 37
round 38
round 39
round 40
coin 49 18
coin 2 5
round 41
round 42
round 43
round 44
round 45
coin 11 17
coin 40 5
round 46
round 47
round 48
round 49
round 50
coin 40 8
coin 13 15
round 51
round 52
round 53
round 54
round 55
coin 26 8
coin 25 15
round 56
round 57
round 58
round 59
round 60
coin 51 9
coin 1 14
round 61
round 62
round 63
round 64
round 65
coin 38 10
coin 13 13
round 66
round 67
round 68
round 69
round 70
coin 19 6
coin 32 17
round 71
round 72
round 73
round 74
round 75
coin 38 12
coin 13 11
round 76
round 77
round 78
round 79
round 80
coin 18 5
coin 33 18
round 81
round 82
round 83
round 84
round 85
coin 33 23
coin 18 0
round 86
round 87
round 88
round 89
round 90
coin 32 13
coin 21 10
round 91
round 92
round 93
round 94
round 95
coin 41 12
coin 10 10
round 96
round 97
round 98
round 99
round 100
coin 31 1
coin 20 22
round 101
round 102
round 103
round 104
round 105
coin 47 1
coin 4 22
round 106
round 107
round 108
round 109
round 110
coin 15 6
coin 36 17
round 111
round 112
round 113
round 114
round 115
coin 3 23
coin 48 0
round 116
round 117
round 118
round 119
round 120
coin 2 19
coin 49 4
round 121
round 122
round 123
round 124
round 125
coin 9 8
coin 42 15
round 126
round 127
round 128
round 129
round 130
coin 42 4
coin 9 19
round 131
round 132
round 133
round 134
round 135
coin 40 10
coin 13 12
round 136
round 137
round 138
round 139
round 140
coin 25 19
coin 26 4
round 141
round 142
round 143
round 144
round 145
coin 49 3
coin 2 20
round 146
round 147
round 148
round 149
round 150
coin 45 11
coin 6 12
round 151
round 152
round 153
round 154
round 155
coin 32 1
coin 19 22
round 156
round 157
round 158
round 159
round 160
coin 50 2
coin 2 21
round 161
round 162
round 163
round 164
round 165
coin 46 7
coin 4 16
round 166
round 167
round 168
round 169
round 170
coin 35 3
coin 16 20
round 171
round 172
round 173
round 174
round 175
coin 6 5
coin 45 18
round 176
round 177
round 178
round 179
round 180
coin 14 14
coin 37 9
round 181
round 182
round 183
round 184
round 185
coin 13 5
coin 38 18
round 186
round 187
round 188
round 189
round 190
coin 42 5
coin 9 18
round 191
round 192
round 193
round 194
round 195
coin 29 21
coin 22 2
round 196
round 197
round 198
round 199
round 200
coin 39 10
coin 14 15
match_over 0
