match
match_id 1639565391485_bi
match_time 1639565391488
num_bots 1
##MatchConfig
mode FRIENDLY
num_rounds 200
random_seed 42
move_time_limit 1000
coin_spawn_period 5
coin_spawn_volume 2
##MapConfig
map_size 59 34
view_radius 6
mining_radius 2
attack_radius 4
block 3 0
block 4 0
block 15 0
block 16 0
block 17 0
block 18 0
block 19 0
block 29 0
block 30 0
block 31 0
block 32 0
block 33 0
block 34 0
block 35 0
block 36 0
block 37 0
block 38 0
block 39 0
block 3 1
block 4 1
block 15 1
block 16 1
block 17 1
block 18 1
block 19 1
block 29 1
block 30 1
block 31 1
block 32 1
block 33 1
block 34 1
block 3 2
block 4 2
block 15 2
block 16 2
block 17 2
block 18 2
block 19 2
block 29 2
block 30 2
block 31 2
block 32 2
block 33 2
block 34 2
block 3 3
block 4 3
block 29 3
block 30 3
block 31 3
block 32 3
block 33 3
block 34 3
block 6 4
block 7 4
block 8 4
block 9 4
block 10 4
block 11 4
block 29 4
block 30 4
block 31 4
block 32 4
block 33 4
block 34 4
block 41 4
block 42 4
block 43 4
block 44 4
block 45 4
block 46 4
block 6 5
block 7 5
block 8 5
block 9 5
block 10 5
block 11 5
block 41 5
block 42 5
block 43 5
block 44 5
block 45 5
block 46 5
block 6 6
block 7 6
block 8 6
block 9 6
block 10 6
block 11 6
block 41 6
block 42 6
block 43 6
block 44 6
block 45 6
block 46 6
block 6 7
block 7 7
block 8 7
block 9 7
block 10 7
block 11 7
block 0 8
block 6 8
block 7 8
block 8 8
block 9 8
block 10 8
block 11 8
block 55 8
block 56 8
block 57 8
block 58 8
block 0 9
block 6 9
block 7 9
block 8 9
block 9 9
block 10 9
block 11 9
block 55 9
block 56 9
block 57 9
block 58 9
block 0 10
block 6 10
block 7 10
block 8 10
block 9 10
block 10 10
block 11 10
block 55 10
block 56 10
block 57 10
block 58 10
block 0 11
block 55 11
block 56 11
block 57 11
block 58 11
block 0 12
block 55 12
block 56 12
block 57 12
block 58 12
block 0 13
block 55 13
block 56 13
block 57 13
block 58 13
block 0 14
block 55 14
block 56 14
block 57 14
block 58 14
block 7 15
block 8 15
block 9 15
block 7 16
block 8 16
block 9 16
block 7 17
block 8 17
block 9 17
block 20 17
block 21 17
block 44 17
block 45 17
block 46 17
block 47 17
block 48 17
block 49 17
block 54 17
block 55 17
block 7 18
block 8 18
block 9 18
block 20 18
block 21 18
block 44 18
block 45 18
block 46 18
block 47 18
block 48 18
block 49 18
block 54 18
block 55 18
block 7 19
block 8 19
block 9 19
block 20 19
block 21 19
block 44 19
block 45 19
block 46 19
block 47 19
block 48 19
block 49 19
block 54 19
block 55 19
block 7 20
block 8 20
block 9 20
block 20 20
block 21 20
block 44 20
block 45 20
block 46 20
block 47 20
block 48 20
block 49 20
block 54 20
block 55 20
block 20 21
block 21 21
block 44 21
block 45 21
block 46 21
block 47 21
block 48 21
block 49 21
block 54 21
block 55 21
block 20 22
block 21 22
block 42 22
block 43 22
block 44 22
block 45 22
block 46 22
block 47 22
block 48 22
block 49 22
block 20 23
block 21 23
block 42 23
block 43 23
block 44 23
block 45 23
block 46 23
block 47 23
block 48 23
block 49 23
block 42 24
block 43 24
block 15 31
block 16 31
block 17 31
block 18 31
block 19 31
block 15 32
block 16 32
block 17 32
block 18 32
block 19 32
block 29 32
block 30 32
block 31 32
block 32 32
block 33 32
block 34 32
block 3 33
block 4 33
block 15 33
block 16 33
block 17 33
block 18 33
block 19 33
block 29 33
block 30 33
block 31 33
block 32 33
block 33 33
block 34 33
block 35 33
block 36 33
block 37 33
block 38 33
block 39 33
##BotsAndCoinsInfo
bot_name 0 theBest
bot 0 27 21
bot_coins 0 0
coin 33 11
coin 25 22
round 1
bot 0 26 22
coin_collected 25 22 0
bot_coins 0 1
round 2
bot 0 27 22
round 3
bot 0 28 22
round 4
bot 0 29 22
round 5
bot 0 30 21
coin 15 12
coin 43 21
round 6
bot 0 31 21
round 7
bot 0 32 21
round 8
bot 0 33 21
round 9
bot 0 34 20
round 10
bot 0 35 20
coin 9 11
coin 50 22
round 11
bot 0 36 20
round 12
bot 0 37 20
round 13
bot 0 38 19
round 14
bot 0 39 20
round 15
bot 0 40 21
coin 14 12
coin 43 20
round 16
bot 0 41 21
coin_collected 43 21 0
bot_coins 0 2
round 17
bot 0 42 20
coin_collected 43 20 0
bot_coins 0 3
round 18
bot 0 43 20
round 19
bot 0 43 19
round 20
bot 0 43 18
coin 48 7
coin 10 26
round 21
bot 0 43 17
round 22
bot 0 43 16
round 23
bot 0 44 16
round 24
bot 0 45 16
round 25
bot 0 46 15
coin 11 12
coin 47 24
round 26
bot 0 47 15
round 27
bot 0 48 15
round 28
bot 0 49 15
round 29
bot 0 50 14
round 30
bot 0 51 14
coin 46 14
coin 12 19
round 31
bot 0 50 14
round 32
bot 0 49 14
round 33
bot 0 48 14
coin_collected 46 14 0
bot_coins 0 4
round 34
bot 0 49 14
round 35
bot 0 50 14
coin 2 14
coin 56 19
round 36
bot 0 51 13
round 37
bot 0 52 13
round 38
bot 0 53 13
round 39
bot 0 54 13
round 40
bot 0 54 12
coin 31 8
coin 27 25
round 41
bot 0 54 11
round 42
bot 0 54 10
round 43
bot 0 54 9
round 44
bot 0 54 8
round 45
bot 0 54 7
coin 23 15
coin 35 18
round 46
bot 0 53 7
round 47
bot 0 52 7
round 48
bot 0 51 7
round 49
bot 0 50 7
coin_collected 48 7 0
bot_coins 0 5
round 50
bot 0 51 7
coin 38 11
coin 19 22
round 51
bot 0 52 7
round 52
bot 0 53 6
round 53
bot 0 54 6
round 54
bot 0 55 6
round 55
bot 0 56 6
coin 36 32
coin 22 1
round 56
bot 0 57 5
round 57
bot 0 58 5
round 58
bot 0 0 5
round 59
bot 0 1 5
round 60
bot 0 2 4
coin 48 1
coin 10 32
round 61
bot 0 3 4
round 62
bot 0 4 4
round 63
bot 0 5 4
round 64
bot 0 6 3
round 65
bot 0 7 3
coin 41 20
coin 17 13
round 66
bot 0 8 3
round 67
bot 0 9 3
round 68
bot 0 10 3
round 69
bot 0 11 3
round 70
bot 0 12 2
coin 53 32
coin 5 1
round 71
bot 0 11 3
round 72
bot 0 12 2
round 73
bot 0 11 3
round 74
bot 0 12 2
round 75
bot 0 11 3
coin 54 14
coin 4 19
round 76
bot 0 12 2
round 77
bot 0 11 3
round 78
bot 0 12 2
round 79
bot 0 11 3
round 80
bot 0 12 2
coin 55 25
coin 3 8
round 81
bot 0 11 3
round 82
bot 0 12 2
round 83
bot 0 11 3
round 84
bot 0 12 2
round 85
bot 0 11 3
coin 6 27
coin 52 6
round 86
bot 0 12 2
round 87
bot 0 11 3
round 88
bot 0 12 2
round 89
bot 0 11 3
round 90
bot 0 12 2
coin 25 9
coin 33 24
round 91
bot 0 11 3
round 92
bot 0 12 2
round 93
bot 0 11 3
round 94
bot 0 12 2
round 95
bot 0 11 3
coin 31 5
coin 27 28
round 96
bot 0 12 2
round 97
bot 0 11 3
round 98
bot 0 12 2
round 99
bot 0 11 3
round 100
bot 0 12 2
coin 4 31
coin 54 2
round 101
bot 0 11 3
round 102
bot 0 12 2
round 103
bot 0 11 3
round 104
bot 0 12 2
round 105
bot 0 11 3
coin 45 29
coin 13 4
round 106
bot 0 12 4
coin_collected 13 4 0
bot_coins 0 6
round 107
bot 0 13 4
round 108
bot 0 14 4
round 109
bot 0 15 3
round 110
bot 0 16 3
coin 17 10
coin 41 23
round 111
bot 0 17 3
round 112
bot 0 18 4
round 113
bot 0 19 3
round 114
bot 0 20 2
round 115
bot 0 21 1
coin_collected 22 1 0
bot_coins 0 7
coin 5 19
coin 53 14
round 116
bot 0 22 1
round 117
bot 0 23 0
round 118
bot 0 24 0
round 119
bot 0 25 0
round 120
bot 0 26 0
coin 1 9
coin 57 24
round 121
bot 0 27 33
round 122
bot 0 27 32
round 123
bot 0 27 31
round 124
bot 0 27 30
coin_collected 27 28 0
bot_coins 0 8
round 125
bot 0 27 29
coin 32 8
coin 26 25
round 126
bot 0 27 28
round 127
bot 0 27 27
coin_collected 27 25 0
bot_coins 0 9
round 128
bot 0 26 26
coin_collected 26 25 0
bot_coins 0 10
round 129
bot 0 27 26
round 130
bot 0 28 26
coin 53 15
coin 5 18
round 131
bot 0 29 25
round 132
bot 0 30 24
round 133
bot 0 31 24
coin_collected 33 24 0
bot_coins 0 11
round 134
bot 0 32 24
round 135
bot 0 33 23
coin 42 20
coin 16 13
round 136
bot 0 34 22
round 137
bot 0 35 21
round 138
bot 0 35 20
coin_collected 35 18 0
bot_coins 0 12
round 139
bot 0 36 20
round 140
bot 0 37 20
coin 11 1
coin 47 32
round 141
bot 0 38 20
round 142
bot 0 39 20
coin_collected 41 20 0
bot_coins 0 13
round 143
bot 0 40 20
coin_collected 42 20 0
bot_coins 0 14
round 144
bot 0 41 21
coin_collected 41 23 0
bot_coins 0 15
round 145
bot 0 42 21
coin 41 23
coin 18 10
round 146
bot 0 41 22
coin_collected 41 23 0
bot_coins 0 16
round 147
bot 0 41 21
round 148
bot 0 42 21
round 149
bot 0 43 21
round 150
bot 0 43 20
coin 21 7
coin 37 26
round 151
bot 0 43 19
round 152
bot 0 43 18
round 153
bot 0 43 17
round 154
bot 0 43 16
round 155
bot 0 44 16
coin 13 9
coin 45 24
round 156
bot 0 45 15
round 157
bot 0 46 15
round 158
bot 0 47 15
round 159
bot 0 48 15
round 160
bot 0 49 15
coin 28 2
coin 30 31
round 161
bot 0 50 15
round 162
bot 0 51 15
coin_collected 53 15 0
bot_coins 0 17
round 163
bot 0 52 14
coin_collected 53 14 0
bot_coins 0 18
coin_collected 54 14 0
bot_coins 0 19
round 164
bot 0 53 14
round 165
bot 0 54 15
coin 42 11
coin 16 22
round 166
bot 0 55 16
round 167
bot 0 56 17
coin_collected 56 19 0
bot_coins 0 20
round 168
bot 0 55 16
round 169
bot 0 56 15
round 170
bot 0 55 15
coin 21 3
coin 37 30
round 171
bot 0 56 15
round 172
bot 0 55 15
round 173
bot 0 56 15
round 174
bot 0 55 15
round 175
bot 0 56 15
coin 44 7
coin 14 26
round 176
bot 0 55 15
round 177
bot 0 56 16
round 178
bot 0 55 15
round 179
bot 0 56 15
round 180
bot 0 55 15
coin 0 3
coin 58 30
round 181
bot 0 56 15
round 182
bot 0 55 15
round 183
bot 0 56 15
round 184
bot 0 55 15
round 185
bot 0 56 16
coin 19 7
coin 39 26
round 186
bot 0 55 15
round 187
bot 0 56 15
round 188
bot 0 55 15
round 189
bot 0 56 15
round 190
bot 0 55 15
coin 26 22
coin 32 11
round 191
bot 0 56 15
round 192
bot 0 55 15
round 193
bot 0 56 16
round 194
bot 0 55 15
round 195
bot 0 56 15
coin 50 13
coin 8 21
round 196
bot 0 55 15
round 197
bot 0 54 14
round 198
bot 0 53 13
round 199
bot 0 52 13
coin_collected 50 13 0
bot_coins 0 21
round 200
bot 0 53 13
coin 54 22
coin 4 11
match_over 0
