match
match_id 1639524174143_ao
match_time 1639524174151
num_bots 1
##MatchConfig
mode FRIENDLY
num_rounds 200
random_seed 42
move_time_limit 1000
coin_spawn_period 5
coin_spawn_volume 2
##MapConfig
map_size 70 33
view_radius 6
mining_radius 1
attack_radius 3
block 1 3
block 2 3
block 3 3
block 4 3
block 5 3
block 26 3
block 27 3
block 28 3
block 47 3
block 48 3
block 49 3
block 50 3
block 51 3
block 52 3
block 53 3
block 1 4
block 2 4
block 3 4
block 4 4
block 5 4
block 26 4
block 27 4
block 28 4
block 47 4
block 48 4
block 49 4
block 50 4
block 51 4
block 52 4
block 53 4
block 1 5
block 2 5
block 3 5
block 4 5
block 5 5
block 47 5
block 48 5
block 49 5
block 50 5
block 51 5
block 52 5
block 53 5
block 44 6
block 45 6
block 46 6
block 47 6
block 48 6
block 49 6
block 50 6
block 51 6
block 52 6
block 53 6
block 44 7
block 45 7
block 46 7
block 47 7
block 48 7
block 49 7
block 50 7
block 51 7
block 52 7
block 53 7
block 40 8
block 41 8
block 42 8
block 43 8
block 44 8
block 45 8
block 46 8
block 47 8
block 48 8
block 49 8
block 50 8
block 51 8
block 52 8
block 53 8
block 40 9
block 41 9
block 42 9
block 43 9
block 44 9
block 45 9
block 46 9
block 47 9
block 48 9
block 49 9
block 50 9
block 51 9
block 52 9
block 53 9
block 40 10
block 41 10
block 42 10
block 43 10
block 44 10
block 45 10
block 46 10
block 47 10
block 48 10
block 49 10
block 40 11
block 41 11
block 42 11
block 43 11
block 44 11
block 45 11
block 46 11
block 47 11
block 48 11
block 49 11
block 40 12
block 41 12
block 42 12
block 43 12
block 44 12
block 45 12
block 46 12
block 16 15
block 17 15
block 16 16
block 17 16
block 16 17
block 17 17
block 16 18
block 17 18
block 16 19
block 17 19
block 36 19
block 37 19
block 38 19
block 36 20
block 37 20
block 38 20
block 36 21
block 37 21
block 38 21
##BotsAndCoinsInfo
bot_name 0 theBest
bot 0 16 11
bot_coins 0 0
coin 50 15
coin 19 17
round 1
bot 0 16 12
round 2
bot 0 17 13
round 3
bot 0 18 14
round 4
bot 0 19 15
round 5
bot 0 19 16
coin_collected 19 17 0
bot_coins 0 1
coin 46 5
coin 23 27
round 6
bot 0 19 17
round 7
bot 0 19 18
round 8
bot 0 19 19
round 9
bot 0 19 20
round 10
bot 0 19 21
coin 40 19
coin 29 13
round 11
bot 0 19 22
round 12
bot 0 19 23
round 13
bot 0 20 24
round 14
bot 0 21 25
round 15
bot 0 22 26
coin 15 2
coin 54 30
round 16
bot 0 23 27
coin_collected 23 27 0
bot_coins 0 2
round 17
bot 0 23 28
round 18
bot 0 23 29
round 19
bot 0 23 30
round 20
bot 0 23 31
coin 69 17
coin 0 15
round 21
bot 0 23 32
round 22
bot 0 24 32
round 23
bot 0 25 32
round 24
bot 0 26 32
round 25
bot 0 27 32
coin 52 29
coin 17 3
round 26
bot 0 28 32
round 27
bot 0 29 32
round 28
bot 0 30 32
round 29
bot 0 31 32
round 30
bot 0 32 32
coin 56 0
coin 13 32
round 31
bot 0 33 32
round 32
bot 0 34 32
round 33
bot 0 35 32
round 34
bot 0 36 32
round 35
bot 0 37 32
coin 36 11
coin 33 21
round 36
bot 0 38 32
round 37
bot 0 39 32
round 38
bot 0 40 32
round 39
bot 0 41 32
round 40
bot 0 42 32
coin 56 9
coin 13 23
round 41
bot 0 43 32
round 42
bot 0 44 32
round 43
bot 0 45 32
round 44
bot 0 46 32
round 45
coin 63 20
coin 6 12
round 46
round 47
match_over 0
round 48
